2024-11-02 10:59:51,010 - DEBUG - Server started
2024-11-02 10:59:51,705 - INFO - Agent connected with ID 1 and address ('127.0.0.1', 8081)
2024-11-02 10:59:51,705 - INFO - Sent event to agent (ID:1): {"event_type": "object added", "object_type": "map", "object": {"width": 4, "height": 4, "grid": [{"cell_coordinates": [0, 0], "cell_type": "parcels_spawn"}, {"cell_coordinates": [0, 1], "cell_type": "walkable"}, {"cell_coordinates": [0, 2], "cell_type": "walkable"}, {"cell_coordinates": [0, 3], "cell_type": "walkable"}, {"cell_coordinates": [1, 0], "cell_type": "walkable"}, {"cell_coordinates": [1, 1], "cell_type": "walkable"}, {"cell_coordinates": [1, 2], "cell_type": "walkable"}, {"cell_coordinates": [1, 3], "cell_type": "walkable"}, {"cell_coordinates": [2, 0], "cell_type": "batteries_spawn"}, {"cell_coordinates": [2, 1], "cell_type": "walkable"}, {"cell_coordinates": [2, 2], "cell_type": "walkable"}, {"cell_coordinates": [2, 3], "cell_type": "delivery_cell"}, {"cell_coordinates": [3, 0], "cell_type": "non_walkable"}, {"cell_coordinates": [3, 1], "cell_type": "non_walkable"}, {"cell_coordinates": [3, 2], "cell_type": "non_walkable"}, {"cell_coordinates": [3, 3], "cell_type": "non_walkable"}]}}
2024-11-02 10:59:51,708 - INFO - Sent event to agent (ID:1): {"event_type": "object added", "object_type": "agent", "object": {"id": 1, "coordinates": [1, 2], "parcels_carried_ids": [], "score": 0, "energy": 100}}
2024-11-02 11:00:07,486 - INFO - Sent event to agent (ID:1): {"event_type": "object added", "object_type": "battery", "object": {"id": 1, "coordinates": [2, 0]}}
2024-11-02 11:00:12,568 - INFO - Sent event to agent (ID:1): {"event_type": "object added", "object_type": "parcel", "object": {"id": 1, "coordinates": [0, 0], "score": 20, "carried_by_id": null}}
2024-11-02 11:00:32,926 - INFO - Sent event to agent (ID:1): {"event_type": "object added", "object_type": "parcel", "object": {"id": 2, "coordinates": [0, 0], "score": 20, "carried_by_id": null}}
2024-11-02 11:00:40,378 - INFO - Agent 1 moved up: True
2024-11-02 11:00:40,379 - INFO - Sent event to agent (ID:1): {"event_type": "object changed", "object_type": "agent", "object": {"id": 1, "coordinates": [0, 2], "parcels_carried_ids": [], "score": 0, "energy": 98}}
2024-11-02 11:00:40,888 - INFO - Agent 1 moved left: True
2024-11-02 11:00:40,889 - INFO - Sent event to agent (ID:1): {"event_type": "object changed", "object_type": "agent", "object": {"id": 1, "coordinates": [0, 1], "parcels_carried_ids": [], "score": 0, "energy": 96}}
2024-11-02 11:00:41,448 - INFO - Agent 1 moved left: True
2024-11-02 11:00:41,449 - INFO - Sent event to agent (ID:1): {"event_type": "object changed", "object_type": "agent", "object": {"id": 1, "coordinates": [0, 0], "parcels_carried_ids": [], "score": 0, "energy": 94}}
2024-11-02 11:00:41,975 - INFO - Agent 1 picked up: True
2024-11-02 11:00:41,975 - INFO - Sent event to agent (ID:1): {"event_type": "object changed", "object_type": "parcel", "object": {"id": 1, "coordinates": [0, 0], "score": 20, "carried_by_id": 1}}
2024-11-02 11:00:41,975 - INFO - Sent event to agent (ID:1): {"event_type": "object changed", "object_type": "parcel", "object": {"id": 2, "coordinates": [0, 0], "score": 20, "carried_by_id": 1}}
2024-11-02 11:00:41,975 - INFO - Sent event to agent (ID:1): {"event_type": "object changed", "object_type": "agent", "object": {"id": 1, "coordinates": [0, 0], "parcels_carried_ids": [1, 2], "score": 0, "energy": 92}}
2024-11-02 11:00:42,465 - INFO - Agent 1 moved down: True
2024-11-02 11:00:42,465 - INFO - Sent event to agent (ID:1): {"event_type": "object changed", "object_type": "parcel", "object": {"id": 1, "coordinates": [1, 0], "score": 20, "carried_by_id": 1}}
2024-11-02 11:00:42,465 - INFO - Sent event to agent (ID:1): {"event_type": "object changed", "object_type": "parcel", "object": {"id": 2, "coordinates": [1, 0], "score": 20, "carried_by_id": 1}}
2024-11-02 11:00:42,465 - INFO - Sent event to agent (ID:1): {"event_type": "object changed", "object_type": "agent", "object": {"id": 1, "coordinates": [1, 0], "parcels_carried_ids": [1, 2], "score": 0, "energy": 90}}
2024-11-02 11:00:42,991 - INFO - Agent 1 moved down: True
2024-11-02 11:00:42,991 - INFO - Sent event to agent (ID:1): {"event_type": "object changed", "object_type": "parcel", "object": {"id": 1, "coordinates": [2, 0], "score": 20, "carried_by_id": 1}}
2024-11-02 11:00:42,991 - INFO - Sent event to agent (ID:1): {"event_type": "object changed", "object_type": "parcel", "object": {"id": 2, "coordinates": [2, 0], "score": 20, "carried_by_id": 1}}
2024-11-02 11:00:42,991 - INFO - Sent event to agent (ID:1): {"event_type": "object changed", "object_type": "agent", "object": {"id": 1, "coordinates": [2, 0], "parcels_carried_ids": [1, 2], "score": 0, "energy": 88}}
2024-11-02 11:00:43,635 - INFO - Agent 1 moved right: True
2024-11-02 11:00:43,635 - INFO - Sent event to agent (ID:1): {"event_type": "object changed", "object_type": "parcel", "object": {"id": 1, "coordinates": [2, 1], "score": 20, "carried_by_id": 1}}
2024-11-02 11:00:43,635 - INFO - Sent event to agent (ID:1): {"event_type": "object changed", "object_type": "parcel", "object": {"id": 2, "coordinates": [2, 1], "score": 20, "carried_by_id": 1}}
2024-11-02 11:00:43,635 - INFO - Sent event to agent (ID:1): {"event_type": "object changed", "object_type": "agent", "object": {"id": 1, "coordinates": [2, 1], "parcels_carried_ids": [1, 2], "score": 0, "energy": 86}}
2024-11-02 11:00:44,143 - INFO - Agent 1 moved right: True
2024-11-02 11:00:44,143 - INFO - Sent event to agent (ID:1): {"event_type": "object changed", "object_type": "parcel", "object": {"id": 1, "coordinates": [2, 2], "score": 20, "carried_by_id": 1}}
2024-11-02 11:00:44,143 - INFO - Sent event to agent (ID:1): {"event_type": "object changed", "object_type": "parcel", "object": {"id": 2, "coordinates": [2, 2], "score": 20, "carried_by_id": 1}}
2024-11-02 11:00:44,144 - INFO - Sent event to agent (ID:1): {"event_type": "object changed", "object_type": "agent", "object": {"id": 1, "coordinates": [2, 2], "parcels_carried_ids": [1, 2], "score": 0, "energy": 84}}
2024-11-02 11:00:44,737 - INFO - Agent 1 moved right: True
2024-11-02 11:00:44,737 - INFO - Sent event to agent (ID:1): {"event_type": "object changed", "object_type": "parcel", "object": {"id": 1, "coordinates": [2, 3], "score": 20, "carried_by_id": 1}}
2024-11-02 11:00:44,737 - INFO - Sent event to agent (ID:1): {"event_type": "object changed", "object_type": "parcel", "object": {"id": 2, "coordinates": [2, 3], "score": 20, "carried_by_id": 1}}
2024-11-02 11:00:44,737 - INFO - Sent event to agent (ID:1): {"event_type": "object changed", "object_type": "agent", "object": {"id": 1, "coordinates": [2, 3], "parcels_carried_ids": [1, 2], "score": 0, "energy": 82}}
2024-11-02 11:00:45,245 - INFO - Agent 1 put down: True
2024-11-02 11:00:45,245 - INFO - Sent event to agent (ID:1): {"event_type": "object changed", "object_type": "agent", "object": {"id": 1, "coordinates": [2, 3], "parcels_carried_ids": [], "score": 40, "energy": 80}}
2024-11-02 11:00:45,246 - INFO - Sent event to agent (ID:1): {"event_type": "object removed", "object_type": "parcel", "object": {"id": 1, "coordinates": [2, 3], "score": 20, "carried_by_id": 1}}
2024-11-02 11:00:45,246 - INFO - Sent event to agent (ID:1): {"event_type": "object removed", "object_type": "parcel", "object": {"id": 2, "coordinates": [2, 3], "score": 20, "carried_by_id": 1}}
2024-11-02 11:00:53,286 - INFO - Sent event to agent (ID:1): {"event_type": "object added", "object_type": "parcel", "object": {"id": 3, "coordinates": [0, 0], "score": 20, "carried_by_id": null}}
2024-11-02 11:01:13,639 - INFO - Sent event to agent (ID:1): {"event_type": "object added", "object_type": "parcel", "object": {"id": 4, "coordinates": [0, 0], "score": 20, "carried_by_id": null}}
2024-11-02 11:01:19,524 - INFO - Agent 1 moved up: True
2024-11-02 11:01:19,525 - INFO - Sent event to agent (ID:1): {"event_type": "object changed", "object_type": "agent", "object": {"id": 1, "coordinates": [1, 3], "parcels_carried_ids": [], "score": 40, "energy": 78}}
2024-11-02 11:01:20,170 - INFO - Agent 1 moved up: True
2024-11-02 11:01:20,170 - INFO - Sent event to agent (ID:1): {"event_type": "object changed", "object_type": "agent", "object": {"id": 1, "coordinates": [0, 3], "parcels_carried_ids": [], "score": 40, "energy": 76}}
2024-11-02 11:01:20,794 - INFO - Agent 1 moved up: False
2024-11-02 11:01:21,339 - INFO - Agent 1 moved up: False
2024-11-02 11:01:21,901 - INFO - Agent 1 moved up: False
2024-11-02 11:01:22,542 - INFO - Agent 1 moved up: False
2024-11-02 11:01:23,140 - INFO - Agent 1 moved up: False
2024-11-02 11:01:23,696 - INFO - Agent 1 moved up: False
2024-11-02 11:01:24,372 - INFO - Agent 1 moved up: False
2024-11-02 11:01:24,965 - INFO - Agent 1 moved up: False
2024-11-02 11:01:25,456 - INFO - Agent 1 moved up: False
2024-11-02 11:01:25,983 - INFO - Agent 1 moved up: False
2024-11-02 11:01:26,507 - INFO - Agent 1 moved up: False
2024-11-02 11:01:27,033 - INFO - Agent 1 moved up: False
2024-11-02 11:01:27,595 - INFO - Agent 1 moved up: False
2024-11-02 11:01:28,088 - INFO - Agent 1 moved up: False
2024-11-02 11:01:28,597 - INFO - Agent 1 moved up: False
2024-11-02 11:01:29,190 - INFO - Agent 1 moved up: False
2024-11-02 11:01:29,750 - INFO - Agent 1 moved up: False
2024-11-02 11:01:30,276 - INFO - Agent 1 moved up: False
2024-11-02 11:01:30,801 - INFO - Agent 1 moved up: False
2024-11-02 11:01:31,410 - INFO - Agent 1 moved up: False
2024-11-02 11:01:31,986 - INFO - Agent 1 moved up: False
2024-11-02 11:01:32,630 - INFO - Agent 1 moved up: False
2024-11-02 11:01:33,174 - INFO - Agent 1 moved up: False
2024-11-02 11:01:33,752 - INFO - Agent 1 moved up: False
2024-11-02 11:01:33,990 - INFO - Sent event to agent (ID:1): {"event_type": "object added", "object_type": "parcel", "object": {"id": 5, "coordinates": [0, 0], "score": 20, "carried_by_id": null}}
2024-11-02 11:01:54,365 - INFO - Sent event to agent (ID:1): {"event_type": "object added", "object_type": "parcel", "object": {"id": 6, "coordinates": [0, 0], "score": 20, "carried_by_id": null}}
2024-11-02 11:02:02,389 - INFO - Agent 1 moved left: True
2024-11-02 11:02:02,389 - INFO - Sent event to agent (ID:1): {"event_type": "object changed", "object_type": "agent", "object": {"id": 1, "coordinates": [0, 2], "parcels_carried_ids": [], "score": 40, "energy": 74}}
2024-11-02 11:02:02,932 - INFO - Agent 1 moved left: True
2024-11-02 11:02:02,933 - INFO - Sent event to agent (ID:1): {"event_type": "object changed", "object_type": "agent", "object": {"id": 1, "coordinates": [0, 1], "parcels_carried_ids": [], "score": 40, "energy": 72}}
2024-11-02 11:02:03,489 - INFO - Agent 1 moved left: True
2024-11-02 11:02:03,489 - INFO - Sent event to agent (ID:1): {"event_type": "object changed", "object_type": "agent", "object": {"id": 1, "coordinates": [0, 0], "parcels_carried_ids": [], "score": 40, "energy": 70}}
2024-11-02 11:02:14,728 - INFO - Sent event to agent (ID:1): {"event_type": "object added", "object_type": "parcel", "object": {"id": 7, "coordinates": [0, 0], "score": 20, "carried_by_id": null}}
2024-11-02 11:02:14,914 - INFO - Agent 1 moved down: True
2024-11-02 11:02:14,914 - INFO - Sent event to agent (ID:1): {"event_type": "object changed", "object_type": "agent", "object": {"id": 1, "coordinates": [1, 0], "parcels_carried_ids": [], "score": 40, "energy": 68}}
2024-11-02 11:02:25,711 - INFO - Agent 1 moved up: True
2024-11-02 11:02:25,711 - INFO - Sent event to agent (ID:1): {"event_type": "object changed", "object_type": "agent", "object": {"id": 1, "coordinates": [0, 0], "parcels_carried_ids": [], "score": 40, "energy": 66}}
2024-11-02 11:02:35,094 - INFO - Sent event to agent (ID:1): {"event_type": "object added", "object_type": "parcel", "object": {"id": 8, "coordinates": [0, 0], "score": 20, "carried_by_id": null}}
2024-11-02 11:02:42,260 - INFO - Agent 1 picked up: True
2024-11-02 11:02:42,261 - INFO - Sent event to agent (ID:1): {"event_type": "object changed", "object_type": "parcel", "object": {"id": 3, "coordinates": [0, 0], "score": 20, "carried_by_id": 1}}
2024-11-02 11:02:42,261 - INFO - Sent event to agent (ID:1): {"event_type": "object changed", "object_type": "parcel", "object": {"id": 4, "coordinates": [0, 0], "score": 20, "carried_by_id": 1}}
2024-11-02 11:02:42,261 - INFO - Sent event to agent (ID:1): {"event_type": "object changed", "object_type": "parcel", "object": {"id": 5, "coordinates": [0, 0], "score": 20, "carried_by_id": 1}}
2024-11-02 11:02:42,261 - INFO - Sent event to agent (ID:1): {"event_type": "object changed", "object_type": "parcel", "object": {"id": 6, "coordinates": [0, 0], "score": 20, "carried_by_id": 1}}
2024-11-02 11:02:42,261 - INFO - Sent event to agent (ID:1): {"event_type": "object changed", "object_type": "parcel", "object": {"id": 7, "coordinates": [0, 0], "score": 20, "carried_by_id": 1}}
2024-11-02 11:02:42,261 - INFO - Sent event to agent (ID:1): {"event_type": "object changed", "object_type": "parcel", "object": {"id": 8, "coordinates": [0, 0], "score": 20, "carried_by_id": 1}}
2024-11-02 11:02:42,261 - INFO - Sent event to agent (ID:1): {"event_type": "object changed", "object_type": "agent", "object": {"id": 1, "coordinates": [0, 0], "parcels_carried_ids": [3, 4, 5, 6, 7, 8], "score": 40, "energy": 64}}
2024-11-02 11:02:42,771 - INFO - Agent 1 moved down: True
2024-11-02 11:02:42,772 - INFO - Sent event to agent (ID:1): {"event_type": "object changed", "object_type": "parcel", "object": {"id": 3, "coordinates": [1, 0], "score": 20, "carried_by_id": 1}}
2024-11-02 11:02:42,772 - INFO - Sent event to agent (ID:1): {"event_type": "object changed", "object_type": "parcel", "object": {"id": 4, "coordinates": [1, 0], "score": 20, "carried_by_id": 1}}
2024-11-02 11:02:42,772 - INFO - Sent event to agent (ID:1): {"event_type": "object changed", "object_type": "parcel", "object": {"id": 5, "coordinates": [1, 0], "score": 20, "carried_by_id": 1}}
2024-11-02 11:02:42,772 - INFO - Sent event to agent (ID:1): {"event_type": "object changed", "object_type": "parcel", "object": {"id": 6, "coordinates": [1, 0], "score": 20, "carried_by_id": 1}}
2024-11-02 11:02:42,772 - INFO - Sent event to agent (ID:1): {"event_type": "object changed", "object_type": "parcel", "object": {"id": 7, "coordinates": [1, 0], "score": 20, "carried_by_id": 1}}
2024-11-02 11:02:42,772 - INFO - Sent event to agent (ID:1): {"event_type": "object changed", "object_type": "parcel", "object": {"id": 8, "coordinates": [1, 0], "score": 20, "carried_by_id": 1}}
2024-11-02 11:02:42,772 - INFO - Sent event to agent (ID:1): {"event_type": "object changed", "object_type": "agent", "object": {"id": 1, "coordinates": [1, 0], "parcels_carried_ids": [3, 4, 5, 6, 7, 8], "score": 40, "energy": 62}}
2024-11-02 11:02:43,348 - INFO - Agent 1 moved right: True
2024-11-02 11:02:43,349 - INFO - Sent event to agent (ID:1): {"event_type": "object changed", "object_type": "parcel", "object": {"id": 3, "coordinates": [1, 1], "score": 20, "carried_by_id": 1}}
2024-11-02 11:02:43,349 - INFO - Sent event to agent (ID:1): {"event_type": "object changed", "object_type": "parcel", "object": {"id": 4, "coordinates": [1, 1], "score": 20, "carried_by_id": 1}}
2024-11-02 11:02:43,349 - INFO - Sent event to agent (ID:1): {"event_type": "object changed", "object_type": "parcel", "object": {"id": 5, "coordinates": [1, 1], "score": 20, "carried_by_id": 1}}
2024-11-02 11:02:43,349 - INFO - Sent event to agent (ID:1): {"event_type": "object changed", "object_type": "parcel", "object": {"id": 6, "coordinates": [1, 1], "score": 20, "carried_by_id": 1}}
2024-11-02 11:02:43,349 - INFO - Sent event to agent (ID:1): {"event_type": "object changed", "object_type": "parcel", "object": {"id": 7, "coordinates": [1, 1], "score": 20, "carried_by_id": 1}}
2024-11-02 11:02:43,349 - INFO - Sent event to agent (ID:1): {"event_type": "object changed", "object_type": "parcel", "object": {"id": 8, "coordinates": [1, 1], "score": 20, "carried_by_id": 1}}
2024-11-02 11:02:43,349 - INFO - Sent event to agent (ID:1): {"event_type": "object changed", "object_type": "agent", "object": {"id": 1, "coordinates": [1, 1], "parcels_carried_ids": [3, 4, 5, 6, 7, 8], "score": 40, "energy": 60}}
2024-11-02 11:02:43,959 - INFO - Agent 1 moved down: True
2024-11-02 11:02:43,959 - INFO - Sent event to agent (ID:1): {"event_type": "object changed", "object_type": "parcel", "object": {"id": 3, "coordinates": [2, 1], "score": 20, "carried_by_id": 1}}
2024-11-02 11:02:43,959 - INFO - Sent event to agent (ID:1): {"event_type": "object changed", "object_type": "parcel", "object": {"id": 4, "coordinates": [2, 1], "score": 20, "carried_by_id": 1}}
2024-11-02 11:02:43,959 - INFO - Sent event to agent (ID:1): {"event_type": "object changed", "object_type": "parcel", "object": {"id": 5, "coordinates": [2, 1], "score": 20, "carried_by_id": 1}}
2024-11-02 11:02:43,959 - INFO - Sent event to agent (ID:1): {"event_type": "object changed", "object_type": "parcel", "object": {"id": 6, "coordinates": [2, 1], "score": 20, "carried_by_id": 1}}
2024-11-02 11:02:43,959 - INFO - Sent event to agent (ID:1): {"event_type": "object changed", "object_type": "parcel", "object": {"id": 7, "coordinates": [2, 1], "score": 20, "carried_by_id": 1}}
2024-11-02 11:02:43,960 - INFO - Sent event to agent (ID:1): {"event_type": "object changed", "object_type": "parcel", "object": {"id": 8, "coordinates": [2, 1], "score": 20, "carried_by_id": 1}}
2024-11-02 11:02:43,960 - INFO - Sent event to agent (ID:1): {"event_type": "object changed", "object_type": "agent", "object": {"id": 1, "coordinates": [2, 1], "parcels_carried_ids": [3, 4, 5, 6, 7, 8], "score": 40, "energy": 58}}
2024-11-02 11:02:44,533 - INFO - Agent 1 moved right: True
2024-11-02 11:02:44,533 - INFO - Sent event to agent (ID:1): {"event_type": "object changed", "object_type": "parcel", "object": {"id": 3, "coordinates": [2, 2], "score": 20, "carried_by_id": 1}}
2024-11-02 11:02:44,533 - INFO - Sent event to agent (ID:1): {"event_type": "object changed", "object_type": "parcel", "object": {"id": 4, "coordinates": [2, 2], "score": 20, "carried_by_id": 1}}
2024-11-02 11:02:44,533 - INFO - Sent event to agent (ID:1): {"event_type": "object changed", "object_type": "parcel", "object": {"id": 5, "coordinates": [2, 2], "score": 20, "carried_by_id": 1}}
2024-11-02 11:02:44,533 - INFO - Sent event to agent (ID:1): {"event_type": "object changed", "object_type": "parcel", "object": {"id": 6, "coordinates": [2, 2], "score": 20, "carried_by_id": 1}}
2024-11-02 11:02:44,533 - INFO - Sent event to agent (ID:1): {"event_type": "object changed", "object_type": "parcel", "object": {"id": 7, "coordinates": [2, 2], "score": 20, "carried_by_id": 1}}
2024-11-02 11:02:44,533 - INFO - Sent event to agent (ID:1): {"event_type": "object changed", "object_type": "parcel", "object": {"id": 8, "coordinates": [2, 2], "score": 20, "carried_by_id": 1}}
2024-11-02 11:02:44,533 - INFO - Sent event to agent (ID:1): {"event_type": "object changed", "object_type": "agent", "object": {"id": 1, "coordinates": [2, 2], "parcels_carried_ids": [3, 4, 5, 6, 7, 8], "score": 40, "energy": 56}}
2024-11-02 11:02:45,095 - INFO - Agent 1 moved right: True
2024-11-02 11:02:45,095 - INFO - Sent event to agent (ID:1): {"event_type": "object changed", "object_type": "parcel", "object": {"id": 3, "coordinates": [2, 3], "score": 20, "carried_by_id": 1}}
2024-11-02 11:02:45,095 - INFO - Sent event to agent (ID:1): {"event_type": "object changed", "object_type": "parcel", "object": {"id": 4, "coordinates": [2, 3], "score": 20, "carried_by_id": 1}}
2024-11-02 11:02:45,095 - INFO - Sent event to agent (ID:1): {"event_type": "object changed", "object_type": "parcel", "object": {"id": 5, "coordinates": [2, 3], "score": 20, "carried_by_id": 1}}
2024-11-02 11:02:45,095 - INFO - Sent event to agent (ID:1): {"event_type": "object changed", "object_type": "parcel", "object": {"id": 6, "coordinates": [2, 3], "score": 20, "carried_by_id": 1}}
2024-11-02 11:02:45,095 - INFO - Sent event to agent (ID:1): {"event_type": "object changed", "object_type": "parcel", "object": {"id": 7, "coordinates": [2, 3], "score": 20, "carried_by_id": 1}}
2024-11-02 11:02:45,095 - INFO - Sent event to agent (ID:1): {"event_type": "object changed", "object_type": "parcel", "object": {"id": 8, "coordinates": [2, 3], "score": 20, "carried_by_id": 1}}
2024-11-02 11:02:45,095 - INFO - Sent event to agent (ID:1): {"event_type": "object changed", "object_type": "agent", "object": {"id": 1, "coordinates": [2, 3], "parcels_carried_ids": [3, 4, 5, 6, 7, 8], "score": 40, "energy": 54}}
2024-11-02 11:02:45,675 - INFO - Agent 1 put down: True
2024-11-02 11:02:45,675 - INFO - Sent event to agent (ID:1): {"event_type": "object changed", "object_type": "agent", "object": {"id": 1, "coordinates": [2, 3], "parcels_carried_ids": [], "score": 160, "energy": 52}}
2024-11-02 11:02:45,675 - INFO - Sent event to agent (ID:1): {"event_type": "object removed", "object_type": "parcel", "object": {"id": 3, "coordinates": [2, 3], "score": 20, "carried_by_id": 1}}
2024-11-02 11:02:45,675 - INFO - Sent event to agent (ID:1): {"event_type": "object removed", "object_type": "parcel", "object": {"id": 4, "coordinates": [2, 3], "score": 20, "carried_by_id": 1}}
2024-11-02 11:02:45,675 - INFO - Sent event to agent (ID:1): {"event_type": "object removed", "object_type": "parcel", "object": {"id": 5, "coordinates": [2, 3], "score": 20, "carried_by_id": 1}}
2024-11-02 11:02:45,675 - INFO - Sent event to agent (ID:1): {"event_type": "object removed", "object_type": "parcel", "object": {"id": 6, "coordinates": [2, 3], "score": 20, "carried_by_id": 1}}
2024-11-02 11:02:45,675 - INFO - Sent event to agent (ID:1): {"event_type": "object removed", "object_type": "parcel", "object": {"id": 7, "coordinates": [2, 3], "score": 20, "carried_by_id": 1}}
2024-11-02 11:02:45,675 - INFO - Sent event to agent (ID:1): {"event_type": "object removed", "object_type": "parcel", "object": {"id": 8, "coordinates": [2, 3], "score": 20, "carried_by_id": 1}}
2024-11-02 11:02:55,460 - INFO - Sent event to agent (ID:1): {"event_type": "object added", "object_type": "parcel", "object": {"id": 9, "coordinates": [0, 0], "score": 20, "carried_by_id": null}}
2024-11-02 11:03:02,970 - INFO - Agent 1 moved up: True
2024-11-02 11:03:02,970 - INFO - Sent event to agent (ID:1): {"event_type": "object changed", "object_type": "agent", "object": {"id": 1, "coordinates": [1, 3], "parcels_carried_ids": [], "score": 160, "energy": 50}}
2024-11-02 11:03:03,632 - INFO - Agent 1 moved left: True
2024-11-02 11:03:03,632 - INFO - Sent event to agent (ID:1): {"event_type": "object changed", "object_type": "agent", "object": {"id": 1, "coordinates": [1, 2], "parcels_carried_ids": [], "score": 160, "energy": 48}}
2024-11-02 11:03:04,157 - INFO - Agent 1 moved up: True
2024-11-02 11:03:04,158 - INFO - Sent event to agent (ID:1): {"event_type": "object changed", "object_type": "agent", "object": {"id": 1, "coordinates": [0, 2], "parcels_carried_ids": [], "score": 160, "energy": 46}}
2024-11-02 11:03:04,732 - INFO - Agent 1 moved left: True
2024-11-02 11:03:04,732 - INFO - Sent event to agent (ID:1): {"event_type": "object changed", "object_type": "agent", "object": {"id": 1, "coordinates": [0, 1], "parcels_carried_ids": [], "score": 160, "energy": 44}}
2024-11-02 11:03:05,291 - INFO - Agent 1 moved left: True
2024-11-02 11:03:05,291 - INFO - Sent event to agent (ID:1): {"event_type": "object changed", "object_type": "agent", "object": {"id": 1, "coordinates": [0, 0], "parcels_carried_ids": [], "score": 160, "energy": 42}}
2024-11-02 11:03:05,830 - INFO - Agent 1 picked up: True
2024-11-02 11:03:05,830 - INFO - Sent event to agent (ID:1): {"event_type": "object changed", "object_type": "parcel", "object": {"id": 9, "coordinates": [0, 0], "score": 20, "carried_by_id": 1}}
2024-11-02 11:03:05,830 - INFO - Sent event to agent (ID:1): {"event_type": "object changed", "object_type": "agent", "object": {"id": 1, "coordinates": [0, 0], "parcels_carried_ids": [9], "score": 160, "energy": 40}}
2024-11-02 11:03:06,440 - INFO - Agent 1 picked up: False
2024-11-02 11:03:07,048 - INFO - Agent 1 moved down: True
2024-11-02 11:03:07,049 - INFO - Sent event to agent (ID:1): {"event_type": "object changed", "object_type": "parcel", "object": {"id": 9, "coordinates": [1, 0], "score": 20, "carried_by_id": 1}}
2024-11-02 11:03:07,049 - INFO - Sent event to agent (ID:1): {"event_type": "object changed", "object_type": "agent", "object": {"id": 1, "coordinates": [1, 0], "parcels_carried_ids": [9], "score": 160, "energy": 38}}
2024-11-02 11:03:07,592 - INFO - Agent 1 moved right: True
2024-11-02 11:03:07,593 - INFO - Sent event to agent (ID:1): {"event_type": "object changed", "object_type": "parcel", "object": {"id": 9, "coordinates": [1, 1], "score": 20, "carried_by_id": 1}}
2024-11-02 11:03:07,593 - INFO - Sent event to agent (ID:1): {"event_type": "object changed", "object_type": "agent", "object": {"id": 1, "coordinates": [1, 1], "parcels_carried_ids": [9], "score": 160, "energy": 36}}
2024-11-02 11:03:08,155 - INFO - Agent 1 moved down: True
2024-11-02 11:03:08,155 - INFO - Sent event to agent (ID:1): {"event_type": "object changed", "object_type": "parcel", "object": {"id": 9, "coordinates": [2, 1], "score": 20, "carried_by_id": 1}}
2024-11-02 11:03:08,156 - INFO - Sent event to agent (ID:1): {"event_type": "object changed", "object_type": "agent", "object": {"id": 1, "coordinates": [2, 1], "parcels_carried_ids": [9], "score": 160, "energy": 34}}
2024-11-02 11:03:08,716 - INFO - Agent 1 moved right: True
2024-11-02 11:03:08,716 - INFO - Sent event to agent (ID:1): {"event_type": "object changed", "object_type": "parcel", "object": {"id": 9, "coordinates": [2, 2], "score": 20, "carried_by_id": 1}}
2024-11-02 11:03:08,716 - INFO - Sent event to agent (ID:1): {"event_type": "object changed", "object_type": "agent", "object": {"id": 1, "coordinates": [2, 2], "parcels_carried_ids": [9], "score": 160, "energy": 32}}
2024-11-02 11:03:09,242 - INFO - Agent 1 moved right: True
2024-11-02 11:03:09,242 - INFO - Sent event to agent (ID:1): {"event_type": "object changed", "object_type": "parcel", "object": {"id": 9, "coordinates": [2, 3], "score": 20, "carried_by_id": 1}}
2024-11-02 11:03:09,242 - INFO - Sent event to agent (ID:1): {"event_type": "object changed", "object_type": "agent", "object": {"id": 1, "coordinates": [2, 3], "parcels_carried_ids": [9], "score": 160, "energy": 30}}
2024-11-02 11:03:09,922 - INFO - Agent 1 put down: True
2024-11-02 11:03:09,922 - INFO - Sent event to agent (ID:1): {"event_type": "object changed", "object_type": "agent", "object": {"id": 1, "coordinates": [2, 3], "parcels_carried_ids": [], "score": 180, "energy": 28}}
2024-11-02 11:03:09,922 - INFO - Sent event to agent (ID:1): {"event_type": "object removed", "object_type": "parcel", "object": {"id": 9, "coordinates": [2, 3], "score": 20, "carried_by_id": 1}}
2024-11-02 11:03:10,479 - INFO - Agent 1 put down: False
2024-11-02 11:03:15,801 - INFO - Sent event to agent (ID:1): {"event_type": "object added", "object_type": "parcel", "object": {"id": 10, "coordinates": [0, 0], "score": 20, "carried_by_id": null}}
2024-11-02 11:03:19,155 - INFO - Agent 1 moved up: True
2024-11-02 11:03:19,156 - INFO - Sent event to agent (ID:1): {"event_type": "object changed", "object_type": "agent", "object": {"id": 1, "coordinates": [1, 3], "parcels_carried_ids": [], "score": 180, "energy": 26}}
2024-11-02 11:03:19,732 - INFO - Agent 1 moved left: True
2024-11-02 11:03:19,732 - INFO - Sent event to agent (ID:1): {"event_type": "object changed", "object_type": "agent", "object": {"id": 1, "coordinates": [1, 2], "parcels_carried_ids": [], "score": 180, "energy": 24}}
2024-11-02 11:03:20,256 - INFO - Agent 1 moved up: True
2024-11-02 11:03:20,256 - INFO - Sent event to agent (ID:1): {"event_type": "object changed", "object_type": "agent", "object": {"id": 1, "coordinates": [0, 2], "parcels_carried_ids": [], "score": 180, "energy": 22}}
2024-11-02 11:03:20,816 - INFO - Agent 1 moved left: True
2024-11-02 11:03:20,816 - INFO - Sent event to agent (ID:1): {"event_type": "object changed", "object_type": "agent", "object": {"id": 1, "coordinates": [0, 1], "parcels_carried_ids": [], "score": 180, "energy": 20}}
2024-11-02 11:03:21,361 - INFO - Agent 1 moved left: True
2024-11-02 11:03:21,361 - INFO - Sent event to agent (ID:1): {"event_type": "object changed", "object_type": "agent", "object": {"id": 1, "coordinates": [0, 0], "parcels_carried_ids": [], "score": 180, "energy": 18}}
2024-11-02 11:03:22,544 - INFO - Agent 1 picked up: True
2024-11-02 11:03:22,544 - INFO - Sent event to agent (ID:1): {"event_type": "object changed", "object_type": "parcel", "object": {"id": 10, "coordinates": [0, 0], "score": 20, "carried_by_id": 1}}
2024-11-02 11:03:22,544 - INFO - Sent event to agent (ID:1): {"event_type": "object changed", "object_type": "agent", "object": {"id": 1, "coordinates": [0, 0], "parcels_carried_ids": [10], "score": 180, "energy": 16}}
2024-11-02 11:03:23,170 - INFO - Agent 1 moved down: True
2024-11-02 11:03:23,170 - INFO - Sent event to agent (ID:1): {"event_type": "object changed", "object_type": "parcel", "object": {"id": 10, "coordinates": [1, 0], "score": 20, "carried_by_id": 1}}
2024-11-02 11:03:23,170 - INFO - Sent event to agent (ID:1): {"event_type": "object changed", "object_type": "agent", "object": {"id": 1, "coordinates": [1, 0], "parcels_carried_ids": [10], "score": 180, "energy": 14}}
2024-11-02 11:03:23,696 - INFO - Agent 1 moved right: True
2024-11-02 11:03:23,696 - INFO - Sent event to agent (ID:1): {"event_type": "object changed", "object_type": "parcel", "object": {"id": 10, "coordinates": [1, 1], "score": 20, "carried_by_id": 1}}
2024-11-02 11:03:23,696 - INFO - Sent event to agent (ID:1): {"event_type": "object changed", "object_type": "agent", "object": {"id": 1, "coordinates": [1, 1], "parcels_carried_ids": [10], "score": 180, "energy": 12}}
2024-11-02 11:03:24,254 - INFO - Agent 1 moved down: True
2024-11-02 11:03:24,255 - INFO - Sent event to agent (ID:1): {"event_type": "object changed", "object_type": "parcel", "object": {"id": 10, "coordinates": [2, 1], "score": 20, "carried_by_id": 1}}
2024-11-02 11:03:24,255 - INFO - Sent event to agent (ID:1): {"event_type": "object changed", "object_type": "agent", "object": {"id": 1, "coordinates": [2, 1], "parcels_carried_ids": [10], "score": 180, "energy": 10}}
2024-11-02 11:03:24,795 - INFO - Agent 1 moved right: True
2024-11-02 11:03:24,795 - INFO - Sent event to agent (ID:1): {"event_type": "object changed", "object_type": "parcel", "object": {"id": 10, "coordinates": [2, 2], "score": 20, "carried_by_id": 1}}
2024-11-02 11:03:24,795 - INFO - Sent event to agent (ID:1): {"event_type": "object changed", "object_type": "agent", "object": {"id": 1, "coordinates": [2, 2], "parcels_carried_ids": [10], "score": 180, "energy": 8}}
2024-11-02 11:03:25,524 - INFO - Agent 1 moved right: True
2024-11-02 11:03:25,524 - INFO - Sent event to agent (ID:1): {"event_type": "object changed", "object_type": "parcel", "object": {"id": 10, "coordinates": [2, 3], "score": 20, "carried_by_id": 1}}
2024-11-02 11:03:25,524 - INFO - Sent event to agent (ID:1): {"event_type": "object changed", "object_type": "agent", "object": {"id": 1, "coordinates": [2, 3], "parcels_carried_ids": [10], "score": 180, "energy": 6}}
2024-11-02 11:03:26,031 - INFO - Agent 1 put down: True
2024-11-02 11:03:26,031 - INFO - Sent event to agent (ID:1): {"event_type": "object changed", "object_type": "agent", "object": {"id": 1, "coordinates": [2, 3], "parcels_carried_ids": [], "score": 200, "energy": 4}}
2024-11-02 11:03:26,031 - INFO - Sent event to agent (ID:1): {"event_type": "object removed", "object_type": "parcel", "object": {"id": 10, "coordinates": [2, 3], "score": 20, "carried_by_id": 1}}
2024-11-02 11:03:28,777 - INFO - Agent 1 moved up: True
2024-11-02 11:03:28,777 - INFO - Sent event to agent (ID:1): {"event_type": "object changed", "object_type": "agent", "object": {"id": 1, "coordinates": [1, 3], "parcels_carried_ids": [], "score": 200, "energy": 2}}
2024-11-02 11:03:29,286 - INFO - Agent 1 moved left: True
2024-11-02 11:03:29,287 - INFO - Sent event to agent (ID:1): {"event_type": "object changed", "object_type": "agent", "object": {"id": 1, "coordinates": [1, 2], "parcels_carried_ids": [], "score": 200, "energy": 0}}
2024-11-02 11:03:29,845 - INFO - Agent 1 moved up: False
2024-11-02 11:03:30,338 - INFO - Agent 1 moved left: False
2024-11-02 11:03:30,911 - INFO - Agent 1 moved left: False
2024-11-02 11:03:32,146 - INFO - Agent 1 moved up: False
2024-11-02 11:03:32,622 - INFO - Agent 1 moved left: False
2024-11-02 11:03:33,181 - INFO - Agent 1 moved up: False
2024-11-02 11:03:33,724 - INFO - Agent 1 moved left: False
2024-11-02 11:03:34,301 - INFO - Agent 1 moved up: False
2024-11-02 11:03:34,826 - INFO - Agent 1 moved left: False
2024-11-02 11:03:35,368 - INFO - Agent 1 moved up: False
2024-11-02 11:03:35,947 - INFO - Agent 1 moved left: False
2024-11-02 11:03:36,134 - INFO - Sent event to agent (ID:1): {"event_type": "object added", "object_type": "parcel", "object": {"id": 11, "coordinates": [0, 0], "score": 20, "carried_by_id": null}}
2024-11-02 11:03:36,487 - INFO - Agent 1 moved up: False
2024-11-02 11:03:37,114 - INFO - Agent 1 moved left: False
2024-11-02 11:03:37,725 - INFO - Agent 1 moved up: False
2024-11-02 11:03:37,784 - DEBUG - Replay file written
2024-11-02 11:03:37,784 - DEBUG - Server terminated
