2024-10-22 17:51:36,373 - DEBUG - Server started
2024-10-22 17:51:37,045 - INFO - Agent connected with ID 1 and address ('127.0.0.1', 8081)
2024-10-22 17:51:37,045 - INFO - Sent event to agent (ID:1): {"event_type": "object added", "object_type": "map", "object": {"width": 4, "height": 4, "grid": [{"cell_coordinates": [0, 0], "cell_type": "parcels_spawn"}, {"cell_coordinates": [0, 1], "cell_type": "walkable"}, {"cell_coordinates": [0, 2], "cell_type": "walkable"}, {"cell_coordinates": [0, 3], "cell_type": "double_delivery_cell"}, {"cell_coordinates": [1, 0], "cell_type": "walkable"}, {"cell_coordinates": [1, 1], "cell_type": "walkable"}, {"cell_coordinates": [1, 2], "cell_type": "non_walkable"}, {"cell_coordinates": [1, 3], "cell_type": "non_walkable"}, {"cell_coordinates": [2, 0], "cell_type": "delivery_cell"}, {"cell_coordinates": [2, 1], "cell_type": "non_walkable"}, {"cell_coordinates": [2, 2], "cell_type": "non_walkable"}, {"cell_coordinates": [2, 3], "cell_type": "non_walkable"}, {"cell_coordinates": [3, 0], "cell_type": "non_walkable"}, {"cell_coordinates": [3, 1], "cell_type": "non_walkable"}, {"cell_coordinates": [3, 2], "cell_type": "non_walkable"}, {"cell_coordinates": [3, 3], "cell_type": "non_walkable"}]}}
2024-10-22 17:51:37,049 - INFO - Sent event to agent (ID:1): {"event_type": "object added", "object_type": "parcel", "object": {"id": 1, "coordinates": [0, 0], "score": 20, "carried_by_id": null}}
2024-10-22 17:51:37,049 - INFO - Sent event to agent (ID:1): {"event_type": "object added", "object_type": "agent", "object": {"id": 1, "coordinates": [1, 1], "parcels_carried_ids": [], "has_key": false, "score": 0}}
2024-10-22 17:51:37,049 - INFO - Sent event to agent (ID:1): {"event_type": "object added", "object_type": "key", "object": {"id": 1, "coordinates": [0, 1], "carried_by_id": null}}
2024-10-22 17:51:37,049 - INFO - Sent event to agent (ID:1): {"event_type": "object added", "object_type": "door", "object": {"id": 1, "coordinates": [0, 2]}}
2024-10-22 17:52:35,218 - INFO - Agent 1 moved up: True
2024-10-22 17:52:35,218 - INFO - Sent event to agent (ID:1): {"event_type": "object changed", "object_type": "agent", "object": {"id": 1, "coordinates": [0, 1], "parcels_carried_ids": [], "has_key": false, "score": 0}}
2024-10-22 17:52:54,387 - INFO - Agent 1 picked up: True
2024-10-22 17:52:54,387 - INFO - Sent event to agent (ID:1): {"event_type": "object changed", "object_type": "agent", "object": {"id": 1, "coordinates": [0, 1], "parcels_carried_ids": [], "has_key": true, "score": 0}}
2024-10-22 17:52:54,387 - INFO - Sent event to agent (ID:1): {"event_type": "object changed", "object_type": "key", "object": {"id": 1, "coordinates": [0, 1], "carried_by_id": 1}}
2024-10-22 17:52:55,014 - INFO - Agent 1 moved right: True
2024-10-22 17:52:55,015 - INFO - Sent event to agent (ID:1): {"event_type": "object changed", "object_type": "agent", "object": {"id": 1, "coordinates": [0, 2], "parcels_carried_ids": [], "has_key": true, "score": 0}}
2024-10-22 17:52:55,015 - INFO - Sent event to agent (ID:1): {"event_type": "object changed", "object_type": "key", "object": {"id": 1, "coordinates": [0, 2], "carried_by_id": 1}}
2024-10-22 17:52:55,573 - INFO - Agent 1 put down: True
2024-10-22 17:52:55,574 - INFO - Sent event to agent (ID:1): {"event_type": "object changed", "object_type": "agent", "object": {"id": 1, "coordinates": [0, 2], "parcels_carried_ids": [], "has_key": false, "score": 0}}
2024-10-22 17:52:55,574 - INFO - Sent event to agent (ID:1): {"event_type": "object changed", "object_type": "key", "object": {"id": 1, "coordinates": [0, 2], "carried_by_id": null}}
2024-10-22 17:53:13,216 - INFO - Agent 1 moved left: True
2024-10-22 17:53:13,216 - INFO - Sent event to agent (ID:1): {"event_type": "object changed", "object_type": "agent", "object": {"id": 1, "coordinates": [0, 1], "parcels_carried_ids": [], "has_key": false, "score": 0}}
2024-10-22 17:53:13,776 - INFO - Agent 1 moved left: True
2024-10-22 17:53:13,777 - INFO - Sent event to agent (ID:1): {"event_type": "object changed", "object_type": "agent", "object": {"id": 1, "coordinates": [0, 0], "parcels_carried_ids": [], "has_key": false, "score": 0}}
2024-10-22 17:53:14,353 - INFO - Agent 1 moved left: False
2024-10-22 17:53:14,963 - INFO - Agent 1 moved left: False
2024-10-22 17:53:15,507 - INFO - Agent 1 moved left: False
2024-10-22 17:53:16,084 - INFO - Agent 1 moved left: False
2024-10-22 17:53:16,661 - INFO - Agent 1 moved left: False
2024-10-22 17:53:17,258 - INFO - Agent 1 moved left: False
2024-10-22 17:53:17,750 - INFO - Agent 1 moved left: False
2024-10-22 17:53:18,375 - INFO - Agent 1 moved left: False
2024-10-22 17:53:18,934 - INFO - Agent 1 moved left: False
2024-10-22 17:53:19,528 - INFO - Agent 1 moved left: False
2024-10-22 17:53:20,086 - INFO - Agent 1 moved left: False
2024-10-22 17:53:20,681 - INFO - Agent 1 moved left: False
2024-10-22 17:53:21,238 - INFO - Agent 1 moved left: False
2024-10-22 17:53:21,744 - INFO - Agent 1 moved left: False
2024-10-22 17:53:22,339 - INFO - Agent 1 moved left: False
2024-10-22 17:53:22,865 - INFO - Agent 1 moved left: False
2024-10-22 17:53:23,423 - INFO - Agent 1 moved left: False
2024-10-22 17:53:23,983 - INFO - Agent 1 moved left: False
2024-10-22 17:53:24,525 - INFO - Agent 1 moved left: False
2024-10-22 17:53:25,155 - INFO - Agent 1 moved left: False
2024-10-22 17:53:25,784 - INFO - Agent 1 moved left: False
2024-10-22 17:53:26,443 - INFO - Agent 1 moved left: False
2024-10-22 17:53:26,969 - INFO - Agent 1 moved left: False
2024-10-22 17:53:27,478 - INFO - Agent 1 moved left: False
2024-10-22 17:53:28,072 - INFO - Agent 1 moved left: False
2024-10-22 17:53:28,597 - INFO - Agent 1 moved left: False
2024-10-22 17:53:29,124 - INFO - Agent 1 moved left: False
2024-10-22 17:53:29,685 - INFO - Agent 1 moved left: False
2024-10-22 17:53:30,228 - INFO - Agent 1 moved left: False
2024-10-22 17:53:30,822 - INFO - Agent 1 moved left: False
2024-10-22 17:53:31,518 - INFO - Agent 1 moved left: False
2024-10-22 17:53:32,111 - INFO - Agent 1 moved left: False
2024-10-22 17:53:32,753 - INFO - Agent 1 moved left: False
2024-10-22 17:53:33,299 - INFO - Agent 1 moved left: False
2024-10-22 17:53:33,925 - INFO - Agent 1 moved left: False
2024-10-22 17:53:34,418 - INFO - Agent 1 moved left: False
2024-10-22 17:53:34,993 - INFO - Agent 1 moved left: False
2024-10-22 17:53:35,568 - INFO - Agent 1 moved left: False
2024-10-22 17:53:36,177 - INFO - Agent 1 moved left: False
2024-10-22 17:53:36,737 - INFO - Agent 1 moved left: False
2024-10-22 17:53:37,365 - INFO - Agent 1 moved left: False
2024-10-22 17:53:37,941 - INFO - Agent 1 moved left: False
2024-10-22 17:53:38,450 - INFO - Agent 1 moved left: False
2024-10-22 17:53:39,058 - INFO - Agent 1 moved left: False
2024-10-22 17:53:39,597 - INFO - Agent 1 moved left: False
2024-10-22 17:53:40,140 - INFO - Agent 1 moved left: False
2024-10-22 17:53:40,732 - INFO - Agent 1 moved left: False
2024-10-22 17:53:41,275 - INFO - Agent 1 moved left: False
2024-10-22 17:53:41,802 - INFO - Agent 1 moved left: False
2024-10-22 17:53:42,413 - INFO - Agent 1 moved left: False
2024-10-22 17:53:42,989 - INFO - Agent 1 moved left: False
2024-10-22 17:54:00,493 - INFO - Agent 1 picked up: True
2024-10-22 17:54:00,495 - INFO - Sent event to agent (ID:1): {"event_type": "object changed", "object_type": "parcel", "object": {"id": 1, "coordinates": [0, 0], "score": 20, "carried_by_id": 1}}
2024-10-22 17:54:00,495 - INFO - Sent event to agent (ID:1): {"event_type": "object changed", "object_type": "agent", "object": {"id": 1, "coordinates": [0, 0], "parcels_carried_ids": [1], "has_key": false, "score": 0}}
2024-10-22 17:54:01,084 - INFO - Agent 1 moved down: True
2024-10-22 17:54:01,084 - INFO - Sent event to agent (ID:1): {"event_type": "object changed", "object_type": "parcel", "object": {"id": 1, "coordinates": [1, 0], "score": 20, "carried_by_id": 1}}
2024-10-22 17:54:01,085 - INFO - Sent event to agent (ID:1): {"event_type": "object changed", "object_type": "agent", "object": {"id": 1, "coordinates": [1, 0], "parcels_carried_ids": [1], "has_key": false, "score": 0}}
2024-10-22 17:54:01,660 - INFO - Agent 1 moved down: True
2024-10-22 17:54:01,661 - INFO - Sent event to agent (ID:1): {"event_type": "object changed", "object_type": "parcel", "object": {"id": 1, "coordinates": [2, 0], "score": 20, "carried_by_id": 1}}
2024-10-22 17:54:01,661 - INFO - Sent event to agent (ID:1): {"event_type": "object changed", "object_type": "agent", "object": {"id": 1, "coordinates": [2, 0], "parcels_carried_ids": [1], "has_key": false, "score": 0}}
2024-10-22 17:54:02,221 - INFO - Agent 1 put down: True
2024-10-22 17:54:02,221 - INFO - Sent event to agent (ID:1): {"event_type": "object changed", "object_type": "agent", "object": {"id": 1, "coordinates": [2, 0], "parcels_carried_ids": [], "has_key": false, "score": 20}}
2024-10-22 17:54:02,221 - INFO - Sent event to agent (ID:1): {"event_type": "object removed", "object_type": "parcel", "object": {"id": 1, "coordinates": [2, 0], "score": 20, "carried_by_id": 1}}
2024-10-22 17:54:23,871 - DEBUG - Replay file written
2024-10-22 17:54:23,871 - DEBUG - Server terminated
