2024-10-21 20:55:20,794 - DEBUG - Server started
2024-10-21 20:55:21,453 - INFO - Agent connected with ID 1 and address ('127.0.0.1', 8081)
2024-10-21 20:55:21,453 - INFO - Sent event to agent (ID:1): {"event_type": "object added", "object_type": "map", "object": {"width": 4, "height": 4, "grid": [{"cell_coordinates": [0, 0], "cell_type": "parcels_spawn"}, {"cell_coordinates": [0, 1], "cell_type": "walkable"}, {"cell_coordinates": [0, 2], "cell_type": "walkable"}, {"cell_coordinates": [0, 3], "cell_type": "double_delivery_cell"}, {"cell_coordinates": [1, 0], "cell_type": "walkable"}, {"cell_coordinates": [1, 1], "cell_type": "walkable"}, {"cell_coordinates": [1, 2], "cell_type": "non_walkable"}, {"cell_coordinates": [1, 3], "cell_type": "non_walkable"}, {"cell_coordinates": [2, 0], "cell_type": "walkable"}, {"cell_coordinates": [2, 1], "cell_type": "non_walkable"}, {"cell_coordinates": [2, 2], "cell_type": "non_walkable"}, {"cell_coordinates": [2, 3], "cell_type": "non_walkable"}, {"cell_coordinates": [3, 0], "cell_type": "delivery_cell"}, {"cell_coordinates": [3, 1], "cell_type": "non_walkable"}, {"cell_coordinates": [3, 2], "cell_type": "non_walkable"}, {"cell_coordinates": [3, 3], "cell_type": "non_walkable"}]}}
2024-10-21 20:55:21,458 - INFO - Sent event to agent (ID:1): {"event_type": "object added", "object_type": "parcel", "object": {"id": 1, "coordinates": [0, 0], "score": 20, "carried_by_id": null}}
2024-10-21 20:55:21,458 - INFO - Sent event to agent (ID:1): {"event_type": "object added", "object_type": "agent", "object": {"id": 1, "coordinates": [1, 1], "parcels_carried_ids": [], "has_key": false, "score": 0}}
2024-10-21 20:55:21,458 - INFO - Sent event to agent (ID:1): {"event_type": "object added", "object_type": "key", "object": {"id": 1, "coordinates": [0, 1], "carried_by_id": null}}
2024-10-21 20:55:21,458 - INFO - Sent event to agent (ID:1): {"event_type": "object added", "object_type": "door", "object": {"id": 1, "coordinates": [0, 2]}}
2024-10-21 20:55:21,458 - INFO - Sent event to agent (ID:1): {"event_type": "object added", "object_type": "door", "object": {"id": 2, "coordinates": [2, 0]}}
2024-10-21 20:56:14,862 - INFO - Agent 1 moved up: True
2024-10-21 20:56:14,862 - INFO - Sent event to agent (ID:1): {"event_type": "object changed", "object_type": "agent", "object": {"id": 1, "coordinates": [0, 1], "parcels_carried_ids": [], "has_key": false, "score": 0}}
2024-10-21 20:56:15,371 - INFO - Agent 1 picked up: True
2024-10-21 20:56:15,372 - INFO - Sent event to agent (ID:1): {"event_type": "object changed", "object_type": "agent", "object": {"id": 1, "coordinates": [0, 1], "parcels_carried_ids": [], "has_key": true, "score": 0}}
2024-10-21 20:56:15,372 - INFO - Sent event to agent (ID:1): {"event_type": "object changed", "object_type": "key", "object": {"id": 1, "coordinates": [0, 1], "carried_by_id": 1}}
2024-10-21 20:56:15,999 - INFO - Agent 1 moved right: True
2024-10-21 20:56:16,000 - INFO - Sent event to agent (ID:1): {"event_type": "object changed", "object_type": "agent", "object": {"id": 1, "coordinates": [0, 2], "parcels_carried_ids": [], "has_key": true, "score": 0}}
2024-10-21 20:56:16,000 - INFO - Sent event to agent (ID:1): {"event_type": "object changed", "object_type": "key", "object": {"id": 1, "coordinates": [0, 2], "carried_by_id": 1}}
2024-10-21 20:56:16,658 - INFO - Agent 1 moved right: True
2024-10-21 20:56:16,659 - INFO - Sent event to agent (ID:1): {"event_type": "object changed", "object_type": "agent", "object": {"id": 1, "coordinates": [0, 3], "parcels_carried_ids": [], "has_key": true, "score": 0}}
2024-10-21 20:56:16,659 - INFO - Sent event to agent (ID:1): {"event_type": "object changed", "object_type": "key", "object": {"id": 1, "coordinates": [0, 3], "carried_by_id": 1}}
2024-10-21 20:56:17,032 - INFO - Agent 1 put down: True
2024-10-21 20:56:17,032 - INFO - Sent event to agent (ID:1): {"event_type": "object changed", "object_type": "agent", "object": {"id": 1, "coordinates": [0, 3], "parcels_carried_ids": [], "has_key": false, "score": 0}}
2024-10-21 20:56:17,032 - INFO - Sent event to agent (ID:1): {"event_type": "object changed", "object_type": "key", "object": {"id": 1, "coordinates": [0, 3], "carried_by_id": null}}
2024-10-21 20:56:34,046 - INFO - Agent 1 picked up: True
2024-10-21 20:56:34,046 - INFO - Sent event to agent (ID:1): {"event_type": "object changed", "object_type": "agent", "object": {"id": 1, "coordinates": [0, 3], "parcels_carried_ids": [], "has_key": true, "score": 0}}
2024-10-21 20:56:34,046 - INFO - Sent event to agent (ID:1): {"event_type": "object changed", "object_type": "key", "object": {"id": 1, "coordinates": [0, 3], "carried_by_id": 1}}
2024-10-21 20:56:48,688 - INFO - Agent 1 moved left: True
2024-10-21 20:56:48,689 - INFO - Sent event to agent (ID:1): {"event_type": "object changed", "object_type": "agent", "object": {"id": 1, "coordinates": [0, 2], "parcels_carried_ids": [], "has_key": true, "score": 0}}
2024-10-21 20:56:48,689 - INFO - Sent event to agent (ID:1): {"event_type": "object changed", "object_type": "key", "object": {"id": 1, "coordinates": [0, 2], "carried_by_id": 1}}
2024-10-21 20:57:20,756 - INFO - Agent 1 moved left: True
2024-10-21 20:57:20,756 - INFO - Sent event to agent (ID:1): {"event_type": "object changed", "object_type": "agent", "object": {"id": 1, "coordinates": [0, 1], "parcels_carried_ids": [], "has_key": true, "score": 0}}
2024-10-21 20:57:20,756 - INFO - Sent event to agent (ID:1): {"event_type": "object changed", "object_type": "key", "object": {"id": 1, "coordinates": [0, 1], "carried_by_id": 1}}
2024-10-21 20:57:35,947 - INFO - Agent 1 moved left: True
2024-10-21 20:57:35,947 - INFO - Sent event to agent (ID:1): {"event_type": "object changed", "object_type": "agent", "object": {"id": 1, "coordinates": [0, 0], "parcels_carried_ids": [], "has_key": true, "score": 0}}
2024-10-21 20:57:35,947 - INFO - Sent event to agent (ID:1): {"event_type": "object changed", "object_type": "key", "object": {"id": 1, "coordinates": [0, 0], "carried_by_id": 1}}
2024-10-21 20:57:36,524 - INFO - Agent 1 picked up: True
2024-10-21 20:57:36,525 - INFO - Sent event to agent (ID:1): {"event_type": "object changed", "object_type": "parcel", "object": {"id": 1, "coordinates": [0, 0], "score": 20, "carried_by_id": 1}}
2024-10-21 20:57:36,525 - INFO - Sent event to agent (ID:1): {"event_type": "object changed", "object_type": "agent", "object": {"id": 1, "coordinates": [0, 0], "parcels_carried_ids": [1], "has_key": true, "score": 0}}
2024-10-21 20:57:37,117 - INFO - Agent 1 moved right: True
2024-10-21 20:57:37,117 - INFO - Sent event to agent (ID:1): {"event_type": "object changed", "object_type": "parcel", "object": {"id": 1, "coordinates": [0, 1], "score": 20, "carried_by_id": 1}}
2024-10-21 20:57:37,117 - INFO - Sent event to agent (ID:1): {"event_type": "object changed", "object_type": "agent", "object": {"id": 1, "coordinates": [0, 1], "parcels_carried_ids": [1], "has_key": true, "score": 0}}
2024-10-21 20:57:37,117 - INFO - Sent event to agent (ID:1): {"event_type": "object changed", "object_type": "key", "object": {"id": 1, "coordinates": [0, 1], "carried_by_id": 1}}
2024-10-21 20:57:37,708 - INFO - Agent 1 moved right: True
2024-10-21 20:57:37,708 - INFO - Sent event to agent (ID:1): {"event_type": "object changed", "object_type": "parcel", "object": {"id": 1, "coordinates": [0, 2], "score": 20, "carried_by_id": 1}}
2024-10-21 20:57:37,708 - INFO - Sent event to agent (ID:1): {"event_type": "object changed", "object_type": "agent", "object": {"id": 1, "coordinates": [0, 2], "parcels_carried_ids": [1], "has_key": true, "score": 0}}
2024-10-21 20:57:37,708 - INFO - Sent event to agent (ID:1): {"event_type": "object changed", "object_type": "key", "object": {"id": 1, "coordinates": [0, 2], "carried_by_id": 1}}
2024-10-21 20:57:38,302 - INFO - Agent 1 moved right: True
2024-10-21 20:57:38,303 - INFO - Sent event to agent (ID:1): {"event_type": "object changed", "object_type": "parcel", "object": {"id": 1, "coordinates": [0, 3], "score": 20, "carried_by_id": 1}}
2024-10-21 20:57:38,303 - INFO - Sent event to agent (ID:1): {"event_type": "object changed", "object_type": "agent", "object": {"id": 1, "coordinates": [0, 3], "parcels_carried_ids": [1], "has_key": true, "score": 0}}
2024-10-21 20:57:38,303 - INFO - Sent event to agent (ID:1): {"event_type": "object changed", "object_type": "key", "object": {"id": 1, "coordinates": [0, 3], "carried_by_id": 1}}
2024-10-21 20:57:49,073 - INFO - Agent 1 put down: True
2024-10-21 20:57:49,073 - INFO - Sent event to agent (ID:1): {"event_type": "object changed", "object_type": "agent", "object": {"id": 1, "coordinates": [0, 3], "parcels_carried_ids": [], "has_key": false, "score": 40}}
2024-10-21 20:57:49,074 - INFO - Sent event to agent (ID:1): {"event_type": "object changed", "object_type": "key", "object": {"id": 1, "coordinates": [0, 3], "carried_by_id": null}}
2024-10-21 20:57:49,074 - INFO - Sent event to agent (ID:1): {"event_type": "object removed", "object_type": "parcel", "object": {"id": 1, "coordinates": [0, 3], "score": 20, "carried_by_id": 1}}
2024-10-21 20:58:06,150 - DEBUG - Replay file written
2024-10-21 20:58:06,150 - DEBUG - Server terminated
