2024-10-21 21:20:18,531 - DEBUG - Server started
2024-10-21 21:20:21,295 - INFO - Agent connected with ID 1 and address ('127.0.0.1', 8081)
2024-10-21 21:20:21,296 - INFO - Sent event to agent (ID:1): {"event_type": "object added", "object_type": "map", "object": {"width": 4, "height": 4, "grid": [{"cell_coordinates": [0, 0], "cell_type": "parcels_spawn"}, {"cell_coordinates": [0, 1], "cell_type": "walkable"}, {"cell_coordinates": [0, 2], "cell_type": "walkable"}, {"cell_coordinates": [0, 3], "cell_type": "double_delivery_cell"}, {"cell_coordinates": [1, 0], "cell_type": "walkable"}, {"cell_coordinates": [1, 1], "cell_type": "walkable"}, {"cell_coordinates": [1, 2], "cell_type": "non_walkable"}, {"cell_coordinates": [1, 3], "cell_type": "non_walkable"}, {"cell_coordinates": [2, 0], "cell_type": "walkable"}, {"cell_coordinates": [2, 1], "cell_type": "non_walkable"}, {"cell_coordinates": [2, 2], "cell_type": "non_walkable"}, {"cell_coordinates": [2, 3], "cell_type": "non_walkable"}, {"cell_coordinates": [3, 0], "cell_type": "delivery_cell"}, {"cell_coordinates": [3, 1], "cell_type": "non_walkable"}, {"cell_coordinates": [3, 2], "cell_type": "non_walkable"}, {"cell_coordinates": [3, 3], "cell_type": "non_walkable"}]}}
2024-10-21 21:20:21,300 - INFO - Sent event to agent (ID:1): {"event_type": "object added", "object_type": "parcel", "object": {"id": 1, "coordinates": [0, 0], "score": 20, "carried_by_id": null}}
2024-10-21 21:20:21,300 - INFO - Sent event to agent (ID:1): {"event_type": "object added", "object_type": "agent", "object": {"id": 1, "coordinates": [1, 1], "parcels_carried_ids": [], "has_key": false, "score": 0}}
2024-10-21 21:20:21,300 - INFO - Sent event to agent (ID:1): {"event_type": "object added", "object_type": "key", "object": {"id": 1, "coordinates": [1, 0], "carried_by_id": null}}
2024-10-21 21:20:21,300 - INFO - Sent event to agent (ID:1): {"event_type": "object added", "object_type": "door", "object": {"id": 1, "coordinates": [0, 2]}}
2024-10-21 21:20:21,300 - INFO - Sent event to agent (ID:1): {"event_type": "object added", "object_type": "door", "object": {"id": 2, "coordinates": [2, 0]}}
2024-10-21 21:21:08,115 - INFO - Agent 1 moved left: True
2024-10-21 21:21:08,115 - INFO - Sent event to agent (ID:1): {"event_type": "object changed", "object_type": "agent", "object": {"id": 1, "coordinates": [1, 0], "parcels_carried_ids": [], "has_key": false, "score": 0}}
2024-10-21 21:21:08,793 - INFO - Agent 1 moved left: False
2024-10-21 21:21:09,336 - INFO - Agent 1 moved left: False
2024-10-21 21:21:09,812 - INFO - Agent 1 moved left: False
2024-10-21 21:21:10,425 - INFO - Agent 1 moved left: False
2024-10-21 21:21:11,035 - INFO - Agent 1 moved left: False
2024-10-21 21:21:11,596 - INFO - Agent 1 moved left: False
2024-10-21 21:21:12,154 - INFO - Agent 1 moved left: False
2024-10-21 21:21:12,799 - INFO - Agent 1 moved left: False
2024-10-21 21:21:13,324 - INFO - Agent 1 moved left: False
2024-10-21 21:21:13,883 - INFO - Agent 1 moved left: False
2024-10-21 21:21:14,475 - INFO - Agent 1 moved left: False
2024-10-21 21:21:14,983 - INFO - Agent 1 moved left: False
2024-10-21 21:21:15,577 - INFO - Agent 1 moved left: False
2024-10-21 21:21:16,101 - INFO - Agent 1 moved left: False
2024-10-21 21:21:16,577 - INFO - Agent 1 moved left: False
2024-10-21 21:21:17,156 - INFO - Agent 1 moved left: False
2024-10-21 21:21:17,701 - INFO - Agent 1 moved left: False
2024-10-21 21:21:18,278 - INFO - Agent 1 moved left: False
2024-10-21 21:21:18,856 - INFO - Agent 1 moved left: False
2024-10-21 21:21:19,399 - INFO - Agent 1 moved left: False
2024-10-21 21:21:19,991 - INFO - Agent 1 moved left: False
2024-10-21 21:21:20,554 - INFO - Agent 1 moved left: False
2024-10-21 21:21:21,111 - INFO - Agent 1 moved left: False
2024-10-21 21:21:21,671 - INFO - Agent 1 moved left: False
2024-10-21 21:21:22,249 - INFO - Agent 1 moved left: False
2024-10-21 21:21:22,841 - INFO - Agent 1 moved left: False
2024-10-21 21:21:23,434 - INFO - Agent 1 moved left: False
2024-10-21 21:21:24,042 - INFO - Agent 1 moved left: False
2024-10-21 21:21:24,548 - INFO - Agent 1 moved left: False
2024-10-21 21:21:25,092 - INFO - Agent 1 moved left: False
2024-10-21 21:21:25,700 - INFO - Agent 1 moved left: False
2024-10-21 21:21:26,260 - INFO - Agent 1 moved left: False
2024-10-21 21:21:26,887 - INFO - Agent 1 moved left: False
2024-10-21 21:21:27,413 - INFO - Agent 1 moved left: False
2024-10-21 21:21:27,973 - INFO - Agent 1 moved left: False
2024-10-21 21:21:28,580 - INFO - Agent 1 moved left: False
2024-10-21 21:21:29,139 - INFO - Agent 1 moved left: False
2024-10-21 21:21:29,684 - INFO - Agent 1 moved left: False
2024-10-21 21:21:30,244 - INFO - Agent 1 moved left: False
2024-10-21 21:21:30,853 - INFO - Agent 1 moved left: False
2024-10-21 21:21:31,530 - INFO - Agent 1 moved left: False
2024-10-21 21:21:32,108 - INFO - Agent 1 moved left: False
2024-10-21 21:21:32,736 - INFO - Agent 1 moved left: False
2024-10-21 21:21:33,262 - INFO - Agent 1 moved left: False
2024-10-21 21:21:33,786 - INFO - Agent 1 moved left: False
2024-10-21 21:21:34,394 - INFO - Agent 1 moved left: False
2024-10-21 21:21:35,003 - INFO - Agent 1 moved left: False
2024-10-21 21:21:35,530 - INFO - Agent 1 moved left: False
2024-10-21 21:21:36,070 - INFO - Agent 1 moved left: False
2024-10-21 21:21:36,562 - INFO - Agent 1 moved left: False
2024-10-21 21:21:37,208 - INFO - Agent 1 moved left: False
2024-10-21 21:21:37,697 - INFO - Agent 1 moved left: False
2024-10-21 21:21:45,078 - INFO - Agent 1 picked up: True
2024-10-21 21:21:45,078 - INFO - Sent event to agent (ID:1): {"event_type": "object changed", "object_type": "agent", "object": {"id": 1, "coordinates": [1, 0], "parcels_carried_ids": [], "has_key": true, "score": 0}}
2024-10-21 21:21:45,078 - INFO - Sent event to agent (ID:1): {"event_type": "object changed", "object_type": "key", "object": {"id": 1, "coordinates": [1, 0], "carried_by_id": 1}}
2024-10-21 21:22:07,216 - INFO - Agent 1 moved up: True
2024-10-21 21:22:07,217 - INFO - Sent event to agent (ID:1): {"event_type": "object changed", "object_type": "agent", "object": {"id": 1, "coordinates": [0, 0], "parcels_carried_ids": [], "has_key": true, "score": 0}}
2024-10-21 21:22:07,217 - INFO - Sent event to agent (ID:1): {"event_type": "object changed", "object_type": "key", "object": {"id": 1, "coordinates": [0, 0], "carried_by_id": 1}}
2024-10-21 21:22:46,566 - INFO - Agent 1 picked up: True
2024-10-21 21:22:46,567 - INFO - Sent event to agent (ID:1): {"event_type": "object changed", "object_type": "parcel", "object": {"id": 1, "coordinates": [0, 0], "score": 20, "carried_by_id": 1}}
2024-10-21 21:22:46,567 - INFO - Sent event to agent (ID:1): {"event_type": "object changed", "object_type": "agent", "object": {"id": 1, "coordinates": [0, 0], "parcels_carried_ids": [1], "has_key": true, "score": 0}}
2024-10-21 21:22:58,789 - INFO - Agent 1 moved right: True
2024-10-21 21:22:58,789 - INFO - Sent event to agent (ID:1): {"event_type": "object changed", "object_type": "parcel", "object": {"id": 1, "coordinates": [0, 1], "score": 20, "carried_by_id": 1}}
2024-10-21 21:22:58,790 - INFO - Sent event to agent (ID:1): {"event_type": "object changed", "object_type": "agent", "object": {"id": 1, "coordinates": [0, 1], "parcels_carried_ids": [1], "has_key": true, "score": 0}}
2024-10-21 21:22:58,790 - INFO - Sent event to agent (ID:1): {"event_type": "object changed", "object_type": "key", "object": {"id": 1, "coordinates": [0, 1], "carried_by_id": 1}}
2024-10-21 21:22:59,419 - INFO - Agent 1 moved down: True
2024-10-21 21:22:59,419 - INFO - Sent event to agent (ID:1): {"event_type": "object changed", "object_type": "parcel", "object": {"id": 1, "coordinates": [1, 1], "score": 20, "carried_by_id": 1}}
2024-10-21 21:22:59,419 - INFO - Sent event to agent (ID:1): {"event_type": "object changed", "object_type": "agent", "object": {"id": 1, "coordinates": [1, 1], "parcels_carried_ids": [1], "has_key": true, "score": 0}}
2024-10-21 21:22:59,419 - INFO - Sent event to agent (ID:1): {"event_type": "object changed", "object_type": "key", "object": {"id": 1, "coordinates": [1, 1], "carried_by_id": 1}}
2024-10-21 21:23:16,351 - INFO - Agent 1 moved up: True
2024-10-21 21:23:16,352 - INFO - Sent event to agent (ID:1): {"event_type": "object changed", "object_type": "parcel", "object": {"id": 1, "coordinates": [0, 1], "score": 20, "carried_by_id": 1}}
2024-10-21 21:23:16,352 - INFO - Sent event to agent (ID:1): {"event_type": "object changed", "object_type": "agent", "object": {"id": 1, "coordinates": [0, 1], "parcels_carried_ids": [1], "has_key": true, "score": 0}}
2024-10-21 21:23:16,352 - INFO - Sent event to agent (ID:1): {"event_type": "object changed", "object_type": "key", "object": {"id": 1, "coordinates": [0, 1], "carried_by_id": 1}}
2024-10-21 21:23:16,876 - INFO - Agent 1 moved right: True
2024-10-21 21:23:16,876 - INFO - Sent event to agent (ID:1): {"event_type": "object changed", "object_type": "parcel", "object": {"id": 1, "coordinates": [0, 2], "score": 20, "carried_by_id": 1}}
2024-10-21 21:23:16,877 - INFO - Sent event to agent (ID:1): {"event_type": "object changed", "object_type": "agent", "object": {"id": 1, "coordinates": [0, 2], "parcels_carried_ids": [1], "has_key": true, "score": 0}}
2024-10-21 21:23:16,877 - INFO - Sent event to agent (ID:1): {"event_type": "object changed", "object_type": "key", "object": {"id": 1, "coordinates": [0, 2], "carried_by_id": 1}}
2024-10-21 21:23:17,485 - INFO - Agent 1 moved up: False
2024-10-21 21:23:17,995 - INFO - Agent 1 moved right: True
2024-10-21 21:23:17,995 - INFO - Sent event to agent (ID:1): {"event_type": "object changed", "object_type": "parcel", "object": {"id": 1, "coordinates": [0, 3], "score": 20, "carried_by_id": 1}}
2024-10-21 21:23:17,995 - INFO - Sent event to agent (ID:1): {"event_type": "object changed", "object_type": "agent", "object": {"id": 1, "coordinates": [0, 3], "parcels_carried_ids": [1], "has_key": true, "score": 0}}
2024-10-21 21:23:17,996 - INFO - Sent event to agent (ID:1): {"event_type": "object changed", "object_type": "key", "object": {"id": 1, "coordinates": [0, 3], "carried_by_id": 1}}
2024-10-21 21:23:18,623 - INFO - Agent 1 moved up: False
2024-10-21 21:23:19,182 - INFO - Agent 1 moved right: False
2024-10-21 21:23:19,743 - INFO - Agent 1 moved up: False
2024-10-21 21:23:20,320 - INFO - Agent 1 moved right: False
2024-10-21 21:23:20,862 - INFO - Agent 1 moved up: False
2024-10-21 21:23:21,386 - INFO - Agent 1 moved right: False
2024-10-21 21:23:21,926 - INFO - Agent 1 moved up: False
2024-10-21 21:23:22,520 - INFO - Agent 1 moved right: False
2024-10-21 21:23:23,165 - INFO - Agent 1 moved up: False
2024-10-21 21:23:23,742 - INFO - Agent 1 moved right: False
2024-10-21 21:23:24,272 - INFO - Agent 1 moved up: False
2024-10-21 21:23:24,783 - INFO - Agent 1 moved right: False
2024-10-21 21:23:25,409 - INFO - Agent 1 moved up: False
2024-10-21 21:23:25,970 - INFO - Agent 1 moved right: False
2024-10-21 21:23:26,547 - INFO - Agent 1 moved up: False
2024-10-21 21:23:27,141 - INFO - Agent 1 moved right: False
2024-10-21 21:23:27,683 - INFO - Agent 1 moved up: False
2024-10-21 21:23:29,381 - INFO - Agent 1 moved right: False
2024-10-21 21:23:29,381 - INFO - Agent 1 moved up: False
2024-10-21 21:23:29,392 - INFO - Agent 1 moved right: False
2024-10-21 21:23:29,955 - INFO - Agent 1 moved up: False
2024-10-21 21:23:30,446 - INFO - Agent 1 moved right: False
2024-10-21 21:23:30,974 - INFO - Agent 1 moved up: False
2024-10-21 21:23:31,534 - INFO - Agent 1 moved right: False
2024-10-21 21:23:32,128 - INFO - Agent 1 moved up: False
2024-10-21 21:23:32,654 - INFO - Agent 1 moved right: False
2024-10-21 21:23:33,232 - INFO - Agent 1 moved up: False
2024-10-21 21:23:33,723 - INFO - Agent 1 moved right: False
2024-10-21 21:23:34,283 - INFO - Agent 1 moved up: False
2024-10-21 21:23:34,960 - INFO - Agent 1 moved right: False
2024-10-21 21:23:35,525 - INFO - Agent 1 moved up: False
2024-10-21 21:23:36,087 - INFO - Agent 1 moved right: False
2024-10-21 21:23:37,458 - INFO - Agent 1 moved up: False
2024-10-21 21:23:37,458 - INFO - Agent 1 moved right: False
2024-10-21 21:23:37,693 - INFO - Agent 1 moved up: False
2024-10-21 21:23:38,254 - INFO - Agent 1 moved right: False
2024-10-21 21:23:38,883 - INFO - Agent 1 moved up: False
2024-10-21 21:23:39,426 - INFO - Agent 1 moved right: False
2024-10-21 21:23:40,064 - INFO - Agent 1 moved up: False
2024-10-21 21:23:40,623 - INFO - Agent 1 moved right: False
2024-10-21 21:23:41,200 - INFO - Agent 1 moved up: False
2024-10-21 21:23:41,795 - INFO - Agent 1 moved right: False
2024-10-21 21:23:42,371 - INFO - Agent 1 moved up: False
2024-10-21 21:23:42,929 - INFO - Agent 1 moved right: False
2024-10-21 21:23:43,427 - INFO - Agent 1 moved up: False
2024-10-21 21:23:43,935 - INFO - Agent 1 moved right: False
2024-10-21 21:23:44,546 - INFO - Agent 1 moved up: False
2024-10-21 21:23:46,089 - INFO - Agent 1 moved right: False
2024-10-21 21:23:46,089 - INFO - Agent 1 moved up: False
2024-10-21 21:23:56,992 - INFO - Agent 1 picked up: False
2024-10-21 21:23:57,622 - INFO - Agent 1 moved down: False
2024-10-21 21:23:58,143 - INFO - Agent 1 moved down: False
2024-10-21 21:23:58,720 - INFO - Agent 1 moved down: False
2024-10-21 21:23:59,280 - INFO - Agent 1 moved down: False
2024-10-21 21:23:59,853 - INFO - Agent 1 moved down: False
2024-10-21 21:24:00,381 - INFO - Agent 1 moved down: False
2024-10-21 21:24:00,904 - INFO - Agent 1 moved down: False
2024-10-21 21:24:01,429 - INFO - Agent 1 moved down: False
2024-10-21 21:24:01,954 - INFO - Agent 1 moved down: False
2024-10-21 21:24:02,446 - INFO - Agent 1 moved down: False
2024-10-21 21:24:03,059 - INFO - Agent 1 moved down: False
2024-10-21 21:24:03,586 - INFO - Agent 1 moved down: False
2024-10-21 21:24:04,160 - INFO - Agent 1 moved down: False
2024-10-21 21:24:04,670 - INFO - Agent 1 moved down: False
2024-10-21 21:24:05,229 - INFO - Agent 1 moved down: False
2024-10-21 21:24:05,773 - INFO - Agent 1 moved down: False
2024-10-21 21:24:06,329 - INFO - Agent 1 moved down: False
2024-10-21 21:24:06,886 - INFO - Agent 1 moved down: False
2024-10-21 21:24:07,532 - INFO - Agent 1 moved down: False
2024-10-21 21:24:08,058 - INFO - Agent 1 moved down: False
2024-10-21 21:24:08,566 - INFO - Agent 1 moved down: False
2024-10-21 21:24:09,125 - INFO - Agent 1 moved down: False
2024-10-21 21:24:09,650 - INFO - Agent 1 moved down: False
2024-10-21 21:24:10,194 - INFO - Agent 1 moved down: False
2024-10-21 21:24:10,719 - INFO - Agent 1 moved down: False
2024-10-21 21:24:11,276 - INFO - Agent 1 moved down: False
2024-10-21 21:24:11,820 - INFO - Agent 1 moved down: False
2024-10-21 21:24:12,396 - INFO - Agent 1 moved down: False
2024-10-21 21:24:12,974 - INFO - Agent 1 moved down: False
2024-10-21 21:24:13,517 - INFO - Agent 1 moved down: False
2024-10-21 21:24:14,096 - INFO - Agent 1 moved down: False
2024-10-21 21:24:14,720 - INFO - Agent 1 moved down: False
2024-10-21 21:24:15,312 - INFO - Agent 1 moved down: False
2024-10-21 21:24:15,836 - INFO - Agent 1 moved down: False
2024-10-21 21:24:16,396 - INFO - Agent 1 moved down: False
2024-10-21 21:24:17,058 - INFO - Agent 1 moved down: False
2024-10-21 21:24:17,600 - INFO - Agent 1 moved down: False
2024-10-21 21:24:18,125 - INFO - Agent 1 moved down: False
2024-10-21 21:24:18,717 - INFO - Agent 1 moved down: False
2024-10-21 21:24:19,260 - INFO - Agent 1 moved down: False
2024-10-21 21:24:19,790 - INFO - Agent 1 moved down: False
2024-10-21 21:24:20,300 - INFO - Agent 1 moved down: False
2024-10-21 21:24:20,809 - INFO - Agent 1 moved down: False
2024-10-21 21:24:21,317 - INFO - Agent 1 moved down: False
2024-10-21 21:24:21,929 - INFO - Agent 1 moved down: False
2024-10-21 21:24:22,487 - INFO - Agent 1 moved down: False
2024-10-21 21:24:22,997 - INFO - Agent 1 moved down: False
2024-10-21 21:24:23,776 - INFO - Agent 1 moved down: False
2024-10-21 21:24:24,183 - INFO - Agent 1 moved down: False
2024-10-21 21:24:24,794 - INFO - Agent 1 moved down: False
2024-10-21 21:24:25,353 - INFO - Agent 1 moved down: False
2024-10-21 21:24:25,928 - INFO - Agent 1 moved down: False
2024-10-21 21:24:26,500 - INFO - Agent 1 moved down: False
2024-10-21 21:24:54,763 - INFO - Agent 1 put down: True
2024-10-21 21:24:54,764 - INFO - Sent event to agent (ID:1): {"event_type": "object changed", "object_type": "agent", "object": {"id": 1, "coordinates": [0, 3], "parcels_carried_ids": [], "has_key": false, "score": 40}}
2024-10-21 21:24:54,764 - INFO - Sent event to agent (ID:1): {"event_type": "object changed", "object_type": "key", "object": {"id": 1, "coordinates": [0, 3], "carried_by_id": null}}
2024-10-21 21:24:54,764 - INFO - Sent event to agent (ID:1): {"event_type": "object removed", "object_type": "parcel", "object": {"id": 1, "coordinates": [0, 3], "score": 20, "carried_by_id": 1}}
2024-10-21 21:25:14,425 - DEBUG - Replay file written
2024-10-21 21:25:14,425 - DEBUG - Server terminated
