2024-11-08 10:51:42,035 - DEBUG - Server started
2024-11-08 10:51:42,693 - INFO - Agent connected with ID 1 and address ('127.0.0.1', 8081)
2024-11-08 10:51:42,693 - INFO - Sent event to agent (ID:1): {"event_type": "object added", "object_type": "map", "object": {"width": 4, "height": 4, "grid": [{"cell_coordinates": [0, 0], "cell_type": "walkable"}, {"cell_coordinates": [0, 1], "cell_type": "walkable"}, {"cell_coordinates": [0, 2], "cell_type": "walkable"}, {"cell_coordinates": [0, 3], "cell_type": "walkable"}, {"cell_coordinates": [1, 0], "cell_type": "walkable"}, {"cell_coordinates": [1, 1], "cell_type": "walkable"}, {"cell_coordinates": [1, 2], "cell_type": "walkable"}, {"cell_coordinates": [1, 3], "cell_type": "walkable"}, {"cell_coordinates": [2, 0], "cell_type": "walkable"}, {"cell_coordinates": [2, 1], "cell_type": "walkable"}, {"cell_coordinates": [2, 2], "cell_type": "walkable"}, {"cell_coordinates": [2, 3], "cell_type": "walkable"}, {"cell_coordinates": [3, 0], "cell_type": "walkable"}, {"cell_coordinates": [3, 1], "cell_type": "walkable"}, {"cell_coordinates": [3, 2], "cell_type": "walkable"}, {"cell_coordinates": [3, 3], "cell_type": "walkable"}]}}
2024-11-08 10:51:42,698 - INFO - Sent event to agent (ID:1): {"event_type": "object added", "object_type": "agent", "object": {"id": 1, "coordinates": [0, 0], "parcels_carried_ids": [], "has_key": false, "score": 0, "energy": 100}}
2024-11-08 10:51:58,037 - INFO - Sent event to agent (ID:1): {"event_type": "object changed", "object_type": "map", "object": {"width": 4, "height": 4, "grid": [{"cell_coordinates": [0, 0], "cell_type": "walkable"}, {"cell_coordinates": [0, 1], "cell_type": "walkable"}, {"cell_coordinates": [0, 2], "cell_type": "walkable"}, {"cell_coordinates": [0, 3], "cell_type": "walkable"}, {"cell_coordinates": [1, 0], "cell_type": "walkable"}, {"cell_coordinates": [1, 1], "cell_type": "walkable"}, {"cell_coordinates": [1, 2], "cell_type": "walkable"}, {"cell_coordinates": [1, 3], "cell_type": "walkable"}, {"cell_coordinates": [2, 0], "cell_type": "walkable"}, {"cell_coordinates": [2, 1], "cell_type": "walkable"}, {"cell_coordinates": [2, 2], "cell_type": "walkable"}, {"cell_coordinates": [2, 3], "cell_type": "parcels_spawn"}, {"cell_coordinates": [3, 0], "cell_type": "walkable"}, {"cell_coordinates": [3, 1], "cell_type": "walkable"}, {"cell_coordinates": [3, 2], "cell_type": "walkable"}, {"cell_coordinates": [3, 3], "cell_type": "walkable"}]}}
2024-11-08 10:51:58,037 - INFO - Sent event to agent (ID:1): {"event_type": "object added", "object_type": "parcel", "object": {"id": 1, "coordinates": [2, 3], "score": 15, "carried_by_id": null}}
2024-11-08 10:51:58,037 - INFO - Sent event to agent (ID:1): {"event_type": "object added", "object_type": "parcel", "object": {"id": 2, "coordinates": [2, 3], "score": 42, "carried_by_id": null}}
2024-11-08 10:52:32,199 - INFO - Agent 1 moved down: True
2024-11-08 10:52:32,200 - INFO - Sent event to agent (ID:1): {"event_type": "object changed", "object_type": "agent", "object": {"id": 1, "coordinates": [1, 0], "parcels_carried_ids": [], "has_key": false, "score": 0, "energy": 99}}
2024-11-08 10:52:32,721 - INFO - Agent 1 moved down: True
2024-11-08 10:52:32,721 - INFO - Sent event to agent (ID:1): {"event_type": "object changed", "object_type": "agent", "object": {"id": 1, "coordinates": [2, 0], "parcels_carried_ids": [], "has_key": false, "score": 0, "energy": 98}}
2024-11-08 10:52:33,313 - INFO - Agent 1 moved right: True
2024-11-08 10:52:33,313 - INFO - Sent event to agent (ID:1): {"event_type": "object changed", "object_type": "agent", "object": {"id": 1, "coordinates": [2, 1], "parcels_carried_ids": [], "has_key": false, "score": 0, "energy": 97}}
2024-11-08 10:52:33,805 - INFO - Agent 1 moved right: True
2024-11-08 10:52:33,805 - INFO - Sent event to agent (ID:1): {"event_type": "object changed", "object_type": "agent", "object": {"id": 1, "coordinates": [2, 2], "parcels_carried_ids": [], "has_key": false, "score": 0, "energy": 96}}
2024-11-08 10:52:34,362 - INFO - Agent 1 moved right: True
2024-11-08 10:52:34,362 - INFO - Sent event to agent (ID:1): {"event_type": "object changed", "object_type": "agent", "object": {"id": 1, "coordinates": [2, 3], "parcels_carried_ids": [], "has_key": false, "score": 0, "energy": 95}}
2024-11-08 10:52:34,956 - INFO - Agent 1 picked up: True
2024-11-08 10:52:34,956 - INFO - Sent event to agent (ID:1): {"event_type": "object changed", "object_type": "parcel", "object": {"id": 1, "coordinates": [2, 3], "score": 15, "carried_by_id": 1}}
2024-11-08 10:52:34,956 - INFO - Sent event to agent (ID:1): {"event_type": "object changed", "object_type": "parcel", "object": {"id": 2, "coordinates": [2, 3], "score": 42, "carried_by_id": 1}}
2024-11-08 10:52:34,956 - INFO - Sent event to agent (ID:1): {"event_type": "object changed", "object_type": "agent", "object": {"id": 1, "coordinates": [2, 3], "parcels_carried_ids": [1, 2], "has_key": false, "score": 0, "energy": 94}}
2024-11-08 10:52:35,447 - INFO - Agent 1 moved up: True
2024-11-08 10:52:35,448 - INFO - Sent event to agent (ID:1): {"event_type": "object changed", "object_type": "parcel", "object": {"id": 1, "coordinates": [1, 3], "score": 15, "carried_by_id": 1}}
2024-11-08 10:52:35,448 - INFO - Sent event to agent (ID:1): {"event_type": "object changed", "object_type": "parcel", "object": {"id": 2, "coordinates": [1, 3], "score": 42, "carried_by_id": 1}}
2024-11-08 10:52:35,448 - INFO - Sent event to agent (ID:1): {"event_type": "object changed", "object_type": "agent", "object": {"id": 1, "coordinates": [1, 3], "parcels_carried_ids": [1, 2], "has_key": false, "score": 0, "energy": 93}}
2024-11-08 10:52:35,988 - INFO - Agent 1 moved up: True
2024-11-08 10:52:35,988 - INFO - Sent event to agent (ID:1): {"event_type": "object changed", "object_type": "parcel", "object": {"id": 1, "coordinates": [0, 3], "score": 15, "carried_by_id": 1}}
2024-11-08 10:52:35,988 - INFO - Sent event to agent (ID:1): {"event_type": "object changed", "object_type": "parcel", "object": {"id": 2, "coordinates": [0, 3], "score": 42, "carried_by_id": 1}}
2024-11-08 10:52:35,988 - INFO - Sent event to agent (ID:1): {"event_type": "object changed", "object_type": "agent", "object": {"id": 1, "coordinates": [0, 3], "parcels_carried_ids": [1, 2], "has_key": false, "score": 0, "energy": 92}}
2024-11-08 10:52:36,598 - INFO - Agent 1 moved left: True
2024-11-08 10:52:36,598 - INFO - Sent event to agent (ID:1): {"event_type": "object changed", "object_type": "parcel", "object": {"id": 1, "coordinates": [0, 2], "score": 15, "carried_by_id": 1}}
2024-11-08 10:52:36,598 - INFO - Sent event to agent (ID:1): {"event_type": "object changed", "object_type": "parcel", "object": {"id": 2, "coordinates": [0, 2], "score": 42, "carried_by_id": 1}}
2024-11-08 10:52:36,598 - INFO - Sent event to agent (ID:1): {"event_type": "object changed", "object_type": "agent", "object": {"id": 1, "coordinates": [0, 2], "parcels_carried_ids": [1, 2], "has_key": false, "score": 0, "energy": 91}}
2024-11-08 10:52:37,175 - INFO - Agent 1 moved left: True
2024-11-08 10:52:37,175 - INFO - Sent event to agent (ID:1): {"event_type": "object changed", "object_type": "parcel", "object": {"id": 1, "coordinates": [0, 1], "score": 15, "carried_by_id": 1}}
2024-11-08 10:52:37,175 - INFO - Sent event to agent (ID:1): {"event_type": "object changed", "object_type": "parcel", "object": {"id": 2, "coordinates": [0, 1], "score": 42, "carried_by_id": 1}}
2024-11-08 10:52:37,175 - INFO - Sent event to agent (ID:1): {"event_type": "object changed", "object_type": "agent", "object": {"id": 1, "coordinates": [0, 1], "parcels_carried_ids": [1, 2], "has_key": false, "score": 0, "energy": 90}}
2024-11-08 10:52:37,735 - INFO - Agent 1 moved left: True
2024-11-08 10:52:37,735 - INFO - Sent event to agent (ID:1): {"event_type": "object changed", "object_type": "parcel", "object": {"id": 1, "coordinates": [0, 0], "score": 15, "carried_by_id": 1}}
2024-11-08 10:52:37,735 - INFO - Sent event to agent (ID:1): {"event_type": "object changed", "object_type": "parcel", "object": {"id": 2, "coordinates": [0, 0], "score": 42, "carried_by_id": 1}}
2024-11-08 10:52:37,735 - INFO - Sent event to agent (ID:1): {"event_type": "object changed", "object_type": "agent", "object": {"id": 1, "coordinates": [0, 0], "parcels_carried_ids": [1, 2], "has_key": false, "score": 0, "energy": 89}}
2024-11-08 10:52:38,293 - INFO - Agent 1 put down: True
2024-11-08 10:52:38,294 - INFO - Sent event to agent (ID:1): {"event_type": "object changed", "object_type": "parcel", "object": {"id": 1, "coordinates": [0, 0], "score": 15, "carried_by_id": null}}
2024-11-08 10:52:38,294 - INFO - Sent event to agent (ID:1): {"event_type": "object changed", "object_type": "parcel", "object": {"id": 2, "coordinates": [0, 0], "score": 42, "carried_by_id": null}}
2024-11-08 10:52:38,294 - INFO - Sent event to agent (ID:1): {"event_type": "object changed", "object_type": "agent", "object": {"id": 1, "coordinates": [0, 0], "parcels_carried_ids": [], "has_key": false, "score": 0, "energy": 88}}
2024-11-08 10:52:56,460 - INFO - Agent 1 picked up: True
2024-11-08 10:52:56,460 - INFO - Sent event to agent (ID:1): {"event_type": "object changed", "object_type": "parcel", "object": {"id": 1, "coordinates": [0, 0], "score": 15, "carried_by_id": 1}}
2024-11-08 10:52:56,460 - INFO - Sent event to agent (ID:1): {"event_type": "object changed", "object_type": "parcel", "object": {"id": 2, "coordinates": [0, 0], "score": 42, "carried_by_id": 1}}
2024-11-08 10:52:56,460 - INFO - Sent event to agent (ID:1): {"event_type": "object changed", "object_type": "agent", "object": {"id": 1, "coordinates": [0, 0], "parcels_carried_ids": [1, 2], "has_key": false, "score": 0, "energy": 87}}
2024-11-08 10:52:57,020 - INFO - Agent 1 picked up: False
2024-11-08 10:53:10,862 - INFO - Agent 1 moved down: True
2024-11-08 10:53:10,862 - INFO - Sent event to agent (ID:1): {"event_type": "object changed", "object_type": "parcel", "object": {"id": 1, "coordinates": [1, 0], "score": 15, "carried_by_id": 1}}
2024-11-08 10:53:10,862 - INFO - Sent event to agent (ID:1): {"event_type": "object changed", "object_type": "parcel", "object": {"id": 2, "coordinates": [1, 0], "score": 42, "carried_by_id": 1}}
2024-11-08 10:53:10,862 - INFO - Sent event to agent (ID:1): {"event_type": "object changed", "object_type": "agent", "object": {"id": 1, "coordinates": [1, 0], "parcels_carried_ids": [1, 2], "has_key": false, "score": 0, "energy": 86}}
2024-11-08 10:53:28,161 - INFO - Sent event to agent (ID:1): {"event_type": "object changed", "object_type": "map", "object": {"width": 4, "height": 4, "grid": [{"cell_coordinates": [0, 0], "cell_type": "walkable"}, {"cell_coordinates": [0, 1], "cell_type": "walkable"}, {"cell_coordinates": [0, 2], "cell_type": "delivery_cell"}, {"cell_coordinates": [0, 3], "cell_type": "walkable"}, {"cell_coordinates": [1, 0], "cell_type": "walkable"}, {"cell_coordinates": [1, 1], "cell_type": "walkable"}, {"cell_coordinates": [1, 2], "cell_type": "walkable"}, {"cell_coordinates": [1, 3], "cell_type": "walkable"}, {"cell_coordinates": [2, 0], "cell_type": "walkable"}, {"cell_coordinates": [2, 1], "cell_type": "walkable"}, {"cell_coordinates": [2, 2], "cell_type": "walkable"}, {"cell_coordinates": [2, 3], "cell_type": "walkable"}, {"cell_coordinates": [3, 0], "cell_type": "walkable"}, {"cell_coordinates": [3, 1], "cell_type": "walkable"}, {"cell_coordinates": [3, 2], "cell_type": "walkable"}, {"cell_coordinates": [3, 3], "cell_type": "walkable"}]}}
2024-11-08 10:53:45,057 - INFO - Agent 1 moved up: True
2024-11-08 10:53:45,058 - INFO - Sent event to agent (ID:1): {"event_type": "object changed", "object_type": "parcel", "object": {"id": 1, "coordinates": [0, 0], "score": 15, "carried_by_id": 1}}
2024-11-08 10:53:45,058 - INFO - Sent event to agent (ID:1): {"event_type": "object changed", "object_type": "parcel", "object": {"id": 2, "coordinates": [0, 0], "score": 42, "carried_by_id": 1}}
2024-11-08 10:53:45,058 - INFO - Sent event to agent (ID:1): {"event_type": "object changed", "object_type": "agent", "object": {"id": 1, "coordinates": [0, 0], "parcels_carried_ids": [1, 2], "has_key": false, "score": 0, "energy": 85}}
2024-11-08 10:53:56,118 - INFO - Agent 1 moved right: True
2024-11-08 10:53:56,118 - INFO - Sent event to agent (ID:1): {"event_type": "object changed", "object_type": "parcel", "object": {"id": 1, "coordinates": [0, 1], "score": 15, "carried_by_id": 1}}
2024-11-08 10:53:56,118 - INFO - Sent event to agent (ID:1): {"event_type": "object changed", "object_type": "parcel", "object": {"id": 2, "coordinates": [0, 1], "score": 42, "carried_by_id": 1}}
2024-11-08 10:53:56,118 - INFO - Sent event to agent (ID:1): {"event_type": "object changed", "object_type": "agent", "object": {"id": 1, "coordinates": [0, 1], "parcels_carried_ids": [1, 2], "has_key": false, "score": 0, "energy": 84}}
2024-11-08 10:54:59,008 - INFO - Agent 1 moved right: True
2024-11-08 10:54:59,008 - INFO - Sent event to agent (ID:1): {"event_type": "object changed", "object_type": "parcel", "object": {"id": 1, "coordinates": [0, 2], "score": 15, "carried_by_id": 1}}
2024-11-08 10:54:59,008 - INFO - Sent event to agent (ID:1): {"event_type": "object changed", "object_type": "parcel", "object": {"id": 2, "coordinates": [0, 2], "score": 42, "carried_by_id": 1}}
2024-11-08 10:54:59,008 - INFO - Sent event to agent (ID:1): {"event_type": "object changed", "object_type": "agent", "object": {"id": 1, "coordinates": [0, 2], "parcels_carried_ids": [1, 2], "has_key": false, "score": 0, "energy": 83}}
2024-11-08 10:55:06,813 - INFO - Agent 1 put down: True
2024-11-08 10:55:06,813 - INFO - Sent event to agent (ID:1): {"event_type": "object changed", "object_type": "agent", "object": {"id": 1, "coordinates": [0, 2], "parcels_carried_ids": [], "has_key": false, "score": 57, "energy": 82}}
2024-11-08 10:55:06,813 - INFO - Sent event to agent (ID:1): {"event_type": "object removed", "object_type": "parcel", "object": {"id": 1, "coordinates": [0, 2], "score": 15, "carried_by_id": 1}}
2024-11-08 10:55:06,813 - INFO - Sent event to agent (ID:1): {"event_type": "object removed", "object_type": "parcel", "object": {"id": 2, "coordinates": [0, 2], "score": 42, "carried_by_id": 1}}
2024-11-08 10:55:16,342 - INFO - Sent event to agent (ID:1): {"event_type": "object changed", "object_type": "map", "object": {"width": 4, "height": 4, "grid": [{"cell_coordinates": [0, 0], "cell_type": "walkable"}, {"cell_coordinates": [0, 1], "cell_type": "walkable"}, {"cell_coordinates": [0, 2], "cell_type": "walkable"}, {"cell_coordinates": [0, 3], "cell_type": "walkable"}, {"cell_coordinates": [1, 0], "cell_type": "walkable"}, {"cell_coordinates": [1, 1], "cell_type": "walkable"}, {"cell_coordinates": [1, 2], "cell_type": "walkable"}, {"cell_coordinates": [1, 3], "cell_type": "walkable"}, {"cell_coordinates": [2, 0], "cell_type": "walkable"}, {"cell_coordinates": [2, 1], "cell_type": "walkable"}, {"cell_coordinates": [2, 2], "cell_type": "batteries_spawn"}, {"cell_coordinates": [2, 3], "cell_type": "walkable"}, {"cell_coordinates": [3, 0], "cell_type": "walkable"}, {"cell_coordinates": [3, 1], "cell_type": "walkable"}, {"cell_coordinates": [3, 2], "cell_type": "walkable"}, {"cell_coordinates": [3, 3], "cell_type": "walkable"}]}}
2024-11-08 10:55:16,342 - INFO - Sent event to agent (ID:1): {"event_type": "object added", "object_type": "battery", "object": {"id": 1, "coordinates": [2, 2]}}
2024-11-08 10:55:42,131 - INFO - Agent 1 moved down: True
2024-11-08 10:55:42,131 - INFO - Sent event to agent (ID:1): {"event_type": "object changed", "object_type": "agent", "object": {"id": 1, "coordinates": [1, 2], "parcels_carried_ids": [], "has_key": false, "score": 57, "energy": 81}}
2024-11-08 10:55:53,660 - INFO - Agent 1 moved down: True
2024-11-08 10:55:53,661 - INFO - Sent event to agent (ID:1): {"event_type": "object changed", "object_type": "agent", "object": {"id": 1, "coordinates": [2, 2], "parcels_carried_ids": [], "has_key": false, "score": 57, "energy": 80}}
2024-11-08 10:55:54,167 - INFO - Agent 1 picked up: True
2024-11-08 10:55:54,167 - INFO - Sent event to agent (ID:1): {"event_type": "object changed", "object_type": "agent", "object": {"id": 1, "coordinates": [2, 2], "parcels_carried_ids": [], "has_key": false, "score": 57, "energy": 100}}
2024-11-08 10:55:54,167 - INFO - Sent event to agent (ID:1): {"event_type": "object removed", "object_type": "battery", "object": {"id": 1, "coordinates": [2, 2]}}
2024-11-08 10:56:06,180 - INFO - Sent event to agent (ID:1): {"event_type": "object changed", "object_type": "map", "object": {"width": 4, "height": 4, "grid": [{"cell_coordinates": [0, 0], "cell_type": "walkable"}, {"cell_coordinates": [0, 1], "cell_type": "walkable"}, {"cell_coordinates": [0, 2], "cell_type": "walkable"}, {"cell_coordinates": [0, 3], "cell_type": "walkable"}, {"cell_coordinates": [1, 0], "cell_type": "walkable"}, {"cell_coordinates": [1, 1], "cell_type": "walkable"}, {"cell_coordinates": [1, 2], "cell_type": "walkable"}, {"cell_coordinates": [1, 3], "cell_type": "walkable"}, {"cell_coordinates": [2, 0], "cell_type": "walkable"}, {"cell_coordinates": [2, 1], "cell_type": "walkable"}, {"cell_coordinates": [2, 2], "cell_type": "walkable"}, {"cell_coordinates": [2, 3], "cell_type": "walkable"}, {"cell_coordinates": [3, 0], "cell_type": "walkable"}, {"cell_coordinates": [3, 1], "cell_type": "walkable"}, {"cell_coordinates": [3, 2], "cell_type": "walkable"}, {"cell_coordinates": [3, 3], "cell_type": "walkable"}]}}
2024-11-08 10:56:06,180 - INFO - Sent event to agent (ID:1): {"event_type": "object added", "object_type": "key", "object": {"id": 1, "coordinates": [1, 0], "carried_by_id": null}}
2024-11-08 10:56:24,588 - INFO - Agent 1 moved up: True
2024-11-08 10:56:24,588 - INFO - Sent event to agent (ID:1): {"event_type": "object changed", "object_type": "agent", "object": {"id": 1, "coordinates": [1, 2], "parcels_carried_ids": [], "has_key": false, "score": 57, "energy": 99}}
2024-11-08 10:56:37,804 - INFO - Agent 1 moved left: True
2024-11-08 10:56:37,804 - INFO - Sent event to agent (ID:1): {"event_type": "object changed", "object_type": "agent", "object": {"id": 1, "coordinates": [1, 1], "parcels_carried_ids": [], "has_key": false, "score": 57, "energy": 98}}
2024-11-08 10:56:50,817 - INFO - Agent 1 moved left: True
2024-11-08 10:56:50,817 - INFO - Sent event to agent (ID:1): {"event_type": "object changed", "object_type": "agent", "object": {"id": 1, "coordinates": [1, 0], "parcels_carried_ids": [], "has_key": false, "score": 57, "energy": 97}}
2024-11-08 10:56:51,413 - INFO - Agent 1 picked up: True
2024-11-08 10:56:51,413 - INFO - Sent event to agent (ID:1): {"event_type": "object changed", "object_type": "agent", "object": {"id": 1, "coordinates": [1, 0], "parcels_carried_ids": [], "has_key": true, "score": 57, "energy": 96}}
2024-11-08 10:56:51,413 - INFO - Sent event to agent (ID:1): {"event_type": "object changed", "object_type": "key", "object": {"id": 1, "coordinates": [1, 0], "carried_by_id": 1}}
2024-11-08 10:56:52,093 - INFO - Agent 1 moved right: True
2024-11-08 10:56:52,094 - INFO - Sent event to agent (ID:1): {"event_type": "object changed", "object_type": "agent", "object": {"id": 1, "coordinates": [1, 1], "parcels_carried_ids": [], "has_key": true, "score": 57, "energy": 95}}
2024-11-08 10:56:52,094 - INFO - Sent event to agent (ID:1): {"event_type": "object changed", "object_type": "key", "object": {"id": 1, "coordinates": [1, 1], "carried_by_id": 1}}
2024-11-08 10:57:02,105 - INFO - Sent event to agent (ID:1): {"event_type": "object added", "object_type": "door", "object": {"id": 1, "coordinates": [3, 2]}}
2024-11-08 10:57:26,427 - INFO - Agent 1 moved down: True
2024-11-08 10:57:26,427 - INFO - Sent event to agent (ID:1): {"event_type": "object changed", "object_type": "agent", "object": {"id": 1, "coordinates": [2, 1], "parcels_carried_ids": [], "has_key": true, "score": 57, "energy": 94}}
2024-11-08 10:57:26,427 - INFO - Sent event to agent (ID:1): {"event_type": "object changed", "object_type": "key", "object": {"id": 1, "coordinates": [2, 1], "carried_by_id": 1}}
2024-11-08 10:57:27,092 - INFO - Agent 1 moved right: True
2024-11-08 10:57:27,093 - INFO - Sent event to agent (ID:1): {"event_type": "object changed", "object_type": "agent", "object": {"id": 1, "coordinates": [2, 2], "parcels_carried_ids": [], "has_key": true, "score": 57, "energy": 93}}
2024-11-08 10:57:27,093 - INFO - Sent event to agent (ID:1): {"event_type": "object changed", "object_type": "key", "object": {"id": 1, "coordinates": [2, 2], "carried_by_id": 1}}
2024-11-08 10:57:42,594 - INFO - Agent 1 moved down: True
2024-11-08 10:57:42,594 - INFO - Sent event to agent (ID:1): {"event_type": "object changed", "object_type": "agent", "object": {"id": 1, "coordinates": [3, 2], "parcels_carried_ids": [], "has_key": true, "score": 57, "energy": 92}}
2024-11-08 10:57:42,594 - INFO - Sent event to agent (ID:1): {"event_type": "object changed", "object_type": "key", "object": {"id": 1, "coordinates": [3, 2], "carried_by_id": 1}}
2024-11-08 10:58:10,125 - INFO - Sent event to agent (ID:1): {"event_type": "object changed", "object_type": "map", "object": {"width": 4, "height": 4, "grid": [{"cell_coordinates": [0, 0], "cell_type": "delivery_cell"}, {"cell_coordinates": [0, 1], "cell_type": "walkable"}, {"cell_coordinates": [0, 2], "cell_type": "walkable"}, {"cell_coordinates": [0, 3], "cell_type": "walkable"}, {"cell_coordinates": [1, 0], "cell_type": "walkable"}, {"cell_coordinates": [1, 1], "cell_type": "walkable"}, {"cell_coordinates": [1, 2], "cell_type": "walkable"}, {"cell_coordinates": [1, 3], "cell_type": "walkable"}, {"cell_coordinates": [2, 0], "cell_type": "walkable"}, {"cell_coordinates": [2, 1], "cell_type": "walkable"}, {"cell_coordinates": [2, 2], "cell_type": "walkable"}, {"cell_coordinates": [2, 3], "cell_type": "parcels_spawn"}, {"cell_coordinates": [3, 0], "cell_type": "walkable"}, {"cell_coordinates": [3, 1], "cell_type": "walkable"}, {"cell_coordinates": [3, 2], "cell_type": "batteries_spawn"}, {"cell_coordinates": [3, 3], "cell_type": "walkable"}]}}
2024-11-08 10:58:10,126 - INFO - Sent event to agent (ID:1): {"event_type": "object added", "object_type": "parcel", "object": {"id": 3, "coordinates": [2, 3], "score": 15, "carried_by_id": null}}
2024-11-08 10:58:10,126 - INFO - Sent event to agent (ID:1): {"event_type": "object added", "object_type": "parcel", "object": {"id": 4, "coordinates": [2, 3], "score": 42, "carried_by_id": null}}
2024-11-08 10:58:10,126 - INFO - Sent event to agent (ID:1): {"event_type": "object changed", "object_type": "agent", "object": {"id": 1, "coordinates": [1, 1], "parcels_carried_ids": [], "has_key": false, "score": 0, "energy": 100}}
2024-11-08 10:58:10,126 - INFO - Sent event to agent (ID:1): {"event_type": "object added", "object_type": "battery", "object": {"id": 2, "coordinates": [3, 2]}}
2024-11-08 10:58:10,126 - INFO - Sent event to agent (ID:1): {"event_type": "object added", "object_type": "key", "object": {"id": 2, "coordinates": [2, 2], "carried_by_id": null}}
2024-11-08 10:58:10,126 - INFO - Sent event to agent (ID:1): {"event_type": "object added", "object_type": "door", "object": {"id": 2, "coordinates": [0, 1]}}
2024-11-08 10:58:10,126 - INFO - Sent event to agent (ID:1): {"event_type": "object added", "object_type": "door", "object": {"id": 3, "coordinates": [1, 0]}}
2024-11-08 10:58:10,126 - INFO - Sent event to agent (ID:1): {"event_type": "object removed", "object_type": "key", "object": {"id": 1, "coordinates": [3, 2], "carried_by_id": 1}}
2024-11-08 10:58:10,126 - INFO - Sent event to agent (ID:1): {"event_type": "object removed", "object_type": "door", "object": {"id": 1, "coordinates": [3, 2]}}
2024-11-08 10:59:06,280 - INFO - Agent 1 moved up: False
2024-11-08 10:59:24,804 - INFO - Agent 1 moved down: True
2024-11-08 10:59:24,804 - INFO - Sent event to agent (ID:1): {"event_type": "object changed", "object_type": "agent", "object": {"id": 1, "coordinates": [2, 1], "parcels_carried_ids": [], "has_key": false, "score": 0, "energy": 99}}
2024-11-08 10:59:41,461 - INFO - Agent 1 moved right: True
2024-11-08 10:59:41,462 - INFO - Sent event to agent (ID:1): {"event_type": "object changed", "object_type": "agent", "object": {"id": 1, "coordinates": [2, 2], "parcels_carried_ids": [], "has_key": false, "score": 0, "energy": 98}}
2024-11-08 10:59:59,611 - INFO - Agent 1 picked up: True
2024-11-08 10:59:59,611 - INFO - Sent event to agent (ID:1): {"event_type": "object changed", "object_type": "agent", "object": {"id": 1, "coordinates": [2, 2], "parcels_carried_ids": [], "has_key": true, "score": 0, "energy": 97}}
2024-11-08 10:59:59,611 - INFO - Sent event to agent (ID:1): {"event_type": "object changed", "object_type": "key", "object": {"id": 2, "coordinates": [2, 2], "carried_by_id": 1}}
2024-11-08 11:00:19,762 - INFO - Agent 1 moved right: True
2024-11-08 11:00:19,762 - INFO - Sent event to agent (ID:1): {"event_type": "object changed", "object_type": "agent", "object": {"id": 1, "coordinates": [2, 3], "parcels_carried_ids": [], "has_key": true, "score": 0, "energy": 96}}
2024-11-08 11:00:19,762 - INFO - Sent event to agent (ID:1): {"event_type": "object changed", "object_type": "key", "object": {"id": 2, "coordinates": [2, 3], "carried_by_id": 1}}
2024-11-08 11:00:20,338 - INFO - Agent 1 moved up: True
2024-11-08 11:00:20,338 - INFO - Sent event to agent (ID:1): {"event_type": "object changed", "object_type": "agent", "object": {"id": 1, "coordinates": [1, 3], "parcels_carried_ids": [], "has_key": true, "score": 0, "energy": 95}}
2024-11-08 11:00:20,338 - INFO - Sent event to agent (ID:1): {"event_type": "object changed", "object_type": "key", "object": {"id": 2, "coordinates": [1, 3], "carried_by_id": 1}}
2024-11-08 11:00:36,677 - INFO - Agent 1 moved down: True
2024-11-08 11:00:36,678 - INFO - Sent event to agent (ID:1): {"event_type": "object changed", "object_type": "agent", "object": {"id": 1, "coordinates": [2, 3], "parcels_carried_ids": [], "has_key": true, "score": 0, "energy": 94}}
2024-11-08 11:00:36,678 - INFO - Sent event to agent (ID:1): {"event_type": "object changed", "object_type": "key", "object": {"id": 2, "coordinates": [2, 3], "carried_by_id": 1}}
2024-11-08 11:00:37,206 - INFO - Agent 1 moved down: True
2024-11-08 11:00:37,206 - INFO - Sent event to agent (ID:1): {"event_type": "object changed", "object_type": "agent", "object": {"id": 1, "coordinates": [3, 3], "parcels_carried_ids": [], "has_key": true, "score": 0, "energy": 93}}
2024-11-08 11:00:37,206 - INFO - Sent event to agent (ID:1): {"event_type": "object changed", "object_type": "key", "object": {"id": 2, "coordinates": [3, 3], "carried_by_id": 1}}
2024-11-08 11:00:37,728 - INFO - Agent 1 moved down: False
2024-11-08 11:00:38,288 - INFO - Agent 1 moved down: False
2024-11-08 11:00:38,848 - INFO - Agent 1 moved down: False
2024-11-08 11:00:39,388 - INFO - Agent 1 moved down: False
2024-11-08 11:00:39,984 - INFO - Agent 1 moved down: False
2024-11-08 11:00:40,562 - INFO - Agent 1 moved down: False
2024-11-08 11:00:41,138 - INFO - Agent 1 moved down: False
2024-11-08 11:00:41,662 - INFO - Agent 1 moved down: False
2024-11-08 11:00:42,303 - INFO - Agent 1 moved down: False
2024-11-08 11:00:42,929 - INFO - Agent 1 moved down: False
2024-11-08 11:00:43,553 - INFO - Agent 1 moved down: False
2024-11-08 11:00:44,076 - INFO - Agent 1 moved down: False
2024-11-08 11:00:44,605 - INFO - Agent 1 moved down: False
2024-11-08 11:00:45,180 - INFO - Agent 1 moved down: False
2024-11-08 11:00:45,791 - INFO - Agent 1 moved down: False
2024-11-08 11:00:46,301 - INFO - Agent 1 moved down: False
2024-11-08 11:00:46,861 - INFO - Agent 1 moved down: False
2024-11-08 11:00:47,337 - INFO - Agent 1 moved down: False
2024-11-08 11:00:47,945 - INFO - Agent 1 moved down: False
2024-11-08 11:00:48,523 - INFO - Agent 1 moved down: False
2024-11-08 11:00:49,082 - INFO - Agent 1 moved down: False
2024-11-08 11:00:49,657 - INFO - Agent 1 moved down: False
2024-11-08 11:00:50,201 - INFO - Agent 1 moved down: False
2024-11-08 11:00:50,843 - INFO - Agent 1 moved down: False
2024-11-08 11:00:51,386 - INFO - Agent 1 moved down: False
2024-11-08 11:01:14,474 - INFO - Agent 1 moved up: True
2024-11-08 11:01:14,475 - INFO - Sent event to agent (ID:1): {"event_type": "object changed", "object_type": "agent", "object": {"id": 1, "coordinates": [2, 3], "parcels_carried_ids": [], "has_key": true, "score": 0, "energy": 92}}
2024-11-08 11:01:14,475 - INFO - Sent event to agent (ID:1): {"event_type": "object changed", "object_type": "key", "object": {"id": 2, "coordinates": [2, 3], "carried_by_id": 1}}
2024-11-08 11:01:31,688 - INFO - Agent 1 picked up: True
2024-11-08 11:01:31,689 - INFO - Sent event to agent (ID:1): {"event_type": "object changed", "object_type": "parcel", "object": {"id": 3, "coordinates": [2, 3], "score": 15, "carried_by_id": 1}}
2024-11-08 11:01:31,689 - INFO - Sent event to agent (ID:1): {"event_type": "object changed", "object_type": "parcel", "object": {"id": 4, "coordinates": [2, 3], "score": 42, "carried_by_id": 1}}
2024-11-08 11:01:31,689 - INFO - Sent event to agent (ID:1): {"event_type": "object changed", "object_type": "agent", "object": {"id": 1, "coordinates": [2, 3], "parcels_carried_ids": [3, 4], "has_key": true, "score": 0, "energy": 91}}
2024-11-08 11:01:45,460 - INFO - Agent 1 moved up: True
2024-11-08 11:01:45,460 - INFO - Sent event to agent (ID:1): {"event_type": "object changed", "object_type": "parcel", "object": {"id": 3, "coordinates": [1, 3], "score": 15, "carried_by_id": 1}}
2024-11-08 11:01:45,460 - INFO - Sent event to agent (ID:1): {"event_type": "object changed", "object_type": "parcel", "object": {"id": 4, "coordinates": [1, 3], "score": 42, "carried_by_id": 1}}
2024-11-08 11:01:45,460 - INFO - Sent event to agent (ID:1): {"event_type": "object changed", "object_type": "agent", "object": {"id": 1, "coordinates": [1, 3], "parcels_carried_ids": [3, 4], "has_key": true, "score": 0, "energy": 90}}
2024-11-08 11:01:45,460 - INFO - Sent event to agent (ID:1): {"event_type": "object changed", "object_type": "key", "object": {"id": 2, "coordinates": [1, 3], "carried_by_id": 1}}
2024-11-08 11:01:53,997 - INFO - Agent 1 moved up: True
2024-11-08 11:01:53,998 - INFO - Sent event to agent (ID:1): {"event_type": "object changed", "object_type": "parcel", "object": {"id": 3, "coordinates": [0, 3], "score": 15, "carried_by_id": 1}}
2024-11-08 11:01:53,998 - INFO - Sent event to agent (ID:1): {"event_type": "object changed", "object_type": "parcel", "object": {"id": 4, "coordinates": [0, 3], "score": 42, "carried_by_id": 1}}
2024-11-08 11:01:53,998 - INFO - Sent event to agent (ID:1): {"event_type": "object changed", "object_type": "agent", "object": {"id": 1, "coordinates": [0, 3], "parcels_carried_ids": [3, 4], "has_key": true, "score": 0, "energy": 89}}
2024-11-08 11:01:53,998 - INFO - Sent event to agent (ID:1): {"event_type": "object changed", "object_type": "key", "object": {"id": 2, "coordinates": [0, 3], "carried_by_id": 1}}
2024-11-08 11:01:55,166 - INFO - Agent 1 moved left: True
2024-11-08 11:01:55,166 - INFO - Sent event to agent (ID:1): {"event_type": "object changed", "object_type": "parcel", "object": {"id": 3, "coordinates": [0, 2], "score": 15, "carried_by_id": 1}}
2024-11-08 11:01:55,166 - INFO - Sent event to agent (ID:1): {"event_type": "object changed", "object_type": "parcel", "object": {"id": 4, "coordinates": [0, 2], "score": 42, "carried_by_id": 1}}
2024-11-08 11:01:55,167 - INFO - Sent event to agent (ID:1): {"event_type": "object changed", "object_type": "agent", "object": {"id": 1, "coordinates": [0, 2], "parcels_carried_ids": [3, 4], "has_key": true, "score": 0, "energy": 88}}
2024-11-08 11:01:55,167 - INFO - Sent event to agent (ID:1): {"event_type": "object changed", "object_type": "key", "object": {"id": 2, "coordinates": [0, 2], "carried_by_id": 1}}
2024-11-08 11:01:56,200 - INFO - Agent 1 moved left: True
2024-11-08 11:01:56,201 - INFO - Sent event to agent (ID:1): {"event_type": "object changed", "object_type": "parcel", "object": {"id": 3, "coordinates": [0, 1], "score": 15, "carried_by_id": 1}}
2024-11-08 11:01:56,201 - INFO - Sent event to agent (ID:1): {"event_type": "object changed", "object_type": "parcel", "object": {"id": 4, "coordinates": [0, 1], "score": 42, "carried_by_id": 1}}
2024-11-08 11:01:56,201 - INFO - Sent event to agent (ID:1): {"event_type": "object changed", "object_type": "agent", "object": {"id": 1, "coordinates": [0, 1], "parcels_carried_ids": [3, 4], "has_key": true, "score": 0, "energy": 87}}
2024-11-08 11:01:56,201 - INFO - Sent event to agent (ID:1): {"event_type": "object changed", "object_type": "key", "object": {"id": 2, "coordinates": [0, 1], "carried_by_id": 1}}
2024-11-08 11:02:15,684 - INFO - Agent 1 moved left: True
2024-11-08 11:02:15,684 - INFO - Sent event to agent (ID:1): {"event_type": "object changed", "object_type": "parcel", "object": {"id": 3, "coordinates": [0, 0], "score": 15, "carried_by_id": 1}}
2024-11-08 11:02:15,684 - INFO - Sent event to agent (ID:1): {"event_type": "object changed", "object_type": "parcel", "object": {"id": 4, "coordinates": [0, 0], "score": 42, "carried_by_id": 1}}
2024-11-08 11:02:15,684 - INFO - Sent event to agent (ID:1): {"event_type": "object changed", "object_type": "agent", "object": {"id": 1, "coordinates": [0, 0], "parcels_carried_ids": [3, 4], "has_key": true, "score": 0, "energy": 86}}
2024-11-08 11:02:15,684 - INFO - Sent event to agent (ID:1): {"event_type": "object changed", "object_type": "key", "object": {"id": 2, "coordinates": [0, 0], "carried_by_id": 1}}
2024-11-08 11:02:27,143 - INFO - Agent 1 put down: True
2024-11-08 11:02:27,143 - INFO - Sent event to agent (ID:1): {"event_type": "object changed", "object_type": "agent", "object": {"id": 1, "coordinates": [0, 0], "parcels_carried_ids": [], "has_key": true, "score": 57, "energy": 85}}
2024-11-08 11:02:27,143 - INFO - Sent event to agent (ID:1): {"event_type": "object removed", "object_type": "parcel", "object": {"id": 3, "coordinates": [0, 0], "score": 15, "carried_by_id": 1}}
2024-11-08 11:02:27,143 - INFO - Sent event to agent (ID:1): {"event_type": "object removed", "object_type": "parcel", "object": {"id": 4, "coordinates": [0, 0], "score": 42, "carried_by_id": 1}}
2024-11-08 11:02:45,020 - DEBUG - Replay file written
2024-11-08 11:02:45,020 - DEBUG - Server terminated
