2024-10-22 09:36:49,171 - DEBUG - Server started
2024-10-22 09:36:49,825 - INFO - Agent connected with ID 1 and address ('127.0.0.1', 8081)
2024-10-22 09:36:49,825 - INFO - Sent event to agent (ID:1): {"event_type": "object added", "object_type": "map", "object": {"width": 4, "height": 4, "grid": [{"cell_coordinates": [0, 0], "cell_type": "parcels_spawn"}, {"cell_coordinates": [0, 1], "cell_type": "walkable"}, {"cell_coordinates": [0, 2], "cell_type": "walkable"}, {"cell_coordinates": [0, 3], "cell_type": "walkable"}, {"cell_coordinates": [1, 0], "cell_type": "walkable"}, {"cell_coordinates": [1, 1], "cell_type": "walkable"}, {"cell_coordinates": [1, 2], "cell_type": "walkable"}, {"cell_coordinates": [1, 3], "cell_type": "delivery_cell"}, {"cell_coordinates": [2, 0], "cell_type": "non_walkable"}, {"cell_coordinates": [2, 1], "cell_type": "non_walkable"}, {"cell_coordinates": [2, 2], "cell_type": "non_walkable"}, {"cell_coordinates": [2, 3], "cell_type": "non_walkable"}, {"cell_coordinates": [3, 0], "cell_type": "non_walkable"}, {"cell_coordinates": [3, 1], "cell_type": "non_walkable"}, {"cell_coordinates": [3, 2], "cell_type": "non_walkable"}, {"cell_coordinates": [3, 3], "cell_type": "non_walkable"}]}}
2024-10-22 09:36:49,831 - INFO - Sent event to agent (ID:1): {"event_type": "object added", "object_type": "parcel", "object": {"id": 1, "coordinates": [0, 0], "score": 20, "carried_by_id": null}}
2024-10-22 09:36:49,831 - INFO - Sent event to agent (ID:1): {"event_type": "object added", "object_type": "agent", "object": {"id": 1, "coordinates": [1, 1], "parcels_carried_ids": [], "score": 0}}
2024-10-22 09:38:02,482 - INFO - Agent 1 moved up: True
2024-10-22 09:38:02,483 - INFO - Sent event to agent (ID:1): {"event_type": "object changed", "object_type": "agent", "object": {"id": 1, "coordinates": [0, 1], "parcels_carried_ids": [], "score": 0}}
2024-10-22 09:38:03,160 - INFO - Agent 1 moved left: True
2024-10-22 09:38:03,160 - INFO - Sent event to agent (ID:1): {"event_type": "object changed", "object_type": "agent", "object": {"id": 1, "coordinates": [0, 0], "parcels_carried_ids": [], "score": 0}}
2024-10-22 09:38:03,770 - INFO - Agent 1 moved up: False
2024-10-22 09:38:04,330 - INFO - Agent 1 moved left: False
2024-10-22 09:38:04,838 - INFO - Agent 1 moved up: False
2024-10-22 09:38:05,483 - INFO - Agent 1 moved left: False
2024-10-22 09:38:06,060 - INFO - Agent 1 moved up: False
2024-10-22 09:38:06,566 - INFO - Agent 1 moved left: False
2024-10-22 09:38:07,124 - INFO - Agent 1 moved up: False
2024-10-22 09:38:07,682 - INFO - Agent 1 moved left: False
2024-10-22 09:38:08,259 - INFO - Agent 1 moved up: False
2024-10-22 09:38:08,801 - INFO - Agent 1 moved left: False
2024-10-22 09:38:09,377 - INFO - Agent 1 moved up: False
2024-10-22 09:38:09,938 - INFO - Agent 1 moved left: False
2024-10-22 09:38:10,429 - INFO - Agent 1 moved up: False
2024-10-22 09:38:10,988 - INFO - Agent 1 moved left: False
2024-10-22 09:38:11,497 - INFO - Agent 1 moved up: False
2024-10-22 09:38:12,036 - INFO - Agent 1 moved left: False
2024-10-22 09:38:12,595 - INFO - Agent 1 moved up: False
2024-10-22 09:38:13,192 - INFO - Agent 1 moved left: False
2024-10-22 09:38:13,771 - INFO - Agent 1 moved up: False
2024-10-22 09:38:14,312 - INFO - Agent 1 moved left: False
2024-10-22 09:38:14,838 - INFO - Agent 1 moved up: False
2024-10-22 09:38:15,568 - INFO - Agent 1 moved left: False
2024-10-22 09:38:16,198 - INFO - Agent 1 moved up: False
2024-10-22 09:38:16,775 - INFO - Agent 1 moved left: False
2024-10-22 09:38:17,301 - INFO - Agent 1 moved up: False
2024-10-22 09:38:17,863 - INFO - Agent 1 moved left: False
2024-10-22 09:38:18,477 - INFO - Agent 1 moved up: False
2024-10-22 09:38:19,050 - INFO - Agent 1 moved left: False
2024-10-22 09:38:19,608 - INFO - Agent 1 moved up: False
2024-10-22 09:38:20,285 - INFO - Agent 1 moved left: False
2024-10-22 09:38:20,828 - INFO - Agent 1 moved up: False
2024-10-22 09:38:21,404 - INFO - Agent 1 moved left: False
2024-10-22 09:38:21,983 - INFO - Agent 1 moved up: False
2024-10-22 09:38:22,504 - INFO - Agent 1 moved left: False
2024-10-22 09:38:23,062 - INFO - Agent 1 moved up: False
2024-10-22 09:38:23,604 - INFO - Agent 1 moved left: False
2024-10-22 09:38:24,197 - INFO - Agent 1 moved up: False
2024-10-22 09:38:24,754 - INFO - Agent 1 moved left: False
2024-10-22 09:38:25,348 - INFO - Agent 1 moved up: False
2024-10-22 09:38:25,907 - INFO - Agent 1 moved left: False
2024-10-22 09:38:26,520 - INFO - Agent 1 moved up: False
2024-10-22 09:38:27,194 - INFO - Agent 1 moved left: False
2024-10-22 09:38:27,819 - INFO - Agent 1 moved up: False
2024-10-22 09:38:28,365 - INFO - Agent 1 moved left: False
2024-10-22 09:38:28,972 - INFO - Agent 1 moved up: False
2024-10-22 09:38:29,545 - INFO - Agent 1 moved left: False
2024-10-22 09:38:30,121 - INFO - Agent 1 moved up: False
2024-10-22 09:38:30,682 - INFO - Agent 1 moved left: False
2024-10-22 09:38:31,242 - INFO - Agent 1 moved up: False
2024-10-22 09:38:31,799 - INFO - Agent 1 moved left: False
2024-10-22 09:38:45,105 - INFO - Agent 1 picked up: True
2024-10-22 09:38:45,106 - INFO - Sent event to agent (ID:1): {"event_type": "object changed", "object_type": "parcel", "object": {"id": 1, "coordinates": [0, 0], "score": 20, "carried_by_id": 1}}
2024-10-22 09:38:45,106 - INFO - Sent event to agent (ID:1): {"event_type": "object changed", "object_type": "agent", "object": {"id": 1, "coordinates": [0, 0], "parcels_carried_ids": [1], "score": 0}}
2024-10-22 09:38:57,525 - INFO - Agent 1 moved down: True
2024-10-22 09:38:57,525 - INFO - Sent event to agent (ID:1): {"event_type": "object changed", "object_type": "parcel", "object": {"id": 1, "coordinates": [1, 0], "score": 20, "carried_by_id": 1}}
2024-10-22 09:38:57,525 - INFO - Sent event to agent (ID:1): {"event_type": "object changed", "object_type": "agent", "object": {"id": 1, "coordinates": [1, 0], "parcels_carried_ids": [1], "score": 0}}
2024-10-22 09:38:58,119 - INFO - Agent 1 moved down: False
2024-10-22 09:38:58,743 - INFO - Agent 1 moved down: False
2024-10-22 09:38:59,269 - INFO - Agent 1 moved down: False
2024-10-22 09:38:59,844 - INFO - Agent 1 moved down: False
2024-10-22 09:39:00,421 - INFO - Agent 1 moved down: False
2024-10-22 09:39:00,947 - INFO - Agent 1 moved down: False
2024-10-22 09:39:01,476 - INFO - Agent 1 moved down: False
2024-10-22 09:39:02,001 - INFO - Agent 1 moved down: False
2024-10-22 09:39:02,562 - INFO - Agent 1 moved down: False
2024-10-22 09:39:03,107 - INFO - Agent 1 moved down: False
2024-10-22 09:39:03,598 - INFO - Agent 1 moved down: False
2024-10-22 09:39:04,107 - INFO - Agent 1 moved down: False
2024-10-22 09:39:04,613 - INFO - Agent 1 moved down: False
2024-10-22 09:39:05,152 - INFO - Agent 1 moved down: False
2024-10-22 09:39:05,696 - INFO - Agent 1 moved down: False
2024-10-22 09:39:06,239 - INFO - Agent 1 moved down: False
2024-10-22 09:39:06,799 - INFO - Agent 1 moved down: False
2024-10-22 09:39:07,359 - INFO - Agent 1 moved down: False
2024-10-22 09:39:07,937 - INFO - Agent 1 moved down: False
2024-10-22 09:39:08,482 - INFO - Agent 1 moved down: False
2024-10-22 09:39:09,077 - INFO - Agent 1 moved down: False
2024-10-22 09:39:09,604 - INFO - Agent 1 moved down: False
2024-10-22 09:39:10,165 - INFO - Agent 1 moved down: False
2024-10-22 09:39:10,705 - INFO - Agent 1 moved down: False
2024-10-22 09:39:11,336 - INFO - Agent 1 moved down: False
2024-10-22 09:39:11,894 - INFO - Agent 1 moved down: False
2024-10-22 09:39:12,506 - INFO - Agent 1 moved down: False
2024-10-22 09:39:13,016 - INFO - Agent 1 moved down: False
2024-10-22 09:39:13,611 - INFO - Agent 1 moved down: False
2024-10-22 09:39:14,190 - INFO - Agent 1 moved down: False
2024-10-22 09:39:14,749 - INFO - Agent 1 moved down: False
2024-10-22 09:39:15,359 - INFO - Agent 1 moved down: False
2024-10-22 09:39:15,968 - INFO - Agent 1 moved down: False
2024-10-22 09:39:16,492 - INFO - Agent 1 moved down: False
2024-10-22 09:39:17,103 - INFO - Agent 1 moved down: False
2024-10-22 09:39:17,700 - INFO - Agent 1 moved down: False
2024-10-22 09:39:18,416 - INFO - Agent 1 moved down: False
2024-10-22 09:39:18,959 - INFO - Agent 1 moved down: False
2024-10-22 09:39:19,534 - INFO - Agent 1 moved down: False
2024-10-22 09:39:20,129 - INFO - Agent 1 moved down: False
2024-10-22 09:39:20,655 - INFO - Agent 1 moved down: False
2024-10-22 09:39:21,215 - INFO - Agent 1 moved down: False
2024-10-22 09:39:21,827 - INFO - Agent 1 moved down: False
2024-10-22 09:39:22,438 - INFO - Agent 1 moved down: False
2024-10-22 09:39:22,998 - INFO - Agent 1 moved down: False
2024-10-22 09:39:23,592 - INFO - Agent 1 moved down: False
2024-10-22 09:39:24,118 - INFO - Agent 1 moved down: False
2024-10-22 09:39:24,711 - INFO - Agent 1 moved down: False
2024-10-22 09:39:25,220 - INFO - Agent 1 moved down: False
2024-10-22 09:39:25,834 - INFO - Agent 1 moved down: False
2024-10-22 09:39:26,375 - INFO - Agent 1 moved down: False
2024-10-22 09:39:26,919 - INFO - Agent 1 moved down: False
2024-10-22 09:39:41,572 - INFO - Agent 1 moved right: True
2024-10-22 09:39:41,572 - INFO - Sent event to agent (ID:1): {"event_type": "object changed", "object_type": "parcel", "object": {"id": 1, "coordinates": [1, 1], "score": 20, "carried_by_id": 1}}
2024-10-22 09:39:41,572 - INFO - Sent event to agent (ID:1): {"event_type": "object changed", "object_type": "agent", "object": {"id": 1, "coordinates": [1, 1], "parcels_carried_ids": [1], "score": 0}}
2024-10-22 09:39:56,457 - INFO - Agent 1 moved right: True
2024-10-22 09:39:56,457 - INFO - Sent event to agent (ID:1): {"event_type": "object changed", "object_type": "parcel", "object": {"id": 1, "coordinates": [1, 2], "score": 20, "carried_by_id": 1}}
2024-10-22 09:39:56,457 - INFO - Sent event to agent (ID:1): {"event_type": "object changed", "object_type": "agent", "object": {"id": 1, "coordinates": [1, 2], "parcels_carried_ids": [1], "score": 0}}
2024-10-22 09:39:57,033 - INFO - Agent 1 moved right: True
2024-10-22 09:39:57,034 - INFO - Sent event to agent (ID:1): {"event_type": "object changed", "object_type": "parcel", "object": {"id": 1, "coordinates": [1, 3], "score": 20, "carried_by_id": 1}}
2024-10-22 09:39:57,034 - INFO - Sent event to agent (ID:1): {"event_type": "object changed", "object_type": "agent", "object": {"id": 1, "coordinates": [1, 3], "parcels_carried_ids": [1], "score": 0}}
2024-10-22 09:39:57,574 - INFO - Agent 1 put down: True
2024-10-22 09:39:57,574 - INFO - Sent event to agent (ID:1): {"event_type": "object changed", "object_type": "agent", "object": {"id": 1, "coordinates": [1, 3], "parcels_carried_ids": [], "has_key": false, "score": 20}}
2024-10-22 09:39:57,574 - INFO - Sent event to agent (ID:1): {"event_type": "object removed", "object_type": "parcel", "object": {"id": 1, "coordinates": [1, 3], "score": 20, "carried_by_id": 1}}
2024-10-22 09:40:12,487 - DEBUG - Replay file written
2024-10-22 09:40:12,488 - DEBUG - Server terminated
