2024-10-22 17:29:10,210 - DEBUG - Server started
2024-10-22 17:29:10,941 - INFO - Agent connected with ID 1 and address ('127.0.0.1', 8081)
2024-10-22 17:29:10,941 - INFO - Sent event to agent (ID:1): {"event_type": "object added", "object_type": "map", "object": {"width": 4, "height": 4, "grid": [{"cell_coordinates": [0, 0], "cell_type": "parcels_spawn"}, {"cell_coordinates": [0, 1], "cell_type": "walkable"}, {"cell_coordinates": [0, 2], "cell_type": "walkable"}, {"cell_coordinates": [0, 3], "cell_type": "double_delivery_cell"}, {"cell_coordinates": [1, 0], "cell_type": "walkable"}, {"cell_coordinates": [1, 1], "cell_type": "walkable"}, {"cell_coordinates": [1, 2], "cell_type": "non_walkable"}, {"cell_coordinates": [1, 3], "cell_type": "non_walkable"}, {"cell_coordinates": [2, 0], "cell_type": "delivery_cell"}, {"cell_coordinates": [2, 1], "cell_type": "non_walkable"}, {"cell_coordinates": [2, 2], "cell_type": "non_walkable"}, {"cell_coordinates": [2, 3], "cell_type": "non_walkable"}, {"cell_coordinates": [3, 0], "cell_type": "non_walkable"}, {"cell_coordinates": [3, 1], "cell_type": "non_walkable"}, {"cell_coordinates": [3, 2], "cell_type": "non_walkable"}, {"cell_coordinates": [3, 3], "cell_type": "non_walkable"}]}}
2024-10-22 17:29:10,945 - INFO - Sent event to agent (ID:1): {"event_type": "object added", "object_type": "parcel", "object": {"id": 1, "coordinates": [0, 0], "score": 20, "carried_by_id": null}}
2024-10-22 17:29:10,945 - INFO - Sent event to agent (ID:1): {"event_type": "object added", "object_type": "agent", "object": {"id": 1, "coordinates": [1, 1], "parcels_carried_ids": [], "has_key": false, "score": 0}}
2024-10-22 17:29:10,946 - INFO - Sent event to agent (ID:1): {"event_type": "object added", "object_type": "key", "object": {"id": 1, "coordinates": [0, 1], "carried_by_id": null}}
2024-10-22 17:29:10,946 - INFO - Sent event to agent (ID:1): {"event_type": "object added", "object_type": "door", "object": {"id": 1, "coordinates": [0, 2]}}
2024-10-22 17:30:04,154 - INFO - Agent 1 moved up: True
2024-10-22 17:30:04,154 - INFO - Sent event to agent (ID:1): {"event_type": "object changed", "object_type": "agent", "object": {"id": 1, "coordinates": [0, 1], "parcels_carried_ids": [], "has_key": false, "score": 0}}
2024-10-22 17:30:04,714 - INFO - Agent 1 moved left: True
2024-10-22 17:30:04,714 - INFO - Sent event to agent (ID:1): {"event_type": "object changed", "object_type": "agent", "object": {"id": 1, "coordinates": [0, 0], "parcels_carried_ids": [], "has_key": false, "score": 0}}
2024-10-22 17:30:05,340 - INFO - Agent 1 picked up: True
2024-10-22 17:30:05,340 - INFO - Sent event to agent (ID:1): {"event_type": "object changed", "object_type": "parcel", "object": {"id": 1, "coordinates": [0, 0], "score": 20, "carried_by_id": 1}}
2024-10-22 17:30:05,340 - INFO - Sent event to agent (ID:1): {"event_type": "object changed", "object_type": "agent", "object": {"id": 1, "coordinates": [0, 0], "parcels_carried_ids": [1], "has_key": false, "score": 0}}
2024-10-22 17:30:23,161 - INFO - Agent 1 moved right: True
2024-10-22 17:30:23,161 - INFO - Sent event to agent (ID:1): {"event_type": "object changed", "object_type": "parcel", "object": {"id": 1, "coordinates": [0, 1], "score": 20, "carried_by_id": 1}}
2024-10-22 17:30:23,161 - INFO - Sent event to agent (ID:1): {"event_type": "object changed", "object_type": "agent", "object": {"id": 1, "coordinates": [0, 1], "parcels_carried_ids": [1], "has_key": false, "score": 0}}
2024-10-22 17:30:23,703 - INFO - Agent 1 moved right: False
2024-10-22 17:30:24,279 - INFO - Agent 1 moved right: False
2024-10-22 17:30:24,836 - INFO - Agent 1 put down: True
2024-10-22 17:30:24,836 - INFO - Sent event to agent (ID:1): {"event_type": "object changed", "object_type": "parcel", "object": {"id": 1, "coordinates": [0, 1], "score": 20, "carried_by_id": null}}
2024-10-22 17:30:24,836 - INFO - Sent event to agent (ID:1): {"event_type": "object changed", "object_type": "agent", "object": {"id": 1, "coordinates": [0, 1], "parcels_carried_ids": [], "has_key": false, "score": 0}}
2024-10-22 17:30:38,164 - INFO - Agent 1 moved right: False
2024-10-22 17:31:27,912 - INFO - Agent 1 picked up: True
2024-10-22 17:31:27,912 - INFO - Sent event to agent (ID:1): {"event_type": "object changed", "object_type": "parcel", "object": {"id": 1, "coordinates": [0, 1], "score": 20, "carried_by_id": 1}}
2024-10-22 17:31:27,912 - INFO - Sent event to agent (ID:1): {"event_type": "object changed", "object_type": "agent", "object": {"id": 1, "coordinates": [0, 1], "parcels_carried_ids": [1], "has_key": true, "score": 0}}
2024-10-22 17:31:27,912 - INFO - Sent event to agent (ID:1): {"event_type": "object changed", "object_type": "key", "object": {"id": 1, "coordinates": [0, 1], "carried_by_id": 1}}
2024-10-22 17:31:28,452 - INFO - Agent 1 moved right: True
2024-10-22 17:31:28,452 - INFO - Sent event to agent (ID:1): {"event_type": "object changed", "object_type": "parcel", "object": {"id": 1, "coordinates": [0, 2], "score": 20, "carried_by_id": 1}}
2024-10-22 17:31:28,452 - INFO - Sent event to agent (ID:1): {"event_type": "object changed", "object_type": "agent", "object": {"id": 1, "coordinates": [0, 2], "parcels_carried_ids": [1], "has_key": true, "score": 0}}
2024-10-22 17:31:28,452 - INFO - Sent event to agent (ID:1): {"event_type": "object changed", "object_type": "key", "object": {"id": 1, "coordinates": [0, 2], "carried_by_id": 1}}
2024-10-22 17:31:44,640 - INFO - Agent 1 moved down: False
2024-10-22 17:31:59,930 - INFO - Agent 1 moved right: True
2024-10-22 17:31:59,930 - INFO - Sent event to agent (ID:1): {"event_type": "object changed", "object_type": "parcel", "object": {"id": 1, "coordinates": [0, 3], "score": 20, "carried_by_id": 1}}
2024-10-22 17:31:59,930 - INFO - Sent event to agent (ID:1): {"event_type": "object changed", "object_type": "agent", "object": {"id": 1, "coordinates": [0, 3], "parcels_carried_ids": [1], "has_key": true, "score": 0}}
2024-10-22 17:31:59,930 - INFO - Sent event to agent (ID:1): {"event_type": "object changed", "object_type": "key", "object": {"id": 1, "coordinates": [0, 3], "carried_by_id": 1}}
2024-10-22 17:32:00,523 - INFO - Agent 1 moved right: False
2024-10-22 17:32:01,118 - INFO - Agent 1 moved right: False
2024-10-22 17:32:01,725 - INFO - Agent 1 moved right: False
2024-10-22 17:32:02,282 - INFO - Agent 1 moved right: False
2024-10-22 17:32:02,774 - INFO - Agent 1 moved right: False
2024-10-22 17:32:03,368 - INFO - Agent 1 moved right: False
2024-10-22 17:32:03,941 - INFO - Agent 1 moved right: False
2024-10-22 17:32:04,446 - INFO - Agent 1 moved right: False
2024-10-22 17:32:05,006 - INFO - Agent 1 moved right: False
2024-10-22 17:32:05,668 - INFO - Agent 1 moved right: False
2024-10-22 17:32:06,261 - INFO - Agent 1 moved right: False
2024-10-22 17:32:06,822 - INFO - Agent 1 moved right: False
2024-10-22 17:32:07,396 - INFO - Agent 1 moved right: False
2024-10-22 17:32:07,973 - INFO - Agent 1 moved right: False
2024-10-22 17:32:08,551 - INFO - Agent 1 moved right: False
2024-10-22 17:32:09,059 - INFO - Agent 1 moved right: False
2024-10-22 17:32:09,600 - INFO - Agent 1 moved right: False
2024-10-22 17:32:10,159 - INFO - Agent 1 moved right: False
2024-10-22 17:32:10,755 - INFO - Agent 1 moved right: False
2024-10-22 17:32:11,384 - INFO - Agent 1 moved right: False
2024-10-22 17:32:11,978 - INFO - Agent 1 moved right: False
2024-10-22 17:32:12,520 - INFO - Agent 1 moved right: False
2024-10-22 17:32:13,062 - INFO - Agent 1 moved right: False
2024-10-22 17:32:13,686 - INFO - Agent 1 moved right: False
2024-10-22 17:32:14,262 - INFO - Agent 1 moved right: False
2024-10-22 17:32:14,803 - INFO - Agent 1 moved right: False
2024-10-22 17:32:15,359 - INFO - Agent 1 moved right: False
2024-10-22 17:32:15,972 - INFO - Agent 1 moved right: False
2024-10-22 17:32:16,497 - INFO - Agent 1 moved right: False
2024-10-22 17:32:17,041 - INFO - Agent 1 moved right: False
2024-10-22 17:32:17,633 - INFO - Agent 1 moved right: False
2024-10-22 17:32:18,173 - INFO - Agent 1 moved right: False
2024-10-22 17:32:18,681 - INFO - Agent 1 moved right: False
2024-10-22 17:32:19,191 - INFO - Agent 1 moved right: False
2024-10-22 17:32:19,718 - INFO - Agent 1 moved right: False
2024-10-22 17:32:20,209 - INFO - Agent 1 moved right: False
2024-10-22 17:32:20,819 - INFO - Agent 1 moved right: False
2024-10-22 17:32:21,329 - INFO - Agent 1 moved right: False
2024-10-22 17:32:21,921 - INFO - Agent 1 moved right: False
2024-10-22 17:32:22,480 - INFO - Agent 1 moved right: False
2024-10-22 17:32:23,041 - INFO - Agent 1 moved right: False
2024-10-22 17:32:23,666 - INFO - Agent 1 moved right: False
2024-10-22 17:32:24,157 - INFO - Agent 1 moved right: False
2024-10-22 17:32:24,720 - INFO - Agent 1 moved right: False
2024-10-22 17:32:25,248 - INFO - Agent 1 moved right: False
2024-10-22 17:32:25,793 - INFO - Agent 1 moved right: False
2024-10-22 17:32:26,402 - INFO - Agent 1 moved right: False
2024-10-22 17:32:26,930 - INFO - Agent 1 moved right: False
2024-10-22 17:32:27,457 - INFO - Agent 1 moved right: False
2024-10-22 17:32:28,035 - INFO - Agent 1 moved right: False
2024-10-22 17:32:28,680 - INFO - Agent 1 moved right: False
2024-10-22 17:32:29,190 - INFO - Agent 1 moved right: False
2024-10-22 17:32:44,115 - INFO - Agent 1 put down: True
2024-10-22 17:32:44,115 - INFO - Sent event to agent (ID:1): {"event_type": "object changed", "object_type": "agent", "object": {"id": 1, "coordinates": [0, 3], "parcels_carried_ids": [], "has_key": false, "score": 40}}
2024-10-22 17:32:44,115 - INFO - Sent event to agent (ID:1): {"event_type": "object changed", "object_type": "key", "object": {"id": 1, "coordinates": [0, 3], "carried_by_id": null}}
2024-10-22 17:32:44,115 - INFO - Sent event to agent (ID:1): {"event_type": "object removed", "object_type": "parcel", "object": {"id": 1, "coordinates": [0, 3], "score": 20, "carried_by_id": 1}}
2024-10-22 17:33:04,826 - DEBUG - Replay file written
2024-10-22 17:33:04,827 - DEBUG - Server terminated
