2024-11-08 17:40:55,257 - DEBUG - Server started
2024-11-08 17:40:58,193 - INFO - Agent connected with ID 1 and address ('127.0.0.1', 8081)
2024-11-08 17:40:58,194 - INFO - Sent event to agent (ID:1): {"event_type": "object added", "object_type": "map", "object": {"width": 4, "height": 4, "grid": [{"cell_coordinates": [0, 0], "cell_type": "walkable"}, {"cell_coordinates": [0, 1], "cell_type": "walkable"}, {"cell_coordinates": [0, 2], "cell_type": "walkable"}, {"cell_coordinates": [0, 3], "cell_type": "walkable"}, {"cell_coordinates": [1, 0], "cell_type": "walkable"}, {"cell_coordinates": [1, 1], "cell_type": "walkable"}, {"cell_coordinates": [1, 2], "cell_type": "walkable"}, {"cell_coordinates": [1, 3], "cell_type": "walkable"}, {"cell_coordinates": [2, 0], "cell_type": "walkable"}, {"cell_coordinates": [2, 1], "cell_type": "walkable"}, {"cell_coordinates": [2, 2], "cell_type": "walkable"}, {"cell_coordinates": [2, 3], "cell_type": "walkable"}, {"cell_coordinates": [3, 0], "cell_type": "walkable"}, {"cell_coordinates": [3, 1], "cell_type": "walkable"}, {"cell_coordinates": [3, 2], "cell_type": "walkable"}, {"cell_coordinates": [3, 3], "cell_type": "walkable"}]}}
2024-11-08 17:40:58,199 - INFO - Sent event to agent (ID:1): {"event_type": "object added", "object_type": "agent", "object": {"id": 1, "coordinates": [0, 0], "parcels_carried_ids": [], "has_key": false, "score": 0, "energy": 100}}
2024-11-08 17:41:23,518 - INFO - Sent event to agent (ID:1): {"event_type": "object changed", "object_type": "map", "object": {"width": 4, "height": 4, "grid": [{"cell_coordinates": [0, 0], "cell_type": "walkable"}, {"cell_coordinates": [0, 1], "cell_type": "walkable"}, {"cell_coordinates": [0, 2], "cell_type": "walkable"}, {"cell_coordinates": [0, 3], "cell_type": "walkable"}, {"cell_coordinates": [1, 0], "cell_type": "walkable"}, {"cell_coordinates": [1, 1], "cell_type": "walkable"}, {"cell_coordinates": [1, 2], "cell_type": "walkable"}, {"cell_coordinates": [1, 3], "cell_type": "walkable"}, {"cell_coordinates": [2, 0], "cell_type": "walkable"}, {"cell_coordinates": [2, 1], "cell_type": "walkable"}, {"cell_coordinates": [2, 2], "cell_type": "walkable"}, {"cell_coordinates": [2, 3], "cell_type": "parcels_spawn"}, {"cell_coordinates": [3, 0], "cell_type": "walkable"}, {"cell_coordinates": [3, 1], "cell_type": "walkable"}, {"cell_coordinates": [3, 2], "cell_type": "walkable"}, {"cell_coordinates": [3, 3], "cell_type": "walkable"}]}}
2024-11-08 17:41:23,519 - INFO - Sent event to agent (ID:1): {"event_type": "object added", "object_type": "parcel", "object": {"id": 1, "coordinates": [2, 3], "score": 15, "carried_by_id": null}}
2024-11-08 17:41:23,519 - INFO - Sent event to agent (ID:1): {"event_type": "object added", "object_type": "parcel", "object": {"id": 2, "coordinates": [2, 3], "score": 42, "carried_by_id": null}}
2024-11-08 17:41:47,965 - INFO - Agent 1 moved down: True
2024-11-08 17:41:47,965 - INFO - Sent event to agent (ID:1): {"event_type": "object changed", "object_type": "agent", "object": {"id": 1, "coordinates": [1, 0], "parcels_carried_ids": [], "has_key": false, "score": 0, "energy": 99}}
2024-11-08 17:41:48,489 - INFO - Agent 1 moved down: True
2024-11-08 17:41:48,490 - INFO - Sent event to agent (ID:1): {"event_type": "object changed", "object_type": "agent", "object": {"id": 1, "coordinates": [2, 0], "parcels_carried_ids": [], "has_key": false, "score": 0, "energy": 98}}
2024-11-08 17:41:49,080 - INFO - Agent 1 moved right: True
2024-11-08 17:41:49,081 - INFO - Sent event to agent (ID:1): {"event_type": "object changed", "object_type": "agent", "object": {"id": 1, "coordinates": [2, 1], "parcels_carried_ids": [], "has_key": false, "score": 0, "energy": 97}}
2024-11-08 17:41:49,654 - INFO - Agent 1 moved right: True
2024-11-08 17:41:49,655 - INFO - Sent event to agent (ID:1): {"event_type": "object changed", "object_type": "agent", "object": {"id": 1, "coordinates": [2, 2], "parcels_carried_ids": [], "has_key": false, "score": 0, "energy": 96}}
2024-11-08 17:41:50,227 - INFO - Agent 1 moved right: True
2024-11-08 17:41:50,228 - INFO - Sent event to agent (ID:1): {"event_type": "object changed", "object_type": "agent", "object": {"id": 1, "coordinates": [2, 3], "parcels_carried_ids": [], "has_key": false, "score": 0, "energy": 95}}
2024-11-08 17:41:50,869 - INFO - Agent 1 picked up: True
2024-11-08 17:41:50,870 - INFO - Sent event to agent (ID:1): {"event_type": "object changed", "object_type": "parcel", "object": {"id": 1, "coordinates": [2, 3], "score": 15, "carried_by_id": 1}}
2024-11-08 17:41:50,870 - INFO - Sent event to agent (ID:1): {"event_type": "object changed", "object_type": "parcel", "object": {"id": 2, "coordinates": [2, 3], "score": 42, "carried_by_id": 1}}
2024-11-08 17:41:50,870 - INFO - Sent event to agent (ID:1): {"event_type": "object changed", "object_type": "agent", "object": {"id": 1, "coordinates": [2, 3], "parcels_carried_ids": [1, 2], "has_key": false, "score": 0, "energy": 94}}
2024-11-08 17:41:59,555 - INFO - Sent event to agent (ID:1): {"event_type": "object changed", "object_type": "map", "object": {"width": 4, "height": 4, "grid": [{"cell_coordinates": [0, 0], "cell_type": "walkable"}, {"cell_coordinates": [0, 1], "cell_type": "walkable"}, {"cell_coordinates": [0, 2], "cell_type": "delivery_cell"}, {"cell_coordinates": [0, 3], "cell_type": "walkable"}, {"cell_coordinates": [1, 0], "cell_type": "walkable"}, {"cell_coordinates": [1, 1], "cell_type": "walkable"}, {"cell_coordinates": [1, 2], "cell_type": "walkable"}, {"cell_coordinates": [1, 3], "cell_type": "walkable"}, {"cell_coordinates": [2, 0], "cell_type": "walkable"}, {"cell_coordinates": [2, 1], "cell_type": "walkable"}, {"cell_coordinates": [2, 2], "cell_type": "walkable"}, {"cell_coordinates": [2, 3], "cell_type": "walkable"}, {"cell_coordinates": [3, 0], "cell_type": "walkable"}, {"cell_coordinates": [3, 1], "cell_type": "walkable"}, {"cell_coordinates": [3, 2], "cell_type": "walkable"}, {"cell_coordinates": [3, 3], "cell_type": "walkable"}]}}
2024-11-08 17:42:17,492 - INFO - Agent 1 moved up: True
2024-11-08 17:42:17,492 - INFO - Sent event to agent (ID:1): {"event_type": "object changed", "object_type": "parcel", "object": {"id": 1, "coordinates": [1, 3], "score": 15, "carried_by_id": 1}}
2024-11-08 17:42:17,493 - INFO - Sent event to agent (ID:1): {"event_type": "object changed", "object_type": "parcel", "object": {"id": 2, "coordinates": [1, 3], "score": 42, "carried_by_id": 1}}
2024-11-08 17:42:17,493 - INFO - Sent event to agent (ID:1): {"event_type": "object changed", "object_type": "agent", "object": {"id": 1, "coordinates": [1, 3], "parcels_carried_ids": [1, 2], "has_key": false, "score": 0, "energy": 93}}
2024-11-08 17:42:18,069 - INFO - Agent 1 picked up: False
2024-11-08 17:42:18,595 - INFO - Agent 1 picked up: False
2024-11-08 17:42:29,923 - INFO - Agent 1 moved up: True
2024-11-08 17:42:29,923 - INFO - Sent event to agent (ID:1): {"event_type": "object changed", "object_type": "parcel", "object": {"id": 1, "coordinates": [0, 3], "score": 15, "carried_by_id": 1}}
2024-11-08 17:42:29,923 - INFO - Sent event to agent (ID:1): {"event_type": "object changed", "object_type": "parcel", "object": {"id": 2, "coordinates": [0, 3], "score": 42, "carried_by_id": 1}}
2024-11-08 17:42:29,923 - INFO - Sent event to agent (ID:1): {"event_type": "object changed", "object_type": "agent", "object": {"id": 1, "coordinates": [0, 3], "parcels_carried_ids": [1, 2], "has_key": false, "score": 0, "energy": 92}}
2024-11-08 17:42:43,667 - INFO - Agent 1 moved left: True
2024-11-08 17:42:43,667 - INFO - Sent event to agent (ID:1): {"event_type": "object changed", "object_type": "parcel", "object": {"id": 1, "coordinates": [0, 2], "score": 15, "carried_by_id": 1}}
2024-11-08 17:42:43,667 - INFO - Sent event to agent (ID:1): {"event_type": "object changed", "object_type": "parcel", "object": {"id": 2, "coordinates": [0, 2], "score": 42, "carried_by_id": 1}}
2024-11-08 17:42:43,667 - INFO - Sent event to agent (ID:1): {"event_type": "object changed", "object_type": "agent", "object": {"id": 1, "coordinates": [0, 2], "parcels_carried_ids": [1, 2], "has_key": false, "score": 0, "energy": 91}}
2024-11-08 17:42:44,159 - INFO - Agent 1 moved left: True
2024-11-08 17:42:44,159 - INFO - Sent event to agent (ID:1): {"event_type": "object changed", "object_type": "parcel", "object": {"id": 1, "coordinates": [0, 1], "score": 15, "carried_by_id": 1}}
2024-11-08 17:42:44,159 - INFO - Sent event to agent (ID:1): {"event_type": "object changed", "object_type": "parcel", "object": {"id": 2, "coordinates": [0, 1], "score": 42, "carried_by_id": 1}}
2024-11-08 17:42:44,159 - INFO - Sent event to agent (ID:1): {"event_type": "object changed", "object_type": "agent", "object": {"id": 1, "coordinates": [0, 1], "parcels_carried_ids": [1, 2], "has_key": false, "score": 0, "energy": 90}}
2024-11-08 17:42:44,787 - INFO - Agent 1 moved left: True
2024-11-08 17:42:44,787 - INFO - Sent event to agent (ID:1): {"event_type": "object changed", "object_type": "parcel", "object": {"id": 1, "coordinates": [0, 0], "score": 15, "carried_by_id": 1}}
2024-11-08 17:42:44,787 - INFO - Sent event to agent (ID:1): {"event_type": "object changed", "object_type": "parcel", "object": {"id": 2, "coordinates": [0, 0], "score": 42, "carried_by_id": 1}}
2024-11-08 17:42:44,787 - INFO - Sent event to agent (ID:1): {"event_type": "object changed", "object_type": "agent", "object": {"id": 1, "coordinates": [0, 0], "parcels_carried_ids": [1, 2], "has_key": false, "score": 0, "energy": 89}}
2024-11-08 17:42:45,360 - INFO - Agent 1 moved left: False
2024-11-08 17:42:45,850 - INFO - Agent 1 moved left: False
2024-11-08 17:42:46,509 - INFO - Agent 1 moved left: False
2024-11-08 17:42:47,034 - INFO - Agent 1 moved left: False
2024-11-08 17:42:47,685 - INFO - Agent 1 moved left: False
2024-11-08 17:42:48,227 - INFO - Agent 1 moved left: False
2024-11-08 17:42:48,768 - INFO - Agent 1 moved left: False
2024-11-08 17:42:49,378 - INFO - Agent 1 moved left: False
2024-11-08 17:42:49,888 - INFO - Agent 1 moved left: False
2024-11-08 17:42:50,449 - INFO - Agent 1 moved left: False
2024-11-08 17:42:51,025 - INFO - Agent 1 moved left: False
2024-11-08 17:42:51,567 - INFO - Agent 1 moved left: False
2024-11-08 17:42:52,161 - INFO - Agent 1 moved left: False
2024-11-08 17:42:52,769 - INFO - Agent 1 moved left: False
2024-11-08 17:42:53,344 - INFO - Agent 1 moved left: False
2024-11-08 17:42:53,936 - INFO - Agent 1 moved left: False
2024-11-08 17:42:54,495 - INFO - Agent 1 moved left: False
2024-11-08 17:42:55,053 - INFO - Agent 1 moved left: False
2024-11-08 17:42:55,644 - INFO - Agent 1 moved left: False
2024-11-08 17:42:56,153 - INFO - Agent 1 moved left: False
2024-11-08 17:42:56,743 - INFO - Agent 1 moved left: False
2024-11-08 17:42:57,298 - INFO - Agent 1 moved left: False
2024-11-08 17:42:57,943 - INFO - Agent 1 moved left: False
2024-11-08 17:43:20,368 - INFO - Agent 1 moved right: True
2024-11-08 17:43:20,369 - INFO - Sent event to agent (ID:1): {"event_type": "object changed", "object_type": "parcel", "object": {"id": 1, "coordinates": [0, 1], "score": 15, "carried_by_id": 1}}
2024-11-08 17:43:20,369 - INFO - Sent event to agent (ID:1): {"event_type": "object changed", "object_type": "parcel", "object": {"id": 2, "coordinates": [0, 1], "score": 42, "carried_by_id": 1}}
2024-11-08 17:43:20,369 - INFO - Sent event to agent (ID:1): {"event_type": "object changed", "object_type": "agent", "object": {"id": 1, "coordinates": [0, 1], "parcels_carried_ids": [1, 2], "has_key": false, "score": 0, "energy": 88}}
2024-11-08 17:43:20,944 - INFO - Agent 1 moved right: True
2024-11-08 17:43:20,944 - INFO - Sent event to agent (ID:1): {"event_type": "object changed", "object_type": "parcel", "object": {"id": 1, "coordinates": [0, 2], "score": 15, "carried_by_id": 1}}
2024-11-08 17:43:20,944 - INFO - Sent event to agent (ID:1): {"event_type": "object changed", "object_type": "parcel", "object": {"id": 2, "coordinates": [0, 2], "score": 42, "carried_by_id": 1}}
2024-11-08 17:43:20,944 - INFO - Sent event to agent (ID:1): {"event_type": "object changed", "object_type": "agent", "object": {"id": 1, "coordinates": [0, 2], "parcels_carried_ids": [1, 2], "has_key": false, "score": 0, "energy": 87}}
2024-11-08 17:43:21,469 - INFO - Agent 1 put down: True
2024-11-08 17:43:21,469 - INFO - Sent event to agent (ID:1): {"event_type": "object changed", "object_type": "agent", "object": {"id": 1, "coordinates": [0, 2], "parcels_carried_ids": [], "has_key": false, "score": 57, "energy": 86}}
2024-11-08 17:43:21,469 - INFO - Sent event to agent (ID:1): {"event_type": "object removed", "object_type": "parcel", "object": {"id": 1, "coordinates": [0, 2], "score": 15, "carried_by_id": 1}}
2024-11-08 17:43:21,469 - INFO - Sent event to agent (ID:1): {"event_type": "object removed", "object_type": "parcel", "object": {"id": 2, "coordinates": [0, 2], "score": 42, "carried_by_id": 1}}
2024-11-08 17:43:31,219 - INFO - Sent event to agent (ID:1): {"event_type": "object changed", "object_type": "map", "object": {"width": 4, "height": 4, "grid": [{"cell_coordinates": [0, 0], "cell_type": "walkable"}, {"cell_coordinates": [0, 1], "cell_type": "walkable"}, {"cell_coordinates": [0, 2], "cell_type": "walkable"}, {"cell_coordinates": [0, 3], "cell_type": "walkable"}, {"cell_coordinates": [1, 0], "cell_type": "walkable"}, {"cell_coordinates": [1, 1], "cell_type": "walkable"}, {"cell_coordinates": [1, 2], "cell_type": "walkable"}, {"cell_coordinates": [1, 3], "cell_type": "walkable"}, {"cell_coordinates": [2, 0], "cell_type": "walkable"}, {"cell_coordinates": [2, 1], "cell_type": "walkable"}, {"cell_coordinates": [2, 2], "cell_type": "batteries_spawn"}, {"cell_coordinates": [2, 3], "cell_type": "walkable"}, {"cell_coordinates": [3, 0], "cell_type": "walkable"}, {"cell_coordinates": [3, 1], "cell_type": "walkable"}, {"cell_coordinates": [3, 2], "cell_type": "walkable"}, {"cell_coordinates": [3, 3], "cell_type": "walkable"}]}}
2024-11-08 17:43:31,219 - INFO - Sent event to agent (ID:1): {"event_type": "object added", "object_type": "battery", "object": {"id": 1, "coordinates": [2, 2]}}
2024-11-08 17:43:49,398 - INFO - Agent 1 moved down: True
2024-11-08 17:43:49,399 - INFO - Sent event to agent (ID:1): {"event_type": "object changed", "object_type": "agent", "object": {"id": 1, "coordinates": [1, 2], "parcels_carried_ids": [], "has_key": false, "score": 57, "energy": 85}}
2024-11-08 17:44:00,817 - INFO - Agent 1 moved down: True
2024-11-08 17:44:00,817 - INFO - Sent event to agent (ID:1): {"event_type": "object changed", "object_type": "agent", "object": {"id": 1, "coordinates": [2, 2], "parcels_carried_ids": [], "has_key": false, "score": 57, "energy": 84}}
2024-11-08 17:44:01,509 - INFO - Agent 1 moved down: True
2024-11-08 17:44:01,509 - INFO - Sent event to agent (ID:1): {"event_type": "object changed", "object_type": "agent", "object": {"id": 1, "coordinates": [3, 2], "parcels_carried_ids": [], "has_key": false, "score": 57, "energy": 83}}
2024-11-08 17:44:02,017 - INFO - Agent 1 moved down: False
2024-11-08 17:44:02,578 - INFO - Agent 1 moved down: False
2024-11-08 17:44:03,068 - INFO - Agent 1 moved down: False
2024-11-08 17:44:03,559 - INFO - Agent 1 moved down: False
2024-11-08 17:44:04,118 - INFO - Agent 1 moved down: False
2024-11-08 17:44:04,744 - INFO - Agent 1 moved down: False
2024-11-08 17:44:05,332 - INFO - Agent 1 moved down: False
2024-11-08 17:44:05,823 - INFO - Agent 1 moved down: False
2024-11-08 17:44:06,465 - INFO - Agent 1 moved down: False
2024-11-08 17:44:07,025 - INFO - Agent 1 moved down: False
2024-11-08 17:44:07,604 - INFO - Agent 1 moved down: False
2024-11-08 17:44:08,145 - INFO - Agent 1 moved down: False
2024-11-08 17:44:08,704 - INFO - Agent 1 moved down: False
2024-11-08 17:44:09,247 - INFO - Agent 1 moved down: False
2024-11-08 17:44:09,808 - INFO - Agent 1 moved down: False
2024-11-08 17:44:10,347 - INFO - Agent 1 moved down: False
2024-11-08 17:44:10,908 - INFO - Agent 1 moved down: False
2024-11-08 17:44:11,448 - INFO - Agent 1 moved down: False
2024-11-08 17:44:12,040 - INFO - Agent 1 moved down: False
2024-11-08 17:44:12,564 - INFO - Agent 1 moved down: False
2024-11-08 17:44:13,154 - INFO - Agent 1 moved down: False
2024-11-08 17:44:13,664 - INFO - Agent 1 moved down: False
2024-11-08 17:44:14,276 - INFO - Agent 1 moved down: False
2024-11-08 17:44:14,903 - INFO - Agent 1 moved down: False
2024-11-08 17:44:15,444 - INFO - Agent 1 moved down: False
2024-11-08 17:44:28,545 - INFO - Agent 1 moved up: True
2024-11-08 17:44:28,545 - INFO - Sent event to agent (ID:1): {"event_type": "object changed", "object_type": "agent", "object": {"id": 1, "coordinates": [2, 2], "parcels_carried_ids": [], "has_key": false, "score": 57, "energy": 82}}
2024-11-08 17:44:29,107 - INFO - Agent 1 picked up: True
2024-11-08 17:44:29,107 - INFO - Sent event to agent (ID:1): {"event_type": "object changed", "object_type": "agent", "object": {"id": 1, "coordinates": [2, 2], "parcels_carried_ids": [], "has_key": false, "score": 57, "energy": 100}}
2024-11-08 17:44:29,107 - INFO - Sent event to agent (ID:1): {"event_type": "object removed", "object_type": "battery", "object": {"id": 1, "coordinates": [2, 2]}}
2024-11-08 17:44:41,047 - INFO - Sent event to agent (ID:1): {"event_type": "object changed", "object_type": "map", "object": {"width": 4, "height": 4, "grid": [{"cell_coordinates": [0, 0], "cell_type": "walkable"}, {"cell_coordinates": [0, 1], "cell_type": "walkable"}, {"cell_coordinates": [0, 2], "cell_type": "walkable"}, {"cell_coordinates": [0, 3], "cell_type": "walkable"}, {"cell_coordinates": [1, 0], "cell_type": "walkable"}, {"cell_coordinates": [1, 1], "cell_type": "walkable"}, {"cell_coordinates": [1, 2], "cell_type": "walkable"}, {"cell_coordinates": [1, 3], "cell_type": "walkable"}, {"cell_coordinates": [2, 0], "cell_type": "walkable"}, {"cell_coordinates": [2, 1], "cell_type": "walkable"}, {"cell_coordinates": [2, 2], "cell_type": "walkable"}, {"cell_coordinates": [2, 3], "cell_type": "walkable"}, {"cell_coordinates": [3, 0], "cell_type": "walkable"}, {"cell_coordinates": [3, 1], "cell_type": "walkable"}, {"cell_coordinates": [3, 2], "cell_type": "walkable"}, {"cell_coordinates": [3, 3], "cell_type": "walkable"}]}}
2024-11-08 17:44:41,047 - INFO - Sent event to agent (ID:1): {"event_type": "object added", "object_type": "key", "object": {"id": 1, "coordinates": [1, 0], "carried_by_id": null}}
2024-11-08 17:45:00,947 - INFO - Agent 1 moved up: True
2024-11-08 17:45:00,948 - INFO - Sent event to agent (ID:1): {"event_type": "object changed", "object_type": "agent", "object": {"id": 1, "coordinates": [1, 2], "parcels_carried_ids": [], "has_key": false, "score": 57, "energy": 99}}
2024-11-08 17:45:01,490 - INFO - Agent 1 moved left: True
2024-11-08 17:45:01,491 - INFO - Sent event to agent (ID:1): {"event_type": "object changed", "object_type": "agent", "object": {"id": 1, "coordinates": [1, 1], "parcels_carried_ids": [], "has_key": false, "score": 57, "energy": 98}}
2024-11-08 17:45:02,067 - INFO - Agent 1 moved up: True
2024-11-08 17:45:02,067 - INFO - Sent event to agent (ID:1): {"event_type": "object changed", "object_type": "agent", "object": {"id": 1, "coordinates": [0, 1], "parcels_carried_ids": [], "has_key": false, "score": 57, "energy": 97}}
2024-11-08 17:45:02,574 - INFO - Agent 1 moved left: True
2024-11-08 17:45:02,574 - INFO - Sent event to agent (ID:1): {"event_type": "object changed", "object_type": "agent", "object": {"id": 1, "coordinates": [0, 0], "parcels_carried_ids": [], "has_key": false, "score": 57, "energy": 96}}
2024-11-08 17:45:03,116 - INFO - Agent 1 moved up: False
2024-11-08 17:45:03,711 - INFO - Agent 1 moved left: False
2024-11-08 17:45:04,233 - INFO - Agent 1 moved up: False
2024-11-08 17:45:04,828 - INFO - Agent 1 moved left: False
2024-11-08 17:45:05,455 - INFO - Agent 1 moved up: False
2024-11-08 17:45:05,998 - INFO - Agent 1 moved left: False
2024-11-08 17:45:06,553 - INFO - Agent 1 moved up: False
2024-11-08 17:45:07,182 - INFO - Agent 1 moved left: False
2024-11-08 17:45:07,741 - INFO - Agent 1 moved up: False
2024-11-08 17:45:08,285 - INFO - Agent 1 moved left: False
2024-11-08 17:45:08,828 - INFO - Agent 1 moved up: False
2024-11-08 17:45:09,455 - INFO - Agent 1 moved left: False
2024-11-08 17:45:10,015 - INFO - Agent 1 moved up: False
2024-11-08 17:45:10,596 - INFO - Agent 1 moved left: False
2024-11-08 17:45:11,186 - INFO - Agent 1 moved up: False
2024-11-08 17:45:11,714 - INFO - Agent 1 moved left: False
2024-11-08 17:45:12,357 - INFO - Agent 1 moved up: False
2024-11-08 17:45:12,868 - INFO - Agent 1 moved left: False
2024-11-08 17:45:13,475 - INFO - Agent 1 moved up: False
2024-11-08 17:45:14,017 - INFO - Agent 1 moved left: False
2024-11-08 17:45:14,630 - INFO - Agent 1 moved up: False
2024-11-08 17:45:15,137 - INFO - Agent 1 moved left: False
2024-11-08 17:45:15,664 - INFO - Agent 1 moved up: False
2024-11-08 17:45:31,012 - INFO - Agent 1 moved down: True
2024-11-08 17:45:31,013 - INFO - Sent event to agent (ID:1): {"event_type": "object changed", "object_type": "agent", "object": {"id": 1, "coordinates": [1, 0], "parcels_carried_ids": [], "has_key": false, "score": 57, "energy": 95}}
2024-11-08 17:45:31,639 - INFO - Agent 1 picked up: True
2024-11-08 17:45:31,639 - INFO - Sent event to agent (ID:1): {"event_type": "object changed", "object_type": "agent", "object": {"id": 1, "coordinates": [1, 0], "parcels_carried_ids": [], "has_key": true, "score": 57, "energy": 94}}
2024-11-08 17:45:31,639 - INFO - Sent event to agent (ID:1): {"event_type": "object changed", "object_type": "key", "object": {"id": 1, "coordinates": [1, 0], "carried_by_id": 1}}
2024-11-08 17:45:38,700 - INFO - Sent event to agent (ID:1): {"event_type": "object added", "object_type": "door", "object": {"id": 1, "coordinates": [3, 2]}}
2024-11-08 17:46:25,121 - INFO - Agent 1 moved up: True
2024-11-08 17:46:25,121 - INFO - Sent event to agent (ID:1): {"event_type": "object changed", "object_type": "agent", "object": {"id": 1, "coordinates": [0, 0], "parcels_carried_ids": [], "has_key": true, "score": 57, "energy": 93}}
2024-11-08 17:46:25,121 - INFO - Sent event to agent (ID:1): {"event_type": "object changed", "object_type": "key", "object": {"id": 1, "coordinates": [0, 0], "carried_by_id": 1}}
2024-11-08 17:46:25,678 - INFO - Agent 1 moved right: True
2024-11-08 17:46:25,678 - INFO - Sent event to agent (ID:1): {"event_type": "object changed", "object_type": "agent", "object": {"id": 1, "coordinates": [0, 1], "parcels_carried_ids": [], "has_key": true, "score": 57, "energy": 92}}
2024-11-08 17:46:25,678 - INFO - Sent event to agent (ID:1): {"event_type": "object changed", "object_type": "key", "object": {"id": 1, "coordinates": [0, 1], "carried_by_id": 1}}
2024-11-08 17:47:10,857 - INFO - Agent 1 moved right: True
2024-11-08 17:47:10,857 - INFO - Sent event to agent (ID:1): {"event_type": "object changed", "object_type": "agent", "object": {"id": 1, "coordinates": [0, 2], "parcels_carried_ids": [], "has_key": true, "score": 57, "energy": 91}}
2024-11-08 17:47:10,857 - INFO - Sent event to agent (ID:1): {"event_type": "object changed", "object_type": "key", "object": {"id": 1, "coordinates": [0, 2], "carried_by_id": 1}}
2024-11-08 17:47:11,434 - INFO - Agent 1 moved right: True
2024-11-08 17:47:11,434 - INFO - Sent event to agent (ID:1): {"event_type": "object changed", "object_type": "agent", "object": {"id": 1, "coordinates": [0, 3], "parcels_carried_ids": [], "has_key": true, "score": 57, "energy": 90}}
2024-11-08 17:47:11,434 - INFO - Sent event to agent (ID:1): {"event_type": "object changed", "object_type": "key", "object": {"id": 1, "coordinates": [0, 3], "carried_by_id": 1}}
2024-11-08 17:47:11,977 - INFO - Agent 1 moved right: False
2024-11-08 17:47:12,518 - INFO - Agent 1 moved right: False
2024-11-08 17:47:13,043 - INFO - Agent 1 moved right: False
2024-11-08 17:47:13,588 - INFO - Agent 1 moved right: False
2024-11-08 17:47:14,149 - INFO - Agent 1 moved right: False
2024-11-08 17:47:14,741 - INFO - Agent 1 moved right: False
2024-11-08 17:47:15,272 - INFO - Agent 1 moved right: False
2024-11-08 17:47:16,192 - INFO - Agent 1 moved right: False
2024-11-08 17:47:16,413 - INFO - Agent 1 moved right: False
2024-11-08 17:47:16,970 - INFO - Agent 1 moved right: False
2024-11-08 17:47:17,623 - INFO - Agent 1 moved right: False
2024-11-08 17:47:18,113 - INFO - Agent 1 moved right: False
2024-11-08 17:47:18,626 - INFO - Agent 1 moved right: False
2024-11-08 17:47:19,185 - INFO - Agent 1 moved right: False
2024-11-08 17:47:19,712 - INFO - Agent 1 moved right: False
2024-11-08 17:47:20,265 - INFO - Agent 1 moved right: False
2024-11-08 17:47:20,842 - INFO - Agent 1 moved right: False
2024-11-08 17:47:21,417 - INFO - Agent 1 moved right: False
2024-11-08 17:47:21,994 - INFO - Agent 1 moved right: False
2024-11-08 17:47:22,535 - INFO - Agent 1 moved right: False
2024-11-08 17:47:23,182 - INFO - Agent 1 moved right: False
2024-11-08 17:47:23,758 - INFO - Agent 1 moved right: False
2024-11-08 17:47:24,385 - INFO - Agent 1 moved right: False
2024-11-08 17:47:24,858 - INFO - Agent 1 moved right: False
2024-11-08 17:47:25,419 - INFO - Agent 1 moved right: False
2024-11-08 17:48:13,419 - INFO - Agent 1 moved right: False
2024-11-08 17:48:27,290 - INFO - Agent 1 moved down: True
2024-11-08 17:48:27,291 - INFO - Sent event to agent (ID:1): {"event_type": "object changed", "object_type": "agent", "object": {"id": 1, "coordinates": [1, 3], "parcels_carried_ids": [], "has_key": true, "score": 57, "energy": 89}}
2024-11-08 17:48:27,291 - INFO - Sent event to agent (ID:1): {"event_type": "object changed", "object_type": "key", "object": {"id": 1, "coordinates": [1, 3], "carried_by_id": 1}}
2024-11-08 17:48:34,924 - INFO - Agent 1 moved up: True
2024-11-08 17:48:34,924 - INFO - Sent event to agent (ID:1): {"event_type": "object changed", "object_type": "agent", "object": {"id": 1, "coordinates": [0, 3], "parcels_carried_ids": [], "has_key": true, "score": 57, "energy": 88}}
2024-11-08 17:48:34,924 - INFO - Sent event to agent (ID:1): {"event_type": "object changed", "object_type": "key", "object": {"id": 1, "coordinates": [0, 3], "carried_by_id": 1}}
2024-11-08 17:48:35,467 - INFO - Agent 1 moved down: True
2024-11-08 17:48:35,467 - INFO - Sent event to agent (ID:1): {"event_type": "object changed", "object_type": "agent", "object": {"id": 1, "coordinates": [1, 3], "parcels_carried_ids": [], "has_key": true, "score": 57, "energy": 87}}
2024-11-08 17:48:35,467 - INFO - Sent event to agent (ID:1): {"event_type": "object changed", "object_type": "key", "object": {"id": 1, "coordinates": [1, 3], "carried_by_id": 1}}
2024-11-08 17:48:36,009 - INFO - Agent 1 moved left: True
2024-11-08 17:48:36,009 - INFO - Sent event to agent (ID:1): {"event_type": "object changed", "object_type": "agent", "object": {"id": 1, "coordinates": [1, 2], "parcels_carried_ids": [], "has_key": true, "score": 57, "energy": 86}}
2024-11-08 17:48:36,009 - INFO - Sent event to agent (ID:1): {"event_type": "object changed", "object_type": "key", "object": {"id": 1, "coordinates": [1, 2], "carried_by_id": 1}}
2024-11-08 17:48:36,498 - INFO - Agent 1 moved right: True
2024-11-08 17:48:36,498 - INFO - Sent event to agent (ID:1): {"event_type": "object changed", "object_type": "agent", "object": {"id": 1, "coordinates": [1, 3], "parcels_carried_ids": [], "has_key": true, "score": 57, "energy": 85}}
2024-11-08 17:48:36,498 - INFO - Sent event to agent (ID:1): {"event_type": "object changed", "object_type": "key", "object": {"id": 1, "coordinates": [1, 3], "carried_by_id": 1}}
2024-11-08 17:48:37,092 - INFO - Agent 1 picked up: False
2024-11-08 17:49:31,602 - INFO - Sent event to agent (ID:1): {"event_type": "object changed", "object_type": "map", "object": {"width": 4, "height": 4, "grid": [{"cell_coordinates": [0, 0], "cell_type": "delivery_cell"}, {"cell_coordinates": [0, 1], "cell_type": "walkable"}, {"cell_coordinates": [0, 2], "cell_type": "walkable"}, {"cell_coordinates": [0, 3], "cell_type": "walkable"}, {"cell_coordinates": [1, 0], "cell_type": "walkable"}, {"cell_coordinates": [1, 1], "cell_type": "walkable"}, {"cell_coordinates": [1, 2], "cell_type": "walkable"}, {"cell_coordinates": [1, 3], "cell_type": "walkable"}, {"cell_coordinates": [2, 0], "cell_type": "walkable"}, {"cell_coordinates": [2, 1], "cell_type": "walkable"}, {"cell_coordinates": [2, 2], "cell_type": "walkable"}, {"cell_coordinates": [2, 3], "cell_type": "parcels_spawn"}, {"cell_coordinates": [3, 0], "cell_type": "walkable"}, {"cell_coordinates": [3, 1], "cell_type": "walkable"}, {"cell_coordinates": [3, 2], "cell_type": "batteries_spawn"}, {"cell_coordinates": [3, 3], "cell_type": "walkable"}]}}
2024-11-08 17:49:31,602 - INFO - Sent event to agent (ID:1): {"event_type": "object added", "object_type": "parcel", "object": {"id": 3, "coordinates": [2, 3], "score": 15, "carried_by_id": null}}
2024-11-08 17:49:31,602 - INFO - Sent event to agent (ID:1): {"event_type": "object added", "object_type": "parcel", "object": {"id": 4, "coordinates": [2, 3], "score": 42, "carried_by_id": null}}
2024-11-08 17:49:31,602 - INFO - Sent event to agent (ID:1): {"event_type": "object changed", "object_type": "agent", "object": {"id": 1, "coordinates": [1, 1], "parcels_carried_ids": [], "has_key": false, "score": 0, "energy": 100}}
2024-11-08 17:49:31,602 - INFO - Sent event to agent (ID:1): {"event_type": "object added", "object_type": "battery", "object": {"id": 2, "coordinates": [3, 2]}}
2024-11-08 17:49:31,603 - INFO - Sent event to agent (ID:1): {"event_type": "object added", "object_type": "key", "object": {"id": 2, "coordinates": [2, 2], "carried_by_id": null}}
2024-11-08 17:49:31,603 - INFO - Sent event to agent (ID:1): {"event_type": "object added", "object_type": "door", "object": {"id": 2, "coordinates": [0, 1]}}
2024-11-08 17:49:31,603 - INFO - Sent event to agent (ID:1): {"event_type": "object added", "object_type": "door", "object": {"id": 3, "coordinates": [1, 0]}}
2024-11-08 17:49:31,603 - INFO - Sent event to agent (ID:1): {"event_type": "object removed", "object_type": "key", "object": {"id": 1, "coordinates": [1, 3], "carried_by_id": 1}}
2024-11-08 17:49:31,603 - INFO - Sent event to agent (ID:1): {"event_type": "object removed", "object_type": "door", "object": {"id": 1, "coordinates": [3, 2]}}
2024-11-08 17:49:47,854 - INFO - Agent 1 moved down: True
2024-11-08 17:49:47,855 - INFO - Sent event to agent (ID:1): {"event_type": "object changed", "object_type": "agent", "object": {"id": 1, "coordinates": [2, 1], "parcels_carried_ids": [], "has_key": false, "score": 0, "energy": 99}}
2024-11-08 17:49:48,481 - INFO - Agent 1 moved right: True
2024-11-08 17:49:48,481 - INFO - Sent event to agent (ID:1): {"event_type": "object changed", "object_type": "agent", "object": {"id": 1, "coordinates": [2, 2], "parcels_carried_ids": [], "has_key": false, "score": 0, "energy": 98}}
2024-11-08 17:49:48,992 - INFO - Agent 1 moved right: True
2024-11-08 17:49:48,992 - INFO - Sent event to agent (ID:1): {"event_type": "object changed", "object_type": "agent", "object": {"id": 1, "coordinates": [2, 3], "parcels_carried_ids": [], "has_key": false, "score": 0, "energy": 97}}
2024-11-08 17:49:49,531 - INFO - Agent 1 picked up: True
2024-11-08 17:49:49,531 - INFO - Sent event to agent (ID:1): {"event_type": "object changed", "object_type": "parcel", "object": {"id": 3, "coordinates": [2, 3], "score": 15, "carried_by_id": 1}}
2024-11-08 17:49:49,531 - INFO - Sent event to agent (ID:1): {"event_type": "object changed", "object_type": "parcel", "object": {"id": 4, "coordinates": [2, 3], "score": 42, "carried_by_id": 1}}
2024-11-08 17:49:49,531 - INFO - Sent event to agent (ID:1): {"event_type": "object changed", "object_type": "agent", "object": {"id": 1, "coordinates": [2, 3], "parcels_carried_ids": [3, 4], "has_key": false, "score": 0, "energy": 96}}
2024-11-08 17:50:41,343 - INFO - Agent 1 moved left: True
2024-11-08 17:50:41,343 - INFO - Sent event to agent (ID:1): {"event_type": "object changed", "object_type": "parcel", "object": {"id": 3, "coordinates": [2, 2], "score": 15, "carried_by_id": 1}}
2024-11-08 17:50:41,343 - INFO - Sent event to agent (ID:1): {"event_type": "object changed", "object_type": "parcel", "object": {"id": 4, "coordinates": [2, 2], "score": 42, "carried_by_id": 1}}
2024-11-08 17:50:41,343 - INFO - Sent event to agent (ID:1): {"event_type": "object changed", "object_type": "agent", "object": {"id": 1, "coordinates": [2, 2], "parcels_carried_ids": [3, 4], "has_key": false, "score": 0, "energy": 95}}
2024-11-08 17:50:56,717 - INFO - Agent 1 picked up: True
2024-11-08 17:50:56,717 - INFO - Sent event to agent (ID:1): {"event_type": "object changed", "object_type": "agent", "object": {"id": 1, "coordinates": [2, 2], "parcels_carried_ids": [3, 4], "has_key": true, "score": 0, "energy": 94}}
2024-11-08 17:50:56,717 - INFO - Sent event to agent (ID:1): {"event_type": "object changed", "object_type": "key", "object": {"id": 2, "coordinates": [2, 2], "carried_by_id": 1}}
2024-11-08 17:51:20,835 - INFO - Agent 1 moved up: True
2024-11-08 17:51:20,835 - INFO - Sent event to agent (ID:1): {"event_type": "object changed", "object_type": "parcel", "object": {"id": 3, "coordinates": [1, 2], "score": 15, "carried_by_id": 1}}
2024-11-08 17:51:20,835 - INFO - Sent event to agent (ID:1): {"event_type": "object changed", "object_type": "parcel", "object": {"id": 4, "coordinates": [1, 2], "score": 42, "carried_by_id": 1}}
2024-11-08 17:51:20,835 - INFO - Sent event to agent (ID:1): {"event_type": "object changed", "object_type": "agent", "object": {"id": 1, "coordinates": [1, 2], "parcels_carried_ids": [3, 4], "has_key": true, "score": 0, "energy": 93}}
2024-11-08 17:51:20,835 - INFO - Sent event to agent (ID:1): {"event_type": "object changed", "object_type": "key", "object": {"id": 2, "coordinates": [1, 2], "carried_by_id": 1}}
2024-11-08 17:51:36,989 - INFO - Agent 1 moved up: True
2024-11-08 17:51:36,989 - INFO - Sent event to agent (ID:1): {"event_type": "object changed", "object_type": "parcel", "object": {"id": 3, "coordinates": [0, 2], "score": 15, "carried_by_id": 1}}
2024-11-08 17:51:36,989 - INFO - Sent event to agent (ID:1): {"event_type": "object changed", "object_type": "parcel", "object": {"id": 4, "coordinates": [0, 2], "score": 42, "carried_by_id": 1}}
2024-11-08 17:51:36,989 - INFO - Sent event to agent (ID:1): {"event_type": "object changed", "object_type": "agent", "object": {"id": 1, "coordinates": [0, 2], "parcels_carried_ids": [3, 4], "has_key": true, "score": 0, "energy": 92}}
2024-11-08 17:51:36,989 - INFO - Sent event to agent (ID:1): {"event_type": "object changed", "object_type": "key", "object": {"id": 2, "coordinates": [0, 2], "carried_by_id": 1}}
2024-11-08 17:51:54,922 - INFO - Agent 1 moved left: True
2024-11-08 17:51:54,922 - INFO - Sent event to agent (ID:1): {"event_type": "object changed", "object_type": "parcel", "object": {"id": 3, "coordinates": [0, 1], "score": 15, "carried_by_id": 1}}
2024-11-08 17:51:54,922 - INFO - Sent event to agent (ID:1): {"event_type": "object changed", "object_type": "parcel", "object": {"id": 4, "coordinates": [0, 1], "score": 42, "carried_by_id": 1}}
2024-11-08 17:51:54,922 - INFO - Sent event to agent (ID:1): {"event_type": "object changed", "object_type": "agent", "object": {"id": 1, "coordinates": [0, 1], "parcels_carried_ids": [3, 4], "has_key": true, "score": 0, "energy": 91}}
2024-11-08 17:51:54,922 - INFO - Sent event to agent (ID:1): {"event_type": "object changed", "object_type": "key", "object": {"id": 2, "coordinates": [0, 1], "carried_by_id": 1}}
2024-11-08 17:52:06,671 - INFO - Agent 1 moved left: True
2024-11-08 17:52:06,672 - INFO - Sent event to agent (ID:1): {"event_type": "object changed", "object_type": "parcel", "object": {"id": 3, "coordinates": [0, 0], "score": 15, "carried_by_id": 1}}
2024-11-08 17:52:06,672 - INFO - Sent event to agent (ID:1): {"event_type": "object changed", "object_type": "parcel", "object": {"id": 4, "coordinates": [0, 0], "score": 42, "carried_by_id": 1}}
2024-11-08 17:52:06,672 - INFO - Sent event to agent (ID:1): {"event_type": "object changed", "object_type": "agent", "object": {"id": 1, "coordinates": [0, 0], "parcels_carried_ids": [3, 4], "has_key": true, "score": 0, "energy": 90}}
2024-11-08 17:52:06,672 - INFO - Sent event to agent (ID:1): {"event_type": "object changed", "object_type": "key", "object": {"id": 2, "coordinates": [0, 0], "carried_by_id": 1}}
2024-11-08 17:52:07,211 - INFO - Agent 1 put down: True
2024-11-08 17:52:07,212 - INFO - Sent event to agent (ID:1): {"event_type": "object changed", "object_type": "agent", "object": {"id": 1, "coordinates": [0, 0], "parcels_carried_ids": [], "has_key": true, "score": 57, "energy": 89}}
2024-11-08 17:52:07,212 - INFO - Sent event to agent (ID:1): {"event_type": "object removed", "object_type": "parcel", "object": {"id": 3, "coordinates": [0, 0], "score": 15, "carried_by_id": 1}}
2024-11-08 17:52:07,212 - INFO - Sent event to agent (ID:1): {"event_type": "object removed", "object_type": "parcel", "object": {"id": 4, "coordinates": [0, 0], "score": 42, "carried_by_id": 1}}
2024-11-08 17:52:15,445 - INFO - Agent 1 moved down: True
2024-11-08 17:52:15,446 - INFO - Sent event to agent (ID:1): {"event_type": "object changed", "object_type": "agent", "object": {"id": 1, "coordinates": [1, 0], "parcels_carried_ids": [], "has_key": true, "score": 57, "energy": 88}}
2024-11-08 17:52:15,446 - INFO - Sent event to agent (ID:1): {"event_type": "object changed", "object_type": "key", "object": {"id": 2, "coordinates": [1, 0], "carried_by_id": 1}}
2024-11-08 17:52:15,985 - INFO - Agent 1 moved down: True
2024-11-08 17:52:15,985 - INFO - Sent event to agent (ID:1): {"event_type": "object changed", "object_type": "agent", "object": {"id": 1, "coordinates": [2, 0], "parcels_carried_ids": [], "has_key": true, "score": 57, "energy": 87}}
2024-11-08 17:52:15,985 - INFO - Sent event to agent (ID:1): {"event_type": "object changed", "object_type": "key", "object": {"id": 2, "coordinates": [2, 0], "carried_by_id": 1}}
2024-11-08 17:52:16,543 - INFO - Agent 1 moved right: True
2024-11-08 17:52:16,543 - INFO - Sent event to agent (ID:1): {"event_type": "object changed", "object_type": "agent", "object": {"id": 1, "coordinates": [2, 1], "parcels_carried_ids": [], "has_key": true, "score": 57, "energy": 86}}
2024-11-08 17:52:16,543 - INFO - Sent event to agent (ID:1): {"event_type": "object changed", "object_type": "key", "object": {"id": 2, "coordinates": [2, 1], "carried_by_id": 1}}
2024-11-08 17:52:17,067 - INFO - Agent 1 moved right: True
2024-11-08 17:52:17,067 - INFO - Sent event to agent (ID:1): {"event_type": "object changed", "object_type": "agent", "object": {"id": 1, "coordinates": [2, 2], "parcels_carried_ids": [], "has_key": true, "score": 57, "energy": 85}}
2024-11-08 17:52:17,067 - INFO - Sent event to agent (ID:1): {"event_type": "object changed", "object_type": "key", "object": {"id": 2, "coordinates": [2, 2], "carried_by_id": 1}}
2024-11-08 17:52:17,627 - INFO - Agent 1 moved right: True
2024-11-08 17:52:17,627 - INFO - Sent event to agent (ID:1): {"event_type": "object changed", "object_type": "agent", "object": {"id": 1, "coordinates": [2, 3], "parcels_carried_ids": [], "has_key": true, "score": 57, "energy": 84}}
2024-11-08 17:52:17,628 - INFO - Sent event to agent (ID:1): {"event_type": "object changed", "object_type": "key", "object": {"id": 2, "coordinates": [2, 3], "carried_by_id": 1}}
2024-11-08 17:52:18,151 - INFO - Agent 1 picked up: False
2024-11-08 17:52:18,727 - INFO - Agent 1 moved up: True
2024-11-08 17:52:18,727 - INFO - Sent event to agent (ID:1): {"event_type": "object changed", "object_type": "agent", "object": {"id": 1, "coordinates": [1, 3], "parcels_carried_ids": [], "has_key": true, "score": 57, "energy": 83}}
2024-11-08 17:52:18,727 - INFO - Sent event to agent (ID:1): {"event_type": "object changed", "object_type": "key", "object": {"id": 2, "coordinates": [1, 3], "carried_by_id": 1}}
2024-11-08 17:52:19,390 - INFO - Agent 1 moved up: True
2024-11-08 17:52:19,391 - INFO - Sent event to agent (ID:1): {"event_type": "object changed", "object_type": "agent", "object": {"id": 1, "coordinates": [0, 3], "parcels_carried_ids": [], "has_key": true, "score": 57, "energy": 82}}
2024-11-08 17:52:19,391 - INFO - Sent event to agent (ID:1): {"event_type": "object changed", "object_type": "key", "object": {"id": 2, "coordinates": [0, 3], "carried_by_id": 1}}
2024-11-08 17:52:19,884 - INFO - Agent 1 moved left: True
2024-11-08 17:52:19,884 - INFO - Sent event to agent (ID:1): {"event_type": "object changed", "object_type": "agent", "object": {"id": 1, "coordinates": [0, 2], "parcels_carried_ids": [], "has_key": true, "score": 57, "energy": 81}}
2024-11-08 17:52:19,884 - INFO - Sent event to agent (ID:1): {"event_type": "object changed", "object_type": "key", "object": {"id": 2, "coordinates": [0, 2], "carried_by_id": 1}}
2024-11-08 17:52:20,477 - INFO - Agent 1 moved left: True
2024-11-08 17:52:20,478 - INFO - Sent event to agent (ID:1): {"event_type": "object changed", "object_type": "agent", "object": {"id": 1, "coordinates": [0, 1], "parcels_carried_ids": [], "has_key": true, "score": 57, "energy": 80}}
2024-11-08 17:52:20,478 - INFO - Sent event to agent (ID:1): {"event_type": "object changed", "object_type": "key", "object": {"id": 2, "coordinates": [0, 1], "carried_by_id": 1}}
2024-11-08 17:52:21,050 - INFO - Agent 1 moved left: True
2024-11-08 17:52:21,050 - INFO - Sent event to agent (ID:1): {"event_type": "object changed", "object_type": "agent", "object": {"id": 1, "coordinates": [0, 0], "parcels_carried_ids": [], "has_key": true, "score": 57, "energy": 79}}
2024-11-08 17:52:21,050 - INFO - Sent event to agent (ID:1): {"event_type": "object changed", "object_type": "key", "object": {"id": 2, "coordinates": [0, 0], "carried_by_id": 1}}
2024-11-08 17:52:35,341 - DEBUG - Replay file written
2024-11-08 17:52:35,341 - DEBUG - Server terminated
