2024-10-22 12:02:41,639 - DEBUG - Server started
2024-10-22 12:02:44,383 - INFO - Agent connected with ID 1 and address ('127.0.0.1', 8081)
2024-10-22 12:02:44,383 - INFO - Sent event to agent (ID:1): {"event_type": "object added", "object_type": "map", "object": {"width": 4, "height": 4, "grid": [{"cell_coordinates": [0, 0], "cell_type": "parcels_spawn"}, {"cell_coordinates": [0, 1], "cell_type": "walkable"}, {"cell_coordinates": [0, 2], "cell_type": "non_walkable"}, {"cell_coordinates": [0, 3], "cell_type": "non_walkable"}, {"cell_coordinates": [1, 0], "cell_type": "walkable"}, {"cell_coordinates": [1, 1], "cell_type": "walkable"}, {"cell_coordinates": [1, 2], "cell_type": "walkable"}, {"cell_coordinates": [1, 3], "cell_type": "delivery_cell"}, {"cell_coordinates": [2, 0], "cell_type": "non_walkable"}, {"cell_coordinates": [2, 1], "cell_type": "non_walkable"}, {"cell_coordinates": [2, 2], "cell_type": "non_walkable"}, {"cell_coordinates": [2, 3], "cell_type": "non_walkable"}, {"cell_coordinates": [3, 0], "cell_type": "non_walkable"}, {"cell_coordinates": [3, 1], "cell_type": "non_walkable"}, {"cell_coordinates": [3, 2], "cell_type": "non_walkable"}, {"cell_coordinates": [3, 3], "cell_type": "non_walkable"}]}}
2024-10-22 12:02:44,390 - INFO - Sent event to agent (ID:1): {"event_type": "object added", "object_type": "parcel", "object": {"id": 1, "coordinates": [0, 0], "score": 20, "carried_by_id": null}}
2024-10-22 12:02:44,390 - INFO - Sent event to agent (ID:1): {"event_type": "object added", "object_type": "agent", "object": {"id": 1, "coordinates": [1, 1], "parcels_carried_ids": [], "has_key": false, "score": 0}}
2024-10-22 12:02:44,390 - INFO - Sent event to agent (ID:1): {"event_type": "object added", "object_type": "key", "object": {"id": 1, "coordinates": [0, 1], "carried_by_id": null}}
2024-10-22 12:02:44,390 - INFO - Sent event to agent (ID:1): {"event_type": "object added", "object_type": "door", "object": {"id": 1, "coordinates": [1, 2]}}
2024-10-22 12:03:37,390 - INFO - Agent 1 moved up: True
2024-10-22 12:03:37,390 - INFO - Sent event to agent (ID:1): {"event_type": "object changed", "object_type": "agent", "object": {"id": 1, "coordinates": [0, 1], "parcels_carried_ids": [], "has_key": false, "score": 0}}
2024-10-22 12:03:37,981 - INFO - Agent 1 moved up: False
2024-10-22 12:03:38,555 - INFO - Agent 1 moved up: False
2024-10-22 12:03:39,078 - INFO - Agent 1 moved up: False
2024-10-22 12:03:39,585 - INFO - Agent 1 moved up: False
2024-10-22 12:03:40,110 - INFO - Agent 1 moved up: False
2024-10-22 12:03:40,773 - INFO - Agent 1 moved up: False
2024-10-22 12:03:41,315 - INFO - Agent 1 moved up: False
2024-10-22 12:03:41,909 - INFO - Agent 1 moved up: False
2024-10-22 12:03:42,417 - INFO - Agent 1 moved up: False
2024-10-22 12:03:42,926 - INFO - Agent 1 moved up: False
2024-10-22 12:03:43,484 - INFO - Agent 1 moved up: False
2024-10-22 12:03:43,988 - INFO - Agent 1 moved up: False
2024-10-22 12:03:44,617 - INFO - Agent 1 moved up: False
2024-10-22 12:03:45,193 - INFO - Agent 1 moved up: False
2024-10-22 12:03:45,788 - INFO - Agent 1 moved up: False
2024-10-22 12:03:46,314 - INFO - Agent 1 moved up: False
2024-10-22 12:03:46,858 - INFO - Agent 1 moved up: False
2024-10-22 12:03:47,402 - INFO - Agent 1 moved up: False
2024-10-22 12:03:47,995 - INFO - Agent 1 moved up: False
2024-10-22 12:03:48,503 - INFO - Agent 1 moved up: False
2024-10-22 12:03:49,046 - INFO - Agent 1 moved up: False
2024-10-22 12:03:49,623 - INFO - Agent 1 moved up: False
2024-10-22 12:03:50,251 - INFO - Agent 1 moved up: False
2024-10-22 12:03:50,778 - INFO - Agent 1 moved up: False
2024-10-22 12:03:51,350 - INFO - Agent 1 moved up: False
2024-10-22 12:03:51,913 - INFO - Agent 1 moved up: False
2024-10-22 12:03:52,455 - INFO - Agent 1 moved up: False
2024-10-22 12:03:53,031 - INFO - Agent 1 moved up: False
2024-10-22 12:03:53,574 - INFO - Agent 1 moved up: False
2024-10-22 12:03:54,086 - INFO - Agent 1 moved up: False
2024-10-22 12:03:54,629 - INFO - Agent 1 moved up: False
2024-10-22 12:03:55,190 - INFO - Agent 1 moved up: False
2024-10-22 12:03:55,714 - INFO - Agent 1 moved up: False
2024-10-22 12:03:56,340 - INFO - Agent 1 moved up: False
2024-10-22 12:03:56,899 - INFO - Agent 1 moved up: False
2024-10-22 12:03:57,477 - INFO - Agent 1 moved up: False
2024-10-22 12:03:58,105 - INFO - Agent 1 moved up: False
2024-10-22 12:03:58,666 - INFO - Agent 1 moved up: False
2024-10-22 12:03:59,191 - INFO - Agent 1 moved up: False
2024-10-22 12:03:59,783 - INFO - Agent 1 moved up: False
2024-10-22 12:04:00,360 - INFO - Agent 1 moved up: False
2024-10-22 12:04:01,159 - INFO - Agent 1 moved up: False
2024-10-22 12:04:01,683 - INFO - Agent 1 moved up: False
2024-10-22 12:04:02,241 - INFO - Agent 1 moved up: False
2024-10-22 12:04:02,798 - INFO - Agent 1 moved up: False
2024-10-22 12:04:03,424 - INFO - Agent 1 moved up: False
2024-10-22 12:04:04,067 - INFO - Agent 1 moved up: False
2024-10-22 12:04:04,612 - INFO - Agent 1 moved up: False
2024-10-22 12:04:05,173 - INFO - Agent 1 moved up: False
2024-10-22 12:04:05,764 - INFO - Agent 1 moved up: False
2024-10-22 12:04:06,308 - INFO - Agent 1 moved up: False
2024-10-22 12:04:06,915 - INFO - Agent 1 moved up: False
2024-10-22 12:04:14,420 - INFO - Agent 1 picked up: True
2024-10-22 12:04:14,421 - INFO - Sent event to agent (ID:1): {"event_type": "object changed", "object_type": "agent", "object": {"id": 1, "coordinates": [0, 1], "parcels_carried_ids": [], "has_key": true, "score": 0}}
2024-10-22 12:04:14,421 - INFO - Sent event to agent (ID:1): {"event_type": "object changed", "object_type": "key", "object": {"id": 1, "coordinates": [0, 1], "carried_by_id": 1}}
2024-10-22 12:04:30,330 - INFO - Agent 1 picked up: False
2024-10-22 12:05:32,143 - INFO - Agent 1 moved left: True
2024-10-22 12:05:32,143 - INFO - Sent event to agent (ID:1): {"event_type": "object changed", "object_type": "agent", "object": {"id": 1, "coordinates": [0, 0], "parcels_carried_ids": [], "has_key": true, "score": 0}}
2024-10-22 12:05:32,143 - INFO - Sent event to agent (ID:1): {"event_type": "object changed", "object_type": "key", "object": {"id": 1, "coordinates": [0, 0], "carried_by_id": 1}}
2024-10-22 12:05:32,788 - INFO - Agent 1 picked up: True
2024-10-22 12:05:32,788 - INFO - Sent event to agent (ID:1): {"event_type": "object changed", "object_type": "parcel", "object": {"id": 1, "coordinates": [0, 0], "score": 20, "carried_by_id": 1}}
2024-10-22 12:05:32,788 - INFO - Sent event to agent (ID:1): {"event_type": "object changed", "object_type": "agent", "object": {"id": 1, "coordinates": [0, 0], "parcels_carried_ids": [1], "has_key": true, "score": 0}}
2024-10-22 12:06:22,249 - INFO - Agent 1 moved right: True
2024-10-22 12:06:22,249 - INFO - Sent event to agent (ID:1): {"event_type": "object changed", "object_type": "parcel", "object": {"id": 1, "coordinates": [0, 1], "score": 20, "carried_by_id": 1}}
2024-10-22 12:06:22,249 - INFO - Sent event to agent (ID:1): {"event_type": "object changed", "object_type": "agent", "object": {"id": 1, "coordinates": [0, 1], "parcels_carried_ids": [1], "has_key": true, "score": 0}}
2024-10-22 12:06:22,249 - INFO - Sent event to agent (ID:1): {"event_type": "object changed", "object_type": "key", "object": {"id": 1, "coordinates": [0, 1], "carried_by_id": 1}}
2024-10-22 12:06:22,829 - INFO - Agent 1 moved down: True
2024-10-22 12:06:22,830 - INFO - Sent event to agent (ID:1): {"event_type": "object changed", "object_type": "parcel", "object": {"id": 1, "coordinates": [1, 1], "score": 20, "carried_by_id": 1}}
2024-10-22 12:06:22,830 - INFO - Sent event to agent (ID:1): {"event_type": "object changed", "object_type": "agent", "object": {"id": 1, "coordinates": [1, 1], "parcels_carried_ids": [1], "has_key": true, "score": 0}}
2024-10-22 12:06:22,830 - INFO - Sent event to agent (ID:1): {"event_type": "object changed", "object_type": "key", "object": {"id": 1, "coordinates": [1, 1], "carried_by_id": 1}}
2024-10-22 12:06:23,387 - INFO - Agent 1 moved left: True
2024-10-22 12:06:23,388 - INFO - Sent event to agent (ID:1): {"event_type": "object changed", "object_type": "parcel", "object": {"id": 1, "coordinates": [1, 0], "score": 20, "carried_by_id": 1}}
2024-10-22 12:06:23,388 - INFO - Sent event to agent (ID:1): {"event_type": "object changed", "object_type": "agent", "object": {"id": 1, "coordinates": [1, 0], "parcels_carried_ids": [1], "has_key": true, "score": 0}}
2024-10-22 12:06:23,388 - INFO - Sent event to agent (ID:1): {"event_type": "object changed", "object_type": "key", "object": {"id": 1, "coordinates": [1, 0], "carried_by_id": 1}}
2024-10-22 12:06:23,964 - INFO - Agent 1 moved right: True
2024-10-22 12:06:23,964 - INFO - Sent event to agent (ID:1): {"event_type": "object changed", "object_type": "parcel", "object": {"id": 1, "coordinates": [1, 1], "score": 20, "carried_by_id": 1}}
2024-10-22 12:06:23,964 - INFO - Sent event to agent (ID:1): {"event_type": "object changed", "object_type": "agent", "object": {"id": 1, "coordinates": [1, 1], "parcels_carried_ids": [1], "has_key": true, "score": 0}}
2024-10-22 12:06:23,964 - INFO - Sent event to agent (ID:1): {"event_type": "object changed", "object_type": "key", "object": {"id": 1, "coordinates": [1, 1], "carried_by_id": 1}}
2024-10-22 12:06:24,559 - INFO - Agent 1 moved right: True
2024-10-22 12:06:24,559 - INFO - Sent event to agent (ID:1): {"event_type": "object changed", "object_type": "parcel", "object": {"id": 1, "coordinates": [1, 2], "score": 20, "carried_by_id": 1}}
2024-10-22 12:06:24,559 - INFO - Sent event to agent (ID:1): {"event_type": "object changed", "object_type": "agent", "object": {"id": 1, "coordinates": [1, 2], "parcels_carried_ids": [1], "has_key": true, "score": 0}}
2024-10-22 12:06:24,559 - INFO - Sent event to agent (ID:1): {"event_type": "object changed", "object_type": "key", "object": {"id": 1, "coordinates": [1, 2], "carried_by_id": 1}}
2024-10-22 12:06:40,913 - INFO - Agent 1 moved up: False
2024-10-22 12:06:41,491 - INFO - Agent 1 moved left: True
2024-10-22 12:06:41,491 - INFO - Sent event to agent (ID:1): {"event_type": "object changed", "object_type": "parcel", "object": {"id": 1, "coordinates": [1, 1], "score": 20, "carried_by_id": 1}}
2024-10-22 12:06:41,491 - INFO - Sent event to agent (ID:1): {"event_type": "object changed", "object_type": "agent", "object": {"id": 1, "coordinates": [1, 1], "parcels_carried_ids": [1], "has_key": true, "score": 0}}
2024-10-22 12:06:41,491 - INFO - Sent event to agent (ID:1): {"event_type": "object changed", "object_type": "key", "object": {"id": 1, "coordinates": [1, 1], "carried_by_id": 1}}
2024-10-22 12:06:42,082 - INFO - Agent 1 picked up: False
2024-10-22 12:07:18,771 - INFO - Agent 1 moved right: True
2024-10-22 12:07:18,772 - INFO - Sent event to agent (ID:1): {"event_type": "object changed", "object_type": "parcel", "object": {"id": 1, "coordinates": [1, 2], "score": 20, "carried_by_id": 1}}
2024-10-22 12:07:18,772 - INFO - Sent event to agent (ID:1): {"event_type": "object changed", "object_type": "agent", "object": {"id": 1, "coordinates": [1, 2], "parcels_carried_ids": [1], "has_key": true, "score": 0}}
2024-10-22 12:07:18,772 - INFO - Sent event to agent (ID:1): {"event_type": "object changed", "object_type": "key", "object": {"id": 1, "coordinates": [1, 2], "carried_by_id": 1}}
2024-10-22 12:07:19,416 - INFO - Agent 1 moved right: True
2024-10-22 12:07:19,417 - INFO - Sent event to agent (ID:1): {"event_type": "object changed", "object_type": "parcel", "object": {"id": 1, "coordinates": [1, 3], "score": 20, "carried_by_id": 1}}
2024-10-22 12:07:19,417 - INFO - Sent event to agent (ID:1): {"event_type": "object changed", "object_type": "agent", "object": {"id": 1, "coordinates": [1, 3], "parcels_carried_ids": [1], "has_key": true, "score": 0}}
2024-10-22 12:07:19,417 - INFO - Sent event to agent (ID:1): {"event_type": "object changed", "object_type": "key", "object": {"id": 1, "coordinates": [1, 3], "carried_by_id": 1}}
2024-10-22 12:07:20,009 - INFO - Agent 1 put down: True
2024-10-22 12:07:20,009 - INFO - Sent event to agent (ID:1): {"event_type": "object changed", "object_type": "agent", "object": {"id": 1, "coordinates": [1, 3], "parcels_carried_ids": [], "has_key": false, "score": 20}}
2024-10-22 12:07:20,009 - INFO - Sent event to agent (ID:1): {"event_type": "object changed", "object_type": "key", "object": {"id": 1, "coordinates": [1, 3], "carried_by_id": null}}
2024-10-22 12:07:20,009 - INFO - Sent event to agent (ID:1): {"event_type": "object removed", "object_type": "parcel", "object": {"id": 1, "coordinates": [1, 3], "score": 20, "carried_by_id": 1}}
2024-10-22 12:07:36,740 - DEBUG - Replay file written
2024-10-22 12:07:36,740 - DEBUG - Server terminated
