2024-10-23 20:21:22,188 - DEBUG - Server started
2024-10-23 20:21:22,864 - INFO - Agent connected with ID 1 and address ('127.0.0.1', 8081)
2024-10-23 20:21:22,864 - INFO - Sent event to agent (ID:1): {"event_type": "object added", "object_type": "map", "object": {"width": 4, "height": 4, "grid": [{"cell_coordinates": [0, 0], "cell_type": "parcels_spawn"}, {"cell_coordinates": [0, 1], "cell_type": "walkable"}, {"cell_coordinates": [0, 2], "cell_type": "walkable"}, {"cell_coordinates": [0, 3], "cell_type": "double_points_delivery_cell"}, {"cell_coordinates": [1, 0], "cell_type": "walkable"}, {"cell_coordinates": [1, 1], "cell_type": "walkable"}, {"cell_coordinates": [1, 2], "cell_type": "walkable"}, {"cell_coordinates": [1, 3], "cell_type": "walkable"}, {"cell_coordinates": [2, 0], "cell_type": "walkable"}, {"cell_coordinates": [2, 1], "cell_type": "walkable"}, {"cell_coordinates": [2, 2], "cell_type": "walkable"}, {"cell_coordinates": [2, 3], "cell_type": "walkable"}, {"cell_coordinates": [3, 0], "cell_type": "delivery_cell"}, {"cell_coordinates": [3, 1], "cell_type": "walkable"}, {"cell_coordinates": [3, 2], "cell_type": "walkable"}, {"cell_coordinates": [3, 3], "cell_type": "walkable"}]}}
2024-10-23 20:21:22,867 - INFO - Sent event to agent (ID:1): {"event_type": "object added", "object_type": "parcel", "object": {"id": 1, "coordinates": [0, 0], "score": 20, "carried_by_id": null}}
2024-10-23 20:21:22,867 - INFO - Sent event to agent (ID:1): {"event_type": "object added", "object_type": "agent", "object": {"id": 1, "coordinates": [1, 1], "parcels_carried_ids": [], "has_key": false, "score": 0}}
2024-10-23 20:21:22,867 - INFO - Sent event to agent (ID:1): {"event_type": "object added", "object_type": "key", "object": {"id": 1, "coordinates": [3, 3], "carried_by_id": null}}
2024-10-23 20:21:22,867 - INFO - Sent event to agent (ID:1): {"event_type": "object added", "object_type": "door", "object": {"id": 1, "coordinates": [0, 2]}}
2024-10-23 20:21:22,867 - INFO - Sent event to agent (ID:1): {"event_type": "object added", "object_type": "door", "object": {"id": 2, "coordinates": [1, 2]}}
2024-10-23 20:21:22,867 - INFO - Sent event to agent (ID:1): {"event_type": "object added", "object_type": "door", "object": {"id": 3, "coordinates": [1, 3]}}
2024-10-23 20:22:09,811 - INFO - Agent 1 moved up: True
2024-10-23 20:22:09,812 - INFO - Sent event to agent (ID:1): {"event_type": "object changed", "object_type": "agent", "object": {"id": 1, "coordinates": [0, 1], "parcels_carried_ids": [], "has_key": false, "score": 0}}
2024-10-23 20:22:10,422 - INFO - Agent 1 picked up: False
2024-10-23 20:22:26,320 - INFO - Agent 1 moved left: True
2024-10-23 20:22:26,321 - INFO - Sent event to agent (ID:1): {"event_type": "object changed", "object_type": "agent", "object": {"id": 1, "coordinates": [0, 0], "parcels_carried_ids": [], "has_key": false, "score": 0}}
2024-10-23 20:22:26,911 - INFO - Agent 1 moved left: False
2024-10-23 20:22:27,504 - INFO - Agent 1 moved left: False
2024-10-23 20:22:28,098 - INFO - Agent 1 moved left: False
2024-10-23 20:22:28,707 - INFO - Agent 1 moved left: False
2024-10-23 20:22:29,250 - INFO - Agent 1 moved left: False
2024-10-23 20:22:29,811 - INFO - Agent 1 moved left: False
2024-10-23 20:22:30,315 - INFO - Agent 1 moved left: False
2024-10-23 20:22:30,958 - INFO - Agent 1 moved left: False
2024-10-23 20:22:31,466 - INFO - Agent 1 moved left: False
2024-10-23 20:22:32,061 - INFO - Agent 1 moved left: False
2024-10-23 20:22:32,602 - INFO - Agent 1 moved left: False
2024-10-23 20:22:33,125 - INFO - Agent 1 moved left: False
2024-10-23 20:22:33,750 - INFO - Agent 1 moved left: False
2024-10-23 20:22:34,289 - INFO - Agent 1 moved left: False
2024-10-23 20:22:34,814 - INFO - Agent 1 moved left: False
2024-10-23 20:22:35,420 - INFO - Agent 1 moved left: False
2024-10-23 20:22:36,064 - INFO - Agent 1 moved left: False
2024-10-23 20:22:36,692 - INFO - Agent 1 moved left: False
2024-10-23 20:22:37,216 - INFO - Agent 1 moved left: False
2024-10-23 20:22:37,808 - INFO - Agent 1 moved left: False
2024-10-23 20:22:38,296 - INFO - Agent 1 moved left: False
2024-10-23 20:22:38,955 - INFO - Agent 1 moved left: False
2024-10-23 20:22:39,529 - INFO - Agent 1 moved left: False
2024-10-23 20:22:40,088 - INFO - Agent 1 moved left: False
2024-10-23 20:22:40,629 - INFO - Agent 1 moved left: False
2024-10-23 20:22:57,676 - INFO - Agent 1 picked up: True
2024-10-23 20:22:57,676 - INFO - Sent event to agent (ID:1): {"event_type": "object changed", "object_type": "parcel", "object": {"id": 1, "coordinates": [0, 0], "score": 20, "carried_by_id": 1}}
2024-10-23 20:22:57,676 - INFO - Sent event to agent (ID:1): {"event_type": "object changed", "object_type": "agent", "object": {"id": 1, "coordinates": [0, 0], "parcels_carried_ids": [1], "has_key": false, "score": 0}}
2024-10-23 20:23:22,881 - INFO - Agent 1 moved down: True
2024-10-23 20:23:22,882 - INFO - Sent event to agent (ID:1): {"event_type": "object changed", "object_type": "parcel", "object": {"id": 1, "coordinates": [1, 0], "score": 20, "carried_by_id": 1}}
2024-10-23 20:23:22,882 - INFO - Sent event to agent (ID:1): {"event_type": "object changed", "object_type": "agent", "object": {"id": 1, "coordinates": [1, 0], "parcels_carried_ids": [1], "has_key": false, "score": 0}}
2024-10-23 20:23:23,437 - INFO - Agent 1 moved down: True
2024-10-23 20:23:23,438 - INFO - Sent event to agent (ID:1): {"event_type": "object changed", "object_type": "parcel", "object": {"id": 1, "coordinates": [2, 0], "score": 20, "carried_by_id": 1}}
2024-10-23 20:23:23,438 - INFO - Sent event to agent (ID:1): {"event_type": "object changed", "object_type": "agent", "object": {"id": 1, "coordinates": [2, 0], "parcels_carried_ids": [1], "has_key": false, "score": 0}}
2024-10-23 20:23:24,118 - INFO - Agent 1 moved down: True
2024-10-23 20:23:24,118 - INFO - Sent event to agent (ID:1): {"event_type": "object changed", "object_type": "parcel", "object": {"id": 1, "coordinates": [3, 0], "score": 20, "carried_by_id": 1}}
2024-10-23 20:23:24,118 - INFO - Sent event to agent (ID:1): {"event_type": "object changed", "object_type": "agent", "object": {"id": 1, "coordinates": [3, 0], "parcels_carried_ids": [1], "has_key": false, "score": 0}}
2024-10-23 20:23:24,694 - INFO - Agent 1 moved down: False
2024-10-23 20:23:25,218 - INFO - Agent 1 moved down: False
2024-10-23 20:23:25,744 - INFO - Agent 1 moved down: False
2024-10-23 20:23:26,286 - INFO - Agent 1 moved down: False
2024-10-23 20:23:26,929 - INFO - Agent 1 moved down: False
2024-10-23 20:23:27,575 - INFO - Agent 1 moved down: False
2024-10-23 20:23:28,151 - INFO - Agent 1 moved down: False
2024-10-23 20:23:28,693 - INFO - Agent 1 moved down: False
2024-10-23 20:23:29,322 - INFO - Agent 1 moved down: False
2024-10-23 20:23:29,929 - INFO - Agent 1 moved down: False
2024-10-23 20:23:30,472 - INFO - Agent 1 moved down: False
2024-10-23 20:23:30,978 - INFO - Agent 1 moved down: False
2024-10-23 20:23:31,569 - INFO - Agent 1 moved down: False
2024-10-23 20:23:32,129 - INFO - Agent 1 moved down: False
2024-10-23 20:23:32,653 - INFO - Agent 1 moved down: False
2024-10-23 20:23:33,177 - INFO - Agent 1 moved down: False
2024-10-23 20:23:33,704 - INFO - Agent 1 moved down: False
2024-10-23 20:23:34,264 - INFO - Agent 1 moved down: False
2024-10-23 20:23:34,789 - INFO - Agent 1 moved down: False
2024-10-23 20:23:35,365 - INFO - Agent 1 moved down: False
2024-10-23 20:23:35,924 - INFO - Agent 1 moved down: False
2024-10-23 20:23:36,502 - INFO - Agent 1 moved down: False
2024-10-23 20:23:37,027 - INFO - Agent 1 moved down: False
2024-10-23 20:23:37,641 - INFO - Agent 1 moved down: False
2024-10-23 20:23:53,968 - INFO - Agent 1 moved right: True
2024-10-23 20:23:53,969 - INFO - Sent event to agent (ID:1): {"event_type": "object changed", "object_type": "parcel", "object": {"id": 1, "coordinates": [3, 1], "score": 20, "carried_by_id": 1}}
2024-10-23 20:23:53,969 - INFO - Sent event to agent (ID:1): {"event_type": "object changed", "object_type": "agent", "object": {"id": 1, "coordinates": [3, 1], "parcels_carried_ids": [1], "has_key": false, "score": 0}}
2024-10-23 20:23:54,512 - INFO - Agent 1 moved right: True
2024-10-23 20:23:54,513 - INFO - Sent event to agent (ID:1): {"event_type": "object changed", "object_type": "parcel", "object": {"id": 1, "coordinates": [3, 2], "score": 20, "carried_by_id": 1}}
2024-10-23 20:23:54,513 - INFO - Sent event to agent (ID:1): {"event_type": "object changed", "object_type": "agent", "object": {"id": 1, "coordinates": [3, 2], "parcels_carried_ids": [1], "has_key": false, "score": 0}}
2024-10-23 20:23:55,072 - INFO - Agent 1 moved right: True
2024-10-23 20:23:55,072 - INFO - Sent event to agent (ID:1): {"event_type": "object changed", "object_type": "parcel", "object": {"id": 1, "coordinates": [3, 3], "score": 20, "carried_by_id": 1}}
2024-10-23 20:23:55,072 - INFO - Sent event to agent (ID:1): {"event_type": "object changed", "object_type": "agent", "object": {"id": 1, "coordinates": [3, 3], "parcels_carried_ids": [1], "has_key": false, "score": 0}}
2024-10-23 20:23:55,599 - INFO - Agent 1 picked up: True
2024-10-23 20:23:55,599 - INFO - Sent event to agent (ID:1): {"event_type": "object changed", "object_type": "agent", "object": {"id": 1, "coordinates": [3, 3], "parcels_carried_ids": [1], "has_key": true, "score": 0}}
2024-10-23 20:23:55,599 - INFO - Sent event to agent (ID:1): {"event_type": "object changed", "object_type": "key", "object": {"id": 1, "coordinates": [3, 3], "carried_by_id": 1}}
2024-10-23 20:24:06,710 - INFO - Agent 1 moved up: True
2024-10-23 20:24:06,711 - INFO - Sent event to agent (ID:1): {"event_type": "object changed", "object_type": "parcel", "object": {"id": 1, "coordinates": [2, 3], "score": 20, "carried_by_id": 1}}
2024-10-23 20:24:06,711 - INFO - Sent event to agent (ID:1): {"event_type": "object changed", "object_type": "agent", "object": {"id": 1, "coordinates": [2, 3], "parcels_carried_ids": [1], "has_key": true, "score": 0}}
2024-10-23 20:24:06,711 - INFO - Sent event to agent (ID:1): {"event_type": "object changed", "object_type": "key", "object": {"id": 1, "coordinates": [2, 3], "carried_by_id": 1}}
2024-10-23 20:24:07,286 - INFO - Agent 1 moved up: True
2024-10-23 20:24:07,286 - INFO - Sent event to agent (ID:1): {"event_type": "object changed", "object_type": "parcel", "object": {"id": 1, "coordinates": [1, 3], "score": 20, "carried_by_id": 1}}
2024-10-23 20:24:07,286 - INFO - Sent event to agent (ID:1): {"event_type": "object changed", "object_type": "agent", "object": {"id": 1, "coordinates": [1, 3], "parcels_carried_ids": [1], "has_key": true, "score": 0}}
2024-10-23 20:24:07,286 - INFO - Sent event to agent (ID:1): {"event_type": "object changed", "object_type": "key", "object": {"id": 1, "coordinates": [1, 3], "carried_by_id": 1}}
2024-10-23 20:24:07,758 - INFO - Agent 1 moved up: True
2024-10-23 20:24:07,758 - INFO - Sent event to agent (ID:1): {"event_type": "object changed", "object_type": "parcel", "object": {"id": 1, "coordinates": [0, 3], "score": 20, "carried_by_id": 1}}
2024-10-23 20:24:07,758 - INFO - Sent event to agent (ID:1): {"event_type": "object changed", "object_type": "agent", "object": {"id": 1, "coordinates": [0, 3], "parcels_carried_ids": [1], "has_key": true, "score": 0}}
2024-10-23 20:24:07,759 - INFO - Sent event to agent (ID:1): {"event_type": "object changed", "object_type": "key", "object": {"id": 1, "coordinates": [0, 3], "carried_by_id": 1}}
2024-10-23 20:24:08,332 - INFO - Agent 1 put down: True
2024-10-23 20:24:08,332 - INFO - Sent event to agent (ID:1): {"event_type": "object changed", "object_type": "agent", "object": {"id": 1, "coordinates": [0, 3], "parcels_carried_ids": [], "has_key": false, "score": 40}}
2024-10-23 20:24:08,332 - INFO - Sent event to agent (ID:1): {"event_type": "object changed", "object_type": "key", "object": {"id": 1, "coordinates": [0, 3], "carried_by_id": null}}
2024-10-23 20:24:08,332 - INFO - Sent event to agent (ID:1): {"event_type": "object removed", "object_type": "parcel", "object": {"id": 1, "coordinates": [0, 3], "score": 20, "carried_by_id": 1}}
2024-10-23 20:24:33,205 - INFO - Agent 1 moved left: False
2024-10-23 20:24:33,796 - INFO - Agent 1 moved left: False
2024-10-23 20:24:34,390 - INFO - Agent 1 moved left: False
2024-10-23 20:24:34,967 - INFO - Agent 1 moved left: False
2024-10-23 20:24:35,510 - INFO - Agent 1 moved left: False
2024-10-23 20:24:36,032 - INFO - Agent 1 moved left: False
2024-10-23 20:24:36,554 - INFO - Agent 1 moved left: False
2024-10-23 20:24:37,183 - INFO - Agent 1 moved left: False
2024-10-23 20:24:37,789 - INFO - Agent 1 moved left: False
2024-10-23 20:24:38,500 - INFO - Agent 1 moved left: False
2024-10-23 20:24:39,010 - INFO - Agent 1 moved left: False
2024-10-23 20:24:39,550 - INFO - Agent 1 moved left: False
2024-10-23 20:24:40,158 - INFO - Agent 1 moved left: False
2024-10-23 20:24:40,698 - INFO - Agent 1 moved left: False
2024-10-23 20:24:41,256 - INFO - Agent 1 moved left: False
2024-10-23 20:24:41,833 - INFO - Agent 1 moved left: False
2024-10-23 20:24:42,308 - INFO - Agent 1 moved left: False
2024-10-23 20:24:42,847 - INFO - Agent 1 moved left: False
2024-10-23 20:24:43,419 - INFO - Agent 1 moved left: False
2024-10-23 20:24:44,025 - INFO - Agent 1 moved left: False
2024-10-23 20:24:44,568 - INFO - Agent 1 moved left: False
2024-10-23 20:24:45,210 - INFO - Agent 1 moved left: False
2024-10-23 20:24:45,838 - INFO - Agent 1 moved left: False
2024-10-23 20:24:46,380 - INFO - Agent 1 moved left: False
2024-10-23 20:24:46,892 - INFO - Agent 1 moved left: False
2024-10-23 20:24:47,433 - INFO - Agent 1 moved left: False
2024-10-23 20:24:47,987 - INFO - Agent 1 moved left: False
2024-10-23 20:25:09,971 - INFO - Agent 1 picked up: True
2024-10-23 20:25:09,971 - INFO - Sent event to agent (ID:1): {"event_type": "object changed", "object_type": "agent", "object": {"id": 1, "coordinates": [0, 3], "parcels_carried_ids": [], "has_key": true, "score": 40}}
2024-10-23 20:25:09,972 - INFO - Sent event to agent (ID:1): {"event_type": "object changed", "object_type": "key", "object": {"id": 1, "coordinates": [0, 3], "carried_by_id": 1}}
2024-10-23 20:25:10,499 - INFO - Agent 1 moved left: True
2024-10-23 20:25:10,499 - INFO - Sent event to agent (ID:1): {"event_type": "object changed", "object_type": "agent", "object": {"id": 1, "coordinates": [0, 2], "parcels_carried_ids": [], "has_key": true, "score": 40}}
2024-10-23 20:25:10,500 - INFO - Sent event to agent (ID:1): {"event_type": "object changed", "object_type": "key", "object": {"id": 1, "coordinates": [0, 2], "carried_by_id": 1}}
2024-10-23 20:25:11,147 - INFO - Agent 1 moved left: True
2024-10-23 20:25:11,147 - INFO - Sent event to agent (ID:1): {"event_type": "object changed", "object_type": "agent", "object": {"id": 1, "coordinates": [0, 1], "parcels_carried_ids": [], "has_key": true, "score": 40}}
2024-10-23 20:25:11,147 - INFO - Sent event to agent (ID:1): {"event_type": "object changed", "object_type": "key", "object": {"id": 1, "coordinates": [0, 1], "carried_by_id": 1}}
2024-10-23 20:25:11,739 - INFO - Agent 1 moved left: True
2024-10-23 20:25:11,739 - INFO - Sent event to agent (ID:1): {"event_type": "object changed", "object_type": "agent", "object": {"id": 1, "coordinates": [0, 0], "parcels_carried_ids": [], "has_key": true, "score": 40}}
2024-10-23 20:25:11,739 - INFO - Sent event to agent (ID:1): {"event_type": "object changed", "object_type": "key", "object": {"id": 1, "coordinates": [0, 0], "carried_by_id": 1}}
2024-10-23 20:25:12,264 - INFO - Agent 1 picked up: False
2024-10-23 20:25:12,805 - INFO - Agent 1 moved right: True
2024-10-23 20:25:12,805 - INFO - Sent event to agent (ID:1): {"event_type": "object changed", "object_type": "agent", "object": {"id": 1, "coordinates": [0, 1], "parcels_carried_ids": [], "has_key": true, "score": 40}}
2024-10-23 20:25:12,805 - INFO - Sent event to agent (ID:1): {"event_type": "object changed", "object_type": "key", "object": {"id": 1, "coordinates": [0, 1], "carried_by_id": 1}}
2024-10-23 20:25:13,332 - INFO - Agent 1 moved right: True
2024-10-23 20:25:13,332 - INFO - Sent event to agent (ID:1): {"event_type": "object changed", "object_type": "agent", "object": {"id": 1, "coordinates": [0, 2], "parcels_carried_ids": [], "has_key": true, "score": 40}}
2024-10-23 20:25:13,333 - INFO - Sent event to agent (ID:1): {"event_type": "object changed", "object_type": "key", "object": {"id": 1, "coordinates": [0, 2], "carried_by_id": 1}}
2024-10-23 20:25:13,926 - INFO - Agent 1 moved right: True
2024-10-23 20:25:13,927 - INFO - Sent event to agent (ID:1): {"event_type": "object changed", "object_type": "agent", "object": {"id": 1, "coordinates": [0, 3], "parcels_carried_ids": [], "has_key": true, "score": 40}}
2024-10-23 20:25:13,927 - INFO - Sent event to agent (ID:1): {"event_type": "object changed", "object_type": "key", "object": {"id": 1, "coordinates": [0, 3], "carried_by_id": 1}}
2024-10-23 20:25:14,436 - INFO - Agent 1 put down: True
2024-10-23 20:25:14,436 - INFO - Sent event to agent (ID:1): {"event_type": "object changed", "object_type": "agent", "object": {"id": 1, "coordinates": [0, 3], "parcels_carried_ids": [], "has_key": false, "score": 40}}
2024-10-23 20:25:14,436 - INFO - Sent event to agent (ID:1): {"event_type": "object changed", "object_type": "key", "object": {"id": 1, "coordinates": [0, 3], "carried_by_id": null}}
2024-10-23 20:25:27,483 - DEBUG - Replay file written
2024-10-23 20:25:27,483 - DEBUG - Server terminated
