2024-10-22 09:25:17,444 - DEBUG - Server started
2024-10-22 09:25:18,157 - INFO - Agent connected with ID 1 and address ('127.0.0.1', 8081)
2024-10-22 09:25:18,157 - INFO - Sent event to agent (ID:1): {"event_type": "object added", "object_type": "map", "object": {"width": 4, "height": 4, "grid": [{"cell_coordinates": [0, 0], "cell_type": "parcels_spawn"}, {"cell_coordinates": [0, 1], "cell_type": "walkable"}, {"cell_coordinates": [0, 2], "cell_type": "walkable"}, {"cell_coordinates": [0, 3], "cell_type": "walkable"}, {"cell_coordinates": [1, 0], "cell_type": "walkable"}, {"cell_coordinates": [1, 1], "cell_type": "walkable"}, {"cell_coordinates": [1, 2], "cell_type": "walkable"}, {"cell_coordinates": [1, 3], "cell_type": "delivery_cell"}, {"cell_coordinates": [2, 0], "cell_type": "non_walkable"}, {"cell_coordinates": [2, 1], "cell_type": "non_walkable"}, {"cell_coordinates": [2, 2], "cell_type": "non_walkable"}, {"cell_coordinates": [2, 3], "cell_type": "non_walkable"}, {"cell_coordinates": [3, 0], "cell_type": "non_walkable"}, {"cell_coordinates": [3, 1], "cell_type": "non_walkable"}, {"cell_coordinates": [3, 2], "cell_type": "non_walkable"}, {"cell_coordinates": [3, 3], "cell_type": "non_walkable"}]}}
2024-10-22 09:25:18,160 - INFO - Sent event to agent (ID:1): {"event_type": "object added", "object_type": "parcel", "object": {"id": 1, "coordinates": [0, 0], "score": 20, "carried_by_id": null}}
2024-10-22 09:25:18,160 - INFO - Sent event to agent (ID:1): {"event_type": "object added", "object_type": "agent", "object": {"id": 1, "coordinates": [1, 1], "parcels_carried_ids": [], "score": 0}}
2024-10-22 09:26:12,700 - INFO - Agent 1 moved up: True
2024-10-22 09:26:12,701 - INFO - Sent event to agent (ID:1): {"event_type": "object changed", "object_type": "agent", "object": {"id": 1, "coordinates": [0, 1], "parcels_carried_ids": [], "score": 0}}
2024-10-22 09:26:31,228 - INFO - Agent 1 moved left: True
2024-10-22 09:26:31,229 - INFO - Sent event to agent (ID:1): {"event_type": "object changed", "object_type": "agent", "object": {"id": 1, "coordinates": [0, 0], "parcels_carried_ids": [], "score": 0}}
2024-10-22 09:26:31,853 - INFO - Agent 1 picked up: True
2024-10-22 09:26:31,853 - INFO - Sent event to agent (ID:1): {"event_type": "object changed", "object_type": "parcel", "object": {"id": 1, "coordinates": [0, 0], "score": 20, "carried_by_id": 1}}
2024-10-22 09:26:31,854 - INFO - Sent event to agent (ID:1): {"event_type": "object changed", "object_type": "agent", "object": {"id": 1, "coordinates": [0, 0], "parcels_carried_ids": [1], "score": 0}}
2024-10-22 09:26:32,348 - INFO - Agent 1 moved down: True
2024-10-22 09:26:32,348 - INFO - Sent event to agent (ID:1): {"event_type": "object changed", "object_type": "parcel", "object": {"id": 1, "coordinates": [1, 0], "score": 20, "carried_by_id": 1}}
2024-10-22 09:26:32,348 - INFO - Sent event to agent (ID:1): {"event_type": "object changed", "object_type": "agent", "object": {"id": 1, "coordinates": [1, 0], "parcels_carried_ids": [1], "score": 0}}
2024-10-22 09:26:32,926 - INFO - Agent 1 moved right: True
2024-10-22 09:26:32,926 - INFO - Sent event to agent (ID:1): {"event_type": "object changed", "object_type": "parcel", "object": {"id": 1, "coordinates": [1, 1], "score": 20, "carried_by_id": 1}}
2024-10-22 09:26:32,926 - INFO - Sent event to agent (ID:1): {"event_type": "object changed", "object_type": "agent", "object": {"id": 1, "coordinates": [1, 1], "parcels_carried_ids": [1], "score": 0}}
2024-10-22 09:26:33,452 - INFO - Agent 1 moved right: True
2024-10-22 09:26:33,452 - INFO - Sent event to agent (ID:1): {"event_type": "object changed", "object_type": "parcel", "object": {"id": 1, "coordinates": [1, 2], "score": 20, "carried_by_id": 1}}
2024-10-22 09:26:33,452 - INFO - Sent event to agent (ID:1): {"event_type": "object changed", "object_type": "agent", "object": {"id": 1, "coordinates": [1, 2], "parcels_carried_ids": [1], "score": 0}}
2024-10-22 09:26:33,993 - INFO - Agent 1 moved right: True
2024-10-22 09:26:33,994 - INFO - Sent event to agent (ID:1): {"event_type": "object changed", "object_type": "parcel", "object": {"id": 1, "coordinates": [1, 3], "score": 20, "carried_by_id": 1}}
2024-10-22 09:26:33,994 - INFO - Sent event to agent (ID:1): {"event_type": "object changed", "object_type": "agent", "object": {"id": 1, "coordinates": [1, 3], "parcels_carried_ids": [1], "score": 0}}
2024-10-22 09:26:34,742 - INFO - Agent 1 put down: True
2024-10-22 09:26:34,742 - INFO - Sent event to agent (ID:1): {"event_type": "object changed", "object_type": "agent", "object": {"id": 1, "coordinates": [1, 3], "parcels_carried_ids": [], "has_key": false, "score": 20}}
2024-10-22 09:26:34,742 - INFO - Sent event to agent (ID:1): {"event_type": "object removed", "object_type": "parcel", "object": {"id": 1, "coordinates": [1, 3], "score": 20, "carried_by_id": 1}}
2024-10-22 09:26:59,707 - DEBUG - Replay file written
2024-10-22 09:26:59,707 - DEBUG - Server terminated
