2024-10-30 18:43:43,334 - DEBUG - Server started
2024-10-30 18:43:43,930 - INFO - Agent connected with ID 1 and address ('127.0.0.1', 8081)
2024-10-30 18:43:43,931 - INFO - Sent event to agent (ID:1): {"event_type": "object added", "object_type": "map", "object": {"width": 4, "height": 4, "grid": [{"cell_coordinates": [0, 0], "cell_type": "parcels_spawn"}, {"cell_coordinates": [0, 1], "cell_type": "walkable"}, {"cell_coordinates": [0, 2], "cell_type": "walkable"}, {"cell_coordinates": [0, 3], "cell_type": "walkable"}, {"cell_coordinates": [1, 0], "cell_type": "walkable"}, {"cell_coordinates": [1, 1], "cell_type": "walkable"}, {"cell_coordinates": [1, 2], "cell_type": "walkable"}, {"cell_coordinates": [1, 3], "cell_type": "delivery_cell"}, {"cell_coordinates": [2, 0], "cell_type": "non_walkable"}, {"cell_coordinates": [2, 1], "cell_type": "non_walkable"}, {"cell_coordinates": [2, 2], "cell_type": "non_walkable"}, {"cell_coordinates": [2, 3], "cell_type": "non_walkable"}, {"cell_coordinates": [3, 0], "cell_type": "non_walkable"}, {"cell_coordinates": [3, 1], "cell_type": "non_walkable"}, {"cell_coordinates": [3, 2], "cell_type": "non_walkable"}, {"cell_coordinates": [3, 3], "cell_type": "non_walkable"}]}}
2024-10-30 18:43:43,935 - INFO - Sent event to agent (ID:1): {"event_type": "object added", "object_type": "agent", "object": {"id": 1, "coordinates": [1, 1], "parcels_carried_ids": [], "score": 0}}
2024-10-30 18:44:04,883 - INFO - Sent event to agent (ID:1): {"event_type": "object added", "object_type": "parcel", "object": {"id": 1, "coordinates": [0, 0], "score": 20, "carried_by_id": null}}
2024-10-30 18:44:25,238 - INFO - Sent event to agent (ID:1): {"event_type": "object added", "object_type": "parcel", "object": {"id": 2, "coordinates": [0, 0], "score": 20, "carried_by_id": null}}
2024-10-30 18:44:36,742 - INFO - Agent 1 moved up: True
2024-10-30 18:44:36,742 - INFO - Sent event to agent (ID:1): {"event_type": "object changed", "object_type": "agent", "object": {"id": 1, "coordinates": [0, 1], "parcels_carried_ids": [], "score": 0}}
2024-10-30 18:44:37,235 - INFO - Agent 1 moved left: True
2024-10-30 18:44:37,236 - INFO - Sent event to agent (ID:1): {"event_type": "object changed", "object_type": "agent", "object": {"id": 1, "coordinates": [0, 0], "parcels_carried_ids": [], "score": 0}}
2024-10-30 18:44:37,778 - INFO - Agent 1 picked up: True
2024-10-30 18:44:37,778 - INFO - Sent event to agent (ID:1): {"event_type": "object changed", "object_type": "parcel", "object": {"id": 1, "coordinates": [0, 0], "score": 20, "carried_by_id": 1}}
2024-10-30 18:44:37,778 - INFO - Sent event to agent (ID:1): {"event_type": "object changed", "object_type": "parcel", "object": {"id": 2, "coordinates": [0, 0], "score": 20, "carried_by_id": 1}}
2024-10-30 18:44:37,778 - INFO - Sent event to agent (ID:1): {"event_type": "object changed", "object_type": "agent", "object": {"id": 1, "coordinates": [0, 0], "parcels_carried_ids": [1, 2], "score": 0}}
2024-10-30 18:44:38,371 - INFO - Agent 1 moved down: True
2024-10-30 18:44:38,372 - INFO - Sent event to agent (ID:1): {"event_type": "object changed", "object_type": "parcel", "object": {"id": 1, "coordinates": [1, 0], "score": 20, "carried_by_id": 1}}
2024-10-30 18:44:38,372 - INFO - Sent event to agent (ID:1): {"event_type": "object changed", "object_type": "parcel", "object": {"id": 2, "coordinates": [1, 0], "score": 20, "carried_by_id": 1}}
2024-10-30 18:44:38,372 - INFO - Sent event to agent (ID:1): {"event_type": "object changed", "object_type": "agent", "object": {"id": 1, "coordinates": [1, 0], "parcels_carried_ids": [1, 2], "score": 0}}
2024-10-30 18:44:39,001 - INFO - Agent 1 moved right: True
2024-10-30 18:44:39,002 - INFO - Sent event to agent (ID:1): {"event_type": "object changed", "object_type": "parcel", "object": {"id": 1, "coordinates": [1, 1], "score": 20, "carried_by_id": 1}}
2024-10-30 18:44:39,002 - INFO - Sent event to agent (ID:1): {"event_type": "object changed", "object_type": "parcel", "object": {"id": 2, "coordinates": [1, 1], "score": 20, "carried_by_id": 1}}
2024-10-30 18:44:39,002 - INFO - Sent event to agent (ID:1): {"event_type": "object changed", "object_type": "agent", "object": {"id": 1, "coordinates": [1, 1], "parcels_carried_ids": [1, 2], "score": 0}}
2024-10-30 18:44:39,526 - INFO - Agent 1 moved right: True
2024-10-30 18:44:39,526 - INFO - Sent event to agent (ID:1): {"event_type": "object changed", "object_type": "parcel", "object": {"id": 1, "coordinates": [1, 2], "score": 20, "carried_by_id": 1}}
2024-10-30 18:44:39,526 - INFO - Sent event to agent (ID:1): {"event_type": "object changed", "object_type": "parcel", "object": {"id": 2, "coordinates": [1, 2], "score": 20, "carried_by_id": 1}}
2024-10-30 18:44:39,526 - INFO - Sent event to agent (ID:1): {"event_type": "object changed", "object_type": "agent", "object": {"id": 1, "coordinates": [1, 2], "parcels_carried_ids": [1, 2], "score": 0}}
2024-10-30 18:44:40,086 - INFO - Agent 1 moved right: True
2024-10-30 18:44:40,086 - INFO - Sent event to agent (ID:1): {"event_type": "object changed", "object_type": "parcel", "object": {"id": 1, "coordinates": [1, 3], "score": 20, "carried_by_id": 1}}
2024-10-30 18:44:40,086 - INFO - Sent event to agent (ID:1): {"event_type": "object changed", "object_type": "parcel", "object": {"id": 2, "coordinates": [1, 3], "score": 20, "carried_by_id": 1}}
2024-10-30 18:44:40,086 - INFO - Sent event to agent (ID:1): {"event_type": "object changed", "object_type": "agent", "object": {"id": 1, "coordinates": [1, 3], "parcels_carried_ids": [1, 2], "score": 0}}
2024-10-30 18:44:40,678 - INFO - Agent 1 put down: True
2024-10-30 18:44:40,678 - INFO - Sent event to agent (ID:1): {"event_type": "object changed", "object_type": "agent", "object": {"id": 1, "coordinates": [1, 3], "parcels_carried_ids": [], "score": 40}}
2024-10-30 18:44:40,678 - INFO - Sent event to agent (ID:1): {"event_type": "object removed", "object_type": "parcel", "object": {"id": 1, "coordinates": [1, 3], "score": 20, "carried_by_id": 1}}
2024-10-30 18:44:40,678 - INFO - Sent event to agent (ID:1): {"event_type": "object removed", "object_type": "parcel", "object": {"id": 2, "coordinates": [1, 3], "score": 20, "carried_by_id": 1}}
2024-10-30 18:44:45,593 - INFO - Sent event to agent (ID:1): {"event_type": "object added", "object_type": "parcel", "object": {"id": 3, "coordinates": [0, 0], "score": 20, "carried_by_id": null}}
2024-10-30 18:44:47,744 - INFO - Agent 1 moved up: True
2024-10-30 18:44:47,744 - INFO - Sent event to agent (ID:1): {"event_type": "object changed", "object_type": "agent", "object": {"id": 1, "coordinates": [0, 3], "parcels_carried_ids": [], "score": 40}}
2024-10-30 18:44:48,252 - INFO - Agent 1 moved left: True
2024-10-30 18:44:48,252 - INFO - Sent event to agent (ID:1): {"event_type": "object changed", "object_type": "agent", "object": {"id": 1, "coordinates": [0, 2], "parcels_carried_ids": [], "score": 40}}
2024-10-30 18:44:48,828 - INFO - Agent 1 moved left: True
2024-10-30 18:44:48,828 - INFO - Sent event to agent (ID:1): {"event_type": "object changed", "object_type": "agent", "object": {"id": 1, "coordinates": [0, 1], "parcels_carried_ids": [], "score": 40}}
2024-10-30 18:44:49,418 - INFO - Agent 1 moved left: True
2024-10-30 18:44:49,418 - INFO - Sent event to agent (ID:1): {"event_type": "object changed", "object_type": "agent", "object": {"id": 1, "coordinates": [0, 0], "parcels_carried_ids": [], "score": 40}}
2024-10-30 18:44:49,996 - INFO - Agent 1 picked up: True
2024-10-30 18:44:49,996 - INFO - Sent event to agent (ID:1): {"event_type": "object changed", "object_type": "parcel", "object": {"id": 3, "coordinates": [0, 0], "score": 20, "carried_by_id": 1}}
2024-10-30 18:44:49,996 - INFO - Sent event to agent (ID:1): {"event_type": "object changed", "object_type": "agent", "object": {"id": 1, "coordinates": [0, 0], "parcels_carried_ids": [3], "score": 40}}
2024-10-30 18:44:50,591 - INFO - Agent 1 moved down: True
2024-10-30 18:44:50,591 - INFO - Sent event to agent (ID:1): {"event_type": "object changed", "object_type": "parcel", "object": {"id": 3, "coordinates": [1, 0], "score": 20, "carried_by_id": 1}}
2024-10-30 18:44:50,591 - INFO - Sent event to agent (ID:1): {"event_type": "object changed", "object_type": "agent", "object": {"id": 1, "coordinates": [1, 0], "parcels_carried_ids": [3], "score": 40}}
2024-10-30 18:44:51,236 - INFO - Agent 1 moved right: True
2024-10-30 18:44:51,236 - INFO - Sent event to agent (ID:1): {"event_type": "object changed", "object_type": "parcel", "object": {"id": 3, "coordinates": [1, 1], "score": 20, "carried_by_id": 1}}
2024-10-30 18:44:51,236 - INFO - Sent event to agent (ID:1): {"event_type": "object changed", "object_type": "agent", "object": {"id": 1, "coordinates": [1, 1], "parcels_carried_ids": [3], "score": 40}}
2024-10-30 18:44:51,797 - INFO - Agent 1 moved right: True
2024-10-30 18:44:51,797 - INFO - Sent event to agent (ID:1): {"event_type": "object changed", "object_type": "parcel", "object": {"id": 3, "coordinates": [1, 2], "score": 20, "carried_by_id": 1}}
2024-10-30 18:44:51,797 - INFO - Sent event to agent (ID:1): {"event_type": "object changed", "object_type": "agent", "object": {"id": 1, "coordinates": [1, 2], "parcels_carried_ids": [3], "score": 40}}
2024-10-30 18:44:52,371 - INFO - Agent 1 moved right: True
2024-10-30 18:44:52,372 - INFO - Sent event to agent (ID:1): {"event_type": "object changed", "object_type": "parcel", "object": {"id": 3, "coordinates": [1, 3], "score": 20, "carried_by_id": 1}}
2024-10-30 18:44:52,372 - INFO - Sent event to agent (ID:1): {"event_type": "object changed", "object_type": "agent", "object": {"id": 1, "coordinates": [1, 3], "parcels_carried_ids": [3], "score": 40}}
2024-10-30 18:44:52,965 - INFO - Agent 1 put down: True
2024-10-30 18:44:52,965 - INFO - Sent event to agent (ID:1): {"event_type": "object changed", "object_type": "agent", "object": {"id": 1, "coordinates": [1, 3], "parcels_carried_ids": [], "score": 60}}
2024-10-30 18:44:52,965 - INFO - Sent event to agent (ID:1): {"event_type": "object removed", "object_type": "parcel", "object": {"id": 3, "coordinates": [1, 3], "score": 20, "carried_by_id": 1}}
2024-10-30 18:45:06,316 - INFO - Sent event to agent (ID:1): {"event_type": "object added", "object_type": "parcel", "object": {"id": 4, "coordinates": [0, 0], "score": 20, "carried_by_id": null}}
2024-10-30 18:45:08,061 - INFO - Agent 1 moved up: True
2024-10-30 18:45:08,062 - INFO - Sent event to agent (ID:1): {"event_type": "object changed", "object_type": "agent", "object": {"id": 1, "coordinates": [0, 3], "parcels_carried_ids": [], "score": 60}}
2024-10-30 18:45:08,561 - INFO - Agent 1 moved left: True
2024-10-30 18:45:08,562 - INFO - Sent event to agent (ID:1): {"event_type": "object changed", "object_type": "agent", "object": {"id": 1, "coordinates": [0, 2], "parcels_carried_ids": [], "score": 60}}
2024-10-30 18:45:09,186 - INFO - Agent 1 moved up: False
2024-10-30 18:45:09,728 - INFO - Agent 1 moved left: True
2024-10-30 18:45:09,728 - INFO - Sent event to agent (ID:1): {"event_type": "object changed", "object_type": "agent", "object": {"id": 1, "coordinates": [0, 1], "parcels_carried_ids": [], "score": 60}}
2024-10-30 18:45:10,238 - INFO - Agent 1 moved up: False
2024-10-30 18:45:10,781 - INFO - Agent 1 moved left: True
2024-10-30 18:45:10,782 - INFO - Sent event to agent (ID:1): {"event_type": "object changed", "object_type": "agent", "object": {"id": 1, "coordinates": [0, 0], "parcels_carried_ids": [], "score": 60}}
2024-10-30 18:45:11,391 - INFO - Agent 1 moved up: False
2024-10-30 18:45:11,951 - INFO - Agent 1 moved left: False
2024-10-30 18:45:12,543 - INFO - Agent 1 moved up: False
2024-10-30 18:45:13,087 - INFO - Agent 1 moved left: False
2024-10-30 18:45:13,580 - INFO - Agent 1 moved up: False
2024-10-30 18:45:14,140 - INFO - Agent 1 moved left: False
2024-10-30 18:45:14,631 - INFO - Agent 1 moved up: False
2024-10-30 18:45:15,174 - INFO - Agent 1 moved left: False
2024-10-30 18:45:15,752 - INFO - Agent 1 moved up: False
2024-10-30 18:45:16,295 - INFO - Agent 1 moved left: False
2024-10-30 18:45:16,805 - INFO - Agent 1 moved up: False
2024-10-30 18:45:17,416 - INFO - Agent 1 moved left: False
2024-10-30 18:45:17,943 - INFO - Agent 1 moved up: False
2024-10-30 18:45:18,521 - INFO - Agent 1 moved left: False
2024-10-30 18:45:19,097 - INFO - Agent 1 moved up: False
2024-10-30 18:45:19,624 - INFO - Agent 1 moved left: False
2024-10-30 18:45:20,150 - INFO - Agent 1 moved up: False
2024-10-30 18:45:20,724 - INFO - Agent 1 moved left: False
2024-10-30 18:45:21,250 - INFO - Agent 1 moved up: False
2024-10-30 18:45:21,738 - INFO - Agent 1 moved left: False
2024-10-30 18:45:22,298 - INFO - Agent 1 moved up: False
2024-10-30 18:45:27,166 - INFO - Sent event to agent (ID:1): {"event_type": "object added", "object_type": "parcel", "object": {"id": 5, "coordinates": [0, 0], "score": 20, "carried_by_id": null}}
2024-10-30 18:45:44,398 - INFO - Agent 1 picked up: True
2024-10-30 18:45:44,398 - INFO - Sent event to agent (ID:1): {"event_type": "object changed", "object_type": "parcel", "object": {"id": 4, "coordinates": [0, 0], "score": 20, "carried_by_id": 1}}
2024-10-30 18:45:44,398 - INFO - Sent event to agent (ID:1): {"event_type": "object changed", "object_type": "parcel", "object": {"id": 5, "coordinates": [0, 0], "score": 20, "carried_by_id": 1}}
2024-10-30 18:45:44,398 - INFO - Sent event to agent (ID:1): {"event_type": "object changed", "object_type": "agent", "object": {"id": 1, "coordinates": [0, 0], "parcels_carried_ids": [4, 5], "score": 60}}
2024-10-30 18:45:44,958 - INFO - Agent 1 moved down: True
2024-10-30 18:45:44,958 - INFO - Sent event to agent (ID:1): {"event_type": "object changed", "object_type": "parcel", "object": {"id": 4, "coordinates": [1, 0], "score": 20, "carried_by_id": 1}}
2024-10-30 18:45:44,958 - INFO - Sent event to agent (ID:1): {"event_type": "object changed", "object_type": "parcel", "object": {"id": 5, "coordinates": [1, 0], "score": 20, "carried_by_id": 1}}
2024-10-30 18:45:44,958 - INFO - Sent event to agent (ID:1): {"event_type": "object changed", "object_type": "agent", "object": {"id": 1, "coordinates": [1, 0], "parcels_carried_ids": [4, 5], "score": 60}}
2024-10-30 18:45:45,498 - INFO - Agent 1 moved right: True
2024-10-30 18:45:45,499 - INFO - Sent event to agent (ID:1): {"event_type": "object changed", "object_type": "parcel", "object": {"id": 4, "coordinates": [1, 1], "score": 20, "carried_by_id": 1}}
2024-10-30 18:45:45,499 - INFO - Sent event to agent (ID:1): {"event_type": "object changed", "object_type": "parcel", "object": {"id": 5, "coordinates": [1, 1], "score": 20, "carried_by_id": 1}}
2024-10-30 18:45:45,499 - INFO - Sent event to agent (ID:1): {"event_type": "object changed", "object_type": "agent", "object": {"id": 1, "coordinates": [1, 1], "parcels_carried_ids": [4, 5], "score": 60}}
2024-10-30 18:45:46,143 - INFO - Agent 1 put down: True
2024-10-30 18:45:46,144 - INFO - Sent event to agent (ID:1): {"event_type": "object changed", "object_type": "parcel", "object": {"id": 4, "coordinates": [1, 1], "score": 20, "carried_by_id": null}}
2024-10-30 18:45:46,144 - INFO - Sent event to agent (ID:1): {"event_type": "object changed", "object_type": "parcel", "object": {"id": 5, "coordinates": [1, 1], "score": 20, "carried_by_id": null}}
2024-10-30 18:45:46,144 - INFO - Sent event to agent (ID:1): {"event_type": "object changed", "object_type": "agent", "object": {"id": 1, "coordinates": [1, 1], "parcels_carried_ids": [], "score": 60}}
2024-10-30 18:45:47,674 - INFO - Sent event to agent (ID:1): {"event_type": "object added", "object_type": "parcel", "object": {"id": 6, "coordinates": [0, 0], "score": 20, "carried_by_id": null}}
2024-10-30 18:46:08,040 - INFO - Sent event to agent (ID:1): {"event_type": "object added", "object_type": "parcel", "object": {"id": 7, "coordinates": [0, 0], "score": 20, "carried_by_id": null}}
2024-10-30 18:46:26,593 - INFO - Agent 1 moved up: True
2024-10-30 18:46:26,594 - INFO - Sent event to agent (ID:1): {"event_type": "object changed", "object_type": "agent", "object": {"id": 1, "coordinates": [0, 1], "parcels_carried_ids": [], "score": 60}}
2024-10-30 18:46:27,167 - INFO - Agent 1 moved up: False
2024-10-30 18:46:27,743 - INFO - Agent 1 moved up: False
2024-10-30 18:46:28,370 - INFO - Agent 1 moved up: False
2024-10-30 18:46:28,405 - INFO - Sent event to agent (ID:1): {"event_type": "object added", "object_type": "parcel", "object": {"id": 8, "coordinates": [0, 0], "score": 20, "carried_by_id": null}}
2024-10-30 18:46:28,931 - INFO - Agent 1 moved up: False
2024-10-30 18:46:29,508 - INFO - Agent 1 moved up: False
2024-10-30 18:46:30,065 - INFO - Agent 1 moved up: False
2024-10-30 18:46:30,605 - INFO - Agent 1 moved up: False
2024-10-30 18:46:31,114 - INFO - Agent 1 moved up: False
2024-10-30 18:46:31,692 - INFO - Agent 1 moved up: False
2024-10-30 18:46:32,252 - INFO - Agent 1 moved up: False
2024-10-30 18:46:32,775 - INFO - Agent 1 moved up: False
2024-10-30 18:46:33,353 - INFO - Agent 1 moved up: False
2024-10-30 18:46:33,999 - INFO - Agent 1 moved up: False
2024-10-30 18:46:34,542 - INFO - Agent 1 moved up: False
2024-10-30 18:46:35,050 - INFO - Agent 1 moved up: False
2024-10-30 18:46:35,594 - INFO - Agent 1 moved up: False
2024-10-30 18:46:36,154 - INFO - Agent 1 moved up: False
2024-10-30 18:46:36,697 - INFO - Agent 1 moved up: False
2024-10-30 18:46:37,207 - INFO - Agent 1 moved up: False
2024-10-30 18:46:37,749 - INFO - Agent 1 moved up: False
2024-10-30 18:46:38,431 - INFO - Agent 1 moved up: False
2024-10-30 18:46:39,024 - INFO - Agent 1 moved up: False
2024-10-30 18:46:39,581 - INFO - Agent 1 moved up: False
2024-10-30 18:46:40,107 - INFO - Agent 1 moved up: False
2024-10-30 18:46:40,767 - INFO - Agent 1 moved up: False
2024-10-30 18:46:41,309 - INFO - Agent 1 moved up: False
2024-10-30 18:46:48,763 - INFO - Sent event to agent (ID:1): {"event_type": "object added", "object_type": "parcel", "object": {"id": 9, "coordinates": [0, 0], "score": 20, "carried_by_id": null}}
2024-10-30 18:46:50,644 - INFO - Agent 1 moved left: True
2024-10-30 18:46:50,644 - INFO - Sent event to agent (ID:1): {"event_type": "object changed", "object_type": "agent", "object": {"id": 1, "coordinates": [0, 0], "parcels_carried_ids": [], "score": 60}}
2024-10-30 18:46:51,170 - INFO - Agent 1 moved left: False
2024-10-30 18:46:51,679 - INFO - Agent 1 moved left: False
2024-10-30 18:46:52,236 - INFO - Agent 1 moved left: False
2024-10-30 18:46:52,825 - INFO - Agent 1 moved left: False
2024-10-30 18:46:53,418 - INFO - Agent 1 moved left: False
2024-10-30 18:46:54,063 - INFO - Agent 1 moved left: False
2024-10-30 18:46:54,658 - INFO - Agent 1 moved left: False
2024-10-30 18:46:55,197 - INFO - Agent 1 moved left: False
2024-10-30 18:46:55,757 - INFO - Agent 1 moved left: False
2024-10-30 18:46:56,282 - INFO - Agent 1 moved left: False
2024-10-30 18:46:56,774 - INFO - Agent 1 moved left: False
2024-10-30 18:46:57,299 - INFO - Agent 1 moved left: False
2024-10-30 18:46:57,861 - INFO - Agent 1 moved left: False
2024-10-30 18:46:58,421 - INFO - Agent 1 moved left: False
2024-10-30 18:46:59,048 - INFO - Agent 1 moved left: False
2024-10-30 18:46:59,607 - INFO - Agent 1 moved left: False
2024-10-30 18:47:00,147 - INFO - Agent 1 moved left: False
2024-10-30 18:47:00,639 - INFO - Agent 1 moved left: False
2024-10-30 18:47:01,129 - INFO - Agent 1 moved left: False
2024-10-30 18:47:01,620 - INFO - Agent 1 moved left: False
2024-10-30 18:47:02,113 - INFO - Agent 1 moved left: False
2024-10-30 18:47:02,704 - INFO - Agent 1 moved left: False
2024-10-30 18:47:03,280 - INFO - Agent 1 moved left: False
2024-10-30 18:47:03,857 - INFO - Agent 1 moved left: False
2024-10-30 18:47:04,416 - INFO - Agent 1 moved left: False
2024-10-30 18:47:04,959 - INFO - Agent 1 moved left: False
2024-10-30 18:47:09,097 - INFO - Sent event to agent (ID:1): {"event_type": "object added", "object_type": "parcel", "object": {"id": 10, "coordinates": [0, 0], "score": 20, "carried_by_id": null}}
2024-10-30 18:47:21,348 - INFO - Agent 1 moved down: True
2024-10-30 18:47:21,349 - INFO - Sent event to agent (ID:1): {"event_type": "object changed", "object_type": "agent", "object": {"id": 1, "coordinates": [1, 0], "parcels_carried_ids": [], "score": 60}}
2024-10-30 18:47:21,924 - INFO - Agent 1 picked up: False
2024-10-30 18:47:22,484 - INFO - Agent 1 moved down: False
2024-10-30 18:47:29,837 - INFO - Sent event to agent (ID:1): {"event_type": "object added", "object_type": "parcel", "object": {"id": 11, "coordinates": [0, 0], "score": 20, "carried_by_id": null}}
2024-10-30 18:47:34,949 - INFO - Agent 1 moved up: True
2024-10-30 18:47:34,949 - INFO - Sent event to agent (ID:1): {"event_type": "object changed", "object_type": "agent", "object": {"id": 1, "coordinates": [0, 0], "parcels_carried_ids": [], "score": 60}}
2024-10-30 18:47:35,556 - INFO - Agent 1 picked up: True
2024-10-30 18:47:35,557 - INFO - Sent event to agent (ID:1): {"event_type": "object changed", "object_type": "parcel", "object": {"id": 6, "coordinates": [0, 0], "score": 20, "carried_by_id": 1}}
2024-10-30 18:47:35,557 - INFO - Sent event to agent (ID:1): {"event_type": "object changed", "object_type": "parcel", "object": {"id": 7, "coordinates": [0, 0], "score": 20, "carried_by_id": 1}}
2024-10-30 18:47:35,557 - INFO - Sent event to agent (ID:1): {"event_type": "object changed", "object_type": "parcel", "object": {"id": 8, "coordinates": [0, 0], "score": 20, "carried_by_id": 1}}
2024-10-30 18:47:35,557 - INFO - Sent event to agent (ID:1): {"event_type": "object changed", "object_type": "parcel", "object": {"id": 9, "coordinates": [0, 0], "score": 20, "carried_by_id": 1}}
2024-10-30 18:47:35,557 - INFO - Sent event to agent (ID:1): {"event_type": "object changed", "object_type": "parcel", "object": {"id": 10, "coordinates": [0, 0], "score": 20, "carried_by_id": 1}}
2024-10-30 18:47:35,557 - INFO - Sent event to agent (ID:1): {"event_type": "object changed", "object_type": "parcel", "object": {"id": 11, "coordinates": [0, 0], "score": 20, "carried_by_id": 1}}
2024-10-30 18:47:35,557 - INFO - Sent event to agent (ID:1): {"event_type": "object changed", "object_type": "agent", "object": {"id": 1, "coordinates": [0, 0], "parcels_carried_ids": [6, 7, 8, 9, 10, 11], "score": 60}}
2024-10-30 18:47:45,368 - INFO - Agent 1 moved down: True
2024-10-30 18:47:45,368 - INFO - Sent event to agent (ID:1): {"event_type": "object changed", "object_type": "parcel", "object": {"id": 6, "coordinates": [1, 0], "score": 20, "carried_by_id": 1}}
2024-10-30 18:47:45,368 - INFO - Sent event to agent (ID:1): {"event_type": "object changed", "object_type": "parcel", "object": {"id": 7, "coordinates": [1, 0], "score": 20, "carried_by_id": 1}}
2024-10-30 18:47:45,368 - INFO - Sent event to agent (ID:1): {"event_type": "object changed", "object_type": "parcel", "object": {"id": 8, "coordinates": [1, 0], "score": 20, "carried_by_id": 1}}
2024-10-30 18:47:45,368 - INFO - Sent event to agent (ID:1): {"event_type": "object changed", "object_type": "parcel", "object": {"id": 9, "coordinates": [1, 0], "score": 20, "carried_by_id": 1}}
2024-10-30 18:47:45,368 - INFO - Sent event to agent (ID:1): {"event_type": "object changed", "object_type": "parcel", "object": {"id": 10, "coordinates": [1, 0], "score": 20, "carried_by_id": 1}}
2024-10-30 18:47:45,368 - INFO - Sent event to agent (ID:1): {"event_type": "object changed", "object_type": "parcel", "object": {"id": 11, "coordinates": [1, 0], "score": 20, "carried_by_id": 1}}
2024-10-30 18:47:45,368 - INFO - Sent event to agent (ID:1): {"event_type": "object changed", "object_type": "agent", "object": {"id": 1, "coordinates": [1, 0], "parcels_carried_ids": [6, 7, 8, 9, 10, 11], "score": 60}}
2024-10-30 18:47:45,977 - INFO - Agent 1 moved right: True
2024-10-30 18:47:45,978 - INFO - Sent event to agent (ID:1): {"event_type": "object changed", "object_type": "parcel", "object": {"id": 6, "coordinates": [1, 1], "score": 20, "carried_by_id": 1}}
2024-10-30 18:47:45,978 - INFO - Sent event to agent (ID:1): {"event_type": "object changed", "object_type": "parcel", "object": {"id": 7, "coordinates": [1, 1], "score": 20, "carried_by_id": 1}}
2024-10-30 18:47:45,978 - INFO - Sent event to agent (ID:1): {"event_type": "object changed", "object_type": "parcel", "object": {"id": 8, "coordinates": [1, 1], "score": 20, "carried_by_id": 1}}
2024-10-30 18:47:45,978 - INFO - Sent event to agent (ID:1): {"event_type": "object changed", "object_type": "parcel", "object": {"id": 9, "coordinates": [1, 1], "score": 20, "carried_by_id": 1}}
2024-10-30 18:47:45,978 - INFO - Sent event to agent (ID:1): {"event_type": "object changed", "object_type": "parcel", "object": {"id": 10, "coordinates": [1, 1], "score": 20, "carried_by_id": 1}}
2024-10-30 18:47:45,978 - INFO - Sent event to agent (ID:1): {"event_type": "object changed", "object_type": "parcel", "object": {"id": 11, "coordinates": [1, 1], "score": 20, "carried_by_id": 1}}
2024-10-30 18:47:45,978 - INFO - Sent event to agent (ID:1): {"event_type": "object changed", "object_type": "agent", "object": {"id": 1, "coordinates": [1, 1], "parcels_carried_ids": [6, 7, 8, 9, 10, 11], "score": 60}}
2024-10-30 18:47:46,569 - INFO - Agent 1 moved down: False
2024-10-30 18:47:47,161 - INFO - Agent 1 moved right: True
2024-10-30 18:47:47,161 - INFO - Sent event to agent (ID:1): {"event_type": "object changed", "object_type": "parcel", "object": {"id": 6, "coordinates": [1, 2], "score": 20, "carried_by_id": 1}}
2024-10-30 18:47:47,161 - INFO - Sent event to agent (ID:1): {"event_type": "object changed", "object_type": "parcel", "object": {"id": 7, "coordinates": [1, 2], "score": 20, "carried_by_id": 1}}
2024-10-30 18:47:47,161 - INFO - Sent event to agent (ID:1): {"event_type": "object changed", "object_type": "parcel", "object": {"id": 8, "coordinates": [1, 2], "score": 20, "carried_by_id": 1}}
2024-10-30 18:47:47,161 - INFO - Sent event to agent (ID:1): {"event_type": "object changed", "object_type": "parcel", "object": {"id": 9, "coordinates": [1, 2], "score": 20, "carried_by_id": 1}}
2024-10-30 18:47:47,161 - INFO - Sent event to agent (ID:1): {"event_type": "object changed", "object_type": "parcel", "object": {"id": 10, "coordinates": [1, 2], "score": 20, "carried_by_id": 1}}
2024-10-30 18:47:47,161 - INFO - Sent event to agent (ID:1): {"event_type": "object changed", "object_type": "parcel", "object": {"id": 11, "coordinates": [1, 2], "score": 20, "carried_by_id": 1}}
2024-10-30 18:47:47,161 - INFO - Sent event to agent (ID:1): {"event_type": "object changed", "object_type": "agent", "object": {"id": 1, "coordinates": [1, 2], "parcels_carried_ids": [6, 7, 8, 9, 10, 11], "score": 60}}
2024-10-30 18:47:47,757 - INFO - Agent 1 moved down: False
2024-10-30 18:47:48,371 - INFO - Agent 1 moved right: True
2024-10-30 18:47:48,371 - INFO - Sent event to agent (ID:1): {"event_type": "object changed", "object_type": "parcel", "object": {"id": 6, "coordinates": [1, 3], "score": 20, "carried_by_id": 1}}
2024-10-30 18:47:48,371 - INFO - Sent event to agent (ID:1): {"event_type": "object changed", "object_type": "parcel", "object": {"id": 7, "coordinates": [1, 3], "score": 20, "carried_by_id": 1}}
2024-10-30 18:47:48,371 - INFO - Sent event to agent (ID:1): {"event_type": "object changed", "object_type": "parcel", "object": {"id": 8, "coordinates": [1, 3], "score": 20, "carried_by_id": 1}}
2024-10-30 18:47:48,371 - INFO - Sent event to agent (ID:1): {"event_type": "object changed", "object_type": "parcel", "object": {"id": 9, "coordinates": [1, 3], "score": 20, "carried_by_id": 1}}
2024-10-30 18:47:48,371 - INFO - Sent event to agent (ID:1): {"event_type": "object changed", "object_type": "parcel", "object": {"id": 10, "coordinates": [1, 3], "score": 20, "carried_by_id": 1}}
2024-10-30 18:47:48,371 - INFO - Sent event to agent (ID:1): {"event_type": "object changed", "object_type": "parcel", "object": {"id": 11, "coordinates": [1, 3], "score": 20, "carried_by_id": 1}}
2024-10-30 18:47:48,371 - INFO - Sent event to agent (ID:1): {"event_type": "object changed", "object_type": "agent", "object": {"id": 1, "coordinates": [1, 3], "parcels_carried_ids": [6, 7, 8, 9, 10, 11], "score": 60}}
2024-10-30 18:47:48,915 - INFO - Agent 1 moved down: False
2024-10-30 18:47:49,493 - INFO - Agent 1 moved right: False
2024-10-30 18:47:50,019 - INFO - Agent 1 moved down: False
2024-10-30 18:47:50,326 - INFO - Sent event to agent (ID:1): {"event_type": "object added", "object_type": "parcel", "object": {"id": 12, "coordinates": [0, 0], "score": 20, "carried_by_id": null}}
2024-10-30 18:47:50,581 - INFO - Agent 1 moved right: False
2024-10-30 18:47:51,261 - INFO - Agent 1 moved down: False
2024-10-30 18:47:51,935 - INFO - Agent 1 moved right: False
2024-10-30 18:47:52,563 - INFO - Agent 1 moved down: False
2024-10-30 18:47:53,053 - INFO - Agent 1 moved right: False
2024-10-30 18:47:53,612 - INFO - Agent 1 moved down: False
2024-10-30 18:47:54,187 - INFO - Agent 1 moved right: False
2024-10-30 18:47:54,781 - INFO - Agent 1 moved down: False
2024-10-30 18:47:55,322 - INFO - Agent 1 moved right: False
2024-10-30 18:47:55,932 - INFO - Agent 1 moved down: False
2024-10-30 18:47:56,441 - INFO - Agent 1 moved right: False
2024-10-30 18:47:57,003 - INFO - Agent 1 moved down: False
2024-10-30 18:47:57,699 - INFO - Agent 1 moved right: False
2024-10-30 18:47:58,227 - INFO - Agent 1 moved down: False
2024-10-30 18:47:58,803 - INFO - Agent 1 moved right: False
2024-10-30 18:47:59,339 - INFO - Agent 1 moved down: False
2024-10-30 18:47:59,919 - INFO - Agent 1 moved right: False
2024-10-30 18:48:10,672 - INFO - Sent event to agent (ID:1): {"event_type": "object added", "object_type": "parcel", "object": {"id": 13, "coordinates": [0, 0], "score": 20, "carried_by_id": null}}
2024-10-30 18:48:18,747 - INFO - Agent 1 moved up: True
2024-10-30 18:48:18,747 - INFO - Sent event to agent (ID:1): {"event_type": "object changed", "object_type": "parcel", "object": {"id": 6, "coordinates": [0, 3], "score": 20, "carried_by_id": 1}}
2024-10-30 18:48:18,748 - INFO - Sent event to agent (ID:1): {"event_type": "object changed", "object_type": "parcel", "object": {"id": 7, "coordinates": [0, 3], "score": 20, "carried_by_id": 1}}
2024-10-30 18:48:18,748 - INFO - Sent event to agent (ID:1): {"event_type": "object changed", "object_type": "parcel", "object": {"id": 8, "coordinates": [0, 3], "score": 20, "carried_by_id": 1}}
2024-10-30 18:48:18,748 - INFO - Sent event to agent (ID:1): {"event_type": "object changed", "object_type": "parcel", "object": {"id": 9, "coordinates": [0, 3], "score": 20, "carried_by_id": 1}}
2024-10-30 18:48:18,748 - INFO - Sent event to agent (ID:1): {"event_type": "object changed", "object_type": "parcel", "object": {"id": 10, "coordinates": [0, 3], "score": 20, "carried_by_id": 1}}
2024-10-30 18:48:18,748 - INFO - Sent event to agent (ID:1): {"event_type": "object changed", "object_type": "parcel", "object": {"id": 11, "coordinates": [0, 3], "score": 20, "carried_by_id": 1}}
2024-10-30 18:48:18,748 - INFO - Sent event to agent (ID:1): {"event_type": "object changed", "object_type": "agent", "object": {"id": 1, "coordinates": [0, 3], "parcels_carried_ids": [6, 7, 8, 9, 10, 11], "score": 60}}
2024-10-30 18:48:19,288 - INFO - Agent 1 moved left: True
2024-10-30 18:48:19,289 - INFO - Sent event to agent (ID:1): {"event_type": "object changed", "object_type": "parcel", "object": {"id": 6, "coordinates": [0, 2], "score": 20, "carried_by_id": 1}}
2024-10-30 18:48:19,289 - INFO - Sent event to agent (ID:1): {"event_type": "object changed", "object_type": "parcel", "object": {"id": 7, "coordinates": [0, 2], "score": 20, "carried_by_id": 1}}
2024-10-30 18:48:19,289 - INFO - Sent event to agent (ID:1): {"event_type": "object changed", "object_type": "parcel", "object": {"id": 8, "coordinates": [0, 2], "score": 20, "carried_by_id": 1}}
2024-10-30 18:48:19,289 - INFO - Sent event to agent (ID:1): {"event_type": "object changed", "object_type": "parcel", "object": {"id": 9, "coordinates": [0, 2], "score": 20, "carried_by_id": 1}}
2024-10-30 18:48:19,289 - INFO - Sent event to agent (ID:1): {"event_type": "object changed", "object_type": "parcel", "object": {"id": 10, "coordinates": [0, 2], "score": 20, "carried_by_id": 1}}
2024-10-30 18:48:19,289 - INFO - Sent event to agent (ID:1): {"event_type": "object changed", "object_type": "parcel", "object": {"id": 11, "coordinates": [0, 2], "score": 20, "carried_by_id": 1}}
2024-10-30 18:48:19,289 - INFO - Sent event to agent (ID:1): {"event_type": "object changed", "object_type": "agent", "object": {"id": 1, "coordinates": [0, 2], "parcels_carried_ids": [6, 7, 8, 9, 10, 11], "score": 60}}
2024-10-30 18:48:19,865 - INFO - Agent 1 moved left: True
2024-10-30 18:48:19,865 - INFO - Sent event to agent (ID:1): {"event_type": "object changed", "object_type": "parcel", "object": {"id": 6, "coordinates": [0, 1], "score": 20, "carried_by_id": 1}}
2024-10-30 18:48:19,865 - INFO - Sent event to agent (ID:1): {"event_type": "object changed", "object_type": "parcel", "object": {"id": 7, "coordinates": [0, 1], "score": 20, "carried_by_id": 1}}
2024-10-30 18:48:19,865 - INFO - Sent event to agent (ID:1): {"event_type": "object changed", "object_type": "parcel", "object": {"id": 8, "coordinates": [0, 1], "score": 20, "carried_by_id": 1}}
2024-10-30 18:48:19,865 - INFO - Sent event to agent (ID:1): {"event_type": "object changed", "object_type": "parcel", "object": {"id": 9, "coordinates": [0, 1], "score": 20, "carried_by_id": 1}}
2024-10-30 18:48:19,866 - INFO - Sent event to agent (ID:1): {"event_type": "object changed", "object_type": "parcel", "object": {"id": 10, "coordinates": [0, 1], "score": 20, "carried_by_id": 1}}
2024-10-30 18:48:19,866 - INFO - Sent event to agent (ID:1): {"event_type": "object changed", "object_type": "parcel", "object": {"id": 11, "coordinates": [0, 1], "score": 20, "carried_by_id": 1}}
2024-10-30 18:48:19,866 - INFO - Sent event to agent (ID:1): {"event_type": "object changed", "object_type": "agent", "object": {"id": 1, "coordinates": [0, 1], "parcels_carried_ids": [6, 7, 8, 9, 10, 11], "score": 60}}
2024-10-30 18:48:20,442 - INFO - Agent 1 moved left: True
2024-10-30 18:48:20,442 - INFO - Sent event to agent (ID:1): {"event_type": "object changed", "object_type": "parcel", "object": {"id": 6, "coordinates": [0, 0], "score": 20, "carried_by_id": 1}}
2024-10-30 18:48:20,442 - INFO - Sent event to agent (ID:1): {"event_type": "object changed", "object_type": "parcel", "object": {"id": 7, "coordinates": [0, 0], "score": 20, "carried_by_id": 1}}
2024-10-30 18:48:20,442 - INFO - Sent event to agent (ID:1): {"event_type": "object changed", "object_type": "parcel", "object": {"id": 8, "coordinates": [0, 0], "score": 20, "carried_by_id": 1}}
2024-10-30 18:48:20,442 - INFO - Sent event to agent (ID:1): {"event_type": "object changed", "object_type": "parcel", "object": {"id": 9, "coordinates": [0, 0], "score": 20, "carried_by_id": 1}}
2024-10-30 18:48:20,442 - INFO - Sent event to agent (ID:1): {"event_type": "object changed", "object_type": "parcel", "object": {"id": 10, "coordinates": [0, 0], "score": 20, "carried_by_id": 1}}
2024-10-30 18:48:20,442 - INFO - Sent event to agent (ID:1): {"event_type": "object changed", "object_type": "parcel", "object": {"id": 11, "coordinates": [0, 0], "score": 20, "carried_by_id": 1}}
2024-10-30 18:48:20,443 - INFO - Sent event to agent (ID:1): {"event_type": "object changed", "object_type": "agent", "object": {"id": 1, "coordinates": [0, 0], "parcels_carried_ids": [6, 7, 8, 9, 10, 11], "score": 60}}
2024-10-30 18:48:20,986 - INFO - Agent 1 picked up: True
2024-10-30 18:48:20,987 - INFO - Sent event to agent (ID:1): {"event_type": "object changed", "object_type": "parcel", "object": {"id": 12, "coordinates": [0, 0], "score": 20, "carried_by_id": 1}}
2024-10-30 18:48:20,987 - INFO - Sent event to agent (ID:1): {"event_type": "object changed", "object_type": "parcel", "object": {"id": 13, "coordinates": [0, 0], "score": 20, "carried_by_id": 1}}
2024-10-30 18:48:20,987 - INFO - Sent event to agent (ID:1): {"event_type": "object changed", "object_type": "agent", "object": {"id": 1, "coordinates": [0, 0], "parcels_carried_ids": [6, 7, 8, 9, 10, 11, 12, 13], "score": 60}}
2024-10-30 18:48:21,545 - INFO - Agent 1 moved down: True
2024-10-30 18:48:21,545 - INFO - Sent event to agent (ID:1): {"event_type": "object changed", "object_type": "parcel", "object": {"id": 6, "coordinates": [1, 0], "score": 20, "carried_by_id": 1}}
2024-10-30 18:48:21,545 - INFO - Sent event to agent (ID:1): {"event_type": "object changed", "object_type": "parcel", "object": {"id": 7, "coordinates": [1, 0], "score": 20, "carried_by_id": 1}}
2024-10-30 18:48:21,545 - INFO - Sent event to agent (ID:1): {"event_type": "object changed", "object_type": "parcel", "object": {"id": 8, "coordinates": [1, 0], "score": 20, "carried_by_id": 1}}
2024-10-30 18:48:21,545 - INFO - Sent event to agent (ID:1): {"event_type": "object changed", "object_type": "parcel", "object": {"id": 9, "coordinates": [1, 0], "score": 20, "carried_by_id": 1}}
2024-10-30 18:48:21,545 - INFO - Sent event to agent (ID:1): {"event_type": "object changed", "object_type": "parcel", "object": {"id": 10, "coordinates": [1, 0], "score": 20, "carried_by_id": 1}}
2024-10-30 18:48:21,545 - INFO - Sent event to agent (ID:1): {"event_type": "object changed", "object_type": "parcel", "object": {"id": 11, "coordinates": [1, 0], "score": 20, "carried_by_id": 1}}
2024-10-30 18:48:21,545 - INFO - Sent event to agent (ID:1): {"event_type": "object changed", "object_type": "parcel", "object": {"id": 12, "coordinates": [1, 0], "score": 20, "carried_by_id": 1}}
2024-10-30 18:48:21,545 - INFO - Sent event to agent (ID:1): {"event_type": "object changed", "object_type": "parcel", "object": {"id": 13, "coordinates": [1, 0], "score": 20, "carried_by_id": 1}}
2024-10-30 18:48:21,545 - INFO - Sent event to agent (ID:1): {"event_type": "object changed", "object_type": "agent", "object": {"id": 1, "coordinates": [1, 0], "parcels_carried_ids": [6, 7, 8, 9, 10, 11, 12, 13], "score": 60}}
2024-10-30 18:48:22,291 - INFO - Agent 1 moved right: True
2024-10-30 18:48:22,291 - INFO - Sent event to agent (ID:1): {"event_type": "object changed", "object_type": "parcel", "object": {"id": 6, "coordinates": [1, 1], "score": 20, "carried_by_id": 1}}
2024-10-30 18:48:22,292 - INFO - Sent event to agent (ID:1): {"event_type": "object changed", "object_type": "parcel", "object": {"id": 7, "coordinates": [1, 1], "score": 20, "carried_by_id": 1}}
2024-10-30 18:48:22,292 - INFO - Sent event to agent (ID:1): {"event_type": "object changed", "object_type": "parcel", "object": {"id": 8, "coordinates": [1, 1], "score": 20, "carried_by_id": 1}}
2024-10-30 18:48:22,292 - INFO - Sent event to agent (ID:1): {"event_type": "object changed", "object_type": "parcel", "object": {"id": 9, "coordinates": [1, 1], "score": 20, "carried_by_id": 1}}
2024-10-30 18:48:22,292 - INFO - Sent event to agent (ID:1): {"event_type": "object changed", "object_type": "parcel", "object": {"id": 10, "coordinates": [1, 1], "score": 20, "carried_by_id": 1}}
2024-10-30 18:48:22,292 - INFO - Sent event to agent (ID:1): {"event_type": "object changed", "object_type": "parcel", "object": {"id": 11, "coordinates": [1, 1], "score": 20, "carried_by_id": 1}}
2024-10-30 18:48:22,292 - INFO - Sent event to agent (ID:1): {"event_type": "object changed", "object_type": "parcel", "object": {"id": 12, "coordinates": [1, 1], "score": 20, "carried_by_id": 1}}
2024-10-30 18:48:22,292 - INFO - Sent event to agent (ID:1): {"event_type": "object changed", "object_type": "parcel", "object": {"id": 13, "coordinates": [1, 1], "score": 20, "carried_by_id": 1}}
2024-10-30 18:48:22,292 - INFO - Sent event to agent (ID:1): {"event_type": "object changed", "object_type": "agent", "object": {"id": 1, "coordinates": [1, 1], "parcels_carried_ids": [6, 7, 8, 9, 10, 11, 12, 13], "score": 60}}
2024-10-30 18:48:22,937 - INFO - Agent 1 moved right: True
2024-10-30 18:48:22,938 - INFO - Sent event to agent (ID:1): {"event_type": "object changed", "object_type": "parcel", "object": {"id": 6, "coordinates": [1, 2], "score": 20, "carried_by_id": 1}}
2024-10-30 18:48:22,938 - INFO - Sent event to agent (ID:1): {"event_type": "object changed", "object_type": "parcel", "object": {"id": 7, "coordinates": [1, 2], "score": 20, "carried_by_id": 1}}
2024-10-30 18:48:22,938 - INFO - Sent event to agent (ID:1): {"event_type": "object changed", "object_type": "parcel", "object": {"id": 8, "coordinates": [1, 2], "score": 20, "carried_by_id": 1}}
2024-10-30 18:48:22,938 - INFO - Sent event to agent (ID:1): {"event_type": "object changed", "object_type": "parcel", "object": {"id": 9, "coordinates": [1, 2], "score": 20, "carried_by_id": 1}}
2024-10-30 18:48:22,938 - INFO - Sent event to agent (ID:1): {"event_type": "object changed", "object_type": "parcel", "object": {"id": 10, "coordinates": [1, 2], "score": 20, "carried_by_id": 1}}
2024-10-30 18:48:22,938 - INFO - Sent event to agent (ID:1): {"event_type": "object changed", "object_type": "parcel", "object": {"id": 11, "coordinates": [1, 2], "score": 20, "carried_by_id": 1}}
2024-10-30 18:48:22,938 - INFO - Sent event to agent (ID:1): {"event_type": "object changed", "object_type": "parcel", "object": {"id": 12, "coordinates": [1, 2], "score": 20, "carried_by_id": 1}}
2024-10-30 18:48:22,938 - INFO - Sent event to agent (ID:1): {"event_type": "object changed", "object_type": "parcel", "object": {"id": 13, "coordinates": [1, 2], "score": 20, "carried_by_id": 1}}
2024-10-30 18:48:22,938 - INFO - Sent event to agent (ID:1): {"event_type": "object changed", "object_type": "agent", "object": {"id": 1, "coordinates": [1, 2], "parcels_carried_ids": [6, 7, 8, 9, 10, 11, 12, 13], "score": 60}}
2024-10-30 18:48:23,512 - INFO - Agent 1 moved right: True
2024-10-30 18:48:23,513 - INFO - Sent event to agent (ID:1): {"event_type": "object changed", "object_type": "parcel", "object": {"id": 6, "coordinates": [1, 3], "score": 20, "carried_by_id": 1}}
2024-10-30 18:48:23,513 - INFO - Sent event to agent (ID:1): {"event_type": "object changed", "object_type": "parcel", "object": {"id": 7, "coordinates": [1, 3], "score": 20, "carried_by_id": 1}}
2024-10-30 18:48:23,513 - INFO - Sent event to agent (ID:1): {"event_type": "object changed", "object_type": "parcel", "object": {"id": 8, "coordinates": [1, 3], "score": 20, "carried_by_id": 1}}
2024-10-30 18:48:23,513 - INFO - Sent event to agent (ID:1): {"event_type": "object changed", "object_type": "parcel", "object": {"id": 9, "coordinates": [1, 3], "score": 20, "carried_by_id": 1}}
2024-10-30 18:48:23,513 - INFO - Sent event to agent (ID:1): {"event_type": "object changed", "object_type": "parcel", "object": {"id": 10, "coordinates": [1, 3], "score": 20, "carried_by_id": 1}}
2024-10-30 18:48:23,513 - INFO - Sent event to agent (ID:1): {"event_type": "object changed", "object_type": "parcel", "object": {"id": 11, "coordinates": [1, 3], "score": 20, "carried_by_id": 1}}
2024-10-30 18:48:23,513 - INFO - Sent event to agent (ID:1): {"event_type": "object changed", "object_type": "parcel", "object": {"id": 12, "coordinates": [1, 3], "score": 20, "carried_by_id": 1}}
2024-10-30 18:48:23,513 - INFO - Sent event to agent (ID:1): {"event_type": "object changed", "object_type": "parcel", "object": {"id": 13, "coordinates": [1, 3], "score": 20, "carried_by_id": 1}}
2024-10-30 18:48:23,513 - INFO - Sent event to agent (ID:1): {"event_type": "object changed", "object_type": "agent", "object": {"id": 1, "coordinates": [1, 3], "parcels_carried_ids": [6, 7, 8, 9, 10, 11, 12, 13], "score": 60}}
2024-10-30 18:48:24,052 - INFO - Agent 1 put down: True
2024-10-30 18:48:24,052 - INFO - Sent event to agent (ID:1): {"event_type": "object changed", "object_type": "agent", "object": {"id": 1, "coordinates": [1, 3], "parcels_carried_ids": [], "score": 220}}
2024-10-30 18:48:24,052 - INFO - Sent event to agent (ID:1): {"event_type": "object removed", "object_type": "parcel", "object": {"id": 6, "coordinates": [1, 3], "score": 20, "carried_by_id": 1}}
2024-10-30 18:48:24,052 - INFO - Sent event to agent (ID:1): {"event_type": "object removed", "object_type": "parcel", "object": {"id": 7, "coordinates": [1, 3], "score": 20, "carried_by_id": 1}}
2024-10-30 18:48:24,052 - INFO - Sent event to agent (ID:1): {"event_type": "object removed", "object_type": "parcel", "object": {"id": 8, "coordinates": [1, 3], "score": 20, "carried_by_id": 1}}
2024-10-30 18:48:24,052 - INFO - Sent event to agent (ID:1): {"event_type": "object removed", "object_type": "parcel", "object": {"id": 9, "coordinates": [1, 3], "score": 20, "carried_by_id": 1}}
2024-10-30 18:48:24,052 - INFO - Sent event to agent (ID:1): {"event_type": "object removed", "object_type": "parcel", "object": {"id": 10, "coordinates": [1, 3], "score": 20, "carried_by_id": 1}}
2024-10-30 18:48:24,052 - INFO - Sent event to agent (ID:1): {"event_type": "object removed", "object_type": "parcel", "object": {"id": 11, "coordinates": [1, 3], "score": 20, "carried_by_id": 1}}
2024-10-30 18:48:24,052 - INFO - Sent event to agent (ID:1): {"event_type": "object removed", "object_type": "parcel", "object": {"id": 12, "coordinates": [1, 3], "score": 20, "carried_by_id": 1}}
2024-10-30 18:48:24,052 - INFO - Sent event to agent (ID:1): {"event_type": "object removed", "object_type": "parcel", "object": {"id": 13, "coordinates": [1, 3], "score": 20, "carried_by_id": 1}}
2024-10-30 18:48:31,002 - INFO - Sent event to agent (ID:1): {"event_type": "object added", "object_type": "parcel", "object": {"id": 14, "coordinates": [0, 0], "score": 20, "carried_by_id": null}}
2024-10-30 18:48:33,477 - INFO - Agent 1 moved up: True
2024-10-30 18:48:33,478 - INFO - Sent event to agent (ID:1): {"event_type": "object changed", "object_type": "agent", "object": {"id": 1, "coordinates": [0, 3], "parcels_carried_ids": [], "score": 220}}
2024-10-30 18:48:34,124 - INFO - Agent 1 moved left: True
2024-10-30 18:48:34,124 - INFO - Sent event to agent (ID:1): {"event_type": "object changed", "object_type": "agent", "object": {"id": 1, "coordinates": [0, 2], "parcels_carried_ids": [], "score": 220}}
2024-10-30 18:48:34,684 - INFO - Agent 1 moved left: True
2024-10-30 18:48:34,685 - INFO - Sent event to agent (ID:1): {"event_type": "object changed", "object_type": "agent", "object": {"id": 1, "coordinates": [0, 1], "parcels_carried_ids": [], "score": 220}}
2024-10-30 18:48:35,226 - INFO - Agent 1 moved left: True
2024-10-30 18:48:35,226 - INFO - Sent event to agent (ID:1): {"event_type": "object changed", "object_type": "agent", "object": {"id": 1, "coordinates": [0, 0], "parcels_carried_ids": [], "score": 220}}
2024-10-30 18:48:35,838 - INFO - Agent 1 picked up: True
2024-10-30 18:48:35,839 - INFO - Sent event to agent (ID:1): {"event_type": "object changed", "object_type": "parcel", "object": {"id": 14, "coordinates": [0, 0], "score": 20, "carried_by_id": 1}}
2024-10-30 18:48:35,839 - INFO - Sent event to agent (ID:1): {"event_type": "object changed", "object_type": "agent", "object": {"id": 1, "coordinates": [0, 0], "parcels_carried_ids": [14], "score": 220}}
2024-10-30 18:48:36,432 - INFO - Agent 1 moved down: True
2024-10-30 18:48:36,433 - INFO - Sent event to agent (ID:1): {"event_type": "object changed", "object_type": "parcel", "object": {"id": 14, "coordinates": [1, 0], "score": 20, "carried_by_id": 1}}
2024-10-30 18:48:36,433 - INFO - Sent event to agent (ID:1): {"event_type": "object changed", "object_type": "agent", "object": {"id": 1, "coordinates": [1, 0], "parcels_carried_ids": [14], "score": 220}}
2024-10-30 18:48:37,114 - INFO - Agent 1 moved right: True
2024-10-30 18:48:37,114 - INFO - Sent event to agent (ID:1): {"event_type": "object changed", "object_type": "parcel", "object": {"id": 14, "coordinates": [1, 1], "score": 20, "carried_by_id": 1}}
2024-10-30 18:48:37,114 - INFO - Sent event to agent (ID:1): {"event_type": "object changed", "object_type": "agent", "object": {"id": 1, "coordinates": [1, 1], "parcels_carried_ids": [14], "score": 220}}
2024-10-30 18:48:37,656 - INFO - Agent 1 moved right: True
2024-10-30 18:48:37,656 - INFO - Sent event to agent (ID:1): {"event_type": "object changed", "object_type": "parcel", "object": {"id": 14, "coordinates": [1, 2], "score": 20, "carried_by_id": 1}}
2024-10-30 18:48:37,656 - INFO - Sent event to agent (ID:1): {"event_type": "object changed", "object_type": "agent", "object": {"id": 1, "coordinates": [1, 2], "parcels_carried_ids": [14], "score": 220}}
2024-10-30 18:48:38,249 - INFO - Agent 1 moved right: True
2024-10-30 18:48:38,250 - INFO - Sent event to agent (ID:1): {"event_type": "object changed", "object_type": "parcel", "object": {"id": 14, "coordinates": [1, 3], "score": 20, "carried_by_id": 1}}
2024-10-30 18:48:38,250 - INFO - Sent event to agent (ID:1): {"event_type": "object changed", "object_type": "agent", "object": {"id": 1, "coordinates": [1, 3], "parcels_carried_ids": [14], "score": 220}}
2024-10-30 18:48:38,810 - INFO - Agent 1 put down: True
2024-10-30 18:48:38,810 - INFO - Sent event to agent (ID:1): {"event_type": "object changed", "object_type": "agent", "object": {"id": 1, "coordinates": [1, 3], "parcels_carried_ids": [], "score": 240}}
2024-10-30 18:48:38,810 - INFO - Sent event to agent (ID:1): {"event_type": "object removed", "object_type": "parcel", "object": {"id": 14, "coordinates": [1, 3], "score": 20, "carried_by_id": 1}}
2024-10-30 18:48:39,961 - INFO - Agent 1 moved up: True
2024-10-30 18:48:39,961 - INFO - Sent event to agent (ID:1): {"event_type": "object changed", "object_type": "agent", "object": {"id": 1, "coordinates": [0, 3], "parcels_carried_ids": [], "score": 240}}
2024-10-30 18:48:40,520 - INFO - Agent 1 moved left: True
2024-10-30 18:48:40,520 - INFO - Sent event to agent (ID:1): {"event_type": "object changed", "object_type": "agent", "object": {"id": 1, "coordinates": [0, 2], "parcels_carried_ids": [], "score": 240}}
2024-10-30 18:48:41,127 - INFO - Agent 1 moved left: True
2024-10-30 18:48:41,127 - INFO - Sent event to agent (ID:1): {"event_type": "object changed", "object_type": "agent", "object": {"id": 1, "coordinates": [0, 1], "parcels_carried_ids": [], "score": 240}}
2024-10-30 18:48:41,806 - INFO - Agent 1 moved left: True
2024-10-30 18:48:41,806 - INFO - Sent event to agent (ID:1): {"event_type": "object changed", "object_type": "agent", "object": {"id": 1, "coordinates": [0, 0], "parcels_carried_ids": [], "score": 240}}
2024-10-30 18:48:42,348 - INFO - Agent 1 picked up: False
2024-10-30 18:48:42,873 - INFO - Agent 1 moved down: True
2024-10-30 18:48:42,873 - INFO - Sent event to agent (ID:1): {"event_type": "object changed", "object_type": "agent", "object": {"id": 1, "coordinates": [1, 0], "parcels_carried_ids": [], "score": 240}}
2024-10-30 18:48:43,502 - INFO - Agent 1 moved right: True
2024-10-30 18:48:43,502 - INFO - Sent event to agent (ID:1): {"event_type": "object changed", "object_type": "agent", "object": {"id": 1, "coordinates": [1, 1], "parcels_carried_ids": [], "score": 240}}
2024-10-30 18:48:44,077 - INFO - Agent 1 moved right: True
2024-10-30 18:48:44,077 - INFO - Sent event to agent (ID:1): {"event_type": "object changed", "object_type": "agent", "object": {"id": 1, "coordinates": [1, 2], "parcels_carried_ids": [], "score": 240}}
2024-10-30 18:48:44,601 - INFO - Agent 1 moved right: True
2024-10-30 18:48:44,601 - INFO - Sent event to agent (ID:1): {"event_type": "object changed", "object_type": "agent", "object": {"id": 1, "coordinates": [1, 3], "parcels_carried_ids": [], "score": 240}}
2024-10-30 18:48:45,230 - INFO - Agent 1 put down: False
2024-10-30 18:48:51,353 - INFO - Sent event to agent (ID:1): {"event_type": "object added", "object_type": "parcel", "object": {"id": 15, "coordinates": [0, 0], "score": 20, "carried_by_id": null}}
2024-10-30 18:49:00,909 - INFO - Agent 1 moved up: True
2024-10-30 18:49:00,909 - INFO - Sent event to agent (ID:1): {"event_type": "object changed", "object_type": "agent", "object": {"id": 1, "coordinates": [0, 3], "parcels_carried_ids": [], "score": 240}}
2024-10-30 18:49:12,098 - INFO - Sent event to agent (ID:1): {"event_type": "object added", "object_type": "parcel", "object": {"id": 16, "coordinates": [0, 0], "score": 20, "carried_by_id": null}}
2024-10-30 18:49:21,078 - INFO - Agent 1 moved down: True
2024-10-30 18:49:21,078 - INFO - Sent event to agent (ID:1): {"event_type": "object changed", "object_type": "agent", "object": {"id": 1, "coordinates": [1, 3], "parcels_carried_ids": [], "score": 240}}
2024-10-30 18:49:21,638 - INFO - Agent 1 moved left: True
2024-10-30 18:49:21,638 - INFO - Sent event to agent (ID:1): {"event_type": "object changed", "object_type": "agent", "object": {"id": 1, "coordinates": [1, 2], "parcels_carried_ids": [], "score": 240}}
2024-10-30 18:49:22,263 - INFO - Agent 1 moved left: True
2024-10-30 18:49:22,263 - INFO - Sent event to agent (ID:1): {"event_type": "object changed", "object_type": "agent", "object": {"id": 1, "coordinates": [1, 1], "parcels_carried_ids": [], "score": 240}}
2024-10-30 18:49:22,823 - INFO - Agent 1 picked up: True
2024-10-30 18:49:22,824 - INFO - Sent event to agent (ID:1): {"event_type": "object changed", "object_type": "parcel", "object": {"id": 4, "coordinates": [1, 1], "score": 20, "carried_by_id": 1}}
2024-10-30 18:49:22,824 - INFO - Sent event to agent (ID:1): {"event_type": "object changed", "object_type": "parcel", "object": {"id": 5, "coordinates": [1, 1], "score": 20, "carried_by_id": 1}}
2024-10-30 18:49:22,824 - INFO - Sent event to agent (ID:1): {"event_type": "object changed", "object_type": "agent", "object": {"id": 1, "coordinates": [1, 1], "parcels_carried_ids": [4, 5], "score": 240}}
2024-10-30 18:49:23,383 - INFO - Agent 1 moved right: True
2024-10-30 18:49:23,383 - INFO - Sent event to agent (ID:1): {"event_type": "object changed", "object_type": "parcel", "object": {"id": 4, "coordinates": [1, 2], "score": 20, "carried_by_id": 1}}
2024-10-30 18:49:23,383 - INFO - Sent event to agent (ID:1): {"event_type": "object changed", "object_type": "parcel", "object": {"id": 5, "coordinates": [1, 2], "score": 20, "carried_by_id": 1}}
2024-10-30 18:49:23,383 - INFO - Sent event to agent (ID:1): {"event_type": "object changed", "object_type": "agent", "object": {"id": 1, "coordinates": [1, 2], "parcels_carried_ids": [4, 5], "score": 240}}
2024-10-30 18:49:24,042 - INFO - Agent 1 moved right: True
2024-10-30 18:49:24,043 - INFO - Sent event to agent (ID:1): {"event_type": "object changed", "object_type": "parcel", "object": {"id": 4, "coordinates": [1, 3], "score": 20, "carried_by_id": 1}}
2024-10-30 18:49:24,043 - INFO - Sent event to agent (ID:1): {"event_type": "object changed", "object_type": "parcel", "object": {"id": 5, "coordinates": [1, 3], "score": 20, "carried_by_id": 1}}
2024-10-30 18:49:24,043 - INFO - Sent event to agent (ID:1): {"event_type": "object changed", "object_type": "agent", "object": {"id": 1, "coordinates": [1, 3], "parcels_carried_ids": [4, 5], "score": 240}}
2024-10-30 18:49:24,550 - INFO - Agent 1 put down: True
2024-10-30 18:49:24,550 - INFO - Sent event to agent (ID:1): {"event_type": "object changed", "object_type": "agent", "object": {"id": 1, "coordinates": [1, 3], "parcels_carried_ids": [], "score": 280}}
2024-10-30 18:49:24,550 - INFO - Sent event to agent (ID:1): {"event_type": "object removed", "object_type": "parcel", "object": {"id": 4, "coordinates": [1, 3], "score": 20, "carried_by_id": 1}}
2024-10-30 18:49:24,550 - INFO - Sent event to agent (ID:1): {"event_type": "object removed", "object_type": "parcel", "object": {"id": 5, "coordinates": [1, 3], "score": 20, "carried_by_id": 1}}
2024-10-30 18:49:32,550 - INFO - Sent event to agent (ID:1): {"event_type": "object added", "object_type": "parcel", "object": {"id": 17, "coordinates": [0, 0], "score": 20, "carried_by_id": null}}
2024-10-30 18:49:52,899 - INFO - Sent event to agent (ID:1): {"event_type": "object added", "object_type": "parcel", "object": {"id": 18, "coordinates": [0, 0], "score": 20, "carried_by_id": null}}
2024-10-30 18:49:55,119 - DEBUG - Replay file written
2024-10-30 18:49:55,119 - DEBUG - Server terminated
