2024-11-04 09:33:19,443 - DEBUG - Server started
2024-11-04 09:33:20,131 - INFO - Agent connected with ID 1 and address ('127.0.0.1', 8081)
2024-11-04 09:33:20,131 - INFO - Sent event to agent (ID:1): {"event_type": "object added", "object_type": "map", "object": {"width": 4, "height": 4, "grid": [{"cell_coordinates": [0, 0], "cell_type": "parcels_spawn"}, {"cell_coordinates": [0, 1], "cell_type": "walkable"}, {"cell_coordinates": [0, 2], "cell_type": "walkable"}, {"cell_coordinates": [0, 3], "cell_type": "walkable"}, {"cell_coordinates": [1, 0], "cell_type": "batteries_spawn"}, {"cell_coordinates": [1, 1], "cell_type": "walkable"}, {"cell_coordinates": [1, 2], "cell_type": "walkable"}, {"cell_coordinates": [1, 3], "cell_type": "delivery_cell"}, {"cell_coordinates": [2, 0], "cell_type": "non_walkable"}, {"cell_coordinates": [2, 1], "cell_type": "non_walkable"}, {"cell_coordinates": [2, 2], "cell_type": "non_walkable"}, {"cell_coordinates": [2, 3], "cell_type": "non_walkable"}, {"cell_coordinates": [3, 0], "cell_type": "non_walkable"}, {"cell_coordinates": [3, 1], "cell_type": "non_walkable"}, {"cell_coordinates": [3, 2], "cell_type": "non_walkable"}, {"cell_coordinates": [3, 3], "cell_type": "non_walkable"}]}}
2024-11-04 09:33:20,139 - INFO - Sent event to agent (ID:1): {"event_type": "object added", "object_type": "agent", "object": {"id": 1, "coordinates": [1, 1], "parcels_carried_ids": [], "has_key": false, "score": 0, "energy": 100}}
2024-11-04 09:33:20,139 - INFO - Sent event to agent (ID:1): {"event_type": "object added", "object_type": "key", "object": {"id": 1, "coordinates": [0, 1], "carried_by_id": null}}
2024-11-04 09:33:20,140 - INFO - Sent event to agent (ID:1): {"event_type": "object added", "object_type": "door", "object": {"id": 1, "coordinates": [0, 2]}}
2024-11-04 09:33:20,140 - INFO - Sent event to agent (ID:1): {"event_type": "object added", "object_type": "door", "object": {"id": 2, "coordinates": [1, 2]}}
2024-11-04 09:33:35,515 - INFO - Sent event to agent (ID:1): {"event_type": "object added", "object_type": "battery", "object": {"id": 1, "coordinates": [1, 0]}}
2024-11-04 09:33:40,609 - INFO - Sent event to agent (ID:1): {"event_type": "object added", "object_type": "parcel", "object": {"id": 1, "coordinates": [0, 0], "score": 20, "carried_by_id": null}}
2024-11-04 09:34:00,971 - INFO - Sent event to agent (ID:1): {"event_type": "object added", "object_type": "parcel", "object": {"id": 2, "coordinates": [0, 0], "score": 20, "carried_by_id": null}}
2024-11-04 09:34:10,758 - INFO - Agent 1 moved up: True
2024-11-04 09:34:10,758 - INFO - Sent event to agent (ID:1): {"event_type": "object changed", "object_type": "agent", "object": {"id": 1, "coordinates": [0, 1], "parcels_carried_ids": [], "has_key": false, "score": 0, "energy": 98}}
2024-11-04 09:34:11,301 - INFO - Agent 1 moved up: False
2024-11-04 09:34:11,811 - INFO - Agent 1 moved up: False
2024-11-04 09:34:12,334 - INFO - Agent 1 moved up: False
2024-11-04 09:34:12,945 - INFO - Agent 1 moved up: False
2024-11-04 09:34:13,556 - INFO - Agent 1 moved up: False
2024-11-04 09:34:14,064 - INFO - Agent 1 moved up: False
2024-11-04 09:34:14,709 - INFO - Agent 1 moved up: False
2024-11-04 09:34:15,252 - INFO - Agent 1 moved up: False
2024-11-04 09:34:15,798 - INFO - Agent 1 moved up: False
2024-11-04 09:34:16,339 - INFO - Agent 1 moved up: False
2024-11-04 09:34:16,882 - INFO - Agent 1 moved up: False
2024-11-04 09:34:17,528 - INFO - Agent 1 moved up: False
2024-11-04 09:34:18,337 - INFO - Agent 1 moved up: False
2024-11-04 09:34:18,914 - INFO - Agent 1 moved up: False
2024-11-04 09:34:19,506 - INFO - Agent 1 moved up: False
2024-11-04 09:34:20,102 - INFO - Agent 1 moved up: False
2024-11-04 09:34:20,610 - INFO - Agent 1 moved up: False
2024-11-04 09:34:21,134 - INFO - Agent 1 moved up: False
2024-11-04 09:34:21,339 - INFO - Sent event to agent (ID:1): {"event_type": "object added", "object_type": "parcel", "object": {"id": 3, "coordinates": [0, 0], "score": 20, "carried_by_id": null}}
2024-11-04 09:34:21,855 - INFO - Agent 1 moved up: False
2024-11-04 09:34:22,395 - INFO - Agent 1 moved up: False
2024-11-04 09:34:22,983 - INFO - Agent 1 moved up: False
2024-11-04 09:34:23,560 - INFO - Agent 1 moved up: False
2024-11-04 09:34:24,052 - INFO - Agent 1 moved up: False
2024-11-04 09:34:24,666 - INFO - Agent 1 moved up: False
2024-11-04 09:34:25,173 - INFO - Agent 1 moved up: False
2024-11-04 09:34:41,857 - INFO - Sent event to agent (ID:1): {"event_type": "object added", "object_type": "parcel", "object": {"id": 4, "coordinates": [0, 0], "score": 20, "carried_by_id": null}}
2024-11-04 09:34:47,266 - INFO - Agent 1 picked up: True
2024-11-04 09:34:47,266 - INFO - Sent event to agent (ID:1): {"event_type": "object changed", "object_type": "agent", "object": {"id": 1, "coordinates": [0, 1], "parcels_carried_ids": [], "has_key": true, "score": 0, "energy": 96}}
2024-11-04 09:34:47,266 - INFO - Sent event to agent (ID:1): {"event_type": "object changed", "object_type": "key", "object": {"id": 1, "coordinates": [0, 1], "carried_by_id": 1}}
2024-11-04 09:34:47,757 - INFO - Agent 1 moved right: True
2024-11-04 09:34:47,758 - INFO - Sent event to agent (ID:1): {"event_type": "object changed", "object_type": "agent", "object": {"id": 1, "coordinates": [0, 2], "parcels_carried_ids": [], "has_key": true, "score": 0, "energy": 94}}
2024-11-04 09:34:47,758 - INFO - Sent event to agent (ID:1): {"event_type": "object changed", "object_type": "key", "object": {"id": 1, "coordinates": [0, 2], "carried_by_id": 1}}
2024-11-04 09:35:02,218 - INFO - Sent event to agent (ID:1): {"event_type": "object added", "object_type": "parcel", "object": {"id": 5, "coordinates": [0, 0], "score": 20, "carried_by_id": null}}
2024-11-04 09:35:09,482 - INFO - Agent 1 picked up: False
2024-11-04 09:35:09,990 - INFO - Agent 1 moved left: True
2024-11-04 09:35:09,990 - INFO - Sent event to agent (ID:1): {"event_type": "object changed", "object_type": "agent", "object": {"id": 1, "coordinates": [0, 1], "parcels_carried_ids": [], "has_key": true, "score": 0, "energy": 92}}
2024-11-04 09:35:09,990 - INFO - Sent event to agent (ID:1): {"event_type": "object changed", "object_type": "key", "object": {"id": 1, "coordinates": [0, 1], "carried_by_id": 1}}
2024-11-04 09:35:10,484 - INFO - Agent 1 moved left: True
2024-11-04 09:35:10,484 - INFO - Sent event to agent (ID:1): {"event_type": "object changed", "object_type": "agent", "object": {"id": 1, "coordinates": [0, 0], "parcels_carried_ids": [], "has_key": true, "score": 0, "energy": 90}}
2024-11-04 09:35:10,484 - INFO - Sent event to agent (ID:1): {"event_type": "object changed", "object_type": "key", "object": {"id": 1, "coordinates": [0, 0], "carried_by_id": 1}}
2024-11-04 09:35:11,075 - INFO - Agent 1 picked up: True
2024-11-04 09:35:11,076 - INFO - Sent event to agent (ID:1): {"event_type": "object changed", "object_type": "parcel", "object": {"id": 1, "coordinates": [0, 0], "score": 20, "carried_by_id": 1}}
2024-11-04 09:35:11,076 - INFO - Sent event to agent (ID:1): {"event_type": "object changed", "object_type": "parcel", "object": {"id": 2, "coordinates": [0, 0], "score": 20, "carried_by_id": 1}}
2024-11-04 09:35:11,076 - INFO - Sent event to agent (ID:1): {"event_type": "object changed", "object_type": "parcel", "object": {"id": 3, "coordinates": [0, 0], "score": 20, "carried_by_id": 1}}
2024-11-04 09:35:11,076 - INFO - Sent event to agent (ID:1): {"event_type": "object changed", "object_type": "parcel", "object": {"id": 4, "coordinates": [0, 0], "score": 20, "carried_by_id": 1}}
2024-11-04 09:35:11,076 - INFO - Sent event to agent (ID:1): {"event_type": "object changed", "object_type": "parcel", "object": {"id": 5, "coordinates": [0, 0], "score": 20, "carried_by_id": 1}}
2024-11-04 09:35:11,076 - INFO - Sent event to agent (ID:1): {"event_type": "object changed", "object_type": "agent", "object": {"id": 1, "coordinates": [0, 0], "parcels_carried_ids": [1, 2, 3, 4, 5], "has_key": true, "score": 0, "energy": 88}}
2024-11-04 09:35:22,572 - INFO - Sent event to agent (ID:1): {"event_type": "object added", "object_type": "parcel", "object": {"id": 6, "coordinates": [0, 0], "score": 20, "carried_by_id": null}}
2024-11-04 09:35:33,919 - INFO - Agent 1 moved down: True
2024-11-04 09:35:33,920 - INFO - Sent event to agent (ID:1): {"event_type": "object changed", "object_type": "parcel", "object": {"id": 1, "coordinates": [1, 0], "score": 20, "carried_by_id": 1}}
2024-11-04 09:35:33,920 - INFO - Sent event to agent (ID:1): {"event_type": "object changed", "object_type": "parcel", "object": {"id": 2, "coordinates": [1, 0], "score": 20, "carried_by_id": 1}}
2024-11-04 09:35:33,920 - INFO - Sent event to agent (ID:1): {"event_type": "object changed", "object_type": "parcel", "object": {"id": 3, "coordinates": [1, 0], "score": 20, "carried_by_id": 1}}
2024-11-04 09:35:33,920 - INFO - Sent event to agent (ID:1): {"event_type": "object changed", "object_type": "parcel", "object": {"id": 4, "coordinates": [1, 0], "score": 20, "carried_by_id": 1}}
2024-11-04 09:35:33,920 - INFO - Sent event to agent (ID:1): {"event_type": "object changed", "object_type": "parcel", "object": {"id": 5, "coordinates": [1, 0], "score": 20, "carried_by_id": 1}}
2024-11-04 09:35:33,920 - INFO - Sent event to agent (ID:1): {"event_type": "object changed", "object_type": "agent", "object": {"id": 1, "coordinates": [1, 0], "parcels_carried_ids": [1, 2, 3, 4, 5], "has_key": true, "score": 0, "energy": 86}}
2024-11-04 09:35:33,920 - INFO - Sent event to agent (ID:1): {"event_type": "object changed", "object_type": "key", "object": {"id": 1, "coordinates": [1, 0], "carried_by_id": 1}}
2024-11-04 09:35:42,932 - INFO - Sent event to agent (ID:1): {"event_type": "object added", "object_type": "parcel", "object": {"id": 7, "coordinates": [0, 0], "score": 20, "carried_by_id": null}}
2024-11-04 09:35:54,006 - INFO - Agent 1 moved up: True
2024-11-04 09:35:54,007 - INFO - Sent event to agent (ID:1): {"event_type": "object changed", "object_type": "parcel", "object": {"id": 1, "coordinates": [0, 0], "score": 20, "carried_by_id": 1}}
2024-11-04 09:35:54,007 - INFO - Sent event to agent (ID:1): {"event_type": "object changed", "object_type": "parcel", "object": {"id": 2, "coordinates": [0, 0], "score": 20, "carried_by_id": 1}}
2024-11-04 09:35:54,007 - INFO - Sent event to agent (ID:1): {"event_type": "object changed", "object_type": "parcel", "object": {"id": 3, "coordinates": [0, 0], "score": 20, "carried_by_id": 1}}
2024-11-04 09:35:54,007 - INFO - Sent event to agent (ID:1): {"event_type": "object changed", "object_type": "parcel", "object": {"id": 4, "coordinates": [0, 0], "score": 20, "carried_by_id": 1}}
2024-11-04 09:35:54,007 - INFO - Sent event to agent (ID:1): {"event_type": "object changed", "object_type": "parcel", "object": {"id": 5, "coordinates": [0, 0], "score": 20, "carried_by_id": 1}}
2024-11-04 09:35:54,007 - INFO - Sent event to agent (ID:1): {"event_type": "object changed", "object_type": "agent", "object": {"id": 1, "coordinates": [0, 0], "parcels_carried_ids": [1, 2, 3, 4, 5], "has_key": true, "score": 0, "energy": 84}}
2024-11-04 09:35:54,007 - INFO - Sent event to agent (ID:1): {"event_type": "object changed", "object_type": "key", "object": {"id": 1, "coordinates": [0, 0], "carried_by_id": 1}}
2024-11-04 09:35:54,598 - INFO - Agent 1 picked up: True
2024-11-04 09:35:54,599 - INFO - Sent event to agent (ID:1): {"event_type": "object changed", "object_type": "parcel", "object": {"id": 6, "coordinates": [0, 0], "score": 20, "carried_by_id": 1}}
2024-11-04 09:35:54,599 - INFO - Sent event to agent (ID:1): {"event_type": "object changed", "object_type": "parcel", "object": {"id": 7, "coordinates": [0, 0], "score": 20, "carried_by_id": 1}}
2024-11-04 09:35:54,599 - INFO - Sent event to agent (ID:1): {"event_type": "object changed", "object_type": "agent", "object": {"id": 1, "coordinates": [0, 0], "parcels_carried_ids": [1, 2, 3, 4, 5, 6, 7], "has_key": true, "score": 0, "energy": 82}}
2024-11-04 09:36:03,281 - INFO - Sent event to agent (ID:1): {"event_type": "object added", "object_type": "parcel", "object": {"id": 8, "coordinates": [0, 0], "score": 20, "carried_by_id": null}}
2024-11-04 09:36:04,396 - INFO - Agent 1 moved down: True
2024-11-04 09:36:04,397 - INFO - Sent event to agent (ID:1): {"event_type": "object changed", "object_type": "parcel", "object": {"id": 1, "coordinates": [1, 0], "score": 20, "carried_by_id": 1}}
2024-11-04 09:36:04,397 - INFO - Sent event to agent (ID:1): {"event_type": "object changed", "object_type": "parcel", "object": {"id": 2, "coordinates": [1, 0], "score": 20, "carried_by_id": 1}}
2024-11-04 09:36:04,397 - INFO - Sent event to agent (ID:1): {"event_type": "object changed", "object_type": "parcel", "object": {"id": 3, "coordinates": [1, 0], "score": 20, "carried_by_id": 1}}
2024-11-04 09:36:04,397 - INFO - Sent event to agent (ID:1): {"event_type": "object changed", "object_type": "parcel", "object": {"id": 4, "coordinates": [1, 0], "score": 20, "carried_by_id": 1}}
2024-11-04 09:36:04,397 - INFO - Sent event to agent (ID:1): {"event_type": "object changed", "object_type": "parcel", "object": {"id": 5, "coordinates": [1, 0], "score": 20, "carried_by_id": 1}}
2024-11-04 09:36:04,397 - INFO - Sent event to agent (ID:1): {"event_type": "object changed", "object_type": "parcel", "object": {"id": 6, "coordinates": [1, 0], "score": 20, "carried_by_id": 1}}
2024-11-04 09:36:04,397 - INFO - Sent event to agent (ID:1): {"event_type": "object changed", "object_type": "parcel", "object": {"id": 7, "coordinates": [1, 0], "score": 20, "carried_by_id": 1}}
2024-11-04 09:36:04,397 - INFO - Sent event to agent (ID:1): {"event_type": "object changed", "object_type": "agent", "object": {"id": 1, "coordinates": [1, 0], "parcels_carried_ids": [1, 2, 3, 4, 5, 6, 7], "has_key": true, "score": 0, "energy": 80}}
2024-11-04 09:36:04,397 - INFO - Sent event to agent (ID:1): {"event_type": "object changed", "object_type": "key", "object": {"id": 1, "coordinates": [1, 0], "carried_by_id": 1}}
2024-11-04 09:36:04,925 - INFO - Agent 1 moved right: True
2024-11-04 09:36:04,926 - INFO - Sent event to agent (ID:1): {"event_type": "object changed", "object_type": "parcel", "object": {"id": 1, "coordinates": [1, 1], "score": 20, "carried_by_id": 1}}
2024-11-04 09:36:04,926 - INFO - Sent event to agent (ID:1): {"event_type": "object changed", "object_type": "parcel", "object": {"id": 2, "coordinates": [1, 1], "score": 20, "carried_by_id": 1}}
2024-11-04 09:36:04,926 - INFO - Sent event to agent (ID:1): {"event_type": "object changed", "object_type": "parcel", "object": {"id": 3, "coordinates": [1, 1], "score": 20, "carried_by_id": 1}}
2024-11-04 09:36:04,926 - INFO - Sent event to agent (ID:1): {"event_type": "object changed", "object_type": "parcel", "object": {"id": 4, "coordinates": [1, 1], "score": 20, "carried_by_id": 1}}
2024-11-04 09:36:04,926 - INFO - Sent event to agent (ID:1): {"event_type": "object changed", "object_type": "parcel", "object": {"id": 5, "coordinates": [1, 1], "score": 20, "carried_by_id": 1}}
2024-11-04 09:36:04,926 - INFO - Sent event to agent (ID:1): {"event_type": "object changed", "object_type": "parcel", "object": {"id": 6, "coordinates": [1, 1], "score": 20, "carried_by_id": 1}}
2024-11-04 09:36:04,926 - INFO - Sent event to agent (ID:1): {"event_type": "object changed", "object_type": "parcel", "object": {"id": 7, "coordinates": [1, 1], "score": 20, "carried_by_id": 1}}
2024-11-04 09:36:04,926 - INFO - Sent event to agent (ID:1): {"event_type": "object changed", "object_type": "agent", "object": {"id": 1, "coordinates": [1, 1], "parcels_carried_ids": [1, 2, 3, 4, 5, 6, 7], "has_key": true, "score": 0, "energy": 78}}
2024-11-04 09:36:04,926 - INFO - Sent event to agent (ID:1): {"event_type": "object changed", "object_type": "key", "object": {"id": 1, "coordinates": [1, 1], "carried_by_id": 1}}
2024-11-04 09:36:05,502 - INFO - Agent 1 moved right: True
2024-11-04 09:36:05,503 - INFO - Sent event to agent (ID:1): {"event_type": "object changed", "object_type": "parcel", "object": {"id": 1, "coordinates": [1, 2], "score": 20, "carried_by_id": 1}}
2024-11-04 09:36:05,503 - INFO - Sent event to agent (ID:1): {"event_type": "object changed", "object_type": "parcel", "object": {"id": 2, "coordinates": [1, 2], "score": 20, "carried_by_id": 1}}
2024-11-04 09:36:05,503 - INFO - Sent event to agent (ID:1): {"event_type": "object changed", "object_type": "parcel", "object": {"id": 3, "coordinates": [1, 2], "score": 20, "carried_by_id": 1}}
2024-11-04 09:36:05,503 - INFO - Sent event to agent (ID:1): {"event_type": "object changed", "object_type": "parcel", "object": {"id": 4, "coordinates": [1, 2], "score": 20, "carried_by_id": 1}}
2024-11-04 09:36:05,503 - INFO - Sent event to agent (ID:1): {"event_type": "object changed", "object_type": "parcel", "object": {"id": 5, "coordinates": [1, 2], "score": 20, "carried_by_id": 1}}
2024-11-04 09:36:05,503 - INFO - Sent event to agent (ID:1): {"event_type": "object changed", "object_type": "parcel", "object": {"id": 6, "coordinates": [1, 2], "score": 20, "carried_by_id": 1}}
2024-11-04 09:36:05,503 - INFO - Sent event to agent (ID:1): {"event_type": "object changed", "object_type": "parcel", "object": {"id": 7, "coordinates": [1, 2], "score": 20, "carried_by_id": 1}}
2024-11-04 09:36:05,503 - INFO - Sent event to agent (ID:1): {"event_type": "object changed", "object_type": "agent", "object": {"id": 1, "coordinates": [1, 2], "parcels_carried_ids": [1, 2, 3, 4, 5, 6, 7], "has_key": true, "score": 0, "energy": 76}}
2024-11-04 09:36:05,503 - INFO - Sent event to agent (ID:1): {"event_type": "object changed", "object_type": "key", "object": {"id": 1, "coordinates": [1, 2], "carried_by_id": 1}}
2024-11-04 09:36:06,078 - INFO - Agent 1 moved right: True
2024-11-04 09:36:06,079 - INFO - Sent event to agent (ID:1): {"event_type": "object changed", "object_type": "parcel", "object": {"id": 1, "coordinates": [1, 3], "score": 20, "carried_by_id": 1}}
2024-11-04 09:36:06,079 - INFO - Sent event to agent (ID:1): {"event_type": "object changed", "object_type": "parcel", "object": {"id": 2, "coordinates": [1, 3], "score": 20, "carried_by_id": 1}}
2024-11-04 09:36:06,079 - INFO - Sent event to agent (ID:1): {"event_type": "object changed", "object_type": "parcel", "object": {"id": 3, "coordinates": [1, 3], "score": 20, "carried_by_id": 1}}
2024-11-04 09:36:06,079 - INFO - Sent event to agent (ID:1): {"event_type": "object changed", "object_type": "parcel", "object": {"id": 4, "coordinates": [1, 3], "score": 20, "carried_by_id": 1}}
2024-11-04 09:36:06,079 - INFO - Sent event to agent (ID:1): {"event_type": "object changed", "object_type": "parcel", "object": {"id": 5, "coordinates": [1, 3], "score": 20, "carried_by_id": 1}}
2024-11-04 09:36:06,079 - INFO - Sent event to agent (ID:1): {"event_type": "object changed", "object_type": "parcel", "object": {"id": 6, "coordinates": [1, 3], "score": 20, "carried_by_id": 1}}
2024-11-04 09:36:06,079 - INFO - Sent event to agent (ID:1): {"event_type": "object changed", "object_type": "parcel", "object": {"id": 7, "coordinates": [1, 3], "score": 20, "carried_by_id": 1}}
2024-11-04 09:36:06,079 - INFO - Sent event to agent (ID:1): {"event_type": "object changed", "object_type": "agent", "object": {"id": 1, "coordinates": [1, 3], "parcels_carried_ids": [1, 2, 3, 4, 5, 6, 7], "has_key": true, "score": 0, "energy": 74}}
2024-11-04 09:36:06,079 - INFO - Sent event to agent (ID:1): {"event_type": "object changed", "object_type": "key", "object": {"id": 1, "coordinates": [1, 3], "carried_by_id": 1}}
2024-11-04 09:36:06,569 - INFO - Agent 1 put down: True
2024-11-04 09:36:06,569 - INFO - Sent event to agent (ID:1): {"event_type": "object changed", "object_type": "agent", "object": {"id": 1, "coordinates": [1, 3], "parcels_carried_ids": [], "has_key": true, "score": 140, "energy": 72}}
2024-11-04 09:36:06,569 - INFO - Sent event to agent (ID:1): {"event_type": "object removed", "object_type": "parcel", "object": {"id": 1, "coordinates": [1, 3], "score": 20, "carried_by_id": 1}}
2024-11-04 09:36:06,569 - INFO - Sent event to agent (ID:1): {"event_type": "object removed", "object_type": "parcel", "object": {"id": 2, "coordinates": [1, 3], "score": 20, "carried_by_id": 1}}
2024-11-04 09:36:06,570 - INFO - Sent event to agent (ID:1): {"event_type": "object removed", "object_type": "parcel", "object": {"id": 3, "coordinates": [1, 3], "score": 20, "carried_by_id": 1}}
2024-11-04 09:36:06,570 - INFO - Sent event to agent (ID:1): {"event_type": "object removed", "object_type": "parcel", "object": {"id": 4, "coordinates": [1, 3], "score": 20, "carried_by_id": 1}}
2024-11-04 09:36:06,570 - INFO - Sent event to agent (ID:1): {"event_type": "object removed", "object_type": "parcel", "object": {"id": 5, "coordinates": [1, 3], "score": 20, "carried_by_id": 1}}
2024-11-04 09:36:06,570 - INFO - Sent event to agent (ID:1): {"event_type": "object removed", "object_type": "parcel", "object": {"id": 6, "coordinates": [1, 3], "score": 20, "carried_by_id": 1}}
2024-11-04 09:36:06,570 - INFO - Sent event to agent (ID:1): {"event_type": "object removed", "object_type": "parcel", "object": {"id": 7, "coordinates": [1, 3], "score": 20, "carried_by_id": 1}}
2024-11-04 09:36:23,650 - INFO - Sent event to agent (ID:1): {"event_type": "object added", "object_type": "parcel", "object": {"id": 9, "coordinates": [0, 0], "score": 20, "carried_by_id": null}}
2024-11-04 09:36:26,026 - INFO - Agent 1 moved left: True
2024-11-04 09:36:26,026 - INFO - Sent event to agent (ID:1): {"event_type": "object changed", "object_type": "agent", "object": {"id": 1, "coordinates": [1, 2], "parcels_carried_ids": [], "has_key": true, "score": 140, "energy": 70}}
2024-11-04 09:36:26,026 - INFO - Sent event to agent (ID:1): {"event_type": "object changed", "object_type": "key", "object": {"id": 1, "coordinates": [1, 2], "carried_by_id": 1}}
2024-11-04 09:36:26,588 - INFO - Agent 1 moved left: True
2024-11-04 09:36:26,588 - INFO - Sent event to agent (ID:1): {"event_type": "object changed", "object_type": "agent", "object": {"id": 1, "coordinates": [1, 1], "parcels_carried_ids": [], "has_key": true, "score": 140, "energy": 68}}
2024-11-04 09:36:26,589 - INFO - Sent event to agent (ID:1): {"event_type": "object changed", "object_type": "key", "object": {"id": 1, "coordinates": [1, 1], "carried_by_id": 1}}
2024-11-04 09:36:27,150 - INFO - Agent 1 moved left: True
2024-11-04 09:36:27,150 - INFO - Sent event to agent (ID:1): {"event_type": "object changed", "object_type": "agent", "object": {"id": 1, "coordinates": [1, 0], "parcels_carried_ids": [], "has_key": true, "score": 140, "energy": 66}}
2024-11-04 09:36:27,150 - INFO - Sent event to agent (ID:1): {"event_type": "object changed", "object_type": "key", "object": {"id": 1, "coordinates": [1, 0], "carried_by_id": 1}}
2024-11-04 09:36:27,660 - INFO - Agent 1 moved left: False
2024-11-04 09:36:28,252 - INFO - Agent 1 moved left: False
2024-11-04 09:36:28,814 - INFO - Agent 1 moved left: False
2024-11-04 09:36:29,358 - INFO - Agent 1 moved left: False
2024-11-04 09:36:29,921 - INFO - Agent 1 moved left: False
2024-11-04 09:36:30,476 - INFO - Agent 1 moved left: False
2024-11-04 09:36:31,071 - INFO - Agent 1 moved left: False
2024-11-04 09:36:31,596 - INFO - Agent 1 moved left: False
2024-11-04 09:36:32,188 - INFO - Agent 1 moved left: False
2024-11-04 09:36:32,732 - INFO - Agent 1 moved left: False
2024-11-04 09:36:33,269 - INFO - Agent 1 moved left: False
2024-11-04 09:36:33,827 - INFO - Agent 1 moved left: False
2024-11-04 09:36:34,352 - INFO - Agent 1 moved left: False
2024-11-04 09:36:34,979 - INFO - Agent 1 moved left: False
2024-11-04 09:36:35,461 - INFO - Agent 1 moved left: False
2024-11-04 09:36:36,122 - INFO - Agent 1 moved left: False
2024-11-04 09:36:36,725 - INFO - Agent 1 moved left: False
2024-11-04 09:36:37,182 - INFO - Agent 1 moved left: False
2024-11-04 09:36:37,743 - INFO - Agent 1 moved left: False
2024-11-04 09:36:38,338 - INFO - Agent 1 moved left: False
2024-11-04 09:36:38,880 - INFO - Agent 1 moved left: False
2024-11-04 09:36:39,489 - INFO - Agent 1 moved left: False
2024-11-04 09:36:40,048 - INFO - Agent 1 moved left: False
2024-11-04 09:36:40,641 - INFO - Agent 1 moved left: False
2024-11-04 09:36:44,171 - INFO - Sent event to agent (ID:1): {"event_type": "object added", "object_type": "parcel", "object": {"id": 10, "coordinates": [0, 0], "score": 20, "carried_by_id": null}}
2024-11-04 09:36:53,516 - INFO - Agent 1 picked up: True
2024-11-04 09:36:53,516 - INFO - Sent event to agent (ID:1): {"event_type": "object changed", "object_type": "agent", "object": {"id": 1, "coordinates": [1, 0], "parcels_carried_ids": [], "has_key": true, "score": 140, "energy": 100}}
2024-11-04 09:36:53,516 - INFO - Sent event to agent (ID:1): {"event_type": "object removed", "object_type": "battery", "object": {"id": 1, "coordinates": [1, 0]}}
2024-11-04 09:37:04,541 - INFO - Sent event to agent (ID:1): {"event_type": "object added", "object_type": "parcel", "object": {"id": 11, "coordinates": [0, 0], "score": 20, "carried_by_id": null}}
2024-11-04 09:37:08,776 - INFO - Sent event to agent (ID:1): {"event_type": "object added", "object_type": "battery", "object": {"id": 2, "coordinates": [1, 0]}}
2024-11-04 09:37:17,394 - INFO - Agent 1 moved up: True
2024-11-04 09:37:17,395 - INFO - Sent event to agent (ID:1): {"event_type": "object changed", "object_type": "agent", "object": {"id": 1, "coordinates": [0, 0], "parcels_carried_ids": [], "has_key": true, "score": 140, "energy": 98}}
2024-11-04 09:37:17,395 - INFO - Sent event to agent (ID:1): {"event_type": "object changed", "object_type": "key", "object": {"id": 1, "coordinates": [0, 0], "carried_by_id": 1}}
2024-11-04 09:37:18,005 - INFO - Agent 1 picked up: True
2024-11-04 09:37:18,006 - INFO - Sent event to agent (ID:1): {"event_type": "object changed", "object_type": "parcel", "object": {"id": 8, "coordinates": [0, 0], "score": 20, "carried_by_id": 1}}
2024-11-04 09:37:18,006 - INFO - Sent event to agent (ID:1): {"event_type": "object changed", "object_type": "parcel", "object": {"id": 9, "coordinates": [0, 0], "score": 20, "carried_by_id": 1}}
2024-11-04 09:37:18,006 - INFO - Sent event to agent (ID:1): {"event_type": "object changed", "object_type": "parcel", "object": {"id": 10, "coordinates": [0, 0], "score": 20, "carried_by_id": 1}}
2024-11-04 09:37:18,006 - INFO - Sent event to agent (ID:1): {"event_type": "object changed", "object_type": "parcel", "object": {"id": 11, "coordinates": [0, 0], "score": 20, "carried_by_id": 1}}
2024-11-04 09:37:18,006 - INFO - Sent event to agent (ID:1): {"event_type": "object changed", "object_type": "agent", "object": {"id": 1, "coordinates": [0, 0], "parcels_carried_ids": [8, 9, 10, 11], "has_key": true, "score": 140, "energy": 96}}
2024-11-04 09:37:18,583 - INFO - Agent 1 moved down: True
2024-11-04 09:37:18,583 - INFO - Sent event to agent (ID:1): {"event_type": "object changed", "object_type": "parcel", "object": {"id": 8, "coordinates": [1, 0], "score": 20, "carried_by_id": 1}}
2024-11-04 09:37:18,583 - INFO - Sent event to agent (ID:1): {"event_type": "object changed", "object_type": "parcel", "object": {"id": 9, "coordinates": [1, 0], "score": 20, "carried_by_id": 1}}
2024-11-04 09:37:18,583 - INFO - Sent event to agent (ID:1): {"event_type": "object changed", "object_type": "parcel", "object": {"id": 10, "coordinates": [1, 0], "score": 20, "carried_by_id": 1}}
2024-11-04 09:37:18,583 - INFO - Sent event to agent (ID:1): {"event_type": "object changed", "object_type": "parcel", "object": {"id": 11, "coordinates": [1, 0], "score": 20, "carried_by_id": 1}}
2024-11-04 09:37:18,583 - INFO - Sent event to agent (ID:1): {"event_type": "object changed", "object_type": "agent", "object": {"id": 1, "coordinates": [1, 0], "parcels_carried_ids": [8, 9, 10, 11], "has_key": true, "score": 140, "energy": 94}}
2024-11-04 09:37:18,584 - INFO - Sent event to agent (ID:1): {"event_type": "object changed", "object_type": "key", "object": {"id": 1, "coordinates": [1, 0], "carried_by_id": 1}}
2024-11-04 09:37:19,159 - INFO - Agent 1 moved right: True
2024-11-04 09:37:19,159 - INFO - Sent event to agent (ID:1): {"event_type": "object changed", "object_type": "parcel", "object": {"id": 8, "coordinates": [1, 1], "score": 20, "carried_by_id": 1}}
2024-11-04 09:37:19,159 - INFO - Sent event to agent (ID:1): {"event_type": "object changed", "object_type": "parcel", "object": {"id": 9, "coordinates": [1, 1], "score": 20, "carried_by_id": 1}}
2024-11-04 09:37:19,159 - INFO - Sent event to agent (ID:1): {"event_type": "object changed", "object_type": "parcel", "object": {"id": 10, "coordinates": [1, 1], "score": 20, "carried_by_id": 1}}
2024-11-04 09:37:19,159 - INFO - Sent event to agent (ID:1): {"event_type": "object changed", "object_type": "parcel", "object": {"id": 11, "coordinates": [1, 1], "score": 20, "carried_by_id": 1}}
2024-11-04 09:37:19,159 - INFO - Sent event to agent (ID:1): {"event_type": "object changed", "object_type": "agent", "object": {"id": 1, "coordinates": [1, 1], "parcels_carried_ids": [8, 9, 10, 11], "has_key": true, "score": 140, "energy": 92}}
2024-11-04 09:37:19,159 - INFO - Sent event to agent (ID:1): {"event_type": "object changed", "object_type": "key", "object": {"id": 1, "coordinates": [1, 1], "carried_by_id": 1}}
2024-11-04 09:37:19,784 - INFO - Agent 1 moved right: True
2024-11-04 09:37:19,784 - INFO - Sent event to agent (ID:1): {"event_type": "object changed", "object_type": "parcel", "object": {"id": 8, "coordinates": [1, 2], "score": 20, "carried_by_id": 1}}
2024-11-04 09:37:19,784 - INFO - Sent event to agent (ID:1): {"event_type": "object changed", "object_type": "parcel", "object": {"id": 9, "coordinates": [1, 2], "score": 20, "carried_by_id": 1}}
2024-11-04 09:37:19,784 - INFO - Sent event to agent (ID:1): {"event_type": "object changed", "object_type": "parcel", "object": {"id": 10, "coordinates": [1, 2], "score": 20, "carried_by_id": 1}}
2024-11-04 09:37:19,784 - INFO - Sent event to agent (ID:1): {"event_type": "object changed", "object_type": "parcel", "object": {"id": 11, "coordinates": [1, 2], "score": 20, "carried_by_id": 1}}
2024-11-04 09:37:19,784 - INFO - Sent event to agent (ID:1): {"event_type": "object changed", "object_type": "agent", "object": {"id": 1, "coordinates": [1, 2], "parcels_carried_ids": [8, 9, 10, 11], "has_key": true, "score": 140, "energy": 90}}
2024-11-04 09:37:19,784 - INFO - Sent event to agent (ID:1): {"event_type": "object changed", "object_type": "key", "object": {"id": 1, "coordinates": [1, 2], "carried_by_id": 1}}
2024-11-04 09:37:20,325 - INFO - Agent 1 moved right: True
2024-11-04 09:37:20,325 - INFO - Sent event to agent (ID:1): {"event_type": "object changed", "object_type": "parcel", "object": {"id": 8, "coordinates": [1, 3], "score": 20, "carried_by_id": 1}}
2024-11-04 09:37:20,326 - INFO - Sent event to agent (ID:1): {"event_type": "object changed", "object_type": "parcel", "object": {"id": 9, "coordinates": [1, 3], "score": 20, "carried_by_id": 1}}
2024-11-04 09:37:20,326 - INFO - Sent event to agent (ID:1): {"event_type": "object changed", "object_type": "parcel", "object": {"id": 10, "coordinates": [1, 3], "score": 20, "carried_by_id": 1}}
2024-11-04 09:37:20,326 - INFO - Sent event to agent (ID:1): {"event_type": "object changed", "object_type": "parcel", "object": {"id": 11, "coordinates": [1, 3], "score": 20, "carried_by_id": 1}}
2024-11-04 09:37:20,326 - INFO - Sent event to agent (ID:1): {"event_type": "object changed", "object_type": "agent", "object": {"id": 1, "coordinates": [1, 3], "parcels_carried_ids": [8, 9, 10, 11], "has_key": true, "score": 140, "energy": 88}}
2024-11-04 09:37:20,326 - INFO - Sent event to agent (ID:1): {"event_type": "object changed", "object_type": "key", "object": {"id": 1, "coordinates": [1, 3], "carried_by_id": 1}}
2024-11-04 09:37:20,958 - INFO - Agent 1 put down: True
2024-11-04 09:37:20,958 - INFO - Sent event to agent (ID:1): {"event_type": "object changed", "object_type": "agent", "object": {"id": 1, "coordinates": [1, 3], "parcels_carried_ids": [], "has_key": true, "score": 220, "energy": 86}}
2024-11-04 09:37:20,958 - INFO - Sent event to agent (ID:1): {"event_type": "object removed", "object_type": "parcel", "object": {"id": 8, "coordinates": [1, 3], "score": 20, "carried_by_id": 1}}
2024-11-04 09:37:20,958 - INFO - Sent event to agent (ID:1): {"event_type": "object removed", "object_type": "parcel", "object": {"id": 9, "coordinates": [1, 3], "score": 20, "carried_by_id": 1}}
2024-11-04 09:37:20,958 - INFO - Sent event to agent (ID:1): {"event_type": "object removed", "object_type": "parcel", "object": {"id": 10, "coordinates": [1, 3], "score": 20, "carried_by_id": 1}}
2024-11-04 09:37:20,958 - INFO - Sent event to agent (ID:1): {"event_type": "object removed", "object_type": "parcel", "object": {"id": 11, "coordinates": [1, 3], "score": 20, "carried_by_id": 1}}
2024-11-04 09:37:24,894 - INFO - Sent event to agent (ID:1): {"event_type": "object added", "object_type": "parcel", "object": {"id": 12, "coordinates": [0, 0], "score": 20, "carried_by_id": null}}
2024-11-04 09:37:29,647 - INFO - Agent 1 moved up: True
2024-11-04 09:37:29,648 - INFO - Sent event to agent (ID:1): {"event_type": "object changed", "object_type": "agent", "object": {"id": 1, "coordinates": [0, 3], "parcels_carried_ids": [], "has_key": true, "score": 220, "energy": 84}}
2024-11-04 09:37:29,648 - INFO - Sent event to agent (ID:1): {"event_type": "object changed", "object_type": "key", "object": {"id": 1, "coordinates": [0, 3], "carried_by_id": 1}}
2024-11-04 09:37:30,225 - INFO - Agent 1 moved left: True
2024-11-04 09:37:30,225 - INFO - Sent event to agent (ID:1): {"event_type": "object changed", "object_type": "agent", "object": {"id": 1, "coordinates": [0, 2], "parcels_carried_ids": [], "has_key": true, "score": 220, "energy": 82}}
2024-11-04 09:37:30,225 - INFO - Sent event to agent (ID:1): {"event_type": "object changed", "object_type": "key", "object": {"id": 1, "coordinates": [0, 2], "carried_by_id": 1}}
2024-11-04 09:37:30,766 - INFO - Agent 1 moved left: True
2024-11-04 09:37:30,766 - INFO - Sent event to agent (ID:1): {"event_type": "object changed", "object_type": "agent", "object": {"id": 1, "coordinates": [0, 1], "parcels_carried_ids": [], "has_key": true, "score": 220, "energy": 80}}
2024-11-04 09:37:30,767 - INFO - Sent event to agent (ID:1): {"event_type": "object changed", "object_type": "key", "object": {"id": 1, "coordinates": [0, 1], "carried_by_id": 1}}
2024-11-04 09:37:31,342 - INFO - Agent 1 moved left: True
2024-11-04 09:37:31,342 - INFO - Sent event to agent (ID:1): {"event_type": "object changed", "object_type": "agent", "object": {"id": 1, "coordinates": [0, 0], "parcels_carried_ids": [], "has_key": true, "score": 220, "energy": 78}}
2024-11-04 09:37:31,342 - INFO - Sent event to agent (ID:1): {"event_type": "object changed", "object_type": "key", "object": {"id": 1, "coordinates": [0, 0], "carried_by_id": 1}}
2024-11-04 09:37:31,868 - INFO - Agent 1 picked up: True
2024-11-04 09:37:31,868 - INFO - Sent event to agent (ID:1): {"event_type": "object changed", "object_type": "parcel", "object": {"id": 12, "coordinates": [0, 0], "score": 20, "carried_by_id": 1}}
2024-11-04 09:37:31,868 - INFO - Sent event to agent (ID:1): {"event_type": "object changed", "object_type": "agent", "object": {"id": 1, "coordinates": [0, 0], "parcels_carried_ids": [12], "has_key": true, "score": 220, "energy": 76}}
2024-11-04 09:37:32,462 - INFO - Agent 1 moved down: True
2024-11-04 09:37:32,463 - INFO - Sent event to agent (ID:1): {"event_type": "object changed", "object_type": "parcel", "object": {"id": 12, "coordinates": [1, 0], "score": 20, "carried_by_id": 1}}
2024-11-04 09:37:32,463 - INFO - Sent event to agent (ID:1): {"event_type": "object changed", "object_type": "agent", "object": {"id": 1, "coordinates": [1, 0], "parcels_carried_ids": [12], "has_key": true, "score": 220, "energy": 74}}
2024-11-04 09:37:32,463 - INFO - Sent event to agent (ID:1): {"event_type": "object changed", "object_type": "key", "object": {"id": 1, "coordinates": [1, 0], "carried_by_id": 1}}
2024-11-04 09:37:33,124 - INFO - Agent 1 moved right: True
2024-11-04 09:37:33,124 - INFO - Sent event to agent (ID:1): {"event_type": "object changed", "object_type": "parcel", "object": {"id": 12, "coordinates": [1, 1], "score": 20, "carried_by_id": 1}}
2024-11-04 09:37:33,124 - INFO - Sent event to agent (ID:1): {"event_type": "object changed", "object_type": "agent", "object": {"id": 1, "coordinates": [1, 1], "parcels_carried_ids": [12], "has_key": true, "score": 220, "energy": 72}}
2024-11-04 09:37:33,125 - INFO - Sent event to agent (ID:1): {"event_type": "object changed", "object_type": "key", "object": {"id": 1, "coordinates": [1, 1], "carried_by_id": 1}}
2024-11-04 09:37:33,785 - INFO - Agent 1 moved right: True
2024-11-04 09:37:33,785 - INFO - Sent event to agent (ID:1): {"event_type": "object changed", "object_type": "parcel", "object": {"id": 12, "coordinates": [1, 2], "score": 20, "carried_by_id": 1}}
2024-11-04 09:37:33,785 - INFO - Sent event to agent (ID:1): {"event_type": "object changed", "object_type": "agent", "object": {"id": 1, "coordinates": [1, 2], "parcels_carried_ids": [12], "has_key": true, "score": 220, "energy": 70}}
2024-11-04 09:37:33,785 - INFO - Sent event to agent (ID:1): {"event_type": "object changed", "object_type": "key", "object": {"id": 1, "coordinates": [1, 2], "carried_by_id": 1}}
2024-11-04 09:37:34,309 - INFO - Agent 1 moved right: True
2024-11-04 09:37:34,310 - INFO - Sent event to agent (ID:1): {"event_type": "object changed", "object_type": "parcel", "object": {"id": 12, "coordinates": [1, 3], "score": 20, "carried_by_id": 1}}
2024-11-04 09:37:34,310 - INFO - Sent event to agent (ID:1): {"event_type": "object changed", "object_type": "agent", "object": {"id": 1, "coordinates": [1, 3], "parcels_carried_ids": [12], "has_key": true, "score": 220, "energy": 68}}
2024-11-04 09:37:34,310 - INFO - Sent event to agent (ID:1): {"event_type": "object changed", "object_type": "key", "object": {"id": 1, "coordinates": [1, 3], "carried_by_id": 1}}
2024-11-04 09:37:34,905 - INFO - Agent 1 put down: True
2024-11-04 09:37:34,905 - INFO - Sent event to agent (ID:1): {"event_type": "object changed", "object_type": "agent", "object": {"id": 1, "coordinates": [1, 3], "parcels_carried_ids": [], "has_key": true, "score": 240, "energy": 66}}
2024-11-04 09:37:34,905 - INFO - Sent event to agent (ID:1): {"event_type": "object removed", "object_type": "parcel", "object": {"id": 12, "coordinates": [1, 3], "score": 20, "carried_by_id": 1}}
2024-11-04 09:37:38,508 - INFO - Agent 1 moved left: True
2024-11-04 09:37:38,509 - INFO - Sent event to agent (ID:1): {"event_type": "object changed", "object_type": "agent", "object": {"id": 1, "coordinates": [1, 2], "parcels_carried_ids": [], "has_key": true, "score": 240, "energy": 64}}
2024-11-04 09:37:38,509 - INFO - Sent event to agent (ID:1): {"event_type": "object changed", "object_type": "key", "object": {"id": 1, "coordinates": [1, 2], "carried_by_id": 1}}
2024-11-04 09:37:39,032 - INFO - Agent 1 moved left: True
2024-11-04 09:37:39,032 - INFO - Sent event to agent (ID:1): {"event_type": "object changed", "object_type": "agent", "object": {"id": 1, "coordinates": [1, 1], "parcels_carried_ids": [], "has_key": true, "score": 240, "energy": 62}}
2024-11-04 09:37:39,032 - INFO - Sent event to agent (ID:1): {"event_type": "object changed", "object_type": "key", "object": {"id": 1, "coordinates": [1, 1], "carried_by_id": 1}}
2024-11-04 09:37:39,592 - INFO - Agent 1 moved left: True
2024-11-04 09:37:39,592 - INFO - Sent event to agent (ID:1): {"event_type": "object changed", "object_type": "agent", "object": {"id": 1, "coordinates": [1, 0], "parcels_carried_ids": [], "has_key": true, "score": 240, "energy": 60}}
2024-11-04 09:37:39,592 - INFO - Sent event to agent (ID:1): {"event_type": "object changed", "object_type": "key", "object": {"id": 1, "coordinates": [1, 0], "carried_by_id": 1}}
2024-11-04 09:37:40,203 - INFO - Agent 1 picked up: True
2024-11-04 09:37:40,204 - INFO - Sent event to agent (ID:1): {"event_type": "object changed", "object_type": "agent", "object": {"id": 1, "coordinates": [1, 0], "parcels_carried_ids": [], "has_key": true, "score": 240, "energy": 100}}
2024-11-04 09:37:40,204 - INFO - Sent event to agent (ID:1): {"event_type": "object removed", "object_type": "battery", "object": {"id": 2, "coordinates": [1, 0]}}
2024-11-04 09:37:45,244 - INFO - Sent event to agent (ID:1): {"event_type": "object added", "object_type": "parcel", "object": {"id": 13, "coordinates": [0, 0], "score": 20, "carried_by_id": null}}
2024-11-04 09:37:47,527 - DEBUG - Replay file written
2024-11-04 09:37:47,527 - DEBUG - Server terminated
