2024-10-22 10:18:25,145 - DEBUG - Server started
2024-10-22 10:18:25,815 - INFO - Agent connected with ID 1 and address ('127.0.0.1', 8081)
2024-10-22 10:18:25,816 - INFO - Sent event to agent (ID:1): {"event_type": "object added", "object_type": "map", "object": {"width": 4, "height": 4, "grid": [{"cell_coordinates": [0, 0], "cell_type": "parcels_spawn"}, {"cell_coordinates": [0, 1], "cell_type": "walkable"}, {"cell_coordinates": [0, 2], "cell_type": "non_walkable"}, {"cell_coordinates": [0, 3], "cell_type": "non_walkable"}, {"cell_coordinates": [1, 0], "cell_type": "walkable"}, {"cell_coordinates": [1, 1], "cell_type": "walkable"}, {"cell_coordinates": [1, 2], "cell_type": "walkable"}, {"cell_coordinates": [1, 3], "cell_type": "delivery_cell"}, {"cell_coordinates": [2, 0], "cell_type": "non_walkable"}, {"cell_coordinates": [2, 1], "cell_type": "non_walkable"}, {"cell_coordinates": [2, 2], "cell_type": "non_walkable"}, {"cell_coordinates": [2, 3], "cell_type": "non_walkable"}, {"cell_coordinates": [3, 0], "cell_type": "non_walkable"}, {"cell_coordinates": [3, 1], "cell_type": "non_walkable"}, {"cell_coordinates": [3, 2], "cell_type": "non_walkable"}, {"cell_coordinates": [3, 3], "cell_type": "non_walkable"}]}}
2024-10-22 10:18:25,820 - INFO - Sent event to agent (ID:1): {"event_type": "object added", "object_type": "parcel", "object": {"id": 1, "coordinates": [0, 0], "score": 20, "carried_by_id": null}}
2024-10-22 10:18:25,820 - INFO - Sent event to agent (ID:1): {"event_type": "object added", "object_type": "agent", "object": {"id": 1, "coordinates": [1, 1], "parcels_carried_ids": [], "has_key": false, "score": 0}}
2024-10-22 10:18:25,820 - INFO - Sent event to agent (ID:1): {"event_type": "object added", "object_type": "key", "object": {"id": 1, "coordinates": [0, 1], "carried_by_id": null}}
2024-10-22 10:18:25,820 - INFO - Sent event to agent (ID:1): {"event_type": "object added", "object_type": "door", "object": {"id": 1, "coordinates": [1, 2]}}
2024-10-22 10:19:22,884 - INFO - Agent 1 moved up: True
2024-10-22 10:19:22,885 - INFO - Sent event to agent (ID:1): {"event_type": "object changed", "object_type": "agent", "object": {"id": 1, "coordinates": [0, 1], "parcels_carried_ids": [], "has_key": false, "score": 0}}
2024-10-22 10:19:23,459 - INFO - Agent 1 moved left: True
2024-10-22 10:19:23,459 - INFO - Sent event to agent (ID:1): {"event_type": "object changed", "object_type": "agent", "object": {"id": 1, "coordinates": [0, 0], "parcels_carried_ids": [], "has_key": false, "score": 0}}
2024-10-22 10:19:24,052 - INFO - Agent 1 picked up: True
2024-10-22 10:19:24,052 - INFO - Sent event to agent (ID:1): {"event_type": "object changed", "object_type": "parcel", "object": {"id": 1, "coordinates": [0, 0], "score": 20, "carried_by_id": 1}}
2024-10-22 10:19:24,052 - INFO - Sent event to agent (ID:1): {"event_type": "object changed", "object_type": "agent", "object": {"id": 1, "coordinates": [0, 0], "parcels_carried_ids": [1], "has_key": false, "score": 0}}
2024-10-22 10:19:24,597 - INFO - Agent 1 moved down: True
2024-10-22 10:19:24,597 - INFO - Sent event to agent (ID:1): {"event_type": "object changed", "object_type": "parcel", "object": {"id": 1, "coordinates": [1, 0], "score": 20, "carried_by_id": 1}}
2024-10-22 10:19:24,597 - INFO - Sent event to agent (ID:1): {"event_type": "object changed", "object_type": "agent", "object": {"id": 1, "coordinates": [1, 0], "parcels_carried_ids": [1], "has_key": false, "score": 0}}
2024-10-22 10:19:25,140 - INFO - Agent 1 moved right: True
2024-10-22 10:19:25,140 - INFO - Sent event to agent (ID:1): {"event_type": "object changed", "object_type": "parcel", "object": {"id": 1, "coordinates": [1, 1], "score": 20, "carried_by_id": 1}}
2024-10-22 10:19:25,140 - INFO - Sent event to agent (ID:1): {"event_type": "object changed", "object_type": "agent", "object": {"id": 1, "coordinates": [1, 1], "parcels_carried_ids": [1], "has_key": false, "score": 0}}
2024-10-22 10:19:25,752 - INFO - Agent 1 moved right: False
2024-10-22 10:19:26,294 - INFO - Agent 1 moved right: False
2024-10-22 10:19:26,855 - INFO - Agent 1 moved right: False
2024-10-22 10:19:27,380 - INFO - Agent 1 moved right: False
2024-10-22 10:19:27,937 - INFO - Agent 1 moved right: False
2024-10-22 10:19:28,449 - INFO - Agent 1 moved right: False
2024-10-22 10:19:29,008 - INFO - Agent 1 moved right: False
2024-10-22 10:19:29,549 - INFO - Agent 1 moved right: False
2024-10-22 10:19:30,144 - INFO - Agent 1 moved right: False
2024-10-22 10:19:30,754 - INFO - Agent 1 moved right: False
2024-10-22 10:19:31,264 - INFO - Agent 1 moved right: False
2024-10-22 10:19:31,807 - INFO - Agent 1 moved right: False
2024-10-22 10:19:32,366 - INFO - Agent 1 moved right: False
2024-10-22 10:19:33,010 - INFO - Agent 1 moved right: False
2024-10-22 10:19:33,750 - INFO - Agent 1 moved right: False
2024-10-22 10:19:34,038 - INFO - Agent 1 moved right: False
2024-10-22 10:19:34,680 - INFO - Agent 1 moved right: False
2024-10-22 10:19:35,302 - INFO - Agent 1 moved right: False
2024-10-22 10:19:35,962 - INFO - Agent 1 moved right: False
2024-10-22 10:19:36,503 - INFO - Agent 1 moved right: False
2024-10-22 10:19:37,059 - INFO - Agent 1 moved right: False
2024-10-22 10:19:37,652 - INFO - Agent 1 moved right: False
2024-10-22 10:19:38,212 - INFO - Agent 1 moved right: False
2024-10-22 10:19:38,822 - INFO - Agent 1 moved right: False
2024-10-22 10:19:39,388 - INFO - Agent 1 moved right: False
2024-10-22 10:19:39,966 - INFO - Agent 1 moved right: False
2024-10-22 10:19:40,493 - INFO - Agent 1 moved right: False
2024-10-22 10:19:41,018 - INFO - Agent 1 moved right: False
2024-10-22 10:19:41,614 - INFO - Agent 1 moved right: False
2024-10-22 10:19:42,142 - INFO - Agent 1 moved right: False
2024-10-22 10:19:42,786 - INFO - Agent 1 moved right: False
2024-10-22 10:19:43,344 - INFO - Agent 1 moved right: False
2024-10-22 10:19:43,989 - INFO - Agent 1 moved right: False
2024-10-22 10:19:44,550 - INFO - Agent 1 moved right: False
2024-10-22 10:19:45,127 - INFO - Agent 1 moved right: False
2024-10-22 10:19:45,687 - INFO - Agent 1 moved right: False
2024-10-22 10:19:46,228 - INFO - Agent 1 moved right: False
2024-10-22 10:19:46,786 - INFO - Agent 1 moved right: False
2024-10-22 10:19:47,314 - INFO - Agent 1 moved right: False
2024-10-22 10:19:47,837 - INFO - Agent 1 moved right: False
2024-10-22 10:19:48,432 - INFO - Agent 1 moved right: False
2024-10-22 10:19:49,076 - INFO - Agent 1 moved right: False
2024-10-22 10:19:49,671 - INFO - Agent 1 moved right: False
2024-10-22 10:19:50,247 - INFO - Agent 1 moved right: False
2024-10-22 10:19:50,841 - INFO - Agent 1 moved right: False
2024-10-22 10:19:51,386 - INFO - Agent 1 moved right: False
2024-10-22 10:19:51,877 - INFO - Agent 1 moved right: False
2024-10-22 10:19:52,422 - INFO - Agent 1 moved right: False
2024-10-22 10:19:59,800 - INFO - Agent 1 moved right: False
2024-10-22 10:20:00,395 - INFO - Agent 1 put down: True
2024-10-22 10:20:00,395 - INFO - Sent event to agent (ID:1): {"event_type": "object changed", "object_type": "parcel", "object": {"id": 1, "coordinates": [1, 1], "score": 20, "carried_by_id": null}}
2024-10-22 10:20:00,395 - INFO - Sent event to agent (ID:1): {"event_type": "object changed", "object_type": "agent", "object": {"id": 1, "coordinates": [1, 1], "parcels_carried_ids": [], "has_key": false, "score": 0}}
2024-10-22 10:20:16,554 - INFO - Agent 1 picked up: True
2024-10-22 10:20:16,555 - INFO - Sent event to agent (ID:1): {"event_type": "object changed", "object_type": "parcel", "object": {"id": 1, "coordinates": [1, 1], "score": 20, "carried_by_id": 1}}
2024-10-22 10:20:16,555 - INFO - Sent event to agent (ID:1): {"event_type": "object changed", "object_type": "agent", "object": {"id": 1, "coordinates": [1, 1], "parcels_carried_ids": [1], "has_key": false, "score": 0}}
2024-10-22 10:20:17,129 - INFO - Agent 1 moved right: False
2024-10-22 10:20:17,739 - INFO - Agent 1 moved right: False
2024-10-22 10:20:18,317 - INFO - Agent 1 moved right: False
2024-10-22 10:20:18,860 - INFO - Agent 1 moved right: False
2024-10-22 10:20:19,539 - INFO - Agent 1 moved right: False
2024-10-22 10:20:20,131 - INFO - Agent 1 moved right: False
2024-10-22 10:20:20,742 - INFO - Agent 1 moved right: False
2024-10-22 10:20:21,285 - INFO - Agent 1 moved right: False
2024-10-22 10:20:21,845 - INFO - Agent 1 moved right: False
2024-10-22 10:20:22,372 - INFO - Agent 1 moved right: False
2024-10-22 10:20:22,847 - INFO - Agent 1 moved right: False
2024-10-22 10:20:23,407 - INFO - Agent 1 moved right: False
2024-10-22 10:20:23,917 - INFO - Agent 1 moved right: False
2024-10-22 10:20:24,530 - INFO - Agent 1 moved right: False
2024-10-22 10:20:25,073 - INFO - Agent 1 moved right: False
2024-10-22 10:20:25,649 - INFO - Agent 1 moved right: False
2024-10-22 10:20:26,143 - INFO - Agent 1 moved right: False
2024-10-22 10:20:26,636 - INFO - Agent 1 moved right: False
2024-10-22 10:20:27,212 - INFO - Agent 1 moved right: False
2024-10-22 10:20:27,874 - INFO - Agent 1 moved right: False
2024-10-22 10:20:28,383 - INFO - Agent 1 moved right: False
2024-10-22 10:20:28,977 - INFO - Agent 1 moved right: False
2024-10-22 10:20:29,505 - INFO - Agent 1 moved right: False
2024-10-22 10:20:30,048 - INFO - Agent 1 moved right: False
2024-10-22 10:20:30,590 - INFO - Agent 1 moved right: False
2024-10-22 10:20:31,183 - INFO - Agent 1 moved right: False
2024-10-22 10:20:31,742 - INFO - Agent 1 moved right: False
2024-10-22 10:20:32,335 - INFO - Agent 1 moved right: False
2024-10-22 10:20:32,925 - INFO - Agent 1 moved right: False
2024-10-22 10:20:33,486 - INFO - Agent 1 moved right: False
2024-10-22 10:20:34,014 - INFO - Agent 1 moved right: False
2024-10-22 10:20:34,557 - INFO - Agent 1 moved right: False
2024-10-22 10:20:35,133 - INFO - Agent 1 moved right: False
2024-10-22 10:20:35,709 - INFO - Agent 1 moved right: False
2024-10-22 10:20:36,338 - INFO - Agent 1 moved right: False
2024-10-22 10:20:37,032 - INFO - Agent 1 moved right: False
2024-10-22 10:20:37,610 - INFO - Agent 1 moved right: False
2024-10-22 10:20:38,205 - INFO - Agent 1 moved right: False
2024-10-22 10:20:38,799 - INFO - Agent 1 moved right: False
2024-10-22 10:20:39,309 - INFO - Agent 1 moved right: False
2024-10-22 10:20:39,854 - INFO - Agent 1 moved right: False
2024-10-22 10:20:40,393 - INFO - Agent 1 moved right: False
2024-10-22 10:20:40,968 - INFO - Agent 1 moved right: False
2024-10-22 10:20:41,509 - INFO - Agent 1 moved right: False
2024-10-22 10:20:41,970 - INFO - Agent 1 moved right: False
2024-10-22 10:20:42,580 - INFO - Agent 1 moved right: False
2024-10-22 10:20:43,106 - INFO - Agent 1 moved right: False
2024-10-22 10:20:43,663 - INFO - Agent 1 moved right: False
2024-10-22 10:20:44,224 - INFO - Agent 1 moved right: False
2024-10-22 10:20:44,786 - INFO - Agent 1 moved right: False
2024-10-22 10:20:45,313 - INFO - Agent 1 moved right: False
2024-10-22 10:20:45,838 - INFO - Agent 1 moved right: False
2024-10-22 10:21:04,964 - INFO - Agent 1 picked up: False
2024-10-22 10:21:19,641 - INFO - Agent 1 moved right: False
2024-10-22 10:21:20,199 - INFO - Agent 1 moved right: False
2024-10-22 10:21:20,792 - INFO - Agent 1 moved right: False
2024-10-22 10:21:21,316 - INFO - Agent 1 moved right: False
2024-10-22 10:21:21,843 - INFO - Agent 1 moved right: False
2024-10-22 10:21:22,353 - INFO - Agent 1 moved right: False
2024-10-22 10:21:22,897 - INFO - Agent 1 moved right: False
2024-10-22 10:21:23,406 - INFO - Agent 1 moved right: False
2024-10-22 10:21:24,018 - INFO - Agent 1 moved right: False
2024-10-22 10:21:24,543 - INFO - Agent 1 moved right: False
2024-10-22 10:21:25,103 - INFO - Agent 1 moved right: False
2024-10-22 10:21:25,611 - INFO - Agent 1 moved right: False
2024-10-22 10:21:26,288 - INFO - Agent 1 moved right: False
2024-10-22 10:21:26,848 - INFO - Agent 1 moved right: False
2024-10-22 10:21:27,422 - INFO - Agent 1 moved right: False
2024-10-22 10:21:27,983 - INFO - Agent 1 moved right: False
2024-10-22 10:21:28,512 - INFO - Agent 1 moved right: False
2024-10-22 10:21:29,155 - INFO - Agent 1 moved right: False
2024-10-22 10:21:29,732 - INFO - Agent 1 moved right: False
2024-10-22 10:21:30,324 - INFO - Agent 1 moved right: False
2024-10-22 10:21:30,901 - INFO - Agent 1 moved right: False
2024-10-22 10:21:31,442 - INFO - Agent 1 moved right: False
2024-10-22 10:21:32,001 - INFO - Agent 1 moved right: False
2024-10-22 10:21:32,647 - INFO - Agent 1 moved right: False
2024-10-22 10:21:33,173 - INFO - Agent 1 moved right: False
2024-10-22 10:21:33,804 - INFO - Agent 1 moved right: False
2024-10-22 10:21:34,363 - INFO - Agent 1 moved right: False
2024-10-22 10:21:35,042 - INFO - Agent 1 moved right: False
2024-10-22 10:21:35,620 - INFO - Agent 1 moved right: False
2024-10-22 10:21:36,178 - INFO - Agent 1 moved right: False
2024-10-22 10:21:36,720 - INFO - Agent 1 moved right: False
2024-10-22 10:21:37,295 - INFO - Agent 1 moved right: False
2024-10-22 10:21:37,855 - INFO - Agent 1 moved right: False
2024-10-22 10:21:38,399 - INFO - Agent 1 moved right: False
2024-10-22 10:21:38,942 - INFO - Agent 1 moved right: False
2024-10-22 10:21:39,503 - INFO - Agent 1 moved right: False
2024-10-22 10:21:40,217 - INFO - Agent 1 moved right: False
2024-10-22 10:21:40,829 - INFO - Agent 1 moved right: False
2024-10-22 10:21:41,390 - INFO - Agent 1 moved right: False
2024-10-22 10:21:41,952 - INFO - Agent 1 moved right: False
2024-10-22 10:21:42,528 - INFO - Agent 1 moved right: False
2024-10-22 10:21:43,120 - INFO - Agent 1 moved right: False
2024-10-22 10:21:43,661 - INFO - Agent 1 moved right: False
2024-10-22 10:21:44,187 - INFO - Agent 1 moved right: False
2024-10-22 10:21:44,712 - INFO - Agent 1 moved right: False
2024-10-22 10:21:45,359 - INFO - Agent 1 moved right: False
2024-10-22 10:21:45,900 - INFO - Agent 1 moved right: False
2024-10-22 10:21:46,442 - INFO - Agent 1 moved right: False
2024-10-22 10:21:47,461 - INFO - Agent 1 moved right: False
2024-10-22 10:21:47,478 - INFO - Agent 1 moved right: False
2024-10-22 10:21:48,016 - INFO - Agent 1 moved right: False
2024-10-22 10:21:48,574 - INFO - Agent 1 moved right: False
2024-10-22 10:21:49,186 - INFO - Agent 1 moved right: False
2024-10-22 10:22:02,537 - INFO - Agent 1 moved right: False
2024-10-22 10:22:14,469 - INFO - Agent 1 moved right: False
2024-10-22 10:22:30,916 - INFO - Agent 1 moved up: True
2024-10-22 10:22:30,916 - INFO - Sent event to agent (ID:1): {"event_type": "object changed", "object_type": "parcel", "object": {"id": 1, "coordinates": [0, 1], "score": 20, "carried_by_id": 1}}
2024-10-22 10:22:30,916 - INFO - Sent event to agent (ID:1): {"event_type": "object changed", "object_type": "agent", "object": {"id": 1, "coordinates": [0, 1], "parcels_carried_ids": [1], "has_key": false, "score": 0}}
2024-10-22 10:22:31,508 - INFO - Agent 1 moved up: False
2024-10-22 10:22:32,051 - INFO - Agent 1 moved up: False
2024-10-22 10:22:32,559 - INFO - Agent 1 moved up: False
2024-10-22 10:22:33,154 - INFO - Agent 1 moved up: False
2024-10-22 10:22:33,695 - INFO - Agent 1 moved up: False
2024-10-22 10:22:34,185 - INFO - Agent 1 moved up: False
2024-10-22 10:22:34,762 - INFO - Agent 1 moved up: False
2024-10-22 10:22:35,322 - INFO - Agent 1 moved up: False
2024-10-22 10:22:35,882 - INFO - Agent 1 moved up: False
2024-10-22 10:22:36,476 - INFO - Agent 1 moved up: False
2024-10-22 10:22:37,001 - INFO - Agent 1 moved up: False
2024-10-22 10:22:37,559 - INFO - Agent 1 moved up: False
2024-10-22 10:22:38,085 - INFO - Agent 1 moved up: False
2024-10-22 10:22:38,609 - INFO - Agent 1 moved up: False
2024-10-22 10:22:39,206 - INFO - Agent 1 moved up: False
2024-10-22 10:22:39,783 - INFO - Agent 1 moved up: False
2024-10-22 10:22:40,391 - INFO - Agent 1 moved up: False
2024-10-22 10:22:40,950 - INFO - Agent 1 moved up: False
2024-10-22 10:22:41,477 - INFO - Agent 1 moved up: False
2024-10-22 10:22:42,071 - INFO - Agent 1 moved up: False
2024-10-22 10:22:42,667 - INFO - Agent 1 moved up: False
2024-10-22 10:22:43,208 - INFO - Agent 1 moved up: False
2024-10-22 10:22:43,717 - INFO - Agent 1 moved up: False
2024-10-22 10:22:44,244 - INFO - Agent 1 moved up: False
2024-10-22 10:22:44,787 - INFO - Agent 1 moved up: False
2024-10-22 10:22:45,346 - INFO - Agent 1 moved up: False
2024-10-22 10:22:45,872 - INFO - Agent 1 moved up: False
2024-10-22 10:22:46,483 - INFO - Agent 1 moved up: False
2024-10-22 10:22:47,060 - INFO - Agent 1 moved up: False
2024-10-22 10:22:47,584 - INFO - Agent 1 moved up: False
2024-10-22 10:22:48,196 - INFO - Agent 1 moved up: False
2024-10-22 10:22:48,825 - INFO - Agent 1 moved up: False
2024-10-22 10:22:49,352 - INFO - Agent 1 moved up: False
2024-10-22 10:22:49,945 - INFO - Agent 1 moved up: False
2024-10-22 10:22:50,554 - INFO - Agent 1 moved up: False
2024-10-22 10:22:51,078 - INFO - Agent 1 moved up: False
2024-10-22 10:22:51,656 - INFO - Agent 1 moved up: False
2024-10-22 10:22:52,233 - INFO - Agent 1 moved up: False
2024-10-22 10:22:52,842 - INFO - Agent 1 moved up: False
2024-10-22 10:22:53,384 - INFO - Agent 1 moved up: False
2024-10-22 10:22:53,893 - INFO - Agent 1 moved up: False
2024-10-22 10:22:54,367 - INFO - Agent 1 moved up: False
2024-10-22 10:22:54,995 - INFO - Agent 1 moved up: False
2024-10-22 10:22:55,486 - INFO - Agent 1 moved up: False
2024-10-22 10:22:56,113 - INFO - Agent 1 moved up: False
2024-10-22 10:22:56,674 - INFO - Agent 1 moved up: False
2024-10-22 10:22:57,215 - INFO - Agent 1 moved up: False
2024-10-22 10:22:57,758 - INFO - Agent 1 moved up: False
2024-10-22 10:22:58,302 - INFO - Agent 1 moved up: False
2024-10-22 10:22:58,861 - INFO - Agent 1 moved up: False
2024-10-22 10:22:59,389 - INFO - Agent 1 moved up: False
2024-10-22 10:22:59,948 - INFO - Agent 1 moved up: False
2024-10-22 10:23:00,472 - INFO - Agent 1 moved up: False
2024-10-22 10:23:08,345 - INFO - Agent 1 moved down: True
2024-10-22 10:23:08,345 - INFO - Sent event to agent (ID:1): {"event_type": "object changed", "object_type": "parcel", "object": {"id": 1, "coordinates": [1, 1], "score": 20, "carried_by_id": 1}}
2024-10-22 10:23:08,345 - INFO - Sent event to agent (ID:1): {"event_type": "object changed", "object_type": "agent", "object": {"id": 1, "coordinates": [1, 1], "parcels_carried_ids": [1], "has_key": false, "score": 0}}
2024-10-22 10:23:25,955 - INFO - Agent 1 moved right: False
2024-10-22 10:23:26,550 - INFO - Agent 1 moved right: False
2024-10-22 10:23:27,161 - INFO - Agent 1 moved right: False
2024-10-22 10:23:27,687 - INFO - Agent 1 moved right: False
2024-10-22 10:23:28,244 - INFO - Agent 1 moved right: False
2024-10-22 10:23:28,836 - INFO - Agent 1 moved right: False
2024-10-22 10:23:29,393 - INFO - Agent 1 moved right: False
2024-10-22 10:23:30,326 - INFO - Agent 1 moved right: False
2024-10-22 10:23:30,495 - INFO - Agent 1 moved right: False
2024-10-22 10:23:31,022 - INFO - Agent 1 moved right: False
2024-10-22 10:23:31,568 - INFO - Agent 1 moved right: False
2024-10-22 10:23:32,159 - INFO - Agent 1 moved right: False
2024-10-22 10:23:32,802 - INFO - Agent 1 moved right: False
2024-10-22 10:23:33,395 - INFO - Agent 1 moved right: False
2024-10-22 10:23:33,956 - INFO - Agent 1 moved right: False
2024-10-22 10:23:34,514 - INFO - Agent 1 moved right: False
2024-10-22 10:23:35,091 - INFO - Agent 1 moved right: False
2024-10-22 10:23:35,719 - INFO - Agent 1 moved right: False
2024-10-22 10:23:36,280 - INFO - Agent 1 moved right: False
2024-10-22 10:23:36,924 - INFO - Agent 1 moved right: False
2024-10-22 10:23:37,501 - INFO - Agent 1 moved right: False
2024-10-22 10:23:38,110 - INFO - Agent 1 moved right: False
2024-10-22 10:23:38,654 - INFO - Agent 1 moved right: False
2024-10-22 10:23:39,181 - INFO - Agent 1 moved right: False
2024-10-22 10:23:39,706 - INFO - Agent 1 moved right: False
2024-10-22 10:23:40,402 - INFO - Agent 1 moved right: False
2024-10-22 10:23:40,945 - INFO - Agent 1 moved right: False
2024-10-22 10:23:41,540 - INFO - Agent 1 moved right: False
2024-10-22 10:23:42,065 - INFO - Agent 1 moved right: False
2024-10-22 10:23:42,591 - INFO - Agent 1 moved right: False
2024-10-22 10:23:43,151 - INFO - Agent 1 moved right: False
2024-10-22 10:23:43,677 - INFO - Agent 1 moved right: False
2024-10-22 10:23:44,267 - INFO - Agent 1 moved right: False
2024-10-22 10:23:44,810 - INFO - Agent 1 moved right: False
2024-10-22 10:23:45,349 - INFO - Agent 1 moved right: False
2024-10-22 10:23:45,910 - INFO - Agent 1 moved right: False
2024-10-22 10:23:46,520 - INFO - Agent 1 moved right: False
2024-10-22 10:23:47,080 - INFO - Agent 1 moved right: False
2024-10-22 10:23:47,604 - INFO - Agent 1 moved right: False
2024-10-22 10:23:48,148 - INFO - Agent 1 moved right: False
2024-10-22 10:23:48,757 - INFO - Agent 1 moved right: False
2024-10-22 10:23:49,392 - INFO - Agent 1 moved right: False
2024-10-22 10:23:49,952 - INFO - Agent 1 moved right: False
2024-10-22 10:23:50,511 - INFO - Agent 1 moved right: False
2024-10-22 10:23:51,036 - INFO - Agent 1 moved right: False
2024-10-22 10:23:51,626 - INFO - Agent 1 moved right: False
2024-10-22 10:23:52,131 - INFO - Agent 1 moved right: False
2024-10-22 10:23:52,640 - INFO - Agent 1 moved right: False
2024-10-22 10:23:53,219 - INFO - Agent 1 moved right: False
2024-10-22 10:23:53,813 - INFO - Agent 1 moved right: False
2024-10-22 10:23:54,324 - INFO - Agent 1 moved right: False
2024-10-22 10:23:55,001 - INFO - Agent 1 moved right: False
2024-10-22 10:23:55,527 - INFO - Agent 1 moved right: False
2024-10-22 10:24:10,849 - INFO - Agent 1 moved right: False
2024-10-22 10:24:11,459 - INFO - Agent 1 moved right: False
2024-10-22 10:24:12,051 - INFO - Agent 1 moved right: False
2024-10-22 10:24:12,629 - INFO - Agent 1 moved right: False
2024-10-22 10:24:13,240 - INFO - Agent 1 moved right: False
2024-10-22 10:24:13,916 - INFO - Agent 1 moved right: False
2024-10-22 10:24:14,459 - INFO - Agent 1 moved right: False
2024-10-22 10:24:15,018 - INFO - Agent 1 moved right: False
2024-10-22 10:24:15,595 - INFO - Agent 1 moved right: False
2024-10-22 10:24:16,154 - INFO - Agent 1 moved right: False
2024-10-22 10:24:16,679 - INFO - Agent 1 moved right: False
2024-10-22 10:24:17,236 - INFO - Agent 1 moved right: False
2024-10-22 10:24:17,797 - INFO - Agent 1 moved right: False
2024-10-22 10:24:18,323 - INFO - Agent 1 moved right: False
2024-10-22 10:24:18,865 - INFO - Agent 1 moved right: False
2024-10-22 10:24:19,407 - INFO - Agent 1 moved right: False
2024-10-22 10:24:19,968 - INFO - Agent 1 moved right: False
2024-10-22 10:24:20,529 - INFO - Agent 1 moved right: False
2024-10-22 10:24:21,122 - INFO - Agent 1 moved right: False
2024-10-22 10:24:21,629 - INFO - Agent 1 moved right: False
2024-10-22 10:24:22,256 - INFO - Agent 1 moved right: False
2024-10-22 10:24:22,813 - INFO - Agent 1 moved right: False
2024-10-22 10:24:23,375 - INFO - Agent 1 moved right: False
2024-10-22 10:24:23,971 - INFO - Agent 1 moved right: False
2024-10-22 10:24:24,548 - INFO - Agent 1 moved right: False
2024-10-22 10:24:25,106 - INFO - Agent 1 moved right: False
2024-10-22 10:24:25,651 - INFO - Agent 1 moved right: False
2024-10-22 10:24:26,246 - INFO - Agent 1 moved right: False
2024-10-22 10:24:26,855 - INFO - Agent 1 moved right: False
2024-10-22 10:24:27,379 - INFO - Agent 1 moved right: False
2024-10-22 10:24:27,923 - INFO - Agent 1 moved right: False
2024-10-22 10:24:28,532 - INFO - Agent 1 moved right: False
2024-10-22 10:24:29,159 - INFO - Agent 1 moved right: False
2024-10-22 10:24:29,700 - INFO - Agent 1 moved right: False
2024-10-22 10:24:30,244 - INFO - Agent 1 moved right: False
2024-10-22 10:24:30,789 - INFO - Agent 1 moved right: False
2024-10-22 10:24:31,350 - INFO - Agent 1 moved right: False
2024-10-22 10:24:31,977 - INFO - Agent 1 moved right: False
2024-10-22 10:24:32,554 - INFO - Agent 1 moved right: False
2024-10-22 10:24:33,093 - INFO - Agent 1 moved right: False
2024-10-22 10:24:33,686 - INFO - Agent 1 moved right: False
2024-10-22 10:24:34,227 - INFO - Agent 1 moved right: False
2024-10-22 10:24:34,772 - INFO - Agent 1 moved right: False
2024-10-22 10:24:35,363 - INFO - Agent 1 moved right: False
2024-10-22 10:24:35,924 - INFO - Agent 1 moved right: False
2024-10-22 10:24:36,569 - INFO - Agent 1 moved right: False
2024-10-22 10:24:37,096 - INFO - Agent 1 moved right: False
2024-10-22 10:24:37,657 - INFO - Agent 1 moved right: False
2024-10-22 10:24:38,220 - INFO - Agent 1 moved right: False
2024-10-22 10:24:38,795 - INFO - Agent 1 moved right: False
2024-10-22 10:24:39,301 - INFO - Agent 1 moved right: False
2024-10-22 10:24:39,841 - INFO - Agent 1 moved right: False
2024-10-22 10:24:40,384 - INFO - Agent 1 moved right: False
2024-10-22 10:24:50,055 - INFO - Agent 1 picked up: False
2024-10-22 10:24:58,385 - INFO - Agent 1 picked up: False
2024-10-22 10:24:58,928 - INFO - Agent 1 moved down: False
2024-10-22 10:24:59,453 - INFO - Agent 1 moved right: False
2024-10-22 10:24:59,980 - INFO - Agent 1 picked up: False
2024-10-22 10:25:27,136 - DEBUG - Replay file written
2024-10-22 10:25:27,136 - DEBUG - Server terminated
