2024-10-29 19:22:39,998 - DEBUG - Server started
2024-10-29 19:22:43,346 - INFO - Agent connected with ID 1 and address ('127.0.0.1', 8081)
2024-10-29 19:22:43,346 - INFO - Sent event to agent (ID:1): {"event_type": "object added", "object_type": "map", "object": {"width": 4, "height": 4, "grid": [{"cell_coordinates": [0, 0], "cell_type": "parcels_spawn"}, {"cell_coordinates": [0, 1], "cell_type": "walkable"}, {"cell_coordinates": [0, 2], "cell_type": "walkable"}, {"cell_coordinates": [0, 3], "cell_type": "walkable"}, {"cell_coordinates": [1, 0], "cell_type": "walkable"}, {"cell_coordinates": [1, 1], "cell_type": "walkable"}, {"cell_coordinates": [1, 2], "cell_type": "walkable"}, {"cell_coordinates": [1, 3], "cell_type": "delivery_cell"}, {"cell_coordinates": [2, 0], "cell_type": "non_walkable"}, {"cell_coordinates": [2, 1], "cell_type": "non_walkable"}, {"cell_coordinates": [2, 2], "cell_type": "non_walkable"}, {"cell_coordinates": [2, 3], "cell_type": "non_walkable"}, {"cell_coordinates": [3, 0], "cell_type": "non_walkable"}, {"cell_coordinates": [3, 1], "cell_type": "non_walkable"}, {"cell_coordinates": [3, 2], "cell_type": "non_walkable"}, {"cell_coordinates": [3, 3], "cell_type": "non_walkable"}]}}
2024-10-29 19:22:43,354 - INFO - Sent event to agent (ID:1): {"event_type": "object added", "object_type": "agent", "object": {"id": 1, "coordinates": [1, 1], "parcels_carried_ids": [], "score": 0}}
2024-10-29 19:23:04,419 - INFO - Sent event to agent (ID:1): {"event_type": "object added", "object_type": "parcel", "object": {"id": 1, "coordinates": [0, 0], "score": 20, "carried_by_id": null}}
2024-10-29 19:23:24,939 - INFO - Sent event to agent (ID:1): {"event_type": "object added", "object_type": "parcel", "object": {"id": 2, "coordinates": [0, 0], "score": 20, "carried_by_id": null}}
2024-10-29 19:23:30,735 - INFO - Agent 1 moved up: True
2024-10-29 19:23:30,736 - INFO - Sent event to agent (ID:1): {"event_type": "object changed", "object_type": "agent", "object": {"id": 1, "coordinates": [0, 1], "parcels_carried_ids": [], "score": 0}}
2024-10-29 19:23:31,230 - INFO - Agent 1 moved left: True
2024-10-29 19:23:31,230 - INFO - Sent event to agent (ID:1): {"event_type": "object changed", "object_type": "agent", "object": {"id": 1, "coordinates": [0, 0], "parcels_carried_ids": [], "score": 0}}
2024-10-29 19:23:31,824 - INFO - Agent 1 picked up: True
2024-10-29 19:23:31,825 - INFO - Sent event to agent (ID:1): {"event_type": "object changed", "object_type": "parcel", "object": {"id": 1, "coordinates": [0, 0], "score": 20, "carried_by_id": 1}}
2024-10-29 19:23:31,825 - INFO - Sent event to agent (ID:1): {"event_type": "object changed", "object_type": "parcel", "object": {"id": 2, "coordinates": [0, 0], "score": 20, "carried_by_id": 1}}
2024-10-29 19:23:31,825 - INFO - Sent event to agent (ID:1): {"event_type": "object changed", "object_type": "agent", "object": {"id": 1, "coordinates": [0, 0], "parcels_carried_ids": [1, 2], "score": 0}}
2024-10-29 19:23:45,279 - INFO - Sent event to agent (ID:1): {"event_type": "object added", "object_type": "parcel", "object": {"id": 3, "coordinates": [0, 0], "score": 20, "carried_by_id": null}}
2024-10-29 19:23:47,295 - INFO - Agent 1 moved down: True
2024-10-29 19:23:47,296 - INFO - Sent event to agent (ID:1): {"event_type": "object changed", "object_type": "parcel", "object": {"id": 1, "coordinates": [1, 0], "score": 20, "carried_by_id": 1}}
2024-10-29 19:23:47,296 - INFO - Sent event to agent (ID:1): {"event_type": "object changed", "object_type": "parcel", "object": {"id": 2, "coordinates": [1, 0], "score": 20, "carried_by_id": 1}}
2024-10-29 19:23:47,296 - INFO - Sent event to agent (ID:1): {"event_type": "object changed", "object_type": "agent", "object": {"id": 1, "coordinates": [1, 0], "parcels_carried_ids": [1, 2], "score": 0}}
2024-10-29 19:23:47,872 - INFO - Agent 1 moved down: False
2024-10-29 19:23:48,413 - INFO - Agent 1 moved down: False
2024-10-29 19:23:49,057 - INFO - Agent 1 moved down: False
2024-10-29 19:23:49,614 - INFO - Agent 1 moved down: False
2024-10-29 19:23:50,106 - INFO - Agent 1 moved down: False
2024-10-29 19:23:50,667 - INFO - Agent 1 moved down: False
2024-10-29 19:23:51,262 - INFO - Agent 1 moved down: False
2024-10-29 19:23:51,773 - INFO - Agent 1 moved down: False
2024-10-29 19:23:52,329 - INFO - Agent 1 moved down: False
2024-10-29 19:23:52,993 - INFO - Agent 1 moved down: False
2024-10-29 19:23:53,504 - INFO - Agent 1 moved down: False
2024-10-29 19:23:53,996 - INFO - Agent 1 moved down: False
2024-10-29 19:23:54,521 - INFO - Agent 1 moved down: False
2024-10-29 19:23:55,114 - INFO - Agent 1 moved down: False
2024-10-29 19:23:55,655 - INFO - Agent 1 moved down: False
2024-10-29 19:23:56,231 - INFO - Agent 1 moved down: False
2024-10-29 19:23:56,838 - INFO - Agent 1 moved down: False
2024-10-29 19:23:57,405 - INFO - Agent 1 moved down: False
2024-10-29 19:23:57,945 - INFO - Agent 1 moved down: False
2024-10-29 19:23:58,472 - INFO - Agent 1 moved down: False
2024-10-29 19:23:59,117 - INFO - Agent 1 moved down: False
2024-10-29 19:23:59,692 - INFO - Agent 1 moved down: False
2024-10-29 19:24:00,864 - INFO - Agent 1 moved down: False
2024-10-29 19:24:00,864 - INFO - Agent 1 moved down: False
2024-10-29 19:24:01,406 - INFO - Agent 1 moved down: False
2024-10-29 19:24:01,983 - INFO - Agent 1 moved down: False
2024-10-29 19:24:07,317 - INFO - Sent event to agent (ID:1): {"event_type": "object added", "object_type": "parcel", "object": {"id": 4, "coordinates": [0, 0], "score": 20, "carried_by_id": null}}
2024-10-29 19:24:21,223 - INFO - Agent 1 moved right: True
2024-10-29 19:24:21,223 - INFO - Sent event to agent (ID:1): {"event_type": "object changed", "object_type": "parcel", "object": {"id": 1, "coordinates": [1, 1], "score": 20, "carried_by_id": 1}}
2024-10-29 19:24:21,223 - INFO - Sent event to agent (ID:1): {"event_type": "object changed", "object_type": "parcel", "object": {"id": 2, "coordinates": [1, 1], "score": 20, "carried_by_id": 1}}
2024-10-29 19:24:21,223 - INFO - Sent event to agent (ID:1): {"event_type": "object changed", "object_type": "agent", "object": {"id": 1, "coordinates": [1, 1], "parcels_carried_ids": [1, 2], "score": 0}}
2024-10-29 19:24:21,730 - INFO - Agent 1 moved right: True
2024-10-29 19:24:21,731 - INFO - Sent event to agent (ID:1): {"event_type": "object changed", "object_type": "parcel", "object": {"id": 1, "coordinates": [1, 2], "score": 20, "carried_by_id": 1}}
2024-10-29 19:24:21,731 - INFO - Sent event to agent (ID:1): {"event_type": "object changed", "object_type": "parcel", "object": {"id": 2, "coordinates": [1, 2], "score": 20, "carried_by_id": 1}}
2024-10-29 19:24:21,731 - INFO - Sent event to agent (ID:1): {"event_type": "object changed", "object_type": "agent", "object": {"id": 1, "coordinates": [1, 2], "parcels_carried_ids": [1, 2], "score": 0}}
2024-10-29 19:24:22,291 - INFO - Agent 1 moved up: True
2024-10-29 19:24:22,291 - INFO - Sent event to agent (ID:1): {"event_type": "object changed", "object_type": "parcel", "object": {"id": 1, "coordinates": [0, 2], "score": 20, "carried_by_id": 1}}
2024-10-29 19:24:22,291 - INFO - Sent event to agent (ID:1): {"event_type": "object changed", "object_type": "parcel", "object": {"id": 2, "coordinates": [0, 2], "score": 20, "carried_by_id": 1}}
2024-10-29 19:24:22,291 - INFO - Sent event to agent (ID:1): {"event_type": "object changed", "object_type": "agent", "object": {"id": 1, "coordinates": [0, 2], "parcels_carried_ids": [1, 2], "score": 0}}
2024-10-29 19:24:22,816 - INFO - Agent 1 moved down: True
2024-10-29 19:24:22,817 - INFO - Sent event to agent (ID:1): {"event_type": "object changed", "object_type": "parcel", "object": {"id": 1, "coordinates": [1, 2], "score": 20, "carried_by_id": 1}}
2024-10-29 19:24:22,817 - INFO - Sent event to agent (ID:1): {"event_type": "object changed", "object_type": "parcel", "object": {"id": 2, "coordinates": [1, 2], "score": 20, "carried_by_id": 1}}
2024-10-29 19:24:22,817 - INFO - Sent event to agent (ID:1): {"event_type": "object changed", "object_type": "agent", "object": {"id": 1, "coordinates": [1, 2], "parcels_carried_ids": [1, 2], "score": 0}}
2024-10-29 19:24:23,392 - INFO - Agent 1 moved up: True
2024-10-29 19:24:23,393 - INFO - Sent event to agent (ID:1): {"event_type": "object changed", "object_type": "parcel", "object": {"id": 1, "coordinates": [0, 2], "score": 20, "carried_by_id": 1}}
2024-10-29 19:24:23,393 - INFO - Sent event to agent (ID:1): {"event_type": "object changed", "object_type": "parcel", "object": {"id": 2, "coordinates": [0, 2], "score": 20, "carried_by_id": 1}}
2024-10-29 19:24:23,393 - INFO - Sent event to agent (ID:1): {"event_type": "object changed", "object_type": "agent", "object": {"id": 1, "coordinates": [0, 2], "parcels_carried_ids": [1, 2], "score": 0}}
2024-10-29 19:24:23,901 - INFO - Agent 1 moved down: True
2024-10-29 19:24:23,901 - INFO - Sent event to agent (ID:1): {"event_type": "object changed", "object_type": "parcel", "object": {"id": 1, "coordinates": [1, 2], "score": 20, "carried_by_id": 1}}
2024-10-29 19:24:23,901 - INFO - Sent event to agent (ID:1): {"event_type": "object changed", "object_type": "parcel", "object": {"id": 2, "coordinates": [1, 2], "score": 20, "carried_by_id": 1}}
2024-10-29 19:24:23,901 - INFO - Sent event to agent (ID:1): {"event_type": "object changed", "object_type": "agent", "object": {"id": 1, "coordinates": [1, 2], "parcels_carried_ids": [1, 2], "score": 0}}
2024-10-29 19:24:24,498 - INFO - Agent 1 moved up: True
2024-10-29 19:24:24,498 - INFO - Sent event to agent (ID:1): {"event_type": "object changed", "object_type": "parcel", "object": {"id": 1, "coordinates": [0, 2], "score": 20, "carried_by_id": 1}}
2024-10-29 19:24:24,498 - INFO - Sent event to agent (ID:1): {"event_type": "object changed", "object_type": "parcel", "object": {"id": 2, "coordinates": [0, 2], "score": 20, "carried_by_id": 1}}
2024-10-29 19:24:24,498 - INFO - Sent event to agent (ID:1): {"event_type": "object changed", "object_type": "agent", "object": {"id": 1, "coordinates": [0, 2], "parcels_carried_ids": [1, 2], "score": 0}}
2024-10-29 19:24:25,073 - INFO - Agent 1 moved down: True
2024-10-29 19:24:25,073 - INFO - Sent event to agent (ID:1): {"event_type": "object changed", "object_type": "parcel", "object": {"id": 1, "coordinates": [1, 2], "score": 20, "carried_by_id": 1}}
2024-10-29 19:24:25,073 - INFO - Sent event to agent (ID:1): {"event_type": "object changed", "object_type": "parcel", "object": {"id": 2, "coordinates": [1, 2], "score": 20, "carried_by_id": 1}}
2024-10-29 19:24:25,073 - INFO - Sent event to agent (ID:1): {"event_type": "object changed", "object_type": "agent", "object": {"id": 1, "coordinates": [1, 2], "parcels_carried_ids": [1, 2], "score": 0}}
2024-10-29 19:24:25,632 - INFO - Agent 1 moved up: True
2024-10-29 19:24:25,633 - INFO - Sent event to agent (ID:1): {"event_type": "object changed", "object_type": "parcel", "object": {"id": 1, "coordinates": [0, 2], "score": 20, "carried_by_id": 1}}
2024-10-29 19:24:25,633 - INFO - Sent event to agent (ID:1): {"event_type": "object changed", "object_type": "parcel", "object": {"id": 2, "coordinates": [0, 2], "score": 20, "carried_by_id": 1}}
2024-10-29 19:24:25,633 - INFO - Sent event to agent (ID:1): {"event_type": "object changed", "object_type": "agent", "object": {"id": 1, "coordinates": [0, 2], "parcels_carried_ids": [1, 2], "score": 0}}
2024-10-29 19:24:26,174 - INFO - Agent 1 moved down: True
2024-10-29 19:24:26,174 - INFO - Sent event to agent (ID:1): {"event_type": "object changed", "object_type": "parcel", "object": {"id": 1, "coordinates": [1, 2], "score": 20, "carried_by_id": 1}}
2024-10-29 19:24:26,174 - INFO - Sent event to agent (ID:1): {"event_type": "object changed", "object_type": "parcel", "object": {"id": 2, "coordinates": [1, 2], "score": 20, "carried_by_id": 1}}
2024-10-29 19:24:26,174 - INFO - Sent event to agent (ID:1): {"event_type": "object changed", "object_type": "agent", "object": {"id": 1, "coordinates": [1, 2], "parcels_carried_ids": [1, 2], "score": 0}}
2024-10-29 19:24:27,683 - INFO - Sent event to agent (ID:1): {"event_type": "object added", "object_type": "parcel", "object": {"id": 5, "coordinates": [0, 0], "score": 20, "carried_by_id": null}}
2024-10-29 19:24:48,034 - INFO - Sent event to agent (ID:1): {"event_type": "object added", "object_type": "parcel", "object": {"id": 6, "coordinates": [0, 0], "score": 20, "carried_by_id": null}}
2024-10-29 19:25:08,381 - INFO - Sent event to agent (ID:1): {"event_type": "object added", "object_type": "parcel", "object": {"id": 7, "coordinates": [0, 0], "score": 20, "carried_by_id": null}}
2024-10-29 19:25:27,899 - INFO - Agent 1 moved right: True
2024-10-29 19:25:27,899 - INFO - Sent event to agent (ID:1): {"event_type": "object changed", "object_type": "parcel", "object": {"id": 1, "coordinates": [1, 3], "score": 20, "carried_by_id": 1}}
2024-10-29 19:25:27,899 - INFO - Sent event to agent (ID:1): {"event_type": "object changed", "object_type": "parcel", "object": {"id": 2, "coordinates": [1, 3], "score": 20, "carried_by_id": 1}}
2024-10-29 19:25:27,899 - INFO - Sent event to agent (ID:1): {"event_type": "object changed", "object_type": "agent", "object": {"id": 1, "coordinates": [1, 3], "parcels_carried_ids": [1, 2], "score": 0}}
2024-10-29 19:25:29,512 - INFO - Sent event to agent (ID:1): {"event_type": "object added", "object_type": "parcel", "object": {"id": 8, "coordinates": [0, 0], "score": 20, "carried_by_id": null}}
2024-10-29 19:25:45,348 - INFO - Agent 1 moved up: True
2024-10-29 19:25:45,349 - INFO - Sent event to agent (ID:1): {"event_type": "object changed", "object_type": "parcel", "object": {"id": 1, "coordinates": [0, 3], "score": 20, "carried_by_id": 1}}
2024-10-29 19:25:45,349 - INFO - Sent event to agent (ID:1): {"event_type": "object changed", "object_type": "parcel", "object": {"id": 2, "coordinates": [0, 3], "score": 20, "carried_by_id": 1}}
2024-10-29 19:25:45,349 - INFO - Sent event to agent (ID:1): {"event_type": "object changed", "object_type": "agent", "object": {"id": 1, "coordinates": [0, 3], "parcels_carried_ids": [1, 2], "score": 0}}
2024-10-29 19:25:45,912 - INFO - Agent 1 moved left: True
2024-10-29 19:25:45,913 - INFO - Sent event to agent (ID:1): {"event_type": "object changed", "object_type": "parcel", "object": {"id": 1, "coordinates": [0, 2], "score": 20, "carried_by_id": 1}}
2024-10-29 19:25:45,913 - INFO - Sent event to agent (ID:1): {"event_type": "object changed", "object_type": "parcel", "object": {"id": 2, "coordinates": [0, 2], "score": 20, "carried_by_id": 1}}
2024-10-29 19:25:45,913 - INFO - Sent event to agent (ID:1): {"event_type": "object changed", "object_type": "agent", "object": {"id": 1, "coordinates": [0, 2], "parcels_carried_ids": [1, 2], "score": 0}}
2024-10-29 19:25:46,517 - INFO - Agent 1 moved left: True
2024-10-29 19:25:46,518 - INFO - Sent event to agent (ID:1): {"event_type": "object changed", "object_type": "parcel", "object": {"id": 1, "coordinates": [0, 1], "score": 20, "carried_by_id": 1}}
2024-10-29 19:25:46,518 - INFO - Sent event to agent (ID:1): {"event_type": "object changed", "object_type": "parcel", "object": {"id": 2, "coordinates": [0, 1], "score": 20, "carried_by_id": 1}}
2024-10-29 19:25:46,518 - INFO - Sent event to agent (ID:1): {"event_type": "object changed", "object_type": "agent", "object": {"id": 1, "coordinates": [0, 1], "parcels_carried_ids": [1, 2], "score": 0}}
2024-10-29 19:25:47,061 - INFO - Agent 1 moved left: True
2024-10-29 19:25:47,061 - INFO - Sent event to agent (ID:1): {"event_type": "object changed", "object_type": "parcel", "object": {"id": 1, "coordinates": [0, 0], "score": 20, "carried_by_id": 1}}
2024-10-29 19:25:47,061 - INFO - Sent event to agent (ID:1): {"event_type": "object changed", "object_type": "parcel", "object": {"id": 2, "coordinates": [0, 0], "score": 20, "carried_by_id": 1}}
2024-10-29 19:25:47,061 - INFO - Sent event to agent (ID:1): {"event_type": "object changed", "object_type": "agent", "object": {"id": 1, "coordinates": [0, 0], "parcels_carried_ids": [1, 2], "score": 0}}
2024-10-29 19:25:47,620 - INFO - Agent 1 picked up: True
2024-10-29 19:25:47,621 - INFO - Sent event to agent (ID:1): {"event_type": "object changed", "object_type": "parcel", "object": {"id": 3, "coordinates": [0, 0], "score": 20, "carried_by_id": 1}}
2024-10-29 19:25:47,621 - INFO - Sent event to agent (ID:1): {"event_type": "object changed", "object_type": "parcel", "object": {"id": 4, "coordinates": [0, 0], "score": 20, "carried_by_id": 1}}
2024-10-29 19:25:47,621 - INFO - Sent event to agent (ID:1): {"event_type": "object changed", "object_type": "parcel", "object": {"id": 5, "coordinates": [0, 0], "score": 20, "carried_by_id": 1}}
2024-10-29 19:25:47,621 - INFO - Sent event to agent (ID:1): {"event_type": "object changed", "object_type": "parcel", "object": {"id": 6, "coordinates": [0, 0], "score": 20, "carried_by_id": 1}}
2024-10-29 19:25:47,621 - INFO - Sent event to agent (ID:1): {"event_type": "object changed", "object_type": "parcel", "object": {"id": 7, "coordinates": [0, 0], "score": 20, "carried_by_id": 1}}
2024-10-29 19:25:47,621 - INFO - Sent event to agent (ID:1): {"event_type": "object changed", "object_type": "parcel", "object": {"id": 8, "coordinates": [0, 0], "score": 20, "carried_by_id": 1}}
2024-10-29 19:25:47,621 - INFO - Sent event to agent (ID:1): {"event_type": "object changed", "object_type": "agent", "object": {"id": 1, "coordinates": [0, 0], "parcels_carried_ids": [1, 2, 3, 4, 5, 6, 7, 8], "score": 0}}
2024-10-29 19:25:48,147 - INFO - Agent 1 moved down: True
2024-10-29 19:25:48,148 - INFO - Sent event to agent (ID:1): {"event_type": "object changed", "object_type": "parcel", "object": {"id": 1, "coordinates": [1, 0], "score": 20, "carried_by_id": 1}}
2024-10-29 19:25:48,148 - INFO - Sent event to agent (ID:1): {"event_type": "object changed", "object_type": "parcel", "object": {"id": 2, "coordinates": [1, 0], "score": 20, "carried_by_id": 1}}
2024-10-29 19:25:48,148 - INFO - Sent event to agent (ID:1): {"event_type": "object changed", "object_type": "parcel", "object": {"id": 3, "coordinates": [1, 0], "score": 20, "carried_by_id": 1}}
2024-10-29 19:25:48,148 - INFO - Sent event to agent (ID:1): {"event_type": "object changed", "object_type": "parcel", "object": {"id": 4, "coordinates": [1, 0], "score": 20, "carried_by_id": 1}}
2024-10-29 19:25:48,148 - INFO - Sent event to agent (ID:1): {"event_type": "object changed", "object_type": "parcel", "object": {"id": 5, "coordinates": [1, 0], "score": 20, "carried_by_id": 1}}
2024-10-29 19:25:48,148 - INFO - Sent event to agent (ID:1): {"event_type": "object changed", "object_type": "parcel", "object": {"id": 6, "coordinates": [1, 0], "score": 20, "carried_by_id": 1}}
2024-10-29 19:25:48,148 - INFO - Sent event to agent (ID:1): {"event_type": "object changed", "object_type": "parcel", "object": {"id": 7, "coordinates": [1, 0], "score": 20, "carried_by_id": 1}}
2024-10-29 19:25:48,148 - INFO - Sent event to agent (ID:1): {"event_type": "object changed", "object_type": "parcel", "object": {"id": 8, "coordinates": [1, 0], "score": 20, "carried_by_id": 1}}
2024-10-29 19:25:48,148 - INFO - Sent event to agent (ID:1): {"event_type": "object changed", "object_type": "agent", "object": {"id": 1, "coordinates": [1, 0], "parcels_carried_ids": [1, 2, 3, 4, 5, 6, 7, 8], "score": 0}}
2024-10-29 19:25:48,704 - INFO - Agent 1 moved right: True
2024-10-29 19:25:48,705 - INFO - Sent event to agent (ID:1): {"event_type": "object changed", "object_type": "parcel", "object": {"id": 1, "coordinates": [1, 1], "score": 20, "carried_by_id": 1}}
2024-10-29 19:25:48,705 - INFO - Sent event to agent (ID:1): {"event_type": "object changed", "object_type": "parcel", "object": {"id": 2, "coordinates": [1, 1], "score": 20, "carried_by_id": 1}}
2024-10-29 19:25:48,705 - INFO - Sent event to agent (ID:1): {"event_type": "object changed", "object_type": "parcel", "object": {"id": 3, "coordinates": [1, 1], "score": 20, "carried_by_id": 1}}
2024-10-29 19:25:48,705 - INFO - Sent event to agent (ID:1): {"event_type": "object changed", "object_type": "parcel", "object": {"id": 4, "coordinates": [1, 1], "score": 20, "carried_by_id": 1}}
2024-10-29 19:25:48,705 - INFO - Sent event to agent (ID:1): {"event_type": "object changed", "object_type": "parcel", "object": {"id": 5, "coordinates": [1, 1], "score": 20, "carried_by_id": 1}}
2024-10-29 19:25:48,705 - INFO - Sent event to agent (ID:1): {"event_type": "object changed", "object_type": "parcel", "object": {"id": 6, "coordinates": [1, 1], "score": 20, "carried_by_id": 1}}
2024-10-29 19:25:48,705 - INFO - Sent event to agent (ID:1): {"event_type": "object changed", "object_type": "parcel", "object": {"id": 7, "coordinates": [1, 1], "score": 20, "carried_by_id": 1}}
2024-10-29 19:25:48,705 - INFO - Sent event to agent (ID:1): {"event_type": "object changed", "object_type": "parcel", "object": {"id": 8, "coordinates": [1, 1], "score": 20, "carried_by_id": 1}}
2024-10-29 19:25:48,705 - INFO - Sent event to agent (ID:1): {"event_type": "object changed", "object_type": "agent", "object": {"id": 1, "coordinates": [1, 1], "parcels_carried_ids": [1, 2, 3, 4, 5, 6, 7, 8], "score": 0}}
2024-10-29 19:25:49,314 - INFO - Agent 1 moved right: True
2024-10-29 19:25:49,314 - INFO - Sent event to agent (ID:1): {"event_type": "object changed", "object_type": "parcel", "object": {"id": 1, "coordinates": [1, 2], "score": 20, "carried_by_id": 1}}
2024-10-29 19:25:49,314 - INFO - Sent event to agent (ID:1): {"event_type": "object changed", "object_type": "parcel", "object": {"id": 2, "coordinates": [1, 2], "score": 20, "carried_by_id": 1}}
2024-10-29 19:25:49,314 - INFO - Sent event to agent (ID:1): {"event_type": "object changed", "object_type": "parcel", "object": {"id": 3, "coordinates": [1, 2], "score": 20, "carried_by_id": 1}}
2024-10-29 19:25:49,314 - INFO - Sent event to agent (ID:1): {"event_type": "object changed", "object_type": "parcel", "object": {"id": 4, "coordinates": [1, 2], "score": 20, "carried_by_id": 1}}
2024-10-29 19:25:49,314 - INFO - Sent event to agent (ID:1): {"event_type": "object changed", "object_type": "parcel", "object": {"id": 5, "coordinates": [1, 2], "score": 20, "carried_by_id": 1}}
2024-10-29 19:25:49,314 - INFO - Sent event to agent (ID:1): {"event_type": "object changed", "object_type": "parcel", "object": {"id": 6, "coordinates": [1, 2], "score": 20, "carried_by_id": 1}}
2024-10-29 19:25:49,314 - INFO - Sent event to agent (ID:1): {"event_type": "object changed", "object_type": "parcel", "object": {"id": 7, "coordinates": [1, 2], "score": 20, "carried_by_id": 1}}
2024-10-29 19:25:49,314 - INFO - Sent event to agent (ID:1): {"event_type": "object changed", "object_type": "parcel", "object": {"id": 8, "coordinates": [1, 2], "score": 20, "carried_by_id": 1}}
2024-10-29 19:25:49,314 - INFO - Sent event to agent (ID:1): {"event_type": "object changed", "object_type": "agent", "object": {"id": 1, "coordinates": [1, 2], "parcels_carried_ids": [1, 2, 3, 4, 5, 6, 7, 8], "score": 0}}
2024-10-29 19:25:49,958 - INFO - Agent 1 moved right: True
2024-10-29 19:25:49,958 - INFO - Sent event to agent (ID:1): {"event_type": "object changed", "object_type": "parcel", "object": {"id": 1, "coordinates": [1, 3], "score": 20, "carried_by_id": 1}}
2024-10-29 19:25:49,958 - INFO - Sent event to agent (ID:1): {"event_type": "object changed", "object_type": "parcel", "object": {"id": 2, "coordinates": [1, 3], "score": 20, "carried_by_id": 1}}
2024-10-29 19:25:49,958 - INFO - Sent event to agent (ID:1): {"event_type": "object changed", "object_type": "parcel", "object": {"id": 3, "coordinates": [1, 3], "score": 20, "carried_by_id": 1}}
2024-10-29 19:25:49,958 - INFO - Sent event to agent (ID:1): {"event_type": "object changed", "object_type": "parcel", "object": {"id": 4, "coordinates": [1, 3], "score": 20, "carried_by_id": 1}}
2024-10-29 19:25:49,958 - INFO - Sent event to agent (ID:1): {"event_type": "object changed", "object_type": "parcel", "object": {"id": 5, "coordinates": [1, 3], "score": 20, "carried_by_id": 1}}
2024-10-29 19:25:49,958 - INFO - Sent event to agent (ID:1): {"event_type": "object changed", "object_type": "parcel", "object": {"id": 6, "coordinates": [1, 3], "score": 20, "carried_by_id": 1}}
2024-10-29 19:25:49,958 - INFO - Sent event to agent (ID:1): {"event_type": "object changed", "object_type": "parcel", "object": {"id": 7, "coordinates": [1, 3], "score": 20, "carried_by_id": 1}}
2024-10-29 19:25:49,958 - INFO - Sent event to agent (ID:1): {"event_type": "object changed", "object_type": "parcel", "object": {"id": 8, "coordinates": [1, 3], "score": 20, "carried_by_id": 1}}
2024-10-29 19:25:49,958 - INFO - Sent event to agent (ID:1): {"event_type": "object changed", "object_type": "agent", "object": {"id": 1, "coordinates": [1, 3], "parcels_carried_ids": [1, 2, 3, 4, 5, 6, 7, 8], "score": 0}}
2024-10-29 19:25:50,382 - INFO - Sent event to agent (ID:1): {"event_type": "object added", "object_type": "parcel", "object": {"id": 9, "coordinates": [0, 0], "score": 20, "carried_by_id": null}}
2024-10-29 19:25:50,551 - INFO - Agent 1 put down: True
2024-10-29 19:25:50,552 - INFO - Sent event to agent (ID:1): {"event_type": "object changed", "object_type": "agent", "object": {"id": 1, "coordinates": [1, 3], "parcels_carried_ids": [], "score": 160}}
2024-10-29 19:25:50,552 - INFO - Sent event to agent (ID:1): {"event_type": "object removed", "object_type": "parcel", "object": {"id": 1, "coordinates": [1, 3], "score": 20, "carried_by_id": 1}}
2024-10-29 19:25:50,552 - INFO - Sent event to agent (ID:1): {"event_type": "object removed", "object_type": "parcel", "object": {"id": 2, "coordinates": [1, 3], "score": 20, "carried_by_id": 1}}
2024-10-29 19:25:50,552 - INFO - Sent event to agent (ID:1): {"event_type": "object removed", "object_type": "parcel", "object": {"id": 3, "coordinates": [1, 3], "score": 20, "carried_by_id": 1}}
2024-10-29 19:25:50,552 - INFO - Sent event to agent (ID:1): {"event_type": "object removed", "object_type": "parcel", "object": {"id": 4, "coordinates": [1, 3], "score": 20, "carried_by_id": 1}}
2024-10-29 19:25:50,552 - INFO - Sent event to agent (ID:1): {"event_type": "object removed", "object_type": "parcel", "object": {"id": 5, "coordinates": [1, 3], "score": 20, "carried_by_id": 1}}
2024-10-29 19:25:50,552 - INFO - Sent event to agent (ID:1): {"event_type": "object removed", "object_type": "parcel", "object": {"id": 6, "coordinates": [1, 3], "score": 20, "carried_by_id": 1}}
2024-10-29 19:25:50,552 - INFO - Sent event to agent (ID:1): {"event_type": "object removed", "object_type": "parcel", "object": {"id": 7, "coordinates": [1, 3], "score": 20, "carried_by_id": 1}}
2024-10-29 19:25:50,552 - INFO - Sent event to agent (ID:1): {"event_type": "object removed", "object_type": "parcel", "object": {"id": 8, "coordinates": [1, 3], "score": 20, "carried_by_id": 1}}
2024-10-29 19:26:02,276 - INFO - Agent 1 moved up: True
2024-10-29 19:26:02,277 - INFO - Sent event to agent (ID:1): {"event_type": "object changed", "object_type": "agent", "object": {"id": 1, "coordinates": [0, 3], "parcels_carried_ids": [], "score": 160}}
2024-10-29 19:26:02,902 - INFO - Agent 1 moved left: True
2024-10-29 19:26:02,903 - INFO - Sent event to agent (ID:1): {"event_type": "object changed", "object_type": "agent", "object": {"id": 1, "coordinates": [0, 2], "parcels_carried_ids": [], "score": 160}}
2024-10-29 19:26:03,461 - INFO - Agent 1 moved left: True
2024-10-29 19:26:03,462 - INFO - Sent event to agent (ID:1): {"event_type": "object changed", "object_type": "agent", "object": {"id": 1, "coordinates": [0, 1], "parcels_carried_ids": [], "score": 160}}
2024-10-29 19:26:04,070 - INFO - Agent 1 moved left: True
2024-10-29 19:26:04,071 - INFO - Sent event to agent (ID:1): {"event_type": "object changed", "object_type": "agent", "object": {"id": 1, "coordinates": [0, 0], "parcels_carried_ids": [], "score": 160}}
2024-10-29 19:26:04,629 - INFO - Agent 1 picked up: True
2024-10-29 19:26:04,629 - INFO - Sent event to agent (ID:1): {"event_type": "object changed", "object_type": "parcel", "object": {"id": 9, "coordinates": [0, 0], "score": 20, "carried_by_id": 1}}
2024-10-29 19:26:04,629 - INFO - Sent event to agent (ID:1): {"event_type": "object changed", "object_type": "agent", "object": {"id": 1, "coordinates": [0, 0], "parcels_carried_ids": [9], "score": 160}}
2024-10-29 19:26:05,172 - INFO - Agent 1 moved down: True
2024-10-29 19:26:05,173 - INFO - Sent event to agent (ID:1): {"event_type": "object changed", "object_type": "parcel", "object": {"id": 9, "coordinates": [1, 0], "score": 20, "carried_by_id": 1}}
2024-10-29 19:26:05,173 - INFO - Sent event to agent (ID:1): {"event_type": "object changed", "object_type": "agent", "object": {"id": 1, "coordinates": [1, 0], "parcels_carried_ids": [9], "score": 160}}
2024-10-29 19:26:05,784 - INFO - Agent 1 moved right: True
2024-10-29 19:26:05,785 - INFO - Sent event to agent (ID:1): {"event_type": "object changed", "object_type": "parcel", "object": {"id": 9, "coordinates": [1, 1], "score": 20, "carried_by_id": 1}}
2024-10-29 19:26:05,785 - INFO - Sent event to agent (ID:1): {"event_type": "object changed", "object_type": "agent", "object": {"id": 1, "coordinates": [1, 1], "parcels_carried_ids": [9], "score": 160}}
2024-10-29 19:26:06,326 - INFO - Agent 1 moved right: True
2024-10-29 19:26:06,326 - INFO - Sent event to agent (ID:1): {"event_type": "object changed", "object_type": "parcel", "object": {"id": 9, "coordinates": [1, 2], "score": 20, "carried_by_id": 1}}
2024-10-29 19:26:06,326 - INFO - Sent event to agent (ID:1): {"event_type": "object changed", "object_type": "agent", "object": {"id": 1, "coordinates": [1, 2], "parcels_carried_ids": [9], "score": 160}}
2024-10-29 19:26:06,935 - INFO - Agent 1 moved right: True
2024-10-29 19:26:06,936 - INFO - Sent event to agent (ID:1): {"event_type": "object changed", "object_type": "parcel", "object": {"id": 9, "coordinates": [1, 3], "score": 20, "carried_by_id": 1}}
2024-10-29 19:26:06,936 - INFO - Sent event to agent (ID:1): {"event_type": "object changed", "object_type": "agent", "object": {"id": 1, "coordinates": [1, 3], "parcels_carried_ids": [9], "score": 160}}
2024-10-29 19:26:07,513 - INFO - Agent 1 put down: True
2024-10-29 19:26:07,513 - INFO - Sent event to agent (ID:1): {"event_type": "object changed", "object_type": "agent", "object": {"id": 1, "coordinates": [1, 3], "parcels_carried_ids": [], "score": 180}}
2024-10-29 19:26:07,513 - INFO - Sent event to agent (ID:1): {"event_type": "object removed", "object_type": "parcel", "object": {"id": 9, "coordinates": [1, 3], "score": 20, "carried_by_id": 1}}
2024-10-29 19:26:10,740 - INFO - Sent event to agent (ID:1): {"event_type": "object added", "object_type": "parcel", "object": {"id": 10, "coordinates": [0, 0], "score": 20, "carried_by_id": null}}
2024-10-29 19:26:15,741 - INFO - Agent 1 moved up: True
2024-10-29 19:26:15,741 - INFO - Sent event to agent (ID:1): {"event_type": "object changed", "object_type": "agent", "object": {"id": 1, "coordinates": [0, 3], "parcels_carried_ids": [], "score": 180}}
2024-10-29 19:26:16,368 - INFO - Agent 1 moved left: True
2024-10-29 19:26:16,368 - INFO - Sent event to agent (ID:1): {"event_type": "object changed", "object_type": "agent", "object": {"id": 1, "coordinates": [0, 2], "parcels_carried_ids": [], "score": 180}}
2024-10-29 19:26:16,932 - INFO - Agent 1 moved left: True
2024-10-29 19:26:16,932 - INFO - Sent event to agent (ID:1): {"event_type": "object changed", "object_type": "agent", "object": {"id": 1, "coordinates": [0, 1], "parcels_carried_ids": [], "score": 180}}
2024-10-29 19:26:17,475 - INFO - Agent 1 moved left: True
2024-10-29 19:26:17,475 - INFO - Sent event to agent (ID:1): {"event_type": "object changed", "object_type": "agent", "object": {"id": 1, "coordinates": [0, 0], "parcels_carried_ids": [], "score": 180}}
2024-10-29 19:26:18,002 - INFO - Agent 1 picked up: True
2024-10-29 19:26:18,002 - INFO - Sent event to agent (ID:1): {"event_type": "object changed", "object_type": "parcel", "object": {"id": 10, "coordinates": [0, 0], "score": 20, "carried_by_id": 1}}
2024-10-29 19:26:18,002 - INFO - Sent event to agent (ID:1): {"event_type": "object changed", "object_type": "agent", "object": {"id": 1, "coordinates": [0, 0], "parcels_carried_ids": [10], "score": 180}}
2024-10-29 19:26:18,543 - INFO - Agent 1 picked up: False
2024-10-29 19:26:19,087 - INFO - Agent 1 picked up: False
2024-10-29 19:26:19,628 - INFO - Agent 1 moved down: True
2024-10-29 19:26:19,629 - INFO - Sent event to agent (ID:1): {"event_type": "object changed", "object_type": "parcel", "object": {"id": 10, "coordinates": [1, 0], "score": 20, "carried_by_id": 1}}
2024-10-29 19:26:19,629 - INFO - Sent event to agent (ID:1): {"event_type": "object changed", "object_type": "agent", "object": {"id": 1, "coordinates": [1, 0], "parcels_carried_ids": [10], "score": 180}}
2024-10-29 19:26:20,189 - INFO - Agent 1 moved right: True
2024-10-29 19:26:20,189 - INFO - Sent event to agent (ID:1): {"event_type": "object changed", "object_type": "parcel", "object": {"id": 10, "coordinates": [1, 1], "score": 20, "carried_by_id": 1}}
2024-10-29 19:26:20,190 - INFO - Sent event to agent (ID:1): {"event_type": "object changed", "object_type": "agent", "object": {"id": 1, "coordinates": [1, 1], "parcels_carried_ids": [10], "score": 180}}
2024-10-29 19:26:20,731 - INFO - Agent 1 moved right: True
2024-10-29 19:26:20,732 - INFO - Sent event to agent (ID:1): {"event_type": "object changed", "object_type": "parcel", "object": {"id": 10, "coordinates": [1, 2], "score": 20, "carried_by_id": 1}}
2024-10-29 19:26:20,732 - INFO - Sent event to agent (ID:1): {"event_type": "object changed", "object_type": "agent", "object": {"id": 1, "coordinates": [1, 2], "parcels_carried_ids": [10], "score": 180}}
2024-10-29 19:26:21,360 - INFO - Agent 1 moved right: True
2024-10-29 19:26:21,360 - INFO - Sent event to agent (ID:1): {"event_type": "object changed", "object_type": "parcel", "object": {"id": 10, "coordinates": [1, 3], "score": 20, "carried_by_id": 1}}
2024-10-29 19:26:21,360 - INFO - Sent event to agent (ID:1): {"event_type": "object changed", "object_type": "agent", "object": {"id": 1, "coordinates": [1, 3], "parcels_carried_ids": [10], "score": 180}}
2024-10-29 19:26:21,953 - INFO - Agent 1 put down: True
2024-10-29 19:26:21,954 - INFO - Sent event to agent (ID:1): {"event_type": "object changed", "object_type": "agent", "object": {"id": 1, "coordinates": [1, 3], "parcels_carried_ids": [], "score": 200}}
2024-10-29 19:26:21,954 - INFO - Sent event to agent (ID:1): {"event_type": "object removed", "object_type": "parcel", "object": {"id": 10, "coordinates": [1, 3], "score": 20, "carried_by_id": 1}}
2024-10-29 19:26:31,081 - INFO - Sent event to agent (ID:1): {"event_type": "object added", "object_type": "parcel", "object": {"id": 11, "coordinates": [0, 0], "score": 20, "carried_by_id": null}}
2024-10-29 19:26:35,470 - INFO - Agent 1 moved up: True
2024-10-29 19:26:35,470 - INFO - Sent event to agent (ID:1): {"event_type": "object changed", "object_type": "agent", "object": {"id": 1, "coordinates": [0, 3], "parcels_carried_ids": [], "score": 200}}
2024-10-29 19:26:36,045 - INFO - Agent 1 picked up: False
2024-10-29 19:26:36,669 - INFO - Agent 1 moved right: False
2024-10-29 19:26:37,230 - INFO - Agent 1 moved right: False
2024-10-29 19:26:37,756 - INFO - Agent 1 moved right: False
2024-10-29 19:26:38,368 - INFO - Agent 1 moved right: False
2024-10-29 19:26:38,923 - INFO - Agent 1 moved right: False
2024-10-29 19:26:39,547 - INFO - Agent 1 moved right: False
2024-10-29 19:26:40,089 - INFO - Agent 1 moved right: False
2024-10-29 19:26:40,835 - INFO - Agent 1 moved right: False
2024-10-29 19:26:41,290 - INFO - Agent 1 moved right: False
2024-10-29 19:26:41,884 - INFO - Agent 1 moved right: False
2024-10-29 19:26:42,430 - INFO - Agent 1 moved right: False
2024-10-29 19:26:43,025 - INFO - Agent 1 moved right: False
2024-10-29 19:26:43,618 - INFO - Agent 1 moved right: False
2024-10-29 19:26:44,142 - INFO - Agent 1 moved right: False
2024-10-29 19:26:44,733 - INFO - Agent 1 moved right: False
2024-10-29 19:26:45,293 - INFO - Agent 1 moved right: False
2024-10-29 19:26:45,835 - INFO - Agent 1 moved right: False
2024-10-29 19:26:46,328 - INFO - Agent 1 moved right: False
2024-10-29 19:26:46,986 - INFO - Agent 1 moved right: False
2024-10-29 19:26:47,495 - INFO - Agent 1 moved right: False
2024-10-29 19:26:48,022 - INFO - Agent 1 moved right: False
2024-10-29 19:26:48,715 - INFO - Agent 1 moved right: False
2024-10-29 19:26:49,308 - INFO - Agent 1 moved right: False
2024-10-29 19:26:49,853 - INFO - Agent 1 moved right: False
2024-10-29 19:26:51,412 - INFO - Sent event to agent (ID:1): {"event_type": "object added", "object_type": "parcel", "object": {"id": 12, "coordinates": [0, 0], "score": 20, "carried_by_id": null}}
2024-10-29 19:27:11,039 - INFO - Agent 1 moved left: True
2024-10-29 19:27:11,040 - INFO - Sent event to agent (ID:1): {"event_type": "object changed", "object_type": "agent", "object": {"id": 1, "coordinates": [0, 2], "parcels_carried_ids": [], "score": 200}}
2024-10-29 19:27:11,600 - INFO - Agent 1 moved left: True
2024-10-29 19:27:11,600 - INFO - Sent event to agent (ID:1): {"event_type": "object changed", "object_type": "agent", "object": {"id": 1, "coordinates": [0, 1], "parcels_carried_ids": [], "score": 200}}
2024-10-29 19:27:11,768 - INFO - Sent event to agent (ID:1): {"event_type": "object added", "object_type": "parcel", "object": {"id": 13, "coordinates": [0, 0], "score": 20, "carried_by_id": null}}
2024-10-29 19:27:12,243 - INFO - Agent 1 moved left: True
2024-10-29 19:27:12,243 - INFO - Sent event to agent (ID:1): {"event_type": "object changed", "object_type": "agent", "object": {"id": 1, "coordinates": [0, 0], "parcels_carried_ids": [], "score": 200}}
2024-10-29 19:27:12,753 - INFO - Agent 1 picked up: True
2024-10-29 19:27:12,753 - INFO - Sent event to agent (ID:1): {"event_type": "object changed", "object_type": "parcel", "object": {"id": 11, "coordinates": [0, 0], "score": 20, "carried_by_id": 1}}
2024-10-29 19:27:12,753 - INFO - Sent event to agent (ID:1): {"event_type": "object changed", "object_type": "parcel", "object": {"id": 12, "coordinates": [0, 0], "score": 20, "carried_by_id": 1}}
2024-10-29 19:27:12,753 - INFO - Sent event to agent (ID:1): {"event_type": "object changed", "object_type": "parcel", "object": {"id": 13, "coordinates": [0, 0], "score": 20, "carried_by_id": 1}}
2024-10-29 19:27:12,753 - INFO - Sent event to agent (ID:1): {"event_type": "object changed", "object_type": "agent", "object": {"id": 1, "coordinates": [0, 0], "parcels_carried_ids": [11, 12, 13], "score": 200}}
2024-10-29 19:27:13,347 - INFO - Agent 1 moved down: True
2024-10-29 19:27:13,347 - INFO - Sent event to agent (ID:1): {"event_type": "object changed", "object_type": "parcel", "object": {"id": 11, "coordinates": [1, 0], "score": 20, "carried_by_id": 1}}
2024-10-29 19:27:13,347 - INFO - Sent event to agent (ID:1): {"event_type": "object changed", "object_type": "parcel", "object": {"id": 12, "coordinates": [1, 0], "score": 20, "carried_by_id": 1}}
2024-10-29 19:27:13,347 - INFO - Sent event to agent (ID:1): {"event_type": "object changed", "object_type": "parcel", "object": {"id": 13, "coordinates": [1, 0], "score": 20, "carried_by_id": 1}}
2024-10-29 19:27:13,347 - INFO - Sent event to agent (ID:1): {"event_type": "object changed", "object_type": "agent", "object": {"id": 1, "coordinates": [1, 0], "parcels_carried_ids": [11, 12, 13], "score": 200}}
2024-10-29 19:27:13,925 - INFO - Agent 1 moved right: True
2024-10-29 19:27:13,925 - INFO - Sent event to agent (ID:1): {"event_type": "object changed", "object_type": "parcel", "object": {"id": 11, "coordinates": [1, 1], "score": 20, "carried_by_id": 1}}
2024-10-29 19:27:13,925 - INFO - Sent event to agent (ID:1): {"event_type": "object changed", "object_type": "parcel", "object": {"id": 12, "coordinates": [1, 1], "score": 20, "carried_by_id": 1}}
2024-10-29 19:27:13,925 - INFO - Sent event to agent (ID:1): {"event_type": "object changed", "object_type": "parcel", "object": {"id": 13, "coordinates": [1, 1], "score": 20, "carried_by_id": 1}}
2024-10-29 19:27:13,925 - INFO - Sent event to agent (ID:1): {"event_type": "object changed", "object_type": "agent", "object": {"id": 1, "coordinates": [1, 1], "parcels_carried_ids": [11, 12, 13], "score": 200}}
2024-10-29 19:27:14,518 - INFO - Agent 1 moved right: True
2024-10-29 19:27:14,518 - INFO - Sent event to agent (ID:1): {"event_type": "object changed", "object_type": "parcel", "object": {"id": 11, "coordinates": [1, 2], "score": 20, "carried_by_id": 1}}
2024-10-29 19:27:14,518 - INFO - Sent event to agent (ID:1): {"event_type": "object changed", "object_type": "parcel", "object": {"id": 12, "coordinates": [1, 2], "score": 20, "carried_by_id": 1}}
2024-10-29 19:27:14,518 - INFO - Sent event to agent (ID:1): {"event_type": "object changed", "object_type": "parcel", "object": {"id": 13, "coordinates": [1, 2], "score": 20, "carried_by_id": 1}}
2024-10-29 19:27:14,518 - INFO - Sent event to agent (ID:1): {"event_type": "object changed", "object_type": "agent", "object": {"id": 1, "coordinates": [1, 2], "parcels_carried_ids": [11, 12, 13], "score": 200}}
2024-10-29 19:27:15,130 - INFO - Agent 1 moved right: True
2024-10-29 19:27:15,131 - INFO - Sent event to agent (ID:1): {"event_type": "object changed", "object_type": "parcel", "object": {"id": 11, "coordinates": [1, 3], "score": 20, "carried_by_id": 1}}
2024-10-29 19:27:15,131 - INFO - Sent event to agent (ID:1): {"event_type": "object changed", "object_type": "parcel", "object": {"id": 12, "coordinates": [1, 3], "score": 20, "carried_by_id": 1}}
2024-10-29 19:27:15,131 - INFO - Sent event to agent (ID:1): {"event_type": "object changed", "object_type": "parcel", "object": {"id": 13, "coordinates": [1, 3], "score": 20, "carried_by_id": 1}}
2024-10-29 19:27:15,131 - INFO - Sent event to agent (ID:1): {"event_type": "object changed", "object_type": "agent", "object": {"id": 1, "coordinates": [1, 3], "parcels_carried_ids": [11, 12, 13], "score": 200}}
2024-10-29 19:27:15,706 - INFO - Agent 1 put down: True
2024-10-29 19:27:15,706 - INFO - Sent event to agent (ID:1): {"event_type": "object changed", "object_type": "agent", "object": {"id": 1, "coordinates": [1, 3], "parcels_carried_ids": [], "score": 260}}
2024-10-29 19:27:15,706 - INFO - Sent event to agent (ID:1): {"event_type": "object removed", "object_type": "parcel", "object": {"id": 11, "coordinates": [1, 3], "score": 20, "carried_by_id": 1}}
2024-10-29 19:27:15,706 - INFO - Sent event to agent (ID:1): {"event_type": "object removed", "object_type": "parcel", "object": {"id": 12, "coordinates": [1, 3], "score": 20, "carried_by_id": 1}}
2024-10-29 19:27:15,706 - INFO - Sent event to agent (ID:1): {"event_type": "object removed", "object_type": "parcel", "object": {"id": 13, "coordinates": [1, 3], "score": 20, "carried_by_id": 1}}
2024-10-29 19:27:32,114 - INFO - Sent event to agent (ID:1): {"event_type": "object added", "object_type": "parcel", "object": {"id": 14, "coordinates": [0, 0], "score": 20, "carried_by_id": null}}
2024-10-29 19:27:36,776 - INFO - Agent 1 moved up: True
2024-10-29 19:27:36,776 - INFO - Sent event to agent (ID:1): {"event_type": "object changed", "object_type": "agent", "object": {"id": 1, "coordinates": [0, 3], "parcels_carried_ids": [], "score": 260}}
2024-10-29 19:27:37,283 - INFO - Agent 1 moved left: True
2024-10-29 19:27:37,284 - INFO - Sent event to agent (ID:1): {"event_type": "object changed", "object_type": "agent", "object": {"id": 1, "coordinates": [0, 2], "parcels_carried_ids": [], "score": 260}}
2024-10-29 19:27:37,842 - INFO - Agent 1 moved left: True
2024-10-29 19:27:37,842 - INFO - Sent event to agent (ID:1): {"event_type": "object changed", "object_type": "agent", "object": {"id": 1, "coordinates": [0, 1], "parcels_carried_ids": [], "score": 260}}
2024-10-29 19:27:38,352 - INFO - Agent 1 moved left: True
2024-10-29 19:27:38,352 - INFO - Sent event to agent (ID:1): {"event_type": "object changed", "object_type": "agent", "object": {"id": 1, "coordinates": [0, 0], "parcels_carried_ids": [], "score": 260}}
2024-10-29 19:27:38,927 - INFO - Agent 1 picked up: True
2024-10-29 19:27:38,927 - INFO - Sent event to agent (ID:1): {"event_type": "object changed", "object_type": "parcel", "object": {"id": 14, "coordinates": [0, 0], "score": 20, "carried_by_id": 1}}
2024-10-29 19:27:38,927 - INFO - Sent event to agent (ID:1): {"event_type": "object changed", "object_type": "agent", "object": {"id": 1, "coordinates": [0, 0], "parcels_carried_ids": [14], "score": 260}}
2024-10-29 19:27:39,454 - INFO - Agent 1 moved down: True
2024-10-29 19:27:39,455 - INFO - Sent event to agent (ID:1): {"event_type": "object changed", "object_type": "parcel", "object": {"id": 14, "coordinates": [1, 0], "score": 20, "carried_by_id": 1}}
2024-10-29 19:27:39,455 - INFO - Sent event to agent (ID:1): {"event_type": "object changed", "object_type": "agent", "object": {"id": 1, "coordinates": [1, 0], "parcels_carried_ids": [14], "score": 260}}
2024-10-29 19:27:40,033 - INFO - Agent 1 moved right: True
2024-10-29 19:27:40,033 - INFO - Sent event to agent (ID:1): {"event_type": "object changed", "object_type": "parcel", "object": {"id": 14, "coordinates": [1, 1], "score": 20, "carried_by_id": 1}}
2024-10-29 19:27:40,033 - INFO - Sent event to agent (ID:1): {"event_type": "object changed", "object_type": "agent", "object": {"id": 1, "coordinates": [1, 1], "parcels_carried_ids": [14], "score": 260}}
2024-10-29 19:27:40,627 - INFO - Agent 1 moved right: True
2024-10-29 19:27:40,627 - INFO - Sent event to agent (ID:1): {"event_type": "object changed", "object_type": "parcel", "object": {"id": 14, "coordinates": [1, 2], "score": 20, "carried_by_id": 1}}
2024-10-29 19:27:40,627 - INFO - Sent event to agent (ID:1): {"event_type": "object changed", "object_type": "agent", "object": {"id": 1, "coordinates": [1, 2], "parcels_carried_ids": [14], "score": 260}}
2024-10-29 19:27:41,186 - INFO - Agent 1 moved right: True
2024-10-29 19:27:41,187 - INFO - Sent event to agent (ID:1): {"event_type": "object changed", "object_type": "parcel", "object": {"id": 14, "coordinates": [1, 3], "score": 20, "carried_by_id": 1}}
2024-10-29 19:27:41,187 - INFO - Sent event to agent (ID:1): {"event_type": "object changed", "object_type": "agent", "object": {"id": 1, "coordinates": [1, 3], "parcels_carried_ids": [14], "score": 260}}
2024-10-29 19:27:41,760 - INFO - Agent 1 put down: True
2024-10-29 19:27:41,761 - INFO - Sent event to agent (ID:1): {"event_type": "object changed", "object_type": "agent", "object": {"id": 1, "coordinates": [1, 3], "parcels_carried_ids": [], "score": 280}}
2024-10-29 19:27:41,761 - INFO - Sent event to agent (ID:1): {"event_type": "object removed", "object_type": "parcel", "object": {"id": 14, "coordinates": [1, 3], "score": 20, "carried_by_id": 1}}
2024-10-29 19:27:47,183 - DEBUG - Replay file written
2024-10-29 19:27:47,183 - DEBUG - Server terminated
