2024-10-22 17:39:28,623 - DEBUG - Server started
2024-10-22 17:39:29,326 - INFO - Agent connected with ID 1 and address ('127.0.0.1', 8081)
2024-10-22 17:39:29,326 - INFO - Sent event to agent (ID:1): {"event_type": "object added", "object_type": "map", "object": {"width": 4, "height": 4, "grid": [{"cell_coordinates": [0, 0], "cell_type": "parcels_spawn"}, {"cell_coordinates": [0, 1], "cell_type": "walkable"}, {"cell_coordinates": [0, 2], "cell_type": "walkable"}, {"cell_coordinates": [0, 3], "cell_type": "double_delivery_cell"}, {"cell_coordinates": [1, 0], "cell_type": "walkable"}, {"cell_coordinates": [1, 1], "cell_type": "walkable"}, {"cell_coordinates": [1, 2], "cell_type": "non_walkable"}, {"cell_coordinates": [1, 3], "cell_type": "non_walkable"}, {"cell_coordinates": [2, 0], "cell_type": "delivery_cell"}, {"cell_coordinates": [2, 1], "cell_type": "non_walkable"}, {"cell_coordinates": [2, 2], "cell_type": "non_walkable"}, {"cell_coordinates": [2, 3], "cell_type": "non_walkable"}, {"cell_coordinates": [3, 0], "cell_type": "non_walkable"}, {"cell_coordinates": [3, 1], "cell_type": "non_walkable"}, {"cell_coordinates": [3, 2], "cell_type": "non_walkable"}, {"cell_coordinates": [3, 3], "cell_type": "non_walkable"}]}}
2024-10-22 17:39:29,334 - INFO - Sent event to agent (ID:1): {"event_type": "object added", "object_type": "parcel", "object": {"id": 1, "coordinates": [0, 0], "score": 20, "carried_by_id": null}}
2024-10-22 17:39:29,334 - INFO - Sent event to agent (ID:1): {"event_type": "object added", "object_type": "agent", "object": {"id": 1, "coordinates": [1, 1], "parcels_carried_ids": [], "has_key": false, "score": 0}}
2024-10-22 17:39:29,334 - INFO - Sent event to agent (ID:1): {"event_type": "object added", "object_type": "key", "object": {"id": 1, "coordinates": [0, 1], "carried_by_id": null}}
2024-10-22 17:39:29,334 - INFO - Sent event to agent (ID:1): {"event_type": "object added", "object_type": "door", "object": {"id": 1, "coordinates": [0, 2]}}
2024-10-22 17:40:32,841 - INFO - Agent 1 moved up: True
2024-10-22 17:40:32,842 - INFO - Sent event to agent (ID:1): {"event_type": "object changed", "object_type": "agent", "object": {"id": 1, "coordinates": [0, 1], "parcels_carried_ids": [], "has_key": false, "score": 0}}
2024-10-22 17:40:33,485 - INFO - Agent 1 moved left: True
2024-10-22 17:40:33,486 - INFO - Sent event to agent (ID:1): {"event_type": "object changed", "object_type": "agent", "object": {"id": 1, "coordinates": [0, 0], "parcels_carried_ids": [], "has_key": false, "score": 0}}
2024-10-22 17:40:34,081 - INFO - Agent 1 picked up: True
2024-10-22 17:40:34,081 - INFO - Sent event to agent (ID:1): {"event_type": "object changed", "object_type": "parcel", "object": {"id": 1, "coordinates": [0, 0], "score": 20, "carried_by_id": 1}}
2024-10-22 17:40:34,081 - INFO - Sent event to agent (ID:1): {"event_type": "object changed", "object_type": "agent", "object": {"id": 1, "coordinates": [0, 0], "parcels_carried_ids": [1], "has_key": false, "score": 0}}
2024-10-22 17:40:34,591 - INFO - Agent 1 moved right: True
2024-10-22 17:40:34,591 - INFO - Sent event to agent (ID:1): {"event_type": "object changed", "object_type": "parcel", "object": {"id": 1, "coordinates": [0, 1], "score": 20, "carried_by_id": 1}}
2024-10-22 17:40:34,591 - INFO - Sent event to agent (ID:1): {"event_type": "object changed", "object_type": "agent", "object": {"id": 1, "coordinates": [0, 1], "parcels_carried_ids": [1], "has_key": false, "score": 0}}
2024-10-22 17:40:35,152 - INFO - Agent 1 moved right: False
2024-10-22 17:40:35,747 - INFO - Agent 1 moved right: False
2024-10-22 17:40:36,303 - INFO - Agent 1 put down: True
2024-10-22 17:40:36,303 - INFO - Sent event to agent (ID:1): {"event_type": "object changed", "object_type": "parcel", "object": {"id": 1, "coordinates": [0, 1], "score": 20, "carried_by_id": null}}
2024-10-22 17:40:36,303 - INFO - Sent event to agent (ID:1): {"event_type": "object changed", "object_type": "agent", "object": {"id": 1, "coordinates": [0, 1], "parcels_carried_ids": [], "has_key": false, "score": 0}}
2024-10-22 17:40:51,201 - INFO - Agent 1 moved right: False
2024-10-22 17:40:51,710 - INFO - Agent 1 picked up: True
2024-10-22 17:40:51,710 - INFO - Sent event to agent (ID:1): {"event_type": "object changed", "object_type": "parcel", "object": {"id": 1, "coordinates": [0, 1], "score": 20, "carried_by_id": 1}}
2024-10-22 17:40:51,710 - INFO - Sent event to agent (ID:1): {"event_type": "object changed", "object_type": "agent", "object": {"id": 1, "coordinates": [0, 1], "parcels_carried_ids": [1], "has_key": true, "score": 0}}
2024-10-22 17:40:51,710 - INFO - Sent event to agent (ID:1): {"event_type": "object changed", "object_type": "key", "object": {"id": 1, "coordinates": [0, 1], "carried_by_id": 1}}
2024-10-22 17:41:08,226 - INFO - Agent 1 picked up: False
2024-10-22 17:41:08,753 - INFO - Agent 1 moved right: True
2024-10-22 17:41:08,753 - INFO - Sent event to agent (ID:1): {"event_type": "object changed", "object_type": "parcel", "object": {"id": 1, "coordinates": [0, 2], "score": 20, "carried_by_id": 1}}
2024-10-22 17:41:08,753 - INFO - Sent event to agent (ID:1): {"event_type": "object changed", "object_type": "agent", "object": {"id": 1, "coordinates": [0, 2], "parcels_carried_ids": [1], "has_key": true, "score": 0}}
2024-10-22 17:41:08,753 - INFO - Sent event to agent (ID:1): {"event_type": "object changed", "object_type": "key", "object": {"id": 1, "coordinates": [0, 2], "carried_by_id": 1}}
2024-10-22 17:41:25,429 - INFO - Agent 1 moved down: False
2024-10-22 17:41:26,007 - INFO - Agent 1 moved right: True
2024-10-22 17:41:26,007 - INFO - Sent event to agent (ID:1): {"event_type": "object changed", "object_type": "parcel", "object": {"id": 1, "coordinates": [0, 3], "score": 20, "carried_by_id": 1}}
2024-10-22 17:41:26,007 - INFO - Sent event to agent (ID:1): {"event_type": "object changed", "object_type": "agent", "object": {"id": 1, "coordinates": [0, 3], "parcels_carried_ids": [1], "has_key": true, "score": 0}}
2024-10-22 17:41:26,008 - INFO - Sent event to agent (ID:1): {"event_type": "object changed", "object_type": "key", "object": {"id": 1, "coordinates": [0, 3], "carried_by_id": 1}}
2024-10-22 17:41:43,231 - INFO - Agent 1 put down: True
2024-10-22 17:41:43,231 - INFO - Sent event to agent (ID:1): {"event_type": "object changed", "object_type": "agent", "object": {"id": 1, "coordinates": [0, 3], "parcels_carried_ids": [], "has_key": false, "score": 40}}
2024-10-22 17:41:43,232 - INFO - Sent event to agent (ID:1): {"event_type": "object changed", "object_type": "key", "object": {"id": 1, "coordinates": [0, 3], "carried_by_id": null}}
2024-10-22 17:41:43,232 - INFO - Sent event to agent (ID:1): {"event_type": "object removed", "object_type": "parcel", "object": {"id": 1, "coordinates": [0, 3], "score": 20, "carried_by_id": 1}}
2024-10-22 17:41:43,808 - INFO - Agent 1 picked up: True
2024-10-22 17:41:43,808 - INFO - Sent event to agent (ID:1): {"event_type": "object changed", "object_type": "agent", "object": {"id": 1, "coordinates": [0, 3], "parcels_carried_ids": [], "has_key": true, "score": 40}}
2024-10-22 17:41:43,808 - INFO - Sent event to agent (ID:1): {"event_type": "object changed", "object_type": "key", "object": {"id": 1, "coordinates": [0, 3], "carried_by_id": 1}}
2024-10-22 17:42:35,519 - DEBUG - Replay file written
2024-10-22 17:42:35,519 - DEBUG - Server terminated
