2024-10-28 09:50:14,658 - DEBUG - Server started
2024-10-28 09:50:15,294 - INFO - Agent connected with ID 1 and address ('127.0.0.1', 8081)
2024-10-28 09:50:15,294 - INFO - Sent event to agent (ID:1): {"event_type": "object added", "object_type": "map", "object": {"width": 4, "height": 4, "grid": [{"cell_coordinates": [0, 0], "cell_type": "parcels_spawn"}, {"cell_coordinates": [0, 1], "cell_type": "walkable"}, {"cell_coordinates": [0, 2], "cell_type": "walkable"}, {"cell_coordinates": [0, 3], "cell_type": "double_points_delivery_cell"}, {"cell_coordinates": [1, 0], "cell_type": "walkable"}, {"cell_coordinates": [1, 1], "cell_type": "walkable"}, {"cell_coordinates": [1, 2], "cell_type": "walkable"}, {"cell_coordinates": [1, 3], "cell_type": "walkable"}, {"cell_coordinates": [2, 0], "cell_type": "walkable"}, {"cell_coordinates": [2, 1], "cell_type": "walkable"}, {"cell_coordinates": [2, 2], "cell_type": "walkable"}, {"cell_coordinates": [2, 3], "cell_type": "walkable"}, {"cell_coordinates": [3, 0], "cell_type": "delivery_cell"}, {"cell_coordinates": [3, 1], "cell_type": "walkable"}, {"cell_coordinates": [3, 2], "cell_type": "walkable"}, {"cell_coordinates": [3, 3], "cell_type": "walkable"}]}}
2024-10-28 09:50:15,298 - INFO - Sent event to agent (ID:1): {"event_type": "object added", "object_type": "parcel", "object": {"id": 1, "coordinates": [0, 0], "score": 20, "carried_by_id": null}}
2024-10-28 09:50:15,298 - INFO - Sent event to agent (ID:1): {"event_type": "object added", "object_type": "agent", "object": {"id": 1, "coordinates": [1, 1], "parcels_carried_ids": [], "has_key": false, "score": 0}}
2024-10-28 09:50:15,298 - INFO - Sent event to agent (ID:1): {"event_type": "object added", "object_type": "key", "object": {"id": 1, "coordinates": [2, 2], "carried_by_id": null}}
2024-10-28 09:50:15,298 - INFO - Sent event to agent (ID:1): {"event_type": "object added", "object_type": "door", "object": {"id": 1, "coordinates": [0, 2]}}
2024-10-28 09:50:15,298 - INFO - Sent event to agent (ID:1): {"event_type": "object added", "object_type": "door", "object": {"id": 2, "coordinates": [1, 3]}}
2024-10-28 09:50:15,298 - INFO - Sent event to agent (ID:1): {"event_type": "object added", "object_type": "door", "object": {"id": 3, "coordinates": [2, 0]}}
2024-10-28 09:50:15,298 - INFO - Sent event to agent (ID:1): {"event_type": "object added", "object_type": "door", "object": {"id": 4, "coordinates": [3, 1]}}
2024-10-28 09:51:04,296 - INFO - Agent 1 moved up: True
2024-10-28 09:51:04,297 - INFO - Sent event to agent (ID:1): {"event_type": "object changed", "object_type": "agent", "object": {"id": 1, "coordinates": [0, 1], "parcels_carried_ids": [], "has_key": false, "score": 0}}
2024-10-28 09:51:14,784 - INFO - Agent 1 moved left: True
2024-10-28 09:51:14,785 - INFO - Sent event to agent (ID:1): {"event_type": "object changed", "object_type": "agent", "object": {"id": 1, "coordinates": [0, 0], "parcels_carried_ids": [], "has_key": false, "score": 0}}
2024-10-28 09:51:27,263 - INFO - Agent 1 picked up: True
2024-10-28 09:51:27,263 - INFO - Sent event to agent (ID:1): {"event_type": "object changed", "object_type": "parcel", "object": {"id": 1, "coordinates": [0, 0], "score": 20, "carried_by_id": 1}}
2024-10-28 09:51:27,263 - INFO - Sent event to agent (ID:1): {"event_type": "object changed", "object_type": "agent", "object": {"id": 1, "coordinates": [0, 0], "parcels_carried_ids": [1], "has_key": false, "score": 0}}
2024-10-28 09:51:37,299 - INFO - Agent 1 moved right: True
2024-10-28 09:51:37,300 - INFO - Sent event to agent (ID:1): {"event_type": "object changed", "object_type": "parcel", "object": {"id": 1, "coordinates": [0, 1], "score": 20, "carried_by_id": 1}}
2024-10-28 09:51:37,300 - INFO - Sent event to agent (ID:1): {"event_type": "object changed", "object_type": "agent", "object": {"id": 1, "coordinates": [0, 1], "parcels_carried_ids": [1], "has_key": false, "score": 0}}
2024-10-28 09:51:53,941 - INFO - Agent 1 moved right: False
2024-10-28 09:52:06,771 - INFO - Agent 1 moved right: False
2024-10-28 09:52:30,168 - INFO - Agent 1 moved right: False
2024-10-28 09:52:30,709 - INFO - Agent 1 moved right: False
2024-10-28 09:52:31,221 - INFO - Agent 1 put down: True
2024-10-28 09:52:31,221 - INFO - Sent event to agent (ID:1): {"event_type": "object changed", "object_type": "parcel", "object": {"id": 1, "coordinates": [0, 1], "score": 20, "carried_by_id": null}}
2024-10-28 09:52:31,221 - INFO - Sent event to agent (ID:1): {"event_type": "object changed", "object_type": "agent", "object": {"id": 1, "coordinates": [0, 1], "parcels_carried_ids": [], "has_key": false, "score": 0}}
2024-10-28 09:52:39,393 - INFO - Agent 1 picked up: True
2024-10-28 09:52:39,393 - INFO - Sent event to agent (ID:1): {"event_type": "object changed", "object_type": "parcel", "object": {"id": 1, "coordinates": [0, 1], "score": 20, "carried_by_id": 1}}
2024-10-28 09:52:39,393 - INFO - Sent event to agent (ID:1): {"event_type": "object changed", "object_type": "agent", "object": {"id": 1, "coordinates": [0, 1], "parcels_carried_ids": [1], "has_key": false, "score": 0}}
2024-10-28 09:52:39,935 - INFO - Agent 1 picked up: False
2024-10-28 09:52:40,545 - INFO - Agent 1 picked up: False
2024-10-28 09:52:41,139 - INFO - Agent 1 picked up: False
2024-10-28 09:52:41,648 - INFO - Agent 1 picked up: False
2024-10-28 09:52:42,158 - INFO - Agent 1 picked up: False
2024-10-28 09:52:42,735 - INFO - Agent 1 picked up: False
2024-10-28 09:52:43,314 - INFO - Agent 1 picked up: False
2024-10-28 09:52:43,873 - INFO - Agent 1 picked up: False
2024-10-28 09:52:44,535 - INFO - Agent 1 picked up: False
2024-10-28 09:52:45,041 - INFO - Agent 1 picked up: False
2024-10-28 09:52:45,668 - INFO - Agent 1 picked up: False
2024-10-28 09:52:46,211 - INFO - Agent 1 picked up: False
2024-10-28 09:52:46,752 - INFO - Agent 1 picked up: False
2024-10-28 09:52:47,309 - INFO - Agent 1 picked up: False
2024-10-28 09:52:47,869 - INFO - Agent 1 picked up: False
2024-10-28 09:52:48,514 - INFO - Agent 1 picked up: False
2024-10-28 09:52:49,073 - INFO - Agent 1 picked up: False
2024-10-28 09:52:49,666 - INFO - Agent 1 picked up: False
2024-10-28 09:52:50,259 - INFO - Agent 1 picked up: False
2024-10-28 09:52:50,837 - INFO - Agent 1 picked up: False
2024-10-28 09:52:51,430 - INFO - Agent 1 picked up: False
2024-10-28 09:52:52,059 - INFO - Agent 1 picked up: False
2024-10-28 09:52:52,652 - INFO - Agent 1 picked up: False
2024-10-28 09:52:53,262 - INFO - Agent 1 picked up: False
2024-10-28 09:52:53,802 - INFO - Agent 1 picked up: False
2024-10-28 09:53:12,778 - INFO - Agent 1 picked up: False
2024-10-28 09:53:13,338 - INFO - Agent 1 picked up: False
2024-10-28 09:53:13,916 - INFO - Agent 1 picked up: False
2024-10-28 09:53:14,511 - INFO - Agent 1 picked up: False
2024-10-28 09:53:15,038 - INFO - Agent 1 picked up: False
2024-10-28 09:53:15,680 - INFO - Agent 1 picked up: False
2024-10-28 09:53:16,272 - INFO - Agent 1 picked up: False
2024-10-28 09:53:16,798 - INFO - Agent 1 picked up: False
2024-10-28 09:53:17,407 - INFO - Agent 1 picked up: False
2024-10-28 09:53:18,021 - INFO - Agent 1 picked up: False
2024-10-28 09:53:18,598 - INFO - Agent 1 picked up: False
2024-10-28 09:53:19,139 - INFO - Agent 1 picked up: False
2024-10-28 09:53:19,649 - INFO - Agent 1 picked up: False
2024-10-28 09:53:20,140 - INFO - Agent 1 picked up: False
2024-10-28 09:53:20,686 - INFO - Agent 1 picked up: False
2024-10-28 09:53:21,312 - INFO - Agent 1 picked up: False
2024-10-28 09:53:21,905 - INFO - Agent 1 picked up: False
2024-10-28 09:53:22,446 - INFO - Agent 1 picked up: False
2024-10-28 09:53:22,952 - INFO - Agent 1 picked up: False
2024-10-28 09:53:23,479 - INFO - Agent 1 picked up: False
2024-10-28 09:53:24,075 - INFO - Agent 1 picked up: False
2024-10-28 09:53:24,667 - INFO - Agent 1 picked up: False
2024-10-28 09:53:25,262 - INFO - Agent 1 picked up: False
2024-10-28 09:53:25,789 - INFO - Agent 1 picked up: False
2024-10-28 09:53:26,311 - INFO - Agent 1 picked up: False
2024-10-28 09:53:26,870 - INFO - Agent 1 picked up: False
2024-10-28 09:53:27,412 - INFO - Agent 1 picked up: False
2024-10-28 09:53:51,502 - INFO - Agent 1 moved down: True
2024-10-28 09:53:51,502 - INFO - Sent event to agent (ID:1): {"event_type": "object changed", "object_type": "parcel", "object": {"id": 1, "coordinates": [1, 1], "score": 20, "carried_by_id": 1}}
2024-10-28 09:53:51,502 - INFO - Sent event to agent (ID:1): {"event_type": "object changed", "object_type": "agent", "object": {"id": 1, "coordinates": [1, 1], "parcels_carried_ids": [1], "has_key": false, "score": 0}}
2024-10-28 09:53:52,062 - INFO - Agent 1 moved right: True
2024-10-28 09:53:52,062 - INFO - Sent event to agent (ID:1): {"event_type": "object changed", "object_type": "parcel", "object": {"id": 1, "coordinates": [1, 2], "score": 20, "carried_by_id": 1}}
2024-10-28 09:53:52,062 - INFO - Sent event to agent (ID:1): {"event_type": "object changed", "object_type": "agent", "object": {"id": 1, "coordinates": [1, 2], "parcels_carried_ids": [1], "has_key": false, "score": 0}}
2024-10-28 09:53:52,554 - INFO - Agent 1 moved down: True
2024-10-28 09:53:52,554 - INFO - Sent event to agent (ID:1): {"event_type": "object changed", "object_type": "parcel", "object": {"id": 1, "coordinates": [2, 2], "score": 20, "carried_by_id": 1}}
2024-10-28 09:53:52,554 - INFO - Sent event to agent (ID:1): {"event_type": "object changed", "object_type": "agent", "object": {"id": 1, "coordinates": [2, 2], "parcels_carried_ids": [1], "has_key": false, "score": 0}}
2024-10-28 09:53:53,095 - INFO - Agent 1 moved right: True
2024-10-28 09:53:53,095 - INFO - Sent event to agent (ID:1): {"event_type": "object changed", "object_type": "parcel", "object": {"id": 1, "coordinates": [2, 3], "score": 20, "carried_by_id": 1}}
2024-10-28 09:53:53,095 - INFO - Sent event to agent (ID:1): {"event_type": "object changed", "object_type": "agent", "object": {"id": 1, "coordinates": [2, 3], "parcels_carried_ids": [1], "has_key": false, "score": 0}}
2024-10-28 09:53:53,657 - INFO - Agent 1 moved down: True
2024-10-28 09:53:53,657 - INFO - Sent event to agent (ID:1): {"event_type": "object changed", "object_type": "parcel", "object": {"id": 1, "coordinates": [3, 3], "score": 20, "carried_by_id": 1}}
2024-10-28 09:53:53,657 - INFO - Sent event to agent (ID:1): {"event_type": "object changed", "object_type": "agent", "object": {"id": 1, "coordinates": [3, 3], "parcels_carried_ids": [1], "has_key": false, "score": 0}}
2024-10-28 09:53:54,214 - INFO - Agent 1 moved right: False
2024-10-28 09:53:54,758 - INFO - Agent 1 moved down: False
2024-10-28 09:53:55,354 - INFO - Agent 1 moved right: False
2024-10-28 09:53:55,876 - INFO - Agent 1 moved down: False
2024-10-28 09:53:56,485 - INFO - Agent 1 moved right: False
2024-10-28 09:53:57,010 - INFO - Agent 1 moved down: False
2024-10-28 09:53:57,669 - INFO - Agent 1 moved right: False
2024-10-28 09:53:58,261 - INFO - Agent 1 moved down: False
2024-10-28 09:53:58,769 - INFO - Agent 1 moved right: False
2024-10-28 09:53:59,329 - INFO - Agent 1 moved down: False
2024-10-28 09:53:59,873 - INFO - Agent 1 moved right: False
2024-10-28 09:54:00,433 - INFO - Agent 1 moved down: False
2024-10-28 09:54:00,924 - INFO - Agent 1 moved right: False
2024-10-28 09:54:01,433 - INFO - Agent 1 moved down: False
2024-10-28 09:54:01,925 - INFO - Agent 1 moved right: False
2024-10-28 09:54:02,415 - INFO - Agent 1 moved down: False
2024-10-28 09:54:02,975 - INFO - Agent 1 moved right: False
2024-10-28 09:54:03,808 - INFO - Agent 1 moved down: False
2024-10-28 09:54:04,164 - INFO - Agent 1 moved right: False
2024-10-28 09:54:04,741 - INFO - Agent 1 moved down: False
2024-10-28 09:54:05,283 - INFO - Agent 1 moved right: False
2024-10-28 09:54:05,859 - INFO - Agent 1 moved down: False
2024-10-28 09:54:24,847 - INFO - Agent 1 moved up: True
2024-10-28 09:54:24,847 - INFO - Sent event to agent (ID:1): {"event_type": "object changed", "object_type": "parcel", "object": {"id": 1, "coordinates": [2, 3], "score": 20, "carried_by_id": 1}}
2024-10-28 09:54:24,847 - INFO - Sent event to agent (ID:1): {"event_type": "object changed", "object_type": "agent", "object": {"id": 1, "coordinates": [2, 3], "parcels_carried_ids": [1], "has_key": false, "score": 0}}
2024-10-28 09:54:25,511 - INFO - Agent 1 moved left: True
2024-10-28 09:54:25,511 - INFO - Sent event to agent (ID:1): {"event_type": "object changed", "object_type": "parcel", "object": {"id": 1, "coordinates": [2, 2], "score": 20, "carried_by_id": 1}}
2024-10-28 09:54:25,511 - INFO - Sent event to agent (ID:1): {"event_type": "object changed", "object_type": "agent", "object": {"id": 1, "coordinates": [2, 2], "parcels_carried_ids": [1], "has_key": false, "score": 0}}
2024-10-28 09:54:41,332 - INFO - Agent 1 picked up: True
2024-10-28 09:54:41,333 - INFO - Sent event to agent (ID:1): {"event_type": "object changed", "object_type": "agent", "object": {"id": 1, "coordinates": [2, 2], "parcels_carried_ids": [1], "has_key": true, "score": 0}}
2024-10-28 09:54:41,333 - INFO - Sent event to agent (ID:1): {"event_type": "object changed", "object_type": "key", "object": {"id": 1, "coordinates": [2, 2], "carried_by_id": 1}}
2024-10-28 09:54:53,312 - INFO - Agent 1 put down: True
2024-10-28 09:54:53,312 - INFO - Sent event to agent (ID:1): {"event_type": "object changed", "object_type": "parcel", "object": {"id": 1, "coordinates": [2, 2], "score": 20, "carried_by_id": null}}
2024-10-28 09:54:53,312 - INFO - Sent event to agent (ID:1): {"event_type": "object changed", "object_type": "agent", "object": {"id": 1, "coordinates": [2, 2], "parcels_carried_ids": [], "has_key": false, "score": 0}}
2024-10-28 09:54:53,312 - INFO - Sent event to agent (ID:1): {"event_type": "object changed", "object_type": "key", "object": {"id": 1, "coordinates": [2, 2], "carried_by_id": null}}
2024-10-28 09:54:53,855 - INFO - Agent 1 moved up: True
2024-10-28 09:54:53,855 - INFO - Sent event to agent (ID:1): {"event_type": "object changed", "object_type": "agent", "object": {"id": 1, "coordinates": [1, 2], "parcels_carried_ids": [], "has_key": false, "score": 0}}
2024-10-28 09:54:54,380 - INFO - Agent 1 moved up: False
2024-10-28 09:54:54,920 - INFO - Agent 1 moved up: False
2024-10-28 09:54:55,823 - INFO - Agent 1 moved up: False
2024-10-28 09:54:56,145 - INFO - Agent 1 moved up: False
2024-10-28 09:54:56,653 - INFO - Agent 1 moved up: False
2024-10-28 09:54:57,280 - INFO - Agent 1 moved up: False
2024-10-28 09:54:57,906 - INFO - Agent 1 moved up: False
2024-10-28 09:54:58,479 - INFO - Agent 1 moved up: False
2024-10-28 09:54:59,107 - INFO - Agent 1 moved up: False
2024-10-28 09:54:59,683 - INFO - Agent 1 moved up: False
2024-10-28 09:55:00,224 - INFO - Agent 1 moved up: False
2024-10-28 09:55:00,834 - INFO - Agent 1 moved up: False
2024-10-28 09:55:01,391 - INFO - Agent 1 moved up: False
2024-10-28 09:55:01,895 - INFO - Agent 1 moved up: False
2024-10-28 09:55:02,472 - INFO - Agent 1 moved up: False
2024-10-28 09:55:03,079 - INFO - Agent 1 moved up: False
2024-10-28 09:55:03,706 - INFO - Agent 1 moved up: False
2024-10-28 09:55:04,230 - INFO - Agent 1 moved up: False
2024-10-28 09:55:04,921 - INFO - Agent 1 moved up: False
2024-10-28 09:55:05,533 - INFO - Agent 1 moved up: False
2024-10-28 09:55:06,023 - INFO - Agent 1 moved up: False
2024-10-28 09:55:06,534 - INFO - Agent 1 moved up: False
2024-10-28 09:55:07,057 - INFO - Agent 1 moved up: False
2024-10-28 09:55:07,681 - INFO - Agent 1 moved up: False
2024-10-28 09:55:21,551 - INFO - Agent 1 moved down: True
2024-10-28 09:55:21,552 - INFO - Sent event to agent (ID:1): {"event_type": "object changed", "object_type": "agent", "object": {"id": 1, "coordinates": [2, 2], "parcels_carried_ids": [], "has_key": false, "score": 0}}
2024-10-28 09:55:22,110 - INFO - Agent 1 picked up: True
2024-10-28 09:55:22,110 - INFO - Sent event to agent (ID:1): {"event_type": "object changed", "object_type": "parcel", "object": {"id": 1, "coordinates": [2, 2], "score": 20, "carried_by_id": 1}}
2024-10-28 09:55:22,110 - INFO - Sent event to agent (ID:1): {"event_type": "object changed", "object_type": "agent", "object": {"id": 1, "coordinates": [2, 2], "parcels_carried_ids": [1], "has_key": true, "score": 0}}
2024-10-28 09:55:22,110 - INFO - Sent event to agent (ID:1): {"event_type": "object changed", "object_type": "key", "object": {"id": 1, "coordinates": [2, 2], "carried_by_id": 1}}
2024-10-28 09:55:41,740 - INFO - Agent 1 moved up: True
2024-10-28 09:55:41,740 - INFO - Sent event to agent (ID:1): {"event_type": "object changed", "object_type": "parcel", "object": {"id": 1, "coordinates": [1, 2], "score": 20, "carried_by_id": 1}}
2024-10-28 09:55:41,740 - INFO - Sent event to agent (ID:1): {"event_type": "object changed", "object_type": "agent", "object": {"id": 1, "coordinates": [1, 2], "parcels_carried_ids": [1], "has_key": true, "score": 0}}
2024-10-28 09:55:41,740 - INFO - Sent event to agent (ID:1): {"event_type": "object changed", "object_type": "key", "object": {"id": 1, "coordinates": [1, 2], "carried_by_id": 1}}
2024-10-28 09:55:42,315 - INFO - Agent 1 moved up: True
2024-10-28 09:55:42,315 - INFO - Sent event to agent (ID:1): {"event_type": "object changed", "object_type": "parcel", "object": {"id": 1, "coordinates": [0, 2], "score": 20, "carried_by_id": 1}}
2024-10-28 09:55:42,315 - INFO - Sent event to agent (ID:1): {"event_type": "object changed", "object_type": "agent", "object": {"id": 1, "coordinates": [0, 2], "parcels_carried_ids": [1], "has_key": true, "score": 0}}
2024-10-28 09:55:42,315 - INFO - Sent event to agent (ID:1): {"event_type": "object changed", "object_type": "key", "object": {"id": 1, "coordinates": [0, 2], "carried_by_id": 1}}
2024-10-28 09:55:42,873 - INFO - Agent 1 moved right: True
2024-10-28 09:55:42,874 - INFO - Sent event to agent (ID:1): {"event_type": "object changed", "object_type": "parcel", "object": {"id": 1, "coordinates": [0, 3], "score": 20, "carried_by_id": 1}}
2024-10-28 09:55:42,874 - INFO - Sent event to agent (ID:1): {"event_type": "object changed", "object_type": "agent", "object": {"id": 1, "coordinates": [0, 3], "parcels_carried_ids": [1], "has_key": true, "score": 0}}
2024-10-28 09:55:42,874 - INFO - Sent event to agent (ID:1): {"event_type": "object changed", "object_type": "key", "object": {"id": 1, "coordinates": [0, 3], "carried_by_id": 1}}
2024-10-28 09:55:43,384 - INFO - Agent 1 put down: True
2024-10-28 09:55:43,384 - INFO - Sent event to agent (ID:1): {"event_type": "object changed", "object_type": "agent", "object": {"id": 1, "coordinates": [0, 3], "parcels_carried_ids": [], "has_key": false, "score": 40}}
2024-10-28 09:55:43,384 - INFO - Sent event to agent (ID:1): {"event_type": "object changed", "object_type": "key", "object": {"id": 1, "coordinates": [0, 3], "carried_by_id": null}}
2024-10-28 09:55:43,384 - INFO - Sent event to agent (ID:1): {"event_type": "object removed", "object_type": "parcel", "object": {"id": 1, "coordinates": [0, 3], "score": 20, "carried_by_id": 1}}
2024-10-28 09:56:05,346 - DEBUG - Replay file written
2024-10-28 09:56:05,346 - DEBUG - Server terminated
