2024-10-22 09:43:56,114 - DEBUG - Server started
2024-10-22 09:43:56,782 - INFO - Agent connected with ID 1 and address ('127.0.0.1', 8081)
2024-10-22 09:43:56,783 - INFO - Sent event to agent (ID:1): {"event_type": "object added", "object_type": "map", "object": {"width": 4, "height": 4, "grid": [{"cell_coordinates": [0, 0], "cell_type": "parcels_spawn"}, {"cell_coordinates": [0, 1], "cell_type": "walkable"}, {"cell_coordinates": [0, 2], "cell_type": "walkable"}, {"cell_coordinates": [0, 3], "cell_type": "walkable"}, {"cell_coordinates": [1, 0], "cell_type": "walkable"}, {"cell_coordinates": [1, 1], "cell_type": "walkable"}, {"cell_coordinates": [1, 2], "cell_type": "walkable"}, {"cell_coordinates": [1, 3], "cell_type": "delivery_cell"}, {"cell_coordinates": [2, 0], "cell_type": "non_walkable"}, {"cell_coordinates": [2, 1], "cell_type": "non_walkable"}, {"cell_coordinates": [2, 2], "cell_type": "non_walkable"}, {"cell_coordinates": [2, 3], "cell_type": "non_walkable"}, {"cell_coordinates": [3, 0], "cell_type": "non_walkable"}, {"cell_coordinates": [3, 1], "cell_type": "non_walkable"}, {"cell_coordinates": [3, 2], "cell_type": "non_walkable"}, {"cell_coordinates": [3, 3], "cell_type": "non_walkable"}]}}
2024-10-22 09:43:56,785 - INFO - Sent event to agent (ID:1): {"event_type": "object added", "object_type": "parcel", "object": {"id": 1, "coordinates": [0, 0], "score": 20, "carried_by_id": null}}
2024-10-22 09:43:56,785 - INFO - Sent event to agent (ID:1): {"event_type": "object added", "object_type": "agent", "object": {"id": 1, "coordinates": [1, 1], "parcels_carried_ids": [], "score": 0}}
2024-10-22 09:44:50,906 - INFO - Agent 1 moved up: True
2024-10-22 09:44:50,907 - INFO - Sent event to agent (ID:1): {"event_type": "object changed", "object_type": "agent", "object": {"id": 1, "coordinates": [0, 1], "parcels_carried_ids": [], "score": 0}}
2024-10-22 09:44:51,478 - INFO - Agent 1 moved left: True
2024-10-22 09:44:51,479 - INFO - Sent event to agent (ID:1): {"event_type": "object changed", "object_type": "agent", "object": {"id": 1, "coordinates": [0, 0], "parcels_carried_ids": [], "score": 0}}
2024-10-22 09:44:52,074 - INFO - Agent 1 picked up: True
2024-10-22 09:44:52,075 - INFO - Sent event to agent (ID:1): {"event_type": "object changed", "object_type": "parcel", "object": {"id": 1, "coordinates": [0, 0], "score": 20, "carried_by_id": 1}}
2024-10-22 09:44:52,075 - INFO - Sent event to agent (ID:1): {"event_type": "object changed", "object_type": "agent", "object": {"id": 1, "coordinates": [0, 0], "parcels_carried_ids": [1], "score": 0}}
2024-10-22 09:45:04,168 - INFO - Agent 1 moved down: True
2024-10-22 09:45:04,168 - INFO - Sent event to agent (ID:1): {"event_type": "object changed", "object_type": "parcel", "object": {"id": 1, "coordinates": [1, 0], "score": 20, "carried_by_id": 1}}
2024-10-22 09:45:04,168 - INFO - Sent event to agent (ID:1): {"event_type": "object changed", "object_type": "agent", "object": {"id": 1, "coordinates": [1, 0], "parcels_carried_ids": [1], "score": 0}}
2024-10-22 09:45:29,873 - INFO - Agent 1 moved right: True
2024-10-22 09:45:29,874 - INFO - Sent event to agent (ID:1): {"event_type": "object changed", "object_type": "parcel", "object": {"id": 1, "coordinates": [1, 1], "score": 20, "carried_by_id": 1}}
2024-10-22 09:45:29,874 - INFO - Sent event to agent (ID:1): {"event_type": "object changed", "object_type": "agent", "object": {"id": 1, "coordinates": [1, 1], "parcels_carried_ids": [1], "score": 0}}
2024-10-22 09:45:48,896 - INFO - Agent 1 moved right: True
2024-10-22 09:45:48,896 - INFO - Sent event to agent (ID:1): {"event_type": "object changed", "object_type": "parcel", "object": {"id": 1, "coordinates": [1, 2], "score": 20, "carried_by_id": 1}}
2024-10-22 09:45:48,896 - INFO - Sent event to agent (ID:1): {"event_type": "object changed", "object_type": "agent", "object": {"id": 1, "coordinates": [1, 2], "parcels_carried_ids": [1], "score": 0}}
2024-10-22 09:45:49,523 - INFO - Agent 1 moved right: True
2024-10-22 09:45:49,524 - INFO - Sent event to agent (ID:1): {"event_type": "object changed", "object_type": "parcel", "object": {"id": 1, "coordinates": [1, 3], "score": 20, "carried_by_id": 1}}
2024-10-22 09:45:49,524 - INFO - Sent event to agent (ID:1): {"event_type": "object changed", "object_type": "agent", "object": {"id": 1, "coordinates": [1, 3], "parcels_carried_ids": [1], "score": 0}}
2024-10-22 09:45:50,050 - INFO - Agent 1 moved right: False
2024-10-22 09:45:50,591 - INFO - Agent 1 moved right: False
2024-10-22 09:45:51,132 - INFO - Agent 1 moved right: False
2024-10-22 09:45:51,863 - INFO - Agent 1 moved right: False
2024-10-22 09:45:52,407 - INFO - Agent 1 moved right: False
2024-10-22 09:45:53,035 - INFO - Agent 1 moved right: False
2024-10-22 09:45:53,662 - INFO - Agent 1 moved right: False
2024-10-22 09:45:54,237 - INFO - Agent 1 moved right: False
2024-10-22 09:45:54,745 - INFO - Agent 1 moved right: False
2024-10-22 09:45:55,357 - INFO - Agent 1 moved right: False
2024-10-22 09:45:55,930 - INFO - Agent 1 moved right: False
2024-10-22 09:45:56,541 - INFO - Agent 1 moved right: False
2024-10-22 09:45:57,083 - INFO - Agent 1 moved right: False
2024-10-22 09:45:57,642 - INFO - Agent 1 moved right: False
2024-10-22 09:45:58,183 - INFO - Agent 1 moved right: False
2024-10-22 09:45:58,728 - INFO - Agent 1 moved right: False
2024-10-22 09:45:59,323 - INFO - Agent 1 moved right: False
2024-10-22 09:45:59,969 - INFO - Agent 1 moved right: False
2024-10-22 09:46:00,527 - INFO - Agent 1 moved right: False
2024-10-22 09:46:01,071 - INFO - Agent 1 moved right: False
2024-10-22 09:46:01,630 - INFO - Agent 1 moved right: False
2024-10-22 09:46:02,207 - INFO - Agent 1 moved right: False
2024-10-22 09:46:02,764 - INFO - Agent 1 moved right: False
2024-10-22 09:46:03,305 - INFO - Agent 1 moved right: False
2024-10-22 09:46:03,830 - INFO - Agent 1 moved right: False
2024-10-22 09:46:04,393 - INFO - Agent 1 moved right: False
2024-10-22 09:46:04,920 - INFO - Agent 1 moved right: False
2024-10-22 09:46:05,515 - INFO - Agent 1 moved right: False
2024-10-22 09:46:06,076 - INFO - Agent 1 moved right: False
2024-10-22 09:46:06,652 - INFO - Agent 1 moved right: False
2024-10-22 09:46:07,195 - INFO - Agent 1 moved right: False
2024-10-22 09:46:07,773 - INFO - Agent 1 moved right: False
2024-10-22 09:46:08,387 - INFO - Agent 1 moved right: False
2024-10-22 09:46:08,978 - INFO - Agent 1 moved right: False
2024-10-22 09:46:09,522 - INFO - Agent 1 moved right: False
2024-10-22 09:46:10,151 - INFO - Agent 1 moved right: False
2024-10-22 09:46:10,707 - INFO - Agent 1 moved right: False
2024-10-22 09:46:11,281 - INFO - Agent 1 moved right: False
2024-10-22 09:46:11,855 - INFO - Agent 1 moved right: False
2024-10-22 09:46:12,431 - INFO - Agent 1 moved right: False
2024-10-22 09:46:12,972 - INFO - Agent 1 moved right: False
2024-10-22 09:46:13,517 - INFO - Agent 1 moved right: False
2024-10-22 09:46:14,046 - INFO - Agent 1 moved right: False
2024-10-22 09:46:14,570 - INFO - Agent 1 moved right: False
2024-10-22 09:46:15,127 - INFO - Agent 1 moved right: False
2024-10-22 09:46:15,686 - INFO - Agent 1 moved right: False
2024-10-22 09:46:16,246 - INFO - Agent 1 moved right: False
2024-10-22 09:46:16,925 - INFO - Agent 1 moved right: False
2024-10-22 09:46:17,535 - INFO - Agent 1 moved right: False
2024-10-22 09:46:18,077 - INFO - Agent 1 moved right: False
2024-10-22 09:46:18,619 - INFO - Agent 1 moved right: False
2024-10-22 09:46:32,557 - INFO - Agent 1 put down: True
2024-10-22 09:46:32,557 - INFO - Sent event to agent (ID:1): {"event_type": "object changed", "object_type": "agent", "object": {"id": 1, "coordinates": [1, 3], "parcels_carried_ids": [], "has_key": false, "score": 20}}
2024-10-22 09:46:32,557 - INFO - Sent event to agent (ID:1): {"event_type": "object removed", "object_type": "parcel", "object": {"id": 1, "coordinates": [1, 3], "score": 20, "carried_by_id": 1}}
2024-10-22 09:46:52,633 - DEBUG - Replay file written
2024-10-22 09:46:52,633 - DEBUG - Server terminated
