2024-10-23 17:49:21,351 - DEBUG - Server started
2024-10-23 17:49:22,021 - INFO - Agent connected with ID 1 and address ('127.0.0.1', 8081)
2024-10-23 17:49:22,021 - INFO - Sent event to agent (ID:1): {"event_type": "object added", "object_type": "map", "object": {"width": 4, "height": 4, "grid": [{"cell_coordinates": [0, 0], "cell_type": "parcels_spawn"}, {"cell_coordinates": [0, 1], "cell_type": "walkable"}, {"cell_coordinates": [0, 2], "cell_type": "walkable"}, {"cell_coordinates": [0, 3], "cell_type": "walkable"}, {"cell_coordinates": [1, 0], "cell_type": "walkable"}, {"cell_coordinates": [1, 1], "cell_type": "walkable"}, {"cell_coordinates": [1, 2], "cell_type": "walkable"}, {"cell_coordinates": [1, 3], "cell_type": "delivery_cell"}, {"cell_coordinates": [2, 0], "cell_type": "non_walkable"}, {"cell_coordinates": [2, 1], "cell_type": "non_walkable"}, {"cell_coordinates": [2, 2], "cell_type": "non_walkable"}, {"cell_coordinates": [2, 3], "cell_type": "non_walkable"}, {"cell_coordinates": [3, 0], "cell_type": "non_walkable"}, {"cell_coordinates": [3, 1], "cell_type": "non_walkable"}, {"cell_coordinates": [3, 2], "cell_type": "non_walkable"}, {"cell_coordinates": [3, 3], "cell_type": "non_walkable"}]}}
2024-10-23 17:49:22,025 - INFO - Sent event to agent (ID:1): {"event_type": "object added", "object_type": "parcel", "object": {"id": 1, "coordinates": [0, 0], "score": 20, "carried_by_id": null}}
2024-10-23 17:49:22,025 - INFO - Sent event to agent (ID:1): {"event_type": "object added", "object_type": "agent", "object": {"id": 1, "coordinates": [1, 1], "parcels_carried_ids": [], "score": 0}}
2024-10-23 17:50:07,057 - INFO - Agent 1 moved up: True
2024-10-23 17:50:07,058 - INFO - Sent event to agent (ID:1): {"event_type": "object changed", "object_type": "agent", "object": {"id": 1, "coordinates": [0, 1], "parcels_carried_ids": [], "score": 0}}
2024-10-23 17:50:07,582 - INFO - Agent 1 moved left: True
2024-10-23 17:50:07,582 - INFO - Sent event to agent (ID:1): {"event_type": "object changed", "object_type": "agent", "object": {"id": 1, "coordinates": [0, 0], "parcels_carried_ids": [], "score": 0}}
2024-10-23 17:50:28,463 - INFO - Agent 1 picked up: True
2024-10-23 17:50:28,463 - INFO - Sent event to agent (ID:1): {"event_type": "object changed", "object_type": "parcel", "object": {"id": 1, "coordinates": [0, 0], "score": 20, "carried_by_id": 1}}
2024-10-23 17:50:28,463 - INFO - Sent event to agent (ID:1): {"event_type": "object changed", "object_type": "agent", "object": {"id": 1, "coordinates": [0, 0], "parcels_carried_ids": [1], "score": 0}}
2024-10-23 17:50:29,057 - INFO - Agent 1 moved down: True
2024-10-23 17:50:29,057 - INFO - Sent event to agent (ID:1): {"event_type": "object changed", "object_type": "parcel", "object": {"id": 1, "coordinates": [1, 0], "score": 20, "carried_by_id": 1}}
2024-10-23 17:50:29,057 - INFO - Sent event to agent (ID:1): {"event_type": "object changed", "object_type": "agent", "object": {"id": 1, "coordinates": [1, 0], "parcels_carried_ids": [1], "score": 0}}
2024-10-23 17:50:29,669 - INFO - Agent 1 moved down: False
2024-10-23 17:50:30,214 - INFO - Agent 1 moved down: False
2024-10-23 17:50:30,791 - INFO - Agent 1 moved down: False
2024-10-23 17:50:31,301 - INFO - Agent 1 moved down: False
2024-10-23 17:50:31,839 - INFO - Agent 1 moved down: False
2024-10-23 17:50:32,467 - INFO - Agent 1 moved down: False
2024-10-23 17:50:33,061 - INFO - Agent 1 moved down: False
2024-10-23 17:50:33,639 - INFO - Agent 1 moved down: False
2024-10-23 17:50:34,201 - INFO - Agent 1 moved down: False
2024-10-23 17:50:34,775 - INFO - Agent 1 moved down: False
2024-10-23 17:50:35,304 - INFO - Agent 1 moved down: False
2024-10-23 17:50:35,830 - INFO - Agent 1 moved down: False
2024-10-23 17:50:36,356 - INFO - Agent 1 moved down: False
2024-10-23 17:50:36,934 - INFO - Agent 1 moved down: False
2024-10-23 17:50:37,528 - INFO - Agent 1 moved down: False
2024-10-23 17:50:38,069 - INFO - Agent 1 moved down: False
2024-10-23 17:50:38,575 - INFO - Agent 1 moved down: False
2024-10-23 17:50:39,253 - INFO - Agent 1 moved down: False
2024-10-23 17:50:39,827 - INFO - Agent 1 moved down: False
2024-10-23 17:50:40,337 - INFO - Agent 1 moved down: False
2024-10-23 17:50:40,897 - INFO - Agent 1 moved down: False
2024-10-23 17:50:41,457 - INFO - Agent 1 moved down: False
2024-10-23 17:50:41,999 - INFO - Agent 1 moved down: False
2024-10-23 17:50:42,545 - INFO - Agent 1 moved down: False
2024-10-23 17:50:43,141 - INFO - Agent 1 moved down: False
2024-10-23 17:51:01,990 - INFO - Agent 1 moved right: True
2024-10-23 17:51:01,990 - INFO - Sent event to agent (ID:1): {"event_type": "object changed", "object_type": "parcel", "object": {"id": 1, "coordinates": [1, 1], "score": 20, "carried_by_id": 1}}
2024-10-23 17:51:01,990 - INFO - Sent event to agent (ID:1): {"event_type": "object changed", "object_type": "agent", "object": {"id": 1, "coordinates": [1, 1], "parcels_carried_ids": [1], "score": 0}}
2024-10-23 17:51:02,617 - INFO - Agent 1 moved right: True
2024-10-23 17:51:02,617 - INFO - Sent event to agent (ID:1): {"event_type": "object changed", "object_type": "parcel", "object": {"id": 1, "coordinates": [1, 2], "score": 20, "carried_by_id": 1}}
2024-10-23 17:51:02,617 - INFO - Sent event to agent (ID:1): {"event_type": "object changed", "object_type": "agent", "object": {"id": 1, "coordinates": [1, 2], "parcels_carried_ids": [1], "score": 0}}
2024-10-23 17:51:03,162 - INFO - Agent 1 moved right: True
2024-10-23 17:51:03,162 - INFO - Sent event to agent (ID:1): {"event_type": "object changed", "object_type": "parcel", "object": {"id": 1, "coordinates": [1, 3], "score": 20, "carried_by_id": 1}}
2024-10-23 17:51:03,162 - INFO - Sent event to agent (ID:1): {"event_type": "object changed", "object_type": "agent", "object": {"id": 1, "coordinates": [1, 3], "parcels_carried_ids": [1], "score": 0}}
2024-10-23 17:51:03,771 - INFO - Agent 1 put down: True
2024-10-23 17:51:03,771 - INFO - Sent event to agent (ID:1): {"event_type": "object changed", "object_type": "agent", "object": {"id": 1, "coordinates": [1, 3], "parcels_carried_ids": [], "has_key": false, "score": 20}}
2024-10-23 17:51:03,771 - INFO - Sent event to agent (ID:1): {"event_type": "object removed", "object_type": "parcel", "object": {"id": 1, "coordinates": [1, 3], "score": 20, "carried_by_id": 1}}
2024-10-23 17:51:14,309 - DEBUG - Replay file written
2024-10-23 17:51:14,309 - DEBUG - Server terminated
