2024-10-22 09:53:33,328 - DEBUG - Server started
2024-10-22 09:53:33,981 - INFO - Agent connected with ID 1 and address ('127.0.0.1', 8081)
2024-10-22 09:53:33,981 - INFO - Sent event to agent (ID:1): {"event_type": "object added", "object_type": "map", "object": {"width": 4, "height": 4, "grid": [{"cell_coordinates": [0, 0], "cell_type": "parcels_spawn"}, {"cell_coordinates": [0, 1], "cell_type": "walkable"}, {"cell_coordinates": [0, 2], "cell_type": "walkable"}, {"cell_coordinates": [0, 3], "cell_type": "walkable"}, {"cell_coordinates": [1, 0], "cell_type": "walkable"}, {"cell_coordinates": [1, 1], "cell_type": "walkable"}, {"cell_coordinates": [1, 2], "cell_type": "walkable"}, {"cell_coordinates": [1, 3], "cell_type": "delivery_cell"}, {"cell_coordinates": [2, 0], "cell_type": "non_walkable"}, {"cell_coordinates": [2, 1], "cell_type": "non_walkable"}, {"cell_coordinates": [2, 2], "cell_type": "non_walkable"}, {"cell_coordinates": [2, 3], "cell_type": "non_walkable"}, {"cell_coordinates": [3, 0], "cell_type": "non_walkable"}, {"cell_coordinates": [3, 1], "cell_type": "non_walkable"}, {"cell_coordinates": [3, 2], "cell_type": "non_walkable"}, {"cell_coordinates": [3, 3], "cell_type": "non_walkable"}]}}
2024-10-22 09:53:33,985 - INFO - Sent event to agent (ID:1): {"event_type": "object added", "object_type": "parcel", "object": {"id": 1, "coordinates": [0, 0], "score": 20, "carried_by_id": null}}
2024-10-22 09:53:33,985 - INFO - Sent event to agent (ID:1): {"event_type": "object added", "object_type": "agent", "object": {"id": 1, "coordinates": [1, 1], "parcels_carried_ids": [], "score": 0}}
2024-10-22 09:54:21,758 - INFO - Agent 1 moved up: True
2024-10-22 09:54:21,758 - INFO - Sent event to agent (ID:1): {"event_type": "object changed", "object_type": "agent", "object": {"id": 1, "coordinates": [0, 1], "parcels_carried_ids": [], "score": 0}}
2024-10-22 09:54:22,336 - INFO - Agent 1 moved left: True
2024-10-22 09:54:22,336 - INFO - Sent event to agent (ID:1): {"event_type": "object changed", "object_type": "agent", "object": {"id": 1, "coordinates": [0, 0], "parcels_carried_ids": [], "score": 0}}
2024-10-22 09:54:22,846 - INFO - Agent 1 moved up: False
2024-10-22 09:54:23,372 - INFO - Agent 1 moved left: False
2024-10-22 09:54:23,931 - INFO - Agent 1 moved up: False
2024-10-22 09:54:24,421 - INFO - Agent 1 moved left: False
2024-10-22 09:54:25,017 - INFO - Agent 1 moved up: False
2024-10-22 09:54:25,577 - INFO - Agent 1 moved left: False
2024-10-22 09:54:26,168 - INFO - Agent 1 moved up: False
2024-10-22 09:54:26,710 - INFO - Agent 1 moved left: False
2024-10-22 09:54:27,339 - INFO - Agent 1 moved up: False
2024-10-22 09:54:27,933 - INFO - Agent 1 moved left: False
2024-10-22 09:54:28,493 - INFO - Agent 1 moved up: False
2024-10-22 09:54:29,120 - INFO - Agent 1 moved left: False
2024-10-22 09:54:29,647 - INFO - Agent 1 moved up: False
2024-10-22 09:54:30,241 - INFO - Agent 1 moved left: False
2024-10-22 09:54:30,834 - INFO - Agent 1 moved up: False
2024-10-22 09:54:31,413 - INFO - Agent 1 moved left: False
2024-10-22 09:54:32,093 - INFO - Agent 1 moved up: False
2024-10-22 09:54:32,667 - INFO - Agent 1 moved left: False
2024-10-22 09:54:33,210 - INFO - Agent 1 moved up: False
2024-10-22 09:54:33,823 - INFO - Agent 1 moved left: False
2024-10-22 09:54:34,299 - INFO - Agent 1 moved up: False
2024-10-22 09:54:34,892 - INFO - Agent 1 moved left: False
2024-10-22 09:54:35,402 - INFO - Agent 1 moved up: False
2024-10-22 09:54:35,994 - INFO - Agent 1 moved left: False
2024-10-22 09:54:36,605 - INFO - Agent 1 moved up: False
2024-10-22 09:54:37,181 - INFO - Agent 1 moved left: False
2024-10-22 09:54:37,706 - INFO - Agent 1 moved up: False
2024-10-22 09:54:38,330 - INFO - Agent 1 moved left: False
2024-10-22 09:54:38,838 - INFO - Agent 1 moved up: False
2024-10-22 09:54:39,444 - INFO - Agent 1 moved left: False
2024-10-22 09:54:39,987 - INFO - Agent 1 moved up: False
2024-10-22 09:54:40,718 - INFO - Agent 1 moved left: False
2024-10-22 09:54:41,243 - INFO - Agent 1 moved up: False
2024-10-22 09:54:41,838 - INFO - Agent 1 moved left: False
2024-10-22 09:54:42,346 - INFO - Agent 1 moved up: False
2024-10-22 09:54:42,874 - INFO - Agent 1 moved left: False
2024-10-22 09:54:43,400 - INFO - Agent 1 moved up: False
2024-10-22 09:54:43,941 - INFO - Agent 1 moved left: False
2024-10-22 09:54:44,517 - INFO - Agent 1 moved up: False
2024-10-22 09:54:45,132 - INFO - Agent 1 moved left: False
2024-10-22 09:54:45,692 - INFO - Agent 1 moved up: False
2024-10-22 09:54:46,234 - INFO - Agent 1 moved left: False
2024-10-22 09:54:46,760 - INFO - Agent 1 moved up: False
2024-10-22 09:54:47,323 - INFO - Agent 1 moved left: False
2024-10-22 09:54:47,945 - INFO - Agent 1 moved up: False
2024-10-22 09:54:48,505 - INFO - Agent 1 moved left: False
2024-10-22 09:54:49,131 - INFO - Agent 1 moved up: False
2024-10-22 09:54:49,722 - INFO - Agent 1 moved left: False
2024-10-22 09:54:50,263 - INFO - Agent 1 moved up: False
2024-10-22 09:54:50,773 - INFO - Agent 1 moved left: False
2024-10-22 09:54:51,299 - INFO - Agent 1 moved up: False
2024-10-22 09:55:06,194 - INFO - Agent 1 picked up: True
2024-10-22 09:55:06,195 - INFO - Sent event to agent (ID:1): {"event_type": "object changed", "object_type": "parcel", "object": {"id": 1, "coordinates": [0, 0], "score": 20, "carried_by_id": 1}}
2024-10-22 09:55:06,195 - INFO - Sent event to agent (ID:1): {"event_type": "object changed", "object_type": "agent", "object": {"id": 1, "coordinates": [0, 0], "parcels_carried_ids": [1], "score": 0}}
2024-10-22 09:55:18,079 - INFO - Agent 1 moved down: True
2024-10-22 09:55:18,079 - INFO - Sent event to agent (ID:1): {"event_type": "object changed", "object_type": "parcel", "object": {"id": 1, "coordinates": [1, 0], "score": 20, "carried_by_id": 1}}
2024-10-22 09:55:18,079 - INFO - Sent event to agent (ID:1): {"event_type": "object changed", "object_type": "agent", "object": {"id": 1, "coordinates": [1, 0], "parcels_carried_ids": [1], "score": 0}}
2024-10-22 09:55:49,995 - INFO - Agent 1 moved right: True
2024-10-22 09:55:49,995 - INFO - Sent event to agent (ID:1): {"event_type": "object changed", "object_type": "parcel", "object": {"id": 1, "coordinates": [1, 1], "score": 20, "carried_by_id": 1}}
2024-10-22 09:55:49,995 - INFO - Sent event to agent (ID:1): {"event_type": "object changed", "object_type": "agent", "object": {"id": 1, "coordinates": [1, 1], "parcels_carried_ids": [1], "score": 0}}
2024-10-22 09:55:50,587 - INFO - Agent 1 moved right: True
2024-10-22 09:55:50,587 - INFO - Sent event to agent (ID:1): {"event_type": "object changed", "object_type": "parcel", "object": {"id": 1, "coordinates": [1, 2], "score": 20, "carried_by_id": 1}}
2024-10-22 09:55:50,587 - INFO - Sent event to agent (ID:1): {"event_type": "object changed", "object_type": "agent", "object": {"id": 1, "coordinates": [1, 2], "parcels_carried_ids": [1], "score": 0}}
2024-10-22 09:55:51,129 - INFO - Agent 1 moved right: True
2024-10-22 09:55:51,129 - INFO - Sent event to agent (ID:1): {"event_type": "object changed", "object_type": "parcel", "object": {"id": 1, "coordinates": [1, 3], "score": 20, "carried_by_id": 1}}
2024-10-22 09:55:51,129 - INFO - Sent event to agent (ID:1): {"event_type": "object changed", "object_type": "agent", "object": {"id": 1, "coordinates": [1, 3], "parcels_carried_ids": [1], "score": 0}}
2024-10-22 09:55:51,741 - INFO - Agent 1 moved right: False
2024-10-22 09:55:52,233 - INFO - Agent 1 moved right: False
2024-10-22 09:55:52,843 - INFO - Agent 1 moved right: False
2024-10-22 09:55:53,416 - INFO - Agent 1 moved right: False
2024-10-22 09:55:54,012 - INFO - Agent 1 moved right: False
2024-10-22 09:55:54,539 - INFO - Agent 1 moved right: False
2024-10-22 09:55:55,047 - INFO - Agent 1 moved right: False
2024-10-22 09:55:55,643 - INFO - Agent 1 moved right: False
2024-10-22 09:55:56,474 - INFO - Agent 1 moved right: False
2024-10-22 09:55:56,777 - INFO - Agent 1 moved right: False
2024-10-22 09:55:57,352 - INFO - Agent 1 moved right: False
2024-10-22 09:55:57,995 - INFO - Agent 1 moved right: False
2024-10-22 09:55:58,641 - INFO - Agent 1 moved right: False
2024-10-22 09:55:59,179 - INFO - Agent 1 moved right: False
2024-10-22 09:55:59,805 - INFO - Agent 1 moved right: False
2024-10-22 09:56:00,365 - INFO - Agent 1 moved right: False
2024-10-22 09:56:00,874 - INFO - Agent 1 moved right: False
2024-10-22 09:56:01,496 - INFO - Agent 1 moved right: False
2024-10-22 09:56:02,090 - INFO - Agent 1 moved right: False
2024-10-22 09:56:02,719 - INFO - Agent 1 moved right: False
2024-10-22 09:56:03,313 - INFO - Agent 1 moved right: False
2024-10-22 09:56:03,891 - INFO - Agent 1 moved right: False
2024-10-22 09:56:04,434 - INFO - Agent 1 moved right: False
2024-10-22 09:56:05,061 - INFO - Agent 1 moved right: False
2024-10-22 09:56:05,673 - INFO - Agent 1 moved right: False
2024-10-22 09:56:06,230 - INFO - Agent 1 moved right: False
2024-10-22 09:56:06,722 - INFO - Agent 1 moved right: False
2024-10-22 09:56:07,231 - INFO - Agent 1 moved right: False
2024-10-22 09:56:07,753 - INFO - Agent 1 moved right: False
2024-10-22 09:56:08,277 - INFO - Agent 1 moved right: False
2024-10-22 09:56:08,802 - INFO - Agent 1 moved right: False
2024-10-22 09:56:09,395 - INFO - Agent 1 moved right: False
2024-10-22 09:56:09,920 - INFO - Agent 1 moved right: False
2024-10-22 09:56:10,496 - INFO - Agent 1 moved right: False
2024-10-22 09:56:11,020 - INFO - Agent 1 moved right: False
2024-10-22 09:56:11,595 - INFO - Agent 1 moved right: False
2024-10-22 09:56:12,135 - INFO - Agent 1 moved right: False
2024-10-22 09:56:12,710 - INFO - Agent 1 moved right: False
2024-10-22 09:56:13,338 - INFO - Agent 1 moved right: False
2024-10-22 09:56:13,860 - INFO - Agent 1 moved right: False
2024-10-22 09:56:14,472 - INFO - Agent 1 moved right: False
2024-10-22 09:56:15,013 - INFO - Agent 1 moved right: False
2024-10-22 09:56:15,619 - INFO - Agent 1 moved right: False
2024-10-22 09:56:16,261 - INFO - Agent 1 moved right: False
2024-10-22 09:56:16,839 - INFO - Agent 1 moved right: False
2024-10-22 09:56:17,415 - INFO - Agent 1 moved right: False
2024-10-22 09:56:18,009 - INFO - Agent 1 moved right: False
2024-10-22 09:56:18,552 - INFO - Agent 1 moved right: False
2024-10-22 09:56:19,103 - INFO - Agent 1 moved right: False
2024-10-22 09:56:19,697 - INFO - Agent 1 moved right: False
2024-10-22 09:57:24,431 - INFO - Agent 1 put down: True
2024-10-22 09:57:24,432 - INFO - Sent event to agent (ID:1): {"event_type": "object changed", "object_type": "agent", "object": {"id": 1, "coordinates": [1, 3], "parcels_carried_ids": [], "has_key": false, "score": 20}}
2024-10-22 09:57:24,432 - INFO - Sent event to agent (ID:1): {"event_type": "object removed", "object_type": "parcel", "object": {"id": 1, "coordinates": [1, 3], "score": 20, "carried_by_id": 1}}
2024-10-22 09:57:50,307 - DEBUG - Replay file written
2024-10-22 09:57:50,307 - DEBUG - Server terminated
