2024-10-21 21:07:30,619 - DEBUG - Server started
2024-10-21 21:07:31,313 - INFO - Agent connected with ID 1 and address ('127.0.0.1', 8081)
2024-10-21 21:07:31,313 - INFO - Sent event to agent (ID:1): {"event_type": "object added", "object_type": "map", "object": {"width": 4, "height": 4, "grid": [{"cell_coordinates": [0, 0], "cell_type": "parcels_spawn"}, {"cell_coordinates": [0, 1], "cell_type": "walkable"}, {"cell_coordinates": [0, 2], "cell_type": "walkable"}, {"cell_coordinates": [0, 3], "cell_type": "double_delivery_cell"}, {"cell_coordinates": [1, 0], "cell_type": "walkable"}, {"cell_coordinates": [1, 1], "cell_type": "walkable"}, {"cell_coordinates": [1, 2], "cell_type": "non_walkable"}, {"cell_coordinates": [1, 3], "cell_type": "non_walkable"}, {"cell_coordinates": [2, 0], "cell_type": "walkable"}, {"cell_coordinates": [2, 1], "cell_type": "non_walkable"}, {"cell_coordinates": [2, 2], "cell_type": "non_walkable"}, {"cell_coordinates": [2, 3], "cell_type": "non_walkable"}, {"cell_coordinates": [3, 0], "cell_type": "delivery_cell"}, {"cell_coordinates": [3, 1], "cell_type": "non_walkable"}, {"cell_coordinates": [3, 2], "cell_type": "non_walkable"}, {"cell_coordinates": [3, 3], "cell_type": "non_walkable"}]}}
2024-10-21 21:07:31,317 - INFO - Sent event to agent (ID:1): {"event_type": "object added", "object_type": "parcel", "object": {"id": 1, "coordinates": [0, 0], "score": 20, "carried_by_id": null}}
2024-10-21 21:07:31,317 - INFO - Sent event to agent (ID:1): {"event_type": "object added", "object_type": "agent", "object": {"id": 1, "coordinates": [1, 1], "parcels_carried_ids": [], "has_key": false, "score": 0}}
2024-10-21 21:07:31,317 - INFO - Sent event to agent (ID:1): {"event_type": "object added", "object_type": "key", "object": {"id": 1, "coordinates": [0, 1], "carried_by_id": null}}
2024-10-21 21:07:31,318 - INFO - Sent event to agent (ID:1): {"event_type": "object added", "object_type": "door", "object": {"id": 1, "coordinates": [0, 2]}}
2024-10-21 21:07:31,318 - INFO - Sent event to agent (ID:1): {"event_type": "object added", "object_type": "door", "object": {"id": 2, "coordinates": [2, 0]}}
2024-10-21 21:08:22,112 - INFO - Agent 1 moved up: True
2024-10-21 21:08:22,112 - INFO - Sent event to agent (ID:1): {"event_type": "object changed", "object_type": "agent", "object": {"id": 1, "coordinates": [0, 1], "parcels_carried_ids": [], "has_key": false, "score": 0}}
2024-10-21 21:08:22,690 - INFO - Agent 1 picked up: True
2024-10-21 21:08:22,690 - INFO - Sent event to agent (ID:1): {"event_type": "object changed", "object_type": "agent", "object": {"id": 1, "coordinates": [0, 1], "parcels_carried_ids": [], "has_key": true, "score": 0}}
2024-10-21 21:08:22,690 - INFO - Sent event to agent (ID:1): {"event_type": "object changed", "object_type": "key", "object": {"id": 1, "coordinates": [0, 1], "carried_by_id": 1}}
2024-10-21 21:08:34,061 - INFO - Agent 1 moved left: True
2024-10-21 21:08:34,061 - INFO - Sent event to agent (ID:1): {"event_type": "object changed", "object_type": "agent", "object": {"id": 1, "coordinates": [0, 0], "parcels_carried_ids": [], "has_key": true, "score": 0}}
2024-10-21 21:08:34,061 - INFO - Sent event to agent (ID:1): {"event_type": "object changed", "object_type": "key", "object": {"id": 1, "coordinates": [0, 0], "carried_by_id": 1}}
2024-10-21 21:08:44,810 - INFO - Agent 1 picked up: True
2024-10-21 21:08:44,810 - INFO - Sent event to agent (ID:1): {"event_type": "object changed", "object_type": "parcel", "object": {"id": 1, "coordinates": [0, 0], "score": 20, "carried_by_id": 1}}
2024-10-21 21:08:44,810 - INFO - Sent event to agent (ID:1): {"event_type": "object changed", "object_type": "agent", "object": {"id": 1, "coordinates": [0, 0], "parcels_carried_ids": [1], "has_key": true, "score": 0}}
2024-10-21 21:09:08,643 - INFO - Agent 1 moved right: True
2024-10-21 21:09:08,643 - INFO - Sent event to agent (ID:1): {"event_type": "object changed", "object_type": "parcel", "object": {"id": 1, "coordinates": [0, 1], "score": 20, "carried_by_id": 1}}
2024-10-21 21:09:08,644 - INFO - Sent event to agent (ID:1): {"event_type": "object changed", "object_type": "agent", "object": {"id": 1, "coordinates": [0, 1], "parcels_carried_ids": [1], "has_key": true, "score": 0}}
2024-10-21 21:09:08,644 - INFO - Sent event to agent (ID:1): {"event_type": "object changed", "object_type": "key", "object": {"id": 1, "coordinates": [0, 1], "carried_by_id": 1}}
2024-10-21 21:09:27,942 - INFO - Agent 1 moved right: True
2024-10-21 21:09:27,943 - INFO - Sent event to agent (ID:1): {"event_type": "object changed", "object_type": "parcel", "object": {"id": 1, "coordinates": [0, 2], "score": 20, "carried_by_id": 1}}
2024-10-21 21:09:27,943 - INFO - Sent event to agent (ID:1): {"event_type": "object changed", "object_type": "agent", "object": {"id": 1, "coordinates": [0, 2], "parcels_carried_ids": [1], "has_key": true, "score": 0}}
2024-10-21 21:09:27,943 - INFO - Sent event to agent (ID:1): {"event_type": "object changed", "object_type": "key", "object": {"id": 1, "coordinates": [0, 2], "carried_by_id": 1}}
2024-10-21 21:09:47,575 - INFO - Agent 1 picked up: False
2024-10-21 21:10:59,750 - INFO - Agent 1 moved right: True
2024-10-21 21:10:59,751 - INFO - Sent event to agent (ID:1): {"event_type": "object changed", "object_type": "parcel", "object": {"id": 1, "coordinates": [0, 3], "score": 20, "carried_by_id": 1}}
2024-10-21 21:10:59,751 - INFO - Sent event to agent (ID:1): {"event_type": "object changed", "object_type": "agent", "object": {"id": 1, "coordinates": [0, 3], "parcels_carried_ids": [1], "has_key": true, "score": 0}}
2024-10-21 21:10:59,751 - INFO - Sent event to agent (ID:1): {"event_type": "object changed", "object_type": "key", "object": {"id": 1, "coordinates": [0, 3], "carried_by_id": 1}}
2024-10-21 21:11:00,359 - INFO - Agent 1 moved down: False
2024-10-21 21:11:00,968 - INFO - Agent 1 moved left: True
2024-10-21 21:11:00,969 - INFO - Sent event to agent (ID:1): {"event_type": "object changed", "object_type": "parcel", "object": {"id": 1, "coordinates": [0, 2], "score": 20, "carried_by_id": 1}}
2024-10-21 21:11:00,969 - INFO - Sent event to agent (ID:1): {"event_type": "object changed", "object_type": "agent", "object": {"id": 1, "coordinates": [0, 2], "parcels_carried_ids": [1], "has_key": true, "score": 0}}
2024-10-21 21:11:00,969 - INFO - Sent event to agent (ID:1): {"event_type": "object changed", "object_type": "key", "object": {"id": 1, "coordinates": [0, 2], "carried_by_id": 1}}
2024-10-21 21:11:01,544 - INFO - Agent 1 put down: True
2024-10-21 21:11:01,544 - INFO - Sent event to agent (ID:1): {"event_type": "object changed", "object_type": "parcel", "object": {"id": 1, "coordinates": [0, 2], "score": 20, "carried_by_id": null}}
2024-10-21 21:11:01,544 - INFO - Sent event to agent (ID:1): {"event_type": "object changed", "object_type": "agent", "object": {"id": 1, "coordinates": [0, 2], "parcels_carried_ids": [], "has_key": false, "score": 0}}
2024-10-21 21:11:01,544 - INFO - Sent event to agent (ID:1): {"event_type": "object changed", "object_type": "key", "object": {"id": 1, "coordinates": [0, 2], "carried_by_id": null}}
2024-10-21 21:11:39,755 - INFO - Agent 1 picked up: True
2024-10-21 21:11:39,756 - INFO - Sent event to agent (ID:1): {"event_type": "object changed", "object_type": "parcel", "object": {"id": 1, "coordinates": [0, 2], "score": 20, "carried_by_id": 1}}
2024-10-21 21:11:39,756 - INFO - Sent event to agent (ID:1): {"event_type": "object changed", "object_type": "agent", "object": {"id": 1, "coordinates": [0, 2], "parcels_carried_ids": [1], "has_key": true, "score": 0}}
2024-10-21 21:11:39,756 - INFO - Sent event to agent (ID:1): {"event_type": "object changed", "object_type": "key", "object": {"id": 1, "coordinates": [0, 2], "carried_by_id": 1}}
2024-10-21 21:11:40,348 - INFO - Agent 1 moved right: True
2024-10-21 21:11:40,349 - INFO - Sent event to agent (ID:1): {"event_type": "object changed", "object_type": "parcel", "object": {"id": 1, "coordinates": [0, 3], "score": 20, "carried_by_id": 1}}
2024-10-21 21:11:40,349 - INFO - Sent event to agent (ID:1): {"event_type": "object changed", "object_type": "agent", "object": {"id": 1, "coordinates": [0, 3], "parcels_carried_ids": [1], "has_key": true, "score": 0}}
2024-10-21 21:11:40,349 - INFO - Sent event to agent (ID:1): {"event_type": "object changed", "object_type": "key", "object": {"id": 1, "coordinates": [0, 3], "carried_by_id": 1}}
2024-10-21 21:11:40,992 - INFO - Agent 1 moved right: False
2024-10-21 21:11:41,567 - INFO - Agent 1 moved right: False
2024-10-21 21:11:42,142 - INFO - Agent 1 moved right: False
2024-10-21 21:11:42,735 - INFO - Agent 1 moved right: False
2024-10-21 21:11:43,261 - INFO - Agent 1 moved right: False
2024-10-21 21:11:43,821 - INFO - Agent 1 moved right: False
2024-10-21 21:11:44,376 - INFO - Agent 1 moved right: False
2024-10-21 21:11:44,885 - INFO - Agent 1 moved right: False
2024-10-21 21:11:45,463 - INFO - Agent 1 moved right: False
2024-10-21 21:11:46,021 - INFO - Agent 1 moved right: False
2024-10-21 21:11:46,563 - INFO - Agent 1 moved right: False
2024-10-21 21:11:47,104 - INFO - Agent 1 moved right: False
2024-10-21 21:11:47,696 - INFO - Agent 1 moved right: False
2024-10-21 21:11:48,217 - INFO - Agent 1 moved right: False
2024-10-21 21:11:48,759 - INFO - Agent 1 moved right: False
2024-10-21 21:11:49,316 - INFO - Agent 1 moved right: False
2024-10-21 21:11:49,855 - INFO - Agent 1 moved right: False
2024-10-21 21:11:50,418 - INFO - Agent 1 moved right: False
2024-10-21 21:11:50,992 - INFO - Agent 1 moved right: False
2024-10-21 21:11:51,536 - INFO - Agent 1 moved right: False
2024-10-21 21:11:52,162 - INFO - Agent 1 moved right: False
2024-10-21 21:11:52,809 - INFO - Agent 1 moved right: False
2024-10-21 21:11:53,334 - INFO - Agent 1 moved right: False
2024-10-21 21:11:53,893 - INFO - Agent 1 moved right: False
2024-10-21 21:11:54,505 - INFO - Agent 1 moved right: False
2024-10-21 21:11:55,061 - INFO - Agent 1 moved right: False
2024-10-21 21:11:56,200 - INFO - Agent 1 moved right: False
2024-10-21 21:11:56,217 - INFO - Agent 1 moved right: False
2024-10-21 21:11:56,844 - INFO - Agent 1 moved right: False
2024-10-21 21:11:57,403 - INFO - Agent 1 moved right: False
2024-10-21 21:11:57,929 - INFO - Agent 1 moved right: False
2024-10-21 21:11:58,524 - INFO - Agent 1 moved right: False
2024-10-21 21:11:59,101 - INFO - Agent 1 moved right: False
2024-10-21 21:11:59,713 - INFO - Agent 1 moved right: False
2024-10-21 21:12:00,270 - INFO - Agent 1 moved right: False
2024-10-21 21:12:00,899 - INFO - Agent 1 moved right: False
2024-10-21 21:12:01,474 - INFO - Agent 1 moved right: False
2024-10-21 21:12:02,033 - INFO - Agent 1 moved right: False
2024-10-21 21:12:03,234 - INFO - Agent 1 moved right: False
2024-10-21 21:12:03,268 - INFO - Agent 1 moved right: False
2024-10-21 21:12:03,874 - INFO - Agent 1 moved right: False
2024-10-21 21:12:04,417 - INFO - Agent 1 moved right: False
2024-10-21 21:12:04,958 - INFO - Agent 1 moved right: False
2024-10-21 21:12:05,432 - INFO - Agent 1 moved right: False
2024-10-21 21:12:05,956 - INFO - Agent 1 moved right: False
2024-10-21 21:12:06,532 - INFO - Agent 1 moved right: False
2024-10-21 21:12:07,075 - INFO - Agent 1 moved right: False
2024-10-21 21:12:07,682 - INFO - Agent 1 moved right: False
2024-10-21 21:12:08,290 - INFO - Agent 1 moved right: False
2024-10-21 21:12:08,799 - INFO - Agent 1 moved right: False
2024-10-21 21:12:09,357 - INFO - Agent 1 moved right: False
2024-10-21 21:12:14,889 - INFO - Agent 1 moved down: False
2024-10-21 21:12:15,432 - INFO - Agent 1 moved down: False
2024-10-21 21:12:15,975 - INFO - Agent 1 moved down: False
2024-10-21 21:12:16,587 - INFO - Agent 1 moved down: False
2024-10-21 21:12:17,248 - INFO - Agent 1 moved down: False
2024-10-21 21:12:17,810 - INFO - Agent 1 moved down: False
2024-10-21 21:12:18,369 - INFO - Agent 1 moved down: False
2024-10-21 21:12:18,947 - INFO - Agent 1 moved down: False
2024-10-21 21:12:19,552 - INFO - Agent 1 moved down: False
2024-10-21 21:12:20,145 - INFO - Agent 1 moved down: False
2024-10-21 21:12:20,738 - INFO - Agent 1 moved down: False
2024-10-21 21:12:21,313 - INFO - Agent 1 moved down: False
2024-10-21 21:12:21,873 - INFO - Agent 1 moved down: False
2024-10-21 21:12:22,417 - INFO - Agent 1 moved down: False
2024-10-21 21:12:23,094 - INFO - Agent 1 moved down: False
2024-10-21 21:12:23,706 - INFO - Agent 1 moved down: False
2024-10-21 21:12:24,403 - INFO - Agent 1 moved down: False
2024-10-21 21:12:24,929 - INFO - Agent 1 moved down: False
2024-10-21 21:12:25,473 - INFO - Agent 1 moved down: False
2024-10-21 21:12:26,085 - INFO - Agent 1 moved down: False
2024-10-21 21:12:26,694 - INFO - Agent 1 moved down: False
2024-10-21 21:12:27,221 - INFO - Agent 1 moved down: False
2024-10-21 21:12:27,798 - INFO - Agent 1 moved down: False
2024-10-21 21:12:28,308 - INFO - Agent 1 moved down: False
2024-10-21 21:12:28,904 - INFO - Agent 1 moved down: False
2024-10-21 21:12:29,481 - INFO - Agent 1 moved down: False
2024-10-21 21:12:30,074 - INFO - Agent 1 moved down: False
2024-10-21 21:12:30,651 - INFO - Agent 1 moved down: False
2024-10-21 21:12:31,178 - INFO - Agent 1 moved down: False
2024-10-21 21:12:31,769 - INFO - Agent 1 moved down: False
2024-10-21 21:12:32,328 - INFO - Agent 1 moved down: False
2024-10-21 21:12:32,956 - INFO - Agent 1 moved down: False
2024-10-21 21:12:33,498 - INFO - Agent 1 moved down: False
2024-10-21 21:12:34,093 - INFO - Agent 1 moved down: False
2024-10-21 21:12:34,620 - INFO - Agent 1 moved down: False
2024-10-21 21:12:35,212 - INFO - Agent 1 moved down: False
2024-10-21 21:12:35,822 - INFO - Agent 1 moved down: False
2024-10-21 21:12:36,400 - INFO - Agent 1 moved down: False
2024-10-21 21:12:36,978 - INFO - Agent 1 moved down: False
2024-10-21 21:12:37,553 - INFO - Agent 1 moved down: False
2024-10-21 21:12:38,129 - INFO - Agent 1 moved down: False
2024-10-21 21:12:38,739 - INFO - Agent 1 moved down: False
2024-10-21 21:12:39,331 - INFO - Agent 1 moved down: False
2024-10-21 21:12:39,875 - INFO - Agent 1 moved down: False
2024-10-21 21:12:40,418 - INFO - Agent 1 moved down: False
2024-10-21 21:12:40,975 - INFO - Agent 1 moved down: False
2024-10-21 21:12:41,536 - INFO - Agent 1 moved down: False
2024-10-21 21:12:42,076 - INFO - Agent 1 moved down: False
2024-10-21 21:12:42,705 - INFO - Agent 1 moved down: False
2024-10-21 21:12:43,331 - INFO - Agent 1 moved down: False
2024-10-21 21:12:43,942 - INFO - Agent 1 moved down: False
2024-10-21 21:12:44,415 - INFO - Agent 1 moved down: False
2024-10-21 21:12:49,770 - INFO - Agent 1 moved down: False
2024-10-21 21:13:16,997 - INFO - Agent 1 put down: True
2024-10-21 21:13:16,998 - INFO - Sent event to agent (ID:1): {"event_type": "object changed", "object_type": "agent", "object": {"id": 1, "coordinates": [0, 3], "parcels_carried_ids": [], "has_key": false, "score": 40}}
2024-10-21 21:13:16,998 - INFO - Sent event to agent (ID:1): {"event_type": "object changed", "object_type": "key", "object": {"id": 1, "coordinates": [0, 3], "carried_by_id": null}}
2024-10-21 21:13:16,998 - INFO - Sent event to agent (ID:1): {"event_type": "object removed", "object_type": "parcel", "object": {"id": 1, "coordinates": [0, 3], "score": 20, "carried_by_id": 1}}
2024-10-21 21:13:32,591 - DEBUG - Replay file written
2024-10-21 21:13:32,591 - DEBUG - Server terminated
