2024-10-22 17:44:07,980 - DEBUG - Server started
2024-10-22 17:44:08,629 - INFO - Agent connected with ID 1 and address ('127.0.0.1', 8081)
2024-10-22 17:44:08,629 - INFO - Sent event to agent (ID:1): {"event_type": "object added", "object_type": "map", "object": {"width": 4, "height": 4, "grid": [{"cell_coordinates": [0, 0], "cell_type": "parcels_spawn"}, {"cell_coordinates": [0, 1], "cell_type": "walkable"}, {"cell_coordinates": [0, 2], "cell_type": "walkable"}, {"cell_coordinates": [0, 3], "cell_type": "double_delivery_cell"}, {"cell_coordinates": [1, 0], "cell_type": "walkable"}, {"cell_coordinates": [1, 1], "cell_type": "walkable"}, {"cell_coordinates": [1, 2], "cell_type": "non_walkable"}, {"cell_coordinates": [1, 3], "cell_type": "non_walkable"}, {"cell_coordinates": [2, 0], "cell_type": "delivery_cell"}, {"cell_coordinates": [2, 1], "cell_type": "non_walkable"}, {"cell_coordinates": [2, 2], "cell_type": "non_walkable"}, {"cell_coordinates": [2, 3], "cell_type": "non_walkable"}, {"cell_coordinates": [3, 0], "cell_type": "non_walkable"}, {"cell_coordinates": [3, 1], "cell_type": "non_walkable"}, {"cell_coordinates": [3, 2], "cell_type": "non_walkable"}, {"cell_coordinates": [3, 3], "cell_type": "non_walkable"}]}}
2024-10-22 17:44:08,632 - INFO - Sent event to agent (ID:1): {"event_type": "object added", "object_type": "parcel", "object": {"id": 1, "coordinates": [0, 0], "score": 20, "carried_by_id": null}}
2024-10-22 17:44:08,632 - INFO - Sent event to agent (ID:1): {"event_type": "object added", "object_type": "agent", "object": {"id": 1, "coordinates": [1, 1], "parcels_carried_ids": [], "has_key": false, "score": 0}}
2024-10-22 17:44:08,632 - INFO - Sent event to agent (ID:1): {"event_type": "object added", "object_type": "key", "object": {"id": 1, "coordinates": [0, 1], "carried_by_id": null}}
2024-10-22 17:44:08,632 - INFO - Sent event to agent (ID:1): {"event_type": "object added", "object_type": "door", "object": {"id": 1, "coordinates": [0, 2]}}
2024-10-22 17:44:58,111 - INFO - Agent 1 moved up: True
2024-10-22 17:44:58,111 - INFO - Sent event to agent (ID:1): {"event_type": "object changed", "object_type": "agent", "object": {"id": 1, "coordinates": [0, 1], "parcels_carried_ids": [], "has_key": false, "score": 0}}
2024-10-22 17:44:58,771 - INFO - Agent 1 moved up: False
2024-10-22 17:44:59,380 - INFO - Agent 1 moved up: False
2024-10-22 17:44:59,856 - INFO - Agent 1 moved up: False
2024-10-22 17:45:00,399 - INFO - Agent 1 moved up: False
2024-10-22 17:45:00,942 - INFO - Agent 1 moved up: False
2024-10-22 17:45:01,501 - INFO - Agent 1 moved up: False
2024-10-22 17:45:02,011 - INFO - Agent 1 moved up: False
2024-10-22 17:45:02,554 - INFO - Agent 1 moved up: False
2024-10-22 17:45:03,113 - INFO - Agent 1 moved up: False
2024-10-22 17:45:03,656 - INFO - Agent 1 moved up: False
2024-10-22 17:45:04,215 - INFO - Agent 1 moved up: False
2024-10-22 17:45:04,741 - INFO - Agent 1 moved up: False
2024-10-22 17:45:05,252 - INFO - Agent 1 moved up: False
2024-10-22 17:45:05,862 - INFO - Agent 1 moved up: False
2024-10-22 17:45:06,420 - INFO - Agent 1 moved up: False
2024-10-22 17:45:06,912 - INFO - Agent 1 moved up: False
2024-10-22 17:45:07,455 - INFO - Agent 1 moved up: False
2024-10-22 17:45:08,048 - INFO - Agent 1 moved up: False
2024-10-22 17:45:08,690 - INFO - Agent 1 moved up: False
2024-10-22 17:45:09,215 - INFO - Agent 1 moved up: False
2024-10-22 17:45:09,910 - INFO - Agent 1 moved up: False
2024-10-22 17:45:10,470 - INFO - Agent 1 moved up: False
2024-10-22 17:45:11,028 - INFO - Agent 1 moved up: False
2024-10-22 17:45:11,590 - INFO - Agent 1 moved up: False
2024-10-22 17:45:12,182 - INFO - Agent 1 moved up: False
2024-10-22 17:45:12,758 - INFO - Agent 1 moved up: False
2024-10-22 17:45:13,301 - INFO - Agent 1 moved up: False
2024-10-22 17:45:13,827 - INFO - Agent 1 moved up: False
2024-10-22 17:45:14,419 - INFO - Agent 1 moved up: False
2024-10-22 17:45:14,979 - INFO - Agent 1 moved up: False
2024-10-22 17:45:15,488 - INFO - Agent 1 moved up: False
2024-10-22 17:45:16,046 - INFO - Agent 1 moved up: False
2024-10-22 17:45:16,622 - INFO - Agent 1 moved up: False
2024-10-22 17:45:17,284 - INFO - Agent 1 moved up: False
2024-10-22 17:45:17,876 - INFO - Agent 1 moved up: False
2024-10-22 17:45:18,471 - INFO - Agent 1 moved up: False
2024-10-22 17:45:19,115 - INFO - Agent 1 moved up: False
2024-10-22 17:45:19,609 - INFO - Agent 1 moved up: False
2024-10-22 17:45:20,135 - INFO - Agent 1 moved up: False
2024-10-22 17:45:20,780 - INFO - Agent 1 moved up: False
2024-10-22 17:45:21,289 - INFO - Agent 1 moved up: False
2024-10-22 17:45:21,797 - INFO - Agent 1 moved up: False
2024-10-22 17:45:22,309 - INFO - Agent 1 moved up: False
2024-10-22 17:45:23,021 - INFO - Agent 1 moved up: False
2024-10-22 17:45:23,563 - INFO - Agent 1 moved up: False
2024-10-22 17:45:24,106 - INFO - Agent 1 moved up: False
2024-10-22 17:45:24,717 - INFO - Agent 1 moved up: False
2024-10-22 17:45:25,328 - INFO - Agent 1 moved up: False
2024-10-22 17:45:25,887 - INFO - Agent 1 moved up: False
2024-10-22 17:45:26,481 - INFO - Agent 1 moved up: False
2024-10-22 17:45:27,007 - INFO - Agent 1 moved up: False
2024-10-22 17:45:27,564 - INFO - Agent 1 moved up: False
2024-10-22 17:45:38,201 - INFO - Agent 1 picked up: True
2024-10-22 17:45:38,202 - INFO - Sent event to agent (ID:1): {"event_type": "object changed", "object_type": "agent", "object": {"id": 1, "coordinates": [0, 1], "parcels_carried_ids": [], "has_key": true, "score": 0}}
2024-10-22 17:45:38,202 - INFO - Sent event to agent (ID:1): {"event_type": "object changed", "object_type": "key", "object": {"id": 1, "coordinates": [0, 1], "carried_by_id": 1}}
2024-10-22 17:45:38,774 - INFO - Agent 1 moved right: True
2024-10-22 17:45:38,775 - INFO - Sent event to agent (ID:1): {"event_type": "object changed", "object_type": "agent", "object": {"id": 1, "coordinates": [0, 2], "parcels_carried_ids": [], "has_key": true, "score": 0}}
2024-10-22 17:45:38,775 - INFO - Sent event to agent (ID:1): {"event_type": "object changed", "object_type": "key", "object": {"id": 1, "coordinates": [0, 2], "carried_by_id": 1}}
2024-10-22 17:45:39,416 - INFO - Agent 1 moved right: True
2024-10-22 17:45:39,416 - INFO - Sent event to agent (ID:1): {"event_type": "object changed", "object_type": "agent", "object": {"id": 1, "coordinates": [0, 3], "parcels_carried_ids": [], "has_key": true, "score": 0}}
2024-10-22 17:45:39,416 - INFO - Sent event to agent (ID:1): {"event_type": "object changed", "object_type": "key", "object": {"id": 1, "coordinates": [0, 3], "carried_by_id": 1}}
2024-10-22 17:45:39,991 - INFO - Agent 1 moved right: False
2024-10-22 17:45:40,532 - INFO - Agent 1 moved right: False
2024-10-22 17:45:41,105 - INFO - Agent 1 moved right: False
2024-10-22 17:45:41,679 - INFO - Agent 1 moved right: False
2024-10-22 17:45:42,238 - INFO - Agent 1 moved right: False
2024-10-22 17:45:42,782 - INFO - Agent 1 moved right: False
2024-10-22 17:45:43,390 - INFO - Agent 1 moved right: False
2024-10-22 17:45:43,951 - INFO - Agent 1 moved right: False
2024-10-22 17:45:44,474 - INFO - Agent 1 moved right: False
2024-10-22 17:45:45,138 - INFO - Agent 1 moved right: False
2024-10-22 17:45:45,682 - INFO - Agent 1 moved right: False
2024-10-22 17:45:46,255 - INFO - Agent 1 moved right: False
2024-10-22 17:45:46,832 - INFO - Agent 1 moved right: False
2024-10-22 17:45:47,424 - INFO - Agent 1 moved right: False
2024-10-22 17:45:48,066 - INFO - Agent 1 moved right: False
2024-10-22 17:45:48,590 - INFO - Agent 1 moved right: False
2024-10-22 17:45:49,167 - INFO - Agent 1 moved right: False
2024-10-22 17:45:49,711 - INFO - Agent 1 moved right: False
2024-10-22 17:45:50,269 - INFO - Agent 1 moved right: False
2024-10-22 17:45:50,826 - INFO - Agent 1 moved right: False
2024-10-22 17:45:51,406 - INFO - Agent 1 moved right: False
2024-10-22 17:45:51,982 - INFO - Agent 1 moved right: False
2024-10-22 17:45:52,492 - INFO - Agent 1 moved right: False
2024-10-22 17:45:53,354 - INFO - Agent 1 moved right: False
2024-10-22 17:45:53,708 - INFO - Agent 1 moved right: False
2024-10-22 17:45:54,285 - INFO - Agent 1 moved right: False
2024-10-22 17:45:54,928 - INFO - Agent 1 moved right: False
2024-10-22 17:45:55,505 - INFO - Agent 1 moved right: False
2024-10-22 17:45:56,064 - INFO - Agent 1 moved right: False
2024-10-22 17:45:56,643 - INFO - Agent 1 moved right: False
2024-10-22 17:45:57,288 - INFO - Agent 1 moved right: False
2024-10-22 17:45:57,881 - INFO - Agent 1 moved right: False
2024-10-22 17:45:58,456 - INFO - Agent 1 moved right: False
2024-10-22 17:45:58,947 - INFO - Agent 1 moved right: False
2024-10-22 17:45:59,507 - INFO - Agent 1 moved right: False
2024-10-22 17:46:00,067 - INFO - Agent 1 moved right: False
2024-10-22 17:46:00,611 - INFO - Agent 1 moved right: False
2024-10-22 17:46:01,154 - INFO - Agent 1 moved right: False
2024-10-22 17:46:01,714 - INFO - Agent 1 moved right: False
2024-10-22 17:46:02,256 - INFO - Agent 1 moved right: False
2024-10-22 17:46:02,815 - INFO - Agent 1 moved right: False
2024-10-22 17:46:03,426 - INFO - Agent 1 moved right: False
2024-10-22 17:46:04,016 - INFO - Agent 1 moved right: False
2024-10-22 17:46:04,560 - INFO - Agent 1 moved right: False
2024-10-22 17:46:05,171 - INFO - Agent 1 moved right: False
2024-10-22 17:46:05,695 - INFO - Agent 1 moved right: False
2024-10-22 17:46:06,219 - INFO - Agent 1 moved right: False
2024-10-22 17:46:06,725 - INFO - Agent 1 moved right: False
2024-10-22 17:46:07,292 - INFO - Agent 1 moved right: False
2024-10-22 17:46:07,933 - INFO - Agent 1 moved right: False
2024-10-22 17:46:15,386 - INFO - Agent 1 moved left: True
2024-10-22 17:46:15,387 - INFO - Sent event to agent (ID:1): {"event_type": "object changed", "object_type": "agent", "object": {"id": 1, "coordinates": [0, 2], "parcels_carried_ids": [], "has_key": true, "score": 0}}
2024-10-22 17:46:15,387 - INFO - Sent event to agent (ID:1): {"event_type": "object changed", "object_type": "key", "object": {"id": 1, "coordinates": [0, 2], "carried_by_id": 1}}
2024-10-22 17:46:49,023 - INFO - Agent 1 moved left: True
2024-10-22 17:46:49,023 - INFO - Sent event to agent (ID:1): {"event_type": "object changed", "object_type": "agent", "object": {"id": 1, "coordinates": [0, 1], "parcels_carried_ids": [], "has_key": true, "score": 0}}
2024-10-22 17:46:49,023 - INFO - Sent event to agent (ID:1): {"event_type": "object changed", "object_type": "key", "object": {"id": 1, "coordinates": [0, 1], "carried_by_id": 1}}
2024-10-22 17:46:49,567 - INFO - Agent 1 moved left: True
2024-10-22 17:46:49,568 - INFO - Sent event to agent (ID:1): {"event_type": "object changed", "object_type": "agent", "object": {"id": 1, "coordinates": [0, 0], "parcels_carried_ids": [], "has_key": true, "score": 0}}
2024-10-22 17:46:49,568 - INFO - Sent event to agent (ID:1): {"event_type": "object changed", "object_type": "key", "object": {"id": 1, "coordinates": [0, 0], "carried_by_id": 1}}
2024-10-22 17:46:50,160 - INFO - Agent 1 picked up: True
2024-10-22 17:46:50,160 - INFO - Sent event to agent (ID:1): {"event_type": "object changed", "object_type": "parcel", "object": {"id": 1, "coordinates": [0, 0], "score": 20, "carried_by_id": 1}}
2024-10-22 17:46:50,161 - INFO - Sent event to agent (ID:1): {"event_type": "object changed", "object_type": "agent", "object": {"id": 1, "coordinates": [0, 0], "parcels_carried_ids": [1], "has_key": true, "score": 0}}
2024-10-22 17:46:50,769 - INFO - Agent 1 moved right: True
2024-10-22 17:46:50,770 - INFO - Sent event to agent (ID:1): {"event_type": "object changed", "object_type": "parcel", "object": {"id": 1, "coordinates": [0, 1], "score": 20, "carried_by_id": 1}}
2024-10-22 17:46:50,770 - INFO - Sent event to agent (ID:1): {"event_type": "object changed", "object_type": "agent", "object": {"id": 1, "coordinates": [0, 1], "parcels_carried_ids": [1], "has_key": true, "score": 0}}
2024-10-22 17:46:50,770 - INFO - Sent event to agent (ID:1): {"event_type": "object changed", "object_type": "key", "object": {"id": 1, "coordinates": [0, 1], "carried_by_id": 1}}
2024-10-22 17:46:51,381 - INFO - Agent 1 moved right: True
2024-10-22 17:46:51,381 - INFO - Sent event to agent (ID:1): {"event_type": "object changed", "object_type": "parcel", "object": {"id": 1, "coordinates": [0, 2], "score": 20, "carried_by_id": 1}}
2024-10-22 17:46:51,381 - INFO - Sent event to agent (ID:1): {"event_type": "object changed", "object_type": "agent", "object": {"id": 1, "coordinates": [0, 2], "parcels_carried_ids": [1], "has_key": true, "score": 0}}
2024-10-22 17:46:51,381 - INFO - Sent event to agent (ID:1): {"event_type": "object changed", "object_type": "key", "object": {"id": 1, "coordinates": [0, 2], "carried_by_id": 1}}
2024-10-22 17:46:51,890 - INFO - Agent 1 moved right: True
2024-10-22 17:46:51,890 - INFO - Sent event to agent (ID:1): {"event_type": "object changed", "object_type": "parcel", "object": {"id": 1, "coordinates": [0, 3], "score": 20, "carried_by_id": 1}}
2024-10-22 17:46:51,890 - INFO - Sent event to agent (ID:1): {"event_type": "object changed", "object_type": "agent", "object": {"id": 1, "coordinates": [0, 3], "parcels_carried_ids": [1], "has_key": true, "score": 0}}
2024-10-22 17:46:51,890 - INFO - Sent event to agent (ID:1): {"event_type": "object changed", "object_type": "key", "object": {"id": 1, "coordinates": [0, 3], "carried_by_id": 1}}
2024-10-22 17:46:52,484 - INFO - Agent 1 moved down: False
2024-10-22 17:46:53,043 - INFO - Agent 1 moved down: False
2024-10-22 17:46:53,570 - INFO - Agent 1 moved down: False
2024-10-22 17:46:54,110 - INFO - Agent 1 moved down: False
2024-10-22 17:46:54,754 - INFO - Agent 1 moved down: False
2024-10-22 17:46:55,316 - INFO - Agent 1 moved down: False
2024-10-22 17:46:55,927 - INFO - Agent 1 moved down: False
2024-10-22 17:46:56,520 - INFO - Agent 1 moved down: False
2024-10-22 17:46:57,061 - INFO - Agent 1 moved down: False
2024-10-22 17:46:57,604 - INFO - Agent 1 moved down: False
2024-10-22 17:46:58,146 - INFO - Agent 1 moved down: False
2024-10-22 17:46:58,689 - INFO - Agent 1 moved down: False
2024-10-22 17:46:59,215 - INFO - Agent 1 moved down: False
2024-10-22 17:46:59,812 - INFO - Agent 1 moved down: False
2024-10-22 17:47:00,351 - INFO - Agent 1 moved down: False
2024-10-22 17:47:00,929 - INFO - Agent 1 moved down: False
2024-10-22 17:47:01,473 - INFO - Agent 1 moved down: False
2024-10-22 17:47:02,066 - INFO - Agent 1 moved down: False
2024-10-22 17:47:02,575 - INFO - Agent 1 moved down: False
2024-10-22 17:47:03,166 - INFO - Agent 1 moved down: False
2024-10-22 17:47:03,727 - INFO - Agent 1 moved down: False
2024-10-22 17:47:04,251 - INFO - Agent 1 moved down: False
2024-10-22 17:47:04,796 - INFO - Agent 1 moved down: False
2024-10-22 17:47:05,341 - INFO - Agent 1 moved down: False
2024-10-22 17:47:05,867 - INFO - Agent 1 moved down: False
2024-10-22 17:47:06,543 - INFO - Agent 1 moved down: False
2024-10-22 17:47:07,054 - INFO - Agent 1 moved down: False
2024-10-22 17:47:07,562 - INFO - Agent 1 moved down: False
2024-10-22 17:47:08,175 - INFO - Agent 1 moved down: False
2024-10-22 17:47:08,700 - INFO - Agent 1 moved down: False
2024-10-22 17:47:09,279 - INFO - Agent 1 moved down: False
2024-10-22 17:47:09,857 - INFO - Agent 1 moved down: False
2024-10-22 17:47:10,418 - INFO - Agent 1 moved down: False
2024-10-22 17:47:11,030 - INFO - Agent 1 moved down: False
2024-10-22 17:47:11,556 - INFO - Agent 1 moved down: False
2024-10-22 17:47:12,116 - INFO - Agent 1 moved down: False
2024-10-22 17:47:12,657 - INFO - Agent 1 moved down: False
2024-10-22 17:47:13,266 - INFO - Agent 1 moved down: False
2024-10-22 17:47:13,810 - INFO - Agent 1 moved down: False
2024-10-22 17:47:14,453 - INFO - Agent 1 moved down: False
2024-10-22 17:47:14,994 - INFO - Agent 1 moved down: False
2024-10-22 17:47:15,674 - INFO - Agent 1 moved down: False
2024-10-22 17:47:16,186 - INFO - Agent 1 moved down: False
2024-10-22 17:47:16,778 - INFO - Agent 1 moved down: False
2024-10-22 17:47:17,305 - INFO - Agent 1 moved down: False
2024-10-22 17:47:17,795 - INFO - Agent 1 moved down: False
2024-10-22 17:47:18,337 - INFO - Agent 1 moved down: False
2024-10-22 17:47:24,091 - INFO - Agent 1 moved left: True
2024-10-22 17:47:24,092 - INFO - Sent event to agent (ID:1): {"event_type": "object changed", "object_type": "parcel", "object": {"id": 1, "coordinates": [0, 2], "score": 20, "carried_by_id": 1}}
2024-10-22 17:47:24,092 - INFO - Sent event to agent (ID:1): {"event_type": "object changed", "object_type": "agent", "object": {"id": 1, "coordinates": [0, 2], "parcels_carried_ids": [1], "has_key": true, "score": 0}}
2024-10-22 17:47:24,092 - INFO - Sent event to agent (ID:1): {"event_type": "object changed", "object_type": "key", "object": {"id": 1, "coordinates": [0, 2], "carried_by_id": 1}}
2024-10-22 17:48:13,489 - INFO - Agent 1 picked up: False
2024-10-22 17:48:14,015 - INFO - Agent 1 moved right: True
2024-10-22 17:48:14,015 - INFO - Sent event to agent (ID:1): {"event_type": "object changed", "object_type": "parcel", "object": {"id": 1, "coordinates": [0, 3], "score": 20, "carried_by_id": 1}}
2024-10-22 17:48:14,015 - INFO - Sent event to agent (ID:1): {"event_type": "object changed", "object_type": "agent", "object": {"id": 1, "coordinates": [0, 3], "parcels_carried_ids": [1], "has_key": true, "score": 0}}
2024-10-22 17:48:14,015 - INFO - Sent event to agent (ID:1): {"event_type": "object changed", "object_type": "key", "object": {"id": 1, "coordinates": [0, 3], "carried_by_id": 1}}
2024-10-22 17:48:14,578 - INFO - Agent 1 moved down: False
2024-10-22 17:48:48,525 - INFO - Agent 1 moved down: False
2024-10-22 17:48:58,811 - INFO - Agent 1 moved down: False
2024-10-22 17:48:59,404 - INFO - Agent 1 moved left: True
2024-10-22 17:48:59,405 - INFO - Sent event to agent (ID:1): {"event_type": "object changed", "object_type": "parcel", "object": {"id": 1, "coordinates": [0, 2], "score": 20, "carried_by_id": 1}}
2024-10-22 17:48:59,405 - INFO - Sent event to agent (ID:1): {"event_type": "object changed", "object_type": "agent", "object": {"id": 1, "coordinates": [0, 2], "parcels_carried_ids": [1], "has_key": true, "score": 0}}
2024-10-22 17:48:59,405 - INFO - Sent event to agent (ID:1): {"event_type": "object changed", "object_type": "key", "object": {"id": 1, "coordinates": [0, 2], "carried_by_id": 1}}
2024-10-22 17:48:59,930 - INFO - Agent 1 put down: True
2024-10-22 17:48:59,931 - INFO - Sent event to agent (ID:1): {"event_type": "object changed", "object_type": "parcel", "object": {"id": 1, "coordinates": [0, 2], "score": 20, "carried_by_id": null}}
2024-10-22 17:48:59,931 - INFO - Sent event to agent (ID:1): {"event_type": "object changed", "object_type": "agent", "object": {"id": 1, "coordinates": [0, 2], "parcels_carried_ids": [], "has_key": false, "score": 0}}
2024-10-22 17:48:59,931 - INFO - Sent event to agent (ID:1): {"event_type": "object changed", "object_type": "key", "object": {"id": 1, "coordinates": [0, 2], "carried_by_id": null}}
2024-10-22 17:49:17,629 - INFO - Agent 1 picked up: True
2024-10-22 17:49:17,629 - INFO - Sent event to agent (ID:1): {"event_type": "object changed", "object_type": "parcel", "object": {"id": 1, "coordinates": [0, 2], "score": 20, "carried_by_id": 1}}
2024-10-22 17:49:17,629 - INFO - Sent event to agent (ID:1): {"event_type": "object changed", "object_type": "agent", "object": {"id": 1, "coordinates": [0, 2], "parcels_carried_ids": [1], "has_key": true, "score": 0}}
2024-10-22 17:49:17,629 - INFO - Sent event to agent (ID:1): {"event_type": "object changed", "object_type": "key", "object": {"id": 1, "coordinates": [0, 2], "carried_by_id": 1}}
2024-10-22 17:49:18,185 - INFO - Agent 1 moved right: True
2024-10-22 17:49:18,185 - INFO - Sent event to agent (ID:1): {"event_type": "object changed", "object_type": "parcel", "object": {"id": 1, "coordinates": [0, 3], "score": 20, "carried_by_id": 1}}
2024-10-22 17:49:18,185 - INFO - Sent event to agent (ID:1): {"event_type": "object changed", "object_type": "agent", "object": {"id": 1, "coordinates": [0, 3], "parcels_carried_ids": [1], "has_key": true, "score": 0}}
2024-10-22 17:49:18,185 - INFO - Sent event to agent (ID:1): {"event_type": "object changed", "object_type": "key", "object": {"id": 1, "coordinates": [0, 3], "carried_by_id": 1}}
2024-10-22 17:49:44,164 - INFO - Agent 1 moved left: True
2024-10-22 17:49:44,164 - INFO - Sent event to agent (ID:1): {"event_type": "object changed", "object_type": "parcel", "object": {"id": 1, "coordinates": [0, 2], "score": 20, "carried_by_id": 1}}
2024-10-22 17:49:44,164 - INFO - Sent event to agent (ID:1): {"event_type": "object changed", "object_type": "agent", "object": {"id": 1, "coordinates": [0, 2], "parcels_carried_ids": [1], "has_key": true, "score": 0}}
2024-10-22 17:49:44,164 - INFO - Sent event to agent (ID:1): {"event_type": "object changed", "object_type": "key", "object": {"id": 1, "coordinates": [0, 2], "carried_by_id": 1}}
2024-10-22 17:49:57,766 - INFO - Agent 1 moved right: True
2024-10-22 17:49:57,767 - INFO - Sent event to agent (ID:1): {"event_type": "object changed", "object_type": "parcel", "object": {"id": 1, "coordinates": [0, 3], "score": 20, "carried_by_id": 1}}
2024-10-22 17:49:57,767 - INFO - Sent event to agent (ID:1): {"event_type": "object changed", "object_type": "agent", "object": {"id": 1, "coordinates": [0, 3], "parcels_carried_ids": [1], "has_key": true, "score": 0}}
2024-10-22 17:49:57,767 - INFO - Sent event to agent (ID:1): {"event_type": "object changed", "object_type": "key", "object": {"id": 1, "coordinates": [0, 3], "carried_by_id": 1}}
2024-10-22 17:49:58,274 - INFO - Agent 1 put down: True
2024-10-22 17:49:58,274 - INFO - Sent event to agent (ID:1): {"event_type": "object changed", "object_type": "agent", "object": {"id": 1, "coordinates": [0, 3], "parcels_carried_ids": [], "has_key": false, "score": 40}}
2024-10-22 17:49:58,274 - INFO - Sent event to agent (ID:1): {"event_type": "object changed", "object_type": "key", "object": {"id": 1, "coordinates": [0, 3], "carried_by_id": null}}
2024-10-22 17:49:58,274 - INFO - Sent event to agent (ID:1): {"event_type": "object removed", "object_type": "parcel", "object": {"id": 1, "coordinates": [0, 3], "score": 20, "carried_by_id": 1}}
2024-10-22 17:50:16,942 - DEBUG - Replay file written
2024-10-22 17:50:16,943 - DEBUG - Server terminated
