2024-10-22 10:31:44,046 - DEBUG - Server started
2024-10-22 10:31:44,755 - INFO - Agent connected with ID 1 and address ('127.0.0.1', 8081)
2024-10-22 10:31:44,755 - INFO - Sent event to agent (ID:1): {"event_type": "object added", "object_type": "map", "object": {"width": 4, "height": 4, "grid": [{"cell_coordinates": [0, 0], "cell_type": "parcels_spawn"}, {"cell_coordinates": [0, 1], "cell_type": "walkable"}, {"cell_coordinates": [0, 2], "cell_type": "non_walkable"}, {"cell_coordinates": [0, 3], "cell_type": "non_walkable"}, {"cell_coordinates": [1, 0], "cell_type": "walkable"}, {"cell_coordinates": [1, 1], "cell_type": "walkable"}, {"cell_coordinates": [1, 2], "cell_type": "walkable"}, {"cell_coordinates": [1, 3], "cell_type": "delivery_cell"}, {"cell_coordinates": [2, 0], "cell_type": "non_walkable"}, {"cell_coordinates": [2, 1], "cell_type": "non_walkable"}, {"cell_coordinates": [2, 2], "cell_type": "non_walkable"}, {"cell_coordinates": [2, 3], "cell_type": "non_walkable"}, {"cell_coordinates": [3, 0], "cell_type": "non_walkable"}, {"cell_coordinates": [3, 1], "cell_type": "non_walkable"}, {"cell_coordinates": [3, 2], "cell_type": "non_walkable"}, {"cell_coordinates": [3, 3], "cell_type": "non_walkable"}]}}
2024-10-22 10:31:44,758 - INFO - Sent event to agent (ID:1): {"event_type": "object added", "object_type": "parcel", "object": {"id": 1, "coordinates": [0, 0], "score": 20, "carried_by_id": null}}
2024-10-22 10:31:44,758 - INFO - Sent event to agent (ID:1): {"event_type": "object added", "object_type": "agent", "object": {"id": 1, "coordinates": [1, 1], "parcels_carried_ids": [], "has_key": false, "score": 0}}
2024-10-22 10:31:44,758 - INFO - Sent event to agent (ID:1): {"event_type": "object added", "object_type": "key", "object": {"id": 1, "coordinates": [0, 1], "carried_by_id": null}}
2024-10-22 10:31:44,758 - INFO - Sent event to agent (ID:1): {"event_type": "object added", "object_type": "door", "object": {"id": 1, "coordinates": [1, 2]}}
2024-10-22 10:33:16,105 - INFO - Agent 1 moved up: True
2024-10-22 10:33:16,106 - INFO - Sent event to agent (ID:1): {"event_type": "object changed", "object_type": "agent", "object": {"id": 1, "coordinates": [0, 1], "parcels_carried_ids": [], "has_key": false, "score": 0}}
2024-10-22 10:33:26,752 - INFO - Agent 1 moved left: True
2024-10-22 10:33:26,753 - INFO - Sent event to agent (ID:1): {"event_type": "object changed", "object_type": "agent", "object": {"id": 1, "coordinates": [0, 0], "parcels_carried_ids": [], "has_key": false, "score": 0}}
2024-10-22 10:33:27,260 - INFO - Agent 1 picked up: True
2024-10-22 10:33:27,261 - INFO - Sent event to agent (ID:1): {"event_type": "object changed", "object_type": "parcel", "object": {"id": 1, "coordinates": [0, 0], "score": 20, "carried_by_id": 1}}
2024-10-22 10:33:27,261 - INFO - Sent event to agent (ID:1): {"event_type": "object changed", "object_type": "agent", "object": {"id": 1, "coordinates": [0, 0], "parcels_carried_ids": [1], "has_key": false, "score": 0}}
2024-10-22 10:33:40,311 - INFO - Agent 1 moved down: True
2024-10-22 10:33:40,311 - INFO - Sent event to agent (ID:1): {"event_type": "object changed", "object_type": "parcel", "object": {"id": 1, "coordinates": [1, 0], "score": 20, "carried_by_id": 1}}
2024-10-22 10:33:40,311 - INFO - Sent event to agent (ID:1): {"event_type": "object changed", "object_type": "agent", "object": {"id": 1, "coordinates": [1, 0], "parcels_carried_ids": [1], "has_key": false, "score": 0}}
2024-10-22 10:33:40,919 - INFO - Agent 1 moved right: True
2024-10-22 10:33:40,920 - INFO - Sent event to agent (ID:1): {"event_type": "object changed", "object_type": "parcel", "object": {"id": 1, "coordinates": [1, 1], "score": 20, "carried_by_id": 1}}
2024-10-22 10:33:40,920 - INFO - Sent event to agent (ID:1): {"event_type": "object changed", "object_type": "agent", "object": {"id": 1, "coordinates": [1, 1], "parcels_carried_ids": [1], "has_key": false, "score": 0}}
2024-10-22 10:33:41,531 - INFO - Agent 1 moved right: False
2024-10-22 10:33:42,041 - INFO - Agent 1 moved right: False
2024-10-22 10:33:42,601 - INFO - Agent 1 moved right: False
2024-10-22 10:33:43,109 - INFO - Agent 1 moved right: False
2024-10-22 10:33:43,635 - INFO - Agent 1 moved right: False
2024-10-22 10:33:44,190 - INFO - Agent 1 moved right: False
2024-10-22 10:33:44,748 - INFO - Agent 1 moved right: False
2024-10-22 10:33:45,326 - INFO - Agent 1 moved right: False
2024-10-22 10:33:45,885 - INFO - Agent 1 moved right: False
2024-10-22 10:33:46,497 - INFO - Agent 1 moved right: False
2024-10-22 10:33:47,005 - INFO - Agent 1 moved right: False
2024-10-22 10:33:47,585 - INFO - Agent 1 moved right: False
2024-10-22 10:33:48,163 - INFO - Agent 1 moved right: False
2024-10-22 10:33:48,706 - INFO - Agent 1 moved right: False
2024-10-22 10:33:49,283 - INFO - Agent 1 moved right: False
2024-10-22 10:33:49,876 - INFO - Agent 1 moved right: False
2024-10-22 10:33:50,472 - INFO - Agent 1 moved right: False
2024-10-22 10:33:51,017 - INFO - Agent 1 moved right: False
2024-10-22 10:33:51,540 - INFO - Agent 1 moved right: False
2024-10-22 10:33:52,149 - INFO - Agent 1 moved right: False
2024-10-22 10:33:52,775 - INFO - Agent 1 moved right: False
2024-10-22 10:33:53,389 - INFO - Agent 1 moved right: False
2024-10-22 10:33:53,946 - INFO - Agent 1 moved right: False
2024-10-22 10:33:54,474 - INFO - Agent 1 moved right: False
2024-10-22 10:33:54,997 - INFO - Agent 1 moved right: False
2024-10-22 10:33:55,541 - INFO - Agent 1 moved right: False
2024-10-22 10:33:56,132 - INFO - Agent 1 moved right: False
2024-10-22 10:33:56,706 - INFO - Agent 1 moved right: False
2024-10-22 10:33:57,231 - INFO - Agent 1 moved right: False
2024-10-22 10:33:57,905 - INFO - Agent 1 moved right: False
2024-10-22 10:33:58,482 - INFO - Agent 1 moved right: False
2024-10-22 10:33:59,145 - INFO - Agent 1 moved right: False
2024-10-22 10:33:59,789 - INFO - Agent 1 moved right: False
2024-10-22 10:34:00,348 - INFO - Agent 1 moved right: False
2024-10-22 10:34:00,990 - INFO - Agent 1 moved right: False
2024-10-22 10:34:01,551 - INFO - Agent 1 moved right: False
2024-10-22 10:34:02,124 - INFO - Agent 1 moved right: False
2024-10-22 10:34:02,698 - INFO - Agent 1 moved right: False
2024-10-22 10:34:03,310 - INFO - Agent 1 moved right: False
2024-10-22 10:34:03,870 - INFO - Agent 1 moved right: False
2024-10-22 10:34:04,413 - INFO - Agent 1 moved right: False
2024-10-22 10:34:04,975 - INFO - Agent 1 moved right: False
2024-10-22 10:34:05,481 - INFO - Agent 1 moved right: False
2024-10-22 10:34:06,042 - INFO - Agent 1 moved right: False
2024-10-22 10:34:06,532 - INFO - Agent 1 moved right: False
2024-10-22 10:34:07,155 - INFO - Agent 1 moved right: False
2024-10-22 10:34:07,679 - INFO - Agent 1 moved right: False
2024-10-22 10:34:08,270 - INFO - Agent 1 moved right: False
2024-10-22 10:34:08,830 - INFO - Agent 1 moved right: False
2024-10-22 10:34:09,373 - INFO - Agent 1 moved right: False
2024-10-22 10:34:09,897 - INFO - Agent 1 moved right: False
2024-10-22 10:34:16,500 - INFO - Agent 1 moved right: False
2024-10-22 10:34:17,076 - INFO - Agent 1 moved right: False
2024-10-22 10:34:17,619 - INFO - Agent 1 moved right: False
2024-10-22 10:34:18,196 - INFO - Agent 1 moved right: False
2024-10-22 10:34:18,721 - INFO - Agent 1 moved right: False
2024-10-22 10:34:19,264 - INFO - Agent 1 moved right: False
2024-10-22 10:34:19,807 - INFO - Agent 1 moved right: False
2024-10-22 10:34:20,453 - INFO - Agent 1 moved right: False
2024-10-22 10:34:21,029 - INFO - Agent 1 moved right: False
2024-10-22 10:34:21,571 - INFO - Agent 1 moved right: False
2024-10-22 10:34:22,247 - INFO - Agent 1 moved right: False
2024-10-22 10:34:22,856 - INFO - Agent 1 moved right: False
2024-10-22 10:34:23,346 - INFO - Agent 1 moved right: False
2024-10-22 10:34:23,922 - INFO - Agent 1 moved right: False
2024-10-22 10:34:24,533 - INFO - Agent 1 moved right: False
2024-10-22 10:34:25,129 - INFO - Agent 1 moved right: False
2024-10-22 10:34:25,687 - INFO - Agent 1 moved right: False
2024-10-22 10:34:26,295 - INFO - Agent 1 moved right: False
2024-10-22 10:34:26,872 - INFO - Agent 1 moved right: False
2024-10-22 10:34:27,498 - INFO - Agent 1 moved right: False
2024-10-22 10:34:28,107 - INFO - Agent 1 moved right: False
2024-10-22 10:34:28,651 - INFO - Agent 1 moved right: False
2024-10-22 10:34:29,280 - INFO - Agent 1 moved right: False
2024-10-22 10:34:29,909 - INFO - Agent 1 moved right: False
2024-10-22 10:34:30,453 - INFO - Agent 1 moved right: False
2024-10-22 10:34:30,992 - INFO - Agent 1 moved right: False
2024-10-22 10:34:31,552 - INFO - Agent 1 moved right: False
2024-10-22 10:34:32,161 - INFO - Agent 1 moved right: False
2024-10-22 10:34:32,700 - INFO - Agent 1 moved right: False
2024-10-22 10:34:33,226 - INFO - Agent 1 moved right: False
2024-10-22 10:34:33,732 - INFO - Agent 1 moved right: False
2024-10-22 10:34:34,310 - INFO - Agent 1 moved right: False
2024-10-22 10:34:34,786 - INFO - Agent 1 moved right: False
2024-10-22 10:34:35,345 - INFO - Agent 1 moved right: False
2024-10-22 10:34:35,922 - INFO - Agent 1 moved right: False
2024-10-22 10:34:36,430 - INFO - Agent 1 moved right: False
2024-10-22 10:34:37,077 - INFO - Agent 1 moved right: False
2024-10-22 10:34:37,602 - INFO - Agent 1 moved right: False
2024-10-22 10:34:38,181 - INFO - Agent 1 moved right: False
2024-10-22 10:34:38,790 - INFO - Agent 1 moved right: False
2024-10-22 10:34:39,351 - INFO - Agent 1 moved right: False
2024-10-22 10:34:39,843 - INFO - Agent 1 moved right: False
2024-10-22 10:34:40,370 - INFO - Agent 1 moved right: False
2024-10-22 10:34:40,879 - INFO - Agent 1 moved right: False
2024-10-22 10:34:41,389 - INFO - Agent 1 moved right: False
2024-10-22 10:34:41,934 - INFO - Agent 1 moved right: False
2024-10-22 10:34:42,544 - INFO - Agent 1 moved right: False
2024-10-22 10:34:43,174 - INFO - Agent 1 moved right: False
2024-10-22 10:34:43,734 - INFO - Agent 1 moved right: False
2024-10-22 10:34:44,311 - INFO - Agent 1 moved right: False
2024-10-22 10:34:44,820 - INFO - Agent 1 moved right: False
2024-10-22 10:34:45,378 - INFO - Agent 1 moved right: False
2024-10-22 10:34:45,921 - INFO - Agent 1 moved right: False
2024-10-22 10:34:54,995 - INFO - Agent 1 moved right: False
2024-10-22 10:35:12,929 - INFO - Agent 1 moved up: True
2024-10-22 10:35:12,930 - INFO - Sent event to agent (ID:1): {"event_type": "object changed", "object_type": "parcel", "object": {"id": 1, "coordinates": [0, 1], "score": 20, "carried_by_id": 1}}
2024-10-22 10:35:12,930 - INFO - Sent event to agent (ID:1): {"event_type": "object changed", "object_type": "agent", "object": {"id": 1, "coordinates": [0, 1], "parcels_carried_ids": [1], "has_key": false, "score": 0}}
2024-10-22 10:35:13,436 - INFO - Agent 1 picked up: True
2024-10-22 10:35:13,436 - INFO - Sent event to agent (ID:1): {"event_type": "object changed", "object_type": "agent", "object": {"id": 1, "coordinates": [0, 1], "parcels_carried_ids": [1], "has_key": true, "score": 0}}
2024-10-22 10:35:13,436 - INFO - Sent event to agent (ID:1): {"event_type": "object changed", "object_type": "key", "object": {"id": 1, "coordinates": [0, 1], "carried_by_id": 1}}
2024-10-22 10:35:28,081 - INFO - Agent 1 moved down: True
2024-10-22 10:35:28,082 - INFO - Sent event to agent (ID:1): {"event_type": "object changed", "object_type": "parcel", "object": {"id": 1, "coordinates": [1, 1], "score": 20, "carried_by_id": 1}}
2024-10-22 10:35:28,082 - INFO - Sent event to agent (ID:1): {"event_type": "object changed", "object_type": "agent", "object": {"id": 1, "coordinates": [1, 1], "parcels_carried_ids": [1], "has_key": true, "score": 0}}
2024-10-22 10:35:28,082 - INFO - Sent event to agent (ID:1): {"event_type": "object changed", "object_type": "key", "object": {"id": 1, "coordinates": [1, 1], "carried_by_id": 1}}
2024-10-22 10:35:28,625 - INFO - Agent 1 moved right: True
2024-10-22 10:35:28,626 - INFO - Sent event to agent (ID:1): {"event_type": "object changed", "object_type": "parcel", "object": {"id": 1, "coordinates": [1, 2], "score": 20, "carried_by_id": 1}}
2024-10-22 10:35:28,626 - INFO - Sent event to agent (ID:1): {"event_type": "object changed", "object_type": "agent", "object": {"id": 1, "coordinates": [1, 2], "parcels_carried_ids": [1], "has_key": true, "score": 0}}
2024-10-22 10:35:28,626 - INFO - Sent event to agent (ID:1): {"event_type": "object changed", "object_type": "key", "object": {"id": 1, "coordinates": [1, 2], "carried_by_id": 1}}
2024-10-22 10:35:29,218 - INFO - Agent 1 moved right: True
2024-10-22 10:35:29,219 - INFO - Sent event to agent (ID:1): {"event_type": "object changed", "object_type": "parcel", "object": {"id": 1, "coordinates": [1, 3], "score": 20, "carried_by_id": 1}}
2024-10-22 10:35:29,219 - INFO - Sent event to agent (ID:1): {"event_type": "object changed", "object_type": "agent", "object": {"id": 1, "coordinates": [1, 3], "parcels_carried_ids": [1], "has_key": true, "score": 0}}
2024-10-22 10:35:29,219 - INFO - Sent event to agent (ID:1): {"event_type": "object changed", "object_type": "key", "object": {"id": 1, "coordinates": [1, 3], "carried_by_id": 1}}
2024-10-22 10:35:29,878 - INFO - Agent 1 put down: True
2024-10-22 10:35:29,878 - INFO - Sent event to agent (ID:1): {"event_type": "object changed", "object_type": "agent", "object": {"id": 1, "coordinates": [1, 3], "parcels_carried_ids": [], "has_key": false, "score": 20}}
2024-10-22 10:35:29,878 - INFO - Sent event to agent (ID:1): {"event_type": "object changed", "object_type": "key", "object": {"id": 1, "coordinates": [1, 3], "carried_by_id": null}}
2024-10-22 10:35:29,878 - INFO - Sent event to agent (ID:1): {"event_type": "object removed", "object_type": "parcel", "object": {"id": 1, "coordinates": [1, 3], "score": 20, "carried_by_id": 1}}
2024-10-22 10:35:45,081 - INFO - Agent 1 picked up: True
2024-10-22 10:35:45,082 - INFO - Sent event to agent (ID:1): {"event_type": "object changed", "object_type": "agent", "object": {"id": 1, "coordinates": [1, 3], "parcels_carried_ids": [], "has_key": true, "score": 20}}
2024-10-22 10:35:45,082 - INFO - Sent event to agent (ID:1): {"event_type": "object changed", "object_type": "key", "object": {"id": 1, "coordinates": [1, 3], "carried_by_id": 1}}
2024-10-22 10:35:45,739 - INFO - Agent 1 moved up: False
2024-10-22 10:35:46,348 - INFO - Agent 1 moved left: True
2024-10-22 10:35:46,348 - INFO - Sent event to agent (ID:1): {"event_type": "object changed", "object_type": "agent", "object": {"id": 1, "coordinates": [1, 2], "parcels_carried_ids": [], "has_key": true, "score": 20}}
2024-10-22 10:35:46,348 - INFO - Sent event to agent (ID:1): {"event_type": "object changed", "object_type": "key", "object": {"id": 1, "coordinates": [1, 2], "carried_by_id": 1}}
2024-10-22 10:36:30,967 - INFO - Agent 1 moved up: False
2024-10-22 10:36:31,544 - INFO - Agent 1 moved up: False
2024-10-22 10:36:32,120 - INFO - Agent 1 moved up: False
2024-10-22 10:36:32,748 - INFO - Agent 1 moved up: False
2024-10-22 10:36:33,496 - INFO - Agent 1 moved up: False
2024-10-22 10:36:34,071 - INFO - Agent 1 moved up: False
2024-10-22 10:36:34,649 - INFO - Agent 1 moved up: False
2024-10-22 10:36:35,296 - INFO - Agent 1 moved up: False
2024-10-22 10:36:35,871 - INFO - Agent 1 moved up: False
2024-10-22 10:36:36,412 - INFO - Agent 1 moved up: False
2024-10-22 10:36:36,972 - INFO - Agent 1 moved up: False
2024-10-22 10:36:37,514 - INFO - Agent 1 moved up: False
2024-10-22 10:36:38,056 - INFO - Agent 1 moved up: False
2024-10-22 10:36:38,613 - INFO - Agent 1 moved up: False
2024-10-22 10:36:39,242 - INFO - Agent 1 moved up: False
2024-10-22 10:36:39,852 - INFO - Agent 1 moved up: False
2024-10-22 10:36:40,444 - INFO - Agent 1 moved up: False
2024-10-22 10:36:40,984 - INFO - Agent 1 moved up: False
2024-10-22 10:36:41,610 - INFO - Agent 1 moved up: False
2024-10-22 10:36:42,135 - INFO - Agent 1 moved up: False
2024-10-22 10:36:42,674 - INFO - Agent 1 moved up: False
2024-10-22 10:36:43,250 - INFO - Agent 1 moved up: False
2024-10-22 10:36:43,809 - INFO - Agent 1 moved up: False
2024-10-22 10:36:44,317 - INFO - Agent 1 moved up: False
2024-10-22 10:36:44,864 - INFO - Agent 1 moved up: False
2024-10-22 10:36:45,507 - INFO - Agent 1 moved up: False
2024-10-22 10:36:46,134 - INFO - Agent 1 moved up: False
2024-10-22 10:36:46,708 - INFO - Agent 1 moved up: False
2024-10-22 10:36:47,318 - INFO - Agent 1 moved up: False
2024-10-22 10:36:47,879 - INFO - Agent 1 moved up: False
2024-10-22 10:36:48,437 - INFO - Agent 1 moved up: False
2024-10-22 10:36:48,931 - INFO - Agent 1 moved up: False
2024-10-22 10:36:49,505 - INFO - Agent 1 moved up: False
2024-10-22 10:36:50,149 - INFO - Agent 1 moved up: False
2024-10-22 10:36:50,689 - INFO - Agent 1 moved up: False
2024-10-22 10:36:51,209 - INFO - Agent 1 moved up: False
2024-10-22 10:36:51,820 - INFO - Agent 1 moved up: False
2024-10-22 10:36:52,394 - INFO - Agent 1 moved up: False
2024-10-22 10:36:52,971 - INFO - Agent 1 moved up: False
2024-10-22 10:36:53,593 - INFO - Agent 1 moved up: False
2024-10-22 10:36:54,177 - INFO - Agent 1 moved up: False
2024-10-22 10:36:54,703 - INFO - Agent 1 moved up: False
2024-10-22 10:36:55,280 - INFO - Agent 1 moved up: False
2024-10-22 10:36:55,783 - INFO - Agent 1 moved up: False
2024-10-22 10:36:56,324 - INFO - Agent 1 moved up: False
2024-10-22 10:36:56,970 - INFO - Agent 1 moved up: False
2024-10-22 10:36:57,511 - INFO - Agent 1 moved up: False
2024-10-22 10:36:58,088 - INFO - Agent 1 moved up: False
2024-10-22 10:36:58,650 - INFO - Agent 1 moved up: False
2024-10-22 10:36:59,294 - INFO - Agent 1 moved up: False
2024-10-22 10:36:59,886 - INFO - Agent 1 moved up: False
2024-10-22 10:37:00,462 - INFO - Agent 1 moved up: False
2024-10-22 10:37:46,691 - DEBUG - Replay file written
2024-10-22 10:37:46,691 - DEBUG - Server terminated
