2024-10-23 20:30:04,115 - DEBUG - Server started
2024-10-23 20:30:06,927 - INFO - Agent connected with ID 1 and address ('127.0.0.1', 8081)
2024-10-23 20:30:06,927 - INFO - Sent event to agent (ID:1): {"event_type": "object added", "object_type": "map", "object": {"width": 4, "height": 4, "grid": [{"cell_coordinates": [0, 0], "cell_type": "parcels_spawn"}, {"cell_coordinates": [0, 1], "cell_type": "walkable"}, {"cell_coordinates": [0, 2], "cell_type": "walkable"}, {"cell_coordinates": [0, 3], "cell_type": "double_points_delivery_cell"}, {"cell_coordinates": [1, 0], "cell_type": "walkable"}, {"cell_coordinates": [1, 1], "cell_type": "walkable"}, {"cell_coordinates": [1, 2], "cell_type": "walkable"}, {"cell_coordinates": [1, 3], "cell_type": "walkable"}, {"cell_coordinates": [2, 0], "cell_type": "walkable"}, {"cell_coordinates": [2, 1], "cell_type": "walkable"}, {"cell_coordinates": [2, 2], "cell_type": "walkable"}, {"cell_coordinates": [2, 3], "cell_type": "walkable"}, {"cell_coordinates": [3, 0], "cell_type": "delivery_cell"}, {"cell_coordinates": [3, 1], "cell_type": "walkable"}, {"cell_coordinates": [3, 2], "cell_type": "walkable"}, {"cell_coordinates": [3, 3], "cell_type": "walkable"}]}}
2024-10-23 20:30:06,933 - INFO - Sent event to agent (ID:1): {"event_type": "object added", "object_type": "parcel", "object": {"id": 1, "coordinates": [0, 0], "score": 20, "carried_by_id": null}}
2024-10-23 20:30:06,933 - INFO - Sent event to agent (ID:1): {"event_type": "object added", "object_type": "agent", "object": {"id": 1, "coordinates": [1, 1], "parcels_carried_ids": [], "has_key": false, "score": 0}}
2024-10-23 20:30:06,933 - INFO - Sent event to agent (ID:1): {"event_type": "object added", "object_type": "key", "object": {"id": 1, "coordinates": [3, 3], "carried_by_id": null}}
2024-10-23 20:30:06,933 - INFO - Sent event to agent (ID:1): {"event_type": "object added", "object_type": "door", "object": {"id": 1, "coordinates": [0, 2]}}
2024-10-23 20:30:06,933 - INFO - Sent event to agent (ID:1): {"event_type": "object added", "object_type": "door", "object": {"id": 2, "coordinates": [1, 2]}}
2024-10-23 20:30:06,933 - INFO - Sent event to agent (ID:1): {"event_type": "object added", "object_type": "door", "object": {"id": 3, "coordinates": [1, 3]}}
2024-10-23 20:30:57,854 - INFO - Agent 1 moved up: True
2024-10-23 20:30:57,855 - INFO - Sent event to agent (ID:1): {"event_type": "object changed", "object_type": "agent", "object": {"id": 1, "coordinates": [0, 1], "parcels_carried_ids": [], "has_key": false, "score": 0}}
2024-10-23 20:30:58,416 - INFO - Agent 1 moved left: True
2024-10-23 20:30:58,416 - INFO - Sent event to agent (ID:1): {"event_type": "object changed", "object_type": "agent", "object": {"id": 1, "coordinates": [0, 0], "parcels_carried_ids": [], "has_key": false, "score": 0}}
2024-10-23 20:30:59,096 - INFO - Agent 1 picked up: True
2024-10-23 20:30:59,096 - INFO - Sent event to agent (ID:1): {"event_type": "object changed", "object_type": "parcel", "object": {"id": 1, "coordinates": [0, 0], "score": 20, "carried_by_id": 1}}
2024-10-23 20:30:59,097 - INFO - Sent event to agent (ID:1): {"event_type": "object changed", "object_type": "agent", "object": {"id": 1, "coordinates": [0, 0], "parcels_carried_ids": [1], "has_key": false, "score": 0}}
2024-10-23 20:31:13,055 - INFO - Agent 1 moved right: True
2024-10-23 20:31:13,056 - INFO - Sent event to agent (ID:1): {"event_type": "object changed", "object_type": "parcel", "object": {"id": 1, "coordinates": [0, 1], "score": 20, "carried_by_id": 1}}
2024-10-23 20:31:13,056 - INFO - Sent event to agent (ID:1): {"event_type": "object changed", "object_type": "agent", "object": {"id": 1, "coordinates": [0, 1], "parcels_carried_ids": [1], "has_key": false, "score": 0}}
2024-10-23 20:31:13,652 - INFO - Agent 1 moved right: False
2024-10-23 20:31:14,229 - INFO - Agent 1 moved right: False
2024-10-23 20:31:14,822 - INFO - Agent 1 moved right: False
2024-10-23 20:31:15,366 - INFO - Agent 1 moved right: False
2024-10-23 20:31:15,892 - INFO - Agent 1 moved right: False
2024-10-23 20:31:16,517 - INFO - Agent 1 moved right: False
2024-10-23 20:31:17,109 - INFO - Agent 1 moved right: False
2024-10-23 20:31:17,720 - INFO - Agent 1 moved right: False
2024-10-23 20:31:18,314 - INFO - Agent 1 moved right: False
2024-10-23 20:31:18,838 - INFO - Agent 1 moved right: False
2024-10-23 20:31:19,348 - INFO - Agent 1 moved right: False
2024-10-23 20:31:19,857 - INFO - Agent 1 moved right: False
2024-10-23 20:31:20,451 - INFO - Agent 1 moved right: False
2024-10-23 20:31:20,927 - INFO - Agent 1 moved right: False
2024-10-23 20:31:21,520 - INFO - Agent 1 moved right: False
2024-10-23 20:31:22,028 - INFO - Agent 1 moved right: False
2024-10-23 20:31:22,622 - INFO - Agent 1 moved right: False
2024-10-23 20:31:23,286 - INFO - Agent 1 moved right: False
2024-10-23 20:31:23,864 - INFO - Agent 1 moved right: False
2024-10-23 20:31:24,460 - INFO - Agent 1 moved right: False
2024-10-23 20:31:25,004 - INFO - Agent 1 moved right: False
2024-10-23 20:31:25,566 - INFO - Agent 1 moved right: False
2024-10-23 20:31:26,127 - INFO - Agent 1 moved right: False
2024-10-23 20:31:26,705 - INFO - Agent 1 moved right: False
2024-10-23 20:31:27,232 - INFO - Agent 1 moved right: False
2024-10-23 20:31:27,808 - INFO - Agent 1 moved right: False
2024-10-23 20:31:44,158 - INFO - Agent 1 moved down: True
2024-10-23 20:31:44,158 - INFO - Sent event to agent (ID:1): {"event_type": "object changed", "object_type": "parcel", "object": {"id": 1, "coordinates": [1, 1], "score": 20, "carried_by_id": 1}}
2024-10-23 20:31:44,158 - INFO - Sent event to agent (ID:1): {"event_type": "object changed", "object_type": "agent", "object": {"id": 1, "coordinates": [1, 1], "parcels_carried_ids": [1], "has_key": false, "score": 0}}
2024-10-23 20:31:44,748 - INFO - Agent 1 moved down: True
2024-10-23 20:31:44,749 - INFO - Sent event to agent (ID:1): {"event_type": "object changed", "object_type": "parcel", "object": {"id": 1, "coordinates": [2, 1], "score": 20, "carried_by_id": 1}}
2024-10-23 20:31:44,749 - INFO - Sent event to agent (ID:1): {"event_type": "object changed", "object_type": "agent", "object": {"id": 1, "coordinates": [2, 1], "parcels_carried_ids": [1], "has_key": false, "score": 0}}
2024-10-23 20:31:45,292 - INFO - Agent 1 moved down: True
2024-10-23 20:31:45,292 - INFO - Sent event to agent (ID:1): {"event_type": "object changed", "object_type": "parcel", "object": {"id": 1, "coordinates": [3, 1], "score": 20, "carried_by_id": 1}}
2024-10-23 20:31:45,292 - INFO - Sent event to agent (ID:1): {"event_type": "object changed", "object_type": "agent", "object": {"id": 1, "coordinates": [3, 1], "parcels_carried_ids": [1], "has_key": false, "score": 0}}
2024-10-23 20:31:45,851 - INFO - Agent 1 moved left: True
2024-10-23 20:31:45,852 - INFO - Sent event to agent (ID:1): {"event_type": "object changed", "object_type": "parcel", "object": {"id": 1, "coordinates": [3, 0], "score": 20, "carried_by_id": 1}}
2024-10-23 20:31:45,852 - INFO - Sent event to agent (ID:1): {"event_type": "object changed", "object_type": "agent", "object": {"id": 1, "coordinates": [3, 0], "parcels_carried_ids": [1], "has_key": false, "score": 0}}
2024-10-23 20:31:46,463 - INFO - Agent 1 put down: True
2024-10-23 20:31:46,464 - INFO - Sent event to agent (ID:1): {"event_type": "object changed", "object_type": "agent", "object": {"id": 1, "coordinates": [3, 0], "parcels_carried_ids": [], "has_key": false, "score": 20}}
2024-10-23 20:31:46,464 - INFO - Sent event to agent (ID:1): {"event_type": "object removed", "object_type": "parcel", "object": {"id": 1, "coordinates": [3, 0], "score": 20, "carried_by_id": 1}}
2024-10-23 20:32:01,763 - INFO - Agent 1 moved right: True
2024-10-23 20:32:01,764 - INFO - Sent event to agent (ID:1): {"event_type": "object changed", "object_type": "agent", "object": {"id": 1, "coordinates": [3, 1], "parcels_carried_ids": [], "has_key": false, "score": 20}}
2024-10-23 20:32:02,305 - INFO - Agent 1 moved right: True
2024-10-23 20:32:02,306 - INFO - Sent event to agent (ID:1): {"event_type": "object changed", "object_type": "agent", "object": {"id": 1, "coordinates": [3, 2], "parcels_carried_ids": [], "has_key": false, "score": 20}}
2024-10-23 20:32:02,865 - INFO - Agent 1 moved right: True
2024-10-23 20:32:02,865 - INFO - Sent event to agent (ID:1): {"event_type": "object changed", "object_type": "agent", "object": {"id": 1, "coordinates": [3, 3], "parcels_carried_ids": [], "has_key": false, "score": 20}}
2024-10-23 20:32:03,456 - INFO - Agent 1 moved right: False
2024-10-23 20:32:03,983 - INFO - Agent 1 moved right: False
2024-10-23 20:32:04,526 - INFO - Agent 1 moved right: False
2024-10-23 20:32:05,052 - INFO - Agent 1 moved right: False
2024-10-23 20:32:05,560 - INFO - Agent 1 moved right: False
2024-10-23 20:32:06,134 - INFO - Agent 1 moved right: False
2024-10-23 20:32:06,660 - INFO - Agent 1 moved right: False
2024-10-23 20:32:07,222 - INFO - Agent 1 moved right: False
2024-10-23 20:32:07,782 - INFO - Agent 1 moved right: False
2024-10-23 20:32:08,408 - INFO - Agent 1 moved right: False
2024-10-23 20:32:08,900 - INFO - Agent 1 moved right: False
2024-10-23 20:32:09,476 - INFO - Agent 1 moved right: False
2024-10-23 20:32:10,051 - INFO - Agent 1 moved right: False
2024-10-23 20:32:10,628 - INFO - Agent 1 moved right: False
2024-10-23 20:32:11,239 - INFO - Agent 1 moved right: False
2024-10-23 20:32:11,816 - INFO - Agent 1 moved right: False
2024-10-23 20:32:12,444 - INFO - Agent 1 moved right: False
2024-10-23 20:32:13,039 - INFO - Agent 1 moved right: False
2024-10-23 20:32:13,579 - INFO - Agent 1 moved right: False
2024-10-23 20:32:14,169 - INFO - Agent 1 moved right: False
2024-10-23 20:32:14,745 - INFO - Agent 1 moved right: False
2024-10-23 20:32:15,303 - INFO - Agent 1 moved right: False
2024-10-23 20:32:15,945 - INFO - Agent 1 moved right: False
2024-10-23 20:32:16,485 - INFO - Agent 1 moved right: False
2024-10-23 20:33:00,742 - INFO - Agent 1 picked up: True
2024-10-23 20:33:00,743 - INFO - Sent event to agent (ID:1): {"event_type": "object changed", "object_type": "agent", "object": {"id": 1, "coordinates": [3, 3], "parcels_carried_ids": [], "has_key": true, "score": 20}}
2024-10-23 20:33:00,743 - INFO - Sent event to agent (ID:1): {"event_type": "object changed", "object_type": "key", "object": {"id": 1, "coordinates": [3, 3], "carried_by_id": 1}}
2024-10-23 20:33:24,026 - INFO - Agent 1 moved up: True
2024-10-23 20:33:24,027 - INFO - Sent event to agent (ID:1): {"event_type": "object changed", "object_type": "agent", "object": {"id": 1, "coordinates": [2, 3], "parcels_carried_ids": [], "has_key": true, "score": 20}}
2024-10-23 20:33:24,027 - INFO - Sent event to agent (ID:1): {"event_type": "object changed", "object_type": "key", "object": {"id": 1, "coordinates": [2, 3], "carried_by_id": 1}}
2024-10-23 20:33:50,605 - DEBUG - Replay file written
2024-10-23 20:33:50,605 - DEBUG - Server terminated
