2024-10-21 21:02:51,197 - DEBUG - Server started
2024-10-21 21:02:51,857 - INFO - Agent connected with ID 1 and address ('127.0.0.1', 8081)
2024-10-21 21:02:51,858 - INFO - Sent event to agent (ID:1): {"event_type": "object added", "object_type": "map", "object": {"width": 4, "height": 4, "grid": [{"cell_coordinates": [0, 0], "cell_type": "parcels_spawn"}, {"cell_coordinates": [0, 1], "cell_type": "walkable"}, {"cell_coordinates": [0, 2], "cell_type": "walkable"}, {"cell_coordinates": [0, 3], "cell_type": "double_delivery_cell"}, {"cell_coordinates": [1, 0], "cell_type": "walkable"}, {"cell_coordinates": [1, 1], "cell_type": "walkable"}, {"cell_coordinates": [1, 2], "cell_type": "non_walkable"}, {"cell_coordinates": [1, 3], "cell_type": "non_walkable"}, {"cell_coordinates": [2, 0], "cell_type": "walkable"}, {"cell_coordinates": [2, 1], "cell_type": "non_walkable"}, {"cell_coordinates": [2, 2], "cell_type": "non_walkable"}, {"cell_coordinates": [2, 3], "cell_type": "non_walkable"}, {"cell_coordinates": [3, 0], "cell_type": "delivery_cell"}, {"cell_coordinates": [3, 1], "cell_type": "non_walkable"}, {"cell_coordinates": [3, 2], "cell_type": "non_walkable"}, {"cell_coordinates": [3, 3], "cell_type": "non_walkable"}]}}
2024-10-21 21:02:51,862 - INFO - Sent event to agent (ID:1): {"event_type": "object added", "object_type": "parcel", "object": {"id": 1, "coordinates": [0, 0], "score": 20, "carried_by_id": null}}
2024-10-21 21:02:51,862 - INFO - Sent event to agent (ID:1): {"event_type": "object added", "object_type": "agent", "object": {"id": 1, "coordinates": [1, 1], "parcels_carried_ids": [], "has_key": false, "score": 0}}
2024-10-21 21:02:51,862 - INFO - Sent event to agent (ID:1): {"event_type": "object added", "object_type": "key", "object": {"id": 1, "coordinates": [0, 1], "carried_by_id": null}}
2024-10-21 21:02:51,862 - INFO - Sent event to agent (ID:1): {"event_type": "object added", "object_type": "door", "object": {"id": 1, "coordinates": [0, 2]}}
2024-10-21 21:02:51,862 - INFO - Sent event to agent (ID:1): {"event_type": "object added", "object_type": "door", "object": {"id": 2, "coordinates": [2, 0]}}
2024-10-21 21:03:41,249 - INFO - Agent 1 moved up: True
2024-10-21 21:03:41,250 - INFO - Sent event to agent (ID:1): {"event_type": "object changed", "object_type": "agent", "object": {"id": 1, "coordinates": [0, 1], "parcels_carried_ids": [], "has_key": false, "score": 0}}
2024-10-21 21:03:52,275 - INFO - Agent 1 picked up: True
2024-10-21 21:03:52,276 - INFO - Sent event to agent (ID:1): {"event_type": "object changed", "object_type": "agent", "object": {"id": 1, "coordinates": [0, 1], "parcels_carried_ids": [], "has_key": true, "score": 0}}
2024-10-21 21:03:52,276 - INFO - Sent event to agent (ID:1): {"event_type": "object changed", "object_type": "key", "object": {"id": 1, "coordinates": [0, 1], "carried_by_id": 1}}
2024-10-21 21:04:04,837 - INFO - Agent 1 moved left: True
2024-10-21 21:04:04,838 - INFO - Sent event to agent (ID:1): {"event_type": "object changed", "object_type": "agent", "object": {"id": 1, "coordinates": [0, 0], "parcels_carried_ids": [], "has_key": true, "score": 0}}
2024-10-21 21:04:04,838 - INFO - Sent event to agent (ID:1): {"event_type": "object changed", "object_type": "key", "object": {"id": 1, "coordinates": [0, 0], "carried_by_id": 1}}
2024-10-21 21:04:05,362 - INFO - Agent 1 picked up: True
2024-10-21 21:04:05,362 - INFO - Sent event to agent (ID:1): {"event_type": "object changed", "object_type": "parcel", "object": {"id": 1, "coordinates": [0, 0], "score": 20, "carried_by_id": 1}}
2024-10-21 21:04:05,362 - INFO - Sent event to agent (ID:1): {"event_type": "object changed", "object_type": "agent", "object": {"id": 1, "coordinates": [0, 0], "parcels_carried_ids": [1], "has_key": true, "score": 0}}
2024-10-21 21:04:20,875 - INFO - Agent 1 moved right: True
2024-10-21 21:04:20,876 - INFO - Sent event to agent (ID:1): {"event_type": "object changed", "object_type": "parcel", "object": {"id": 1, "coordinates": [0, 1], "score": 20, "carried_by_id": 1}}
2024-10-21 21:04:20,876 - INFO - Sent event to agent (ID:1): {"event_type": "object changed", "object_type": "agent", "object": {"id": 1, "coordinates": [0, 1], "parcels_carried_ids": [1], "has_key": true, "score": 0}}
2024-10-21 21:04:20,876 - INFO - Sent event to agent (ID:1): {"event_type": "object changed", "object_type": "key", "object": {"id": 1, "coordinates": [0, 1], "carried_by_id": 1}}
2024-10-21 21:04:21,401 - INFO - Agent 1 moved right: True
2024-10-21 21:04:21,401 - INFO - Sent event to agent (ID:1): {"event_type": "object changed", "object_type": "parcel", "object": {"id": 1, "coordinates": [0, 2], "score": 20, "carried_by_id": 1}}
2024-10-21 21:04:21,401 - INFO - Sent event to agent (ID:1): {"event_type": "object changed", "object_type": "agent", "object": {"id": 1, "coordinates": [0, 2], "parcels_carried_ids": [1], "has_key": true, "score": 0}}
2024-10-21 21:04:21,401 - INFO - Sent event to agent (ID:1): {"event_type": "object changed", "object_type": "key", "object": {"id": 1, "coordinates": [0, 2], "carried_by_id": 1}}
2024-10-21 21:04:21,910 - INFO - Agent 1 moved right: True
2024-10-21 21:04:21,910 - INFO - Sent event to agent (ID:1): {"event_type": "object changed", "object_type": "parcel", "object": {"id": 1, "coordinates": [0, 3], "score": 20, "carried_by_id": 1}}
2024-10-21 21:04:21,910 - INFO - Sent event to agent (ID:1): {"event_type": "object changed", "object_type": "agent", "object": {"id": 1, "coordinates": [0, 3], "parcels_carried_ids": [1], "has_key": true, "score": 0}}
2024-10-21 21:04:21,911 - INFO - Sent event to agent (ID:1): {"event_type": "object changed", "object_type": "key", "object": {"id": 1, "coordinates": [0, 3], "carried_by_id": 1}}
2024-10-21 21:04:22,452 - INFO - Agent 1 moved right: False
2024-10-21 21:04:23,009 - INFO - Agent 1 moved right: False
2024-10-21 21:04:23,570 - INFO - Agent 1 moved right: False
2024-10-21 21:04:24,112 - INFO - Agent 1 moved right: False
2024-10-21 21:04:24,640 - INFO - Agent 1 moved right: False
2024-10-21 21:04:25,322 - INFO - Agent 1 moved right: False
2024-10-21 21:04:25,849 - INFO - Agent 1 moved right: False
2024-10-21 21:04:26,407 - INFO - Agent 1 moved right: False
2024-10-21 21:04:26,983 - INFO - Agent 1 moved right: False
2024-10-21 21:04:27,524 - INFO - Agent 1 moved right: False
2024-10-21 21:04:28,103 - INFO - Agent 1 moved right: False
2024-10-21 21:04:28,660 - INFO - Agent 1 moved right: False
2024-10-21 21:04:29,204 - INFO - Agent 1 moved right: False
2024-10-21 21:04:29,814 - INFO - Agent 1 moved right: False
2024-10-21 21:04:30,359 - INFO - Agent 1 moved right: False
2024-10-21 21:04:30,918 - INFO - Agent 1 moved right: False
2024-10-21 21:04:31,445 - INFO - Agent 1 moved right: False
2024-10-21 21:04:32,041 - INFO - Agent 1 moved right: False
2024-10-21 21:04:32,651 - INFO - Agent 1 moved right: False
2024-10-21 21:04:33,144 - INFO - Agent 1 moved right: False
2024-10-21 21:04:33,703 - INFO - Agent 1 moved right: False
2024-10-21 21:04:34,245 - INFO - Agent 1 moved right: False
2024-10-21 21:04:34,788 - INFO - Agent 1 moved right: False
2024-10-21 21:04:35,349 - INFO - Agent 1 moved right: False
2024-10-21 21:04:35,941 - INFO - Agent 1 moved right: False
2024-10-21 21:04:36,519 - INFO - Agent 1 moved right: False
2024-10-21 21:04:37,061 - INFO - Agent 1 moved right: False
2024-10-21 21:04:37,588 - INFO - Agent 1 moved right: False
2024-10-21 21:04:38,129 - INFO - Agent 1 moved right: False
2024-10-21 21:04:38,708 - INFO - Agent 1 moved right: False
2024-10-21 21:04:39,320 - INFO - Agent 1 moved right: False
2024-10-21 21:04:39,862 - INFO - Agent 1 moved right: False
2024-10-21 21:04:40,355 - INFO - Agent 1 moved right: False
2024-10-21 21:04:40,863 - INFO - Agent 1 moved right: False
2024-10-21 21:04:41,423 - INFO - Agent 1 moved right: False
2024-10-21 21:04:41,929 - INFO - Agent 1 moved right: False
2024-10-21 21:04:42,490 - INFO - Agent 1 moved right: False
2024-10-21 21:04:43,050 - INFO - Agent 1 moved right: False
2024-10-21 21:04:43,676 - INFO - Agent 1 moved right: False
2024-10-21 21:04:44,201 - INFO - Agent 1 moved right: False
2024-10-21 21:04:44,726 - INFO - Agent 1 moved right: False
2024-10-21 21:04:45,303 - INFO - Agent 1 moved right: False
2024-10-21 21:04:45,880 - INFO - Agent 1 moved right: False
2024-10-21 21:04:46,474 - INFO - Agent 1 moved right: False
2024-10-21 21:04:47,137 - INFO - Agent 1 moved right: False
2024-10-21 21:04:47,713 - INFO - Agent 1 moved right: False
2024-10-21 21:04:48,272 - INFO - Agent 1 moved right: False
2024-10-21 21:04:48,798 - INFO - Agent 1 moved right: False
2024-10-21 21:04:49,408 - INFO - Agent 1 moved right: False
2024-10-21 21:04:49,952 - INFO - Agent 1 moved right: False
2024-10-21 21:04:50,493 - INFO - Agent 1 moved right: False
2024-10-21 21:04:58,201 - INFO - Agent 1 moved down: False
2024-10-21 21:04:58,765 - INFO - Agent 1 put down: True
2024-10-21 21:04:58,765 - INFO - Sent event to agent (ID:1): {"event_type": "object changed", "object_type": "agent", "object": {"id": 1, "coordinates": [0, 3], "parcels_carried_ids": [], "has_key": false, "score": 40}}
2024-10-21 21:04:58,765 - INFO - Sent event to agent (ID:1): {"event_type": "object changed", "object_type": "key", "object": {"id": 1, "coordinates": [0, 3], "carried_by_id": null}}
2024-10-21 21:04:58,765 - INFO - Sent event to agent (ID:1): {"event_type": "object removed", "object_type": "parcel", "object": {"id": 1, "coordinates": [0, 3], "score": 20, "carried_by_id": 1}}
2024-10-21 21:05:16,965 - DEBUG - Replay file written
2024-10-21 21:05:16,965 - DEBUG - Server terminated
